INFO:root:T=1646230357.4438562 | domain=GLOBAL | msg=opto-cyto-reactors cod git id =5bd4dd78ac6acb02da07ca9952f93ca036c8ab53
INFO:root:T= 1646230371.193876 | sending request blink/1 to the ot2
INFO:root:T= 1646230371.713876 | Finished request blink/1 to the ot2
INFO:root:T= 1646230371.713876 | asked for command Valve B1 ON
INFO:root:T= 1646230371.733876 | finished for command Valve B1 ON
INFO:root:T= 1646230371.733876 | asked for command Valve B2 ON
INFO:root:T= 1646230371.743876 | finished for command Valve B2 ON
INFO:root:T= 1646230371.743876 | asked for command Valve B3 ON
INFO:root:T= 1646230371.753876 | finished for command Valve B3 ON
INFO:root:T= 1646230371.753876 | asked for turbidity readings for turbi sets {1, 2}
INFO:root:T= 1646230372.853878 | received turbidity readings for turbi set 1: R1= 132.0 R2= 128.0 R3= 107.0 R4= 163.0
INFO:root:T= 1646230373.923879 | received turbidity readings for turbi set 2: R5= 126.0 R6= 141.0 R7= 169.0 R8= 140.0
INFO:root:T= 1646230379.003886 | received turbidity readings for turbi set 1: R1= 129.0 R2= 124.0 R3= 105.0 R4= 151.0
INFO:root:T= 1646230380.083888 | received turbidity readings for turbi set 2: R5= 127.0 R6= 137.0 R7= 169.0 R8= 145.0
INFO:root:T= 1646230385.193895 | received turbidity readings for turbi set 1: R1= 126.0 R2= 124.0 R3= 103.0 R4= 153.0
INFO:root:T= 1646230386.293896 | received turbidity readings for turbi set 2: R5= 128.0 R6= 139.0 R7= 171.0 R8= 144.0
INFO:root:T= 1646230391.363904 | received turbidity readings for turbi set 1: R1= 128.0 R2= 124.0 R3= 105.0 R4= 156.0
INFO:root:T= 1646230392.453905 | received turbidity readings for turbi set 2: R5= 126.0 R6= 138.0 R7= 169.0 R8= 135.0
INFO:root:T= 1646230397.523912 | received turbidity readings for turbi set 1: R1= 132.0 R2= 124.0 R3= 108.0 R4= 153.0
INFO:root:T= 1646230398.613914 | received turbidity readings for turbi set 2: R5= 131.0 R6= 144.0 R7= 168.0 R8= 143.0
INFO:root:T= 1646230403.723921 | received turbidity readings for turbi set 1: R1= 130.0 R2= 121.0 R3= 103.0 R4= 149.0
INFO:root:T= 1646230404.813922 | received turbidity readings for turbi set 2: R5= 124.0 R6= 143.0 R7= 171.0 R8= 142.0
INFO:root:T= 1646230404.823922 | computed average of 6 turbidity readings after excluding 0 highest {1: 129.5, 2: 124.16666666666667, 3: 105.16666666666667, 4: 154.16666666666666, 5: 127.0, 6: 140.33333333333334, 7: 169.5, 8: 141.5}
INFO:root:T= 1646230404.843922 | applied calibration on turbidity readings average {1: 0.43804478371271394, 2: 0.33184281478395583, 3: 0.2814771177914741, 4: 0.5265833301243812, 5: 0.337547216250754, 6: 0.48422902872967466, 7: 0.6209585227761343, 8: 0.4469137096007971}
INFO:root:T= 1646230404.853923 | asked for command Valve B1 OFF
INFO:root:T= 1646230404.863922 | finished for command Valve B1 OFF
INFO:root:T= 1646230404.863922 | asked for command Valve B2 OFF
INFO:root:T= 1646230404.873923 | finished for command Valve B2 OFF
INFO:root:T= 1646230404.873923 | asked for command Valve B3 OFF
INFO:root:T= 1646230404.883922 | finished for command Valve B3 OFF
INFO:root:T= 1646230404.883922 | asked for command Valve F1 OFF
WARNING:root:useless (state already as asked) command asked Valve F1 OFF, so not doing it
INFO:root:T= 1646230404.883922 | asked for command Valve F2 OFF
WARNING:root:useless (state already as asked) command asked Valve F2 OFF, so not doing it
INFO:root:T= 1646230404.883922 | asked for command Valve F3 OFF
WARNING:root:useless (state already as asked) command asked Valve F3 OFF, so not doing it
INFO:root:T= 1646230404.883922 | asked for command Valve F4 OFF
WARNING:root:useless (state already as asked) command asked Valve F4 OFF, so not doing it
INFO:root:T= 1646230404.893923 | asked for command Valve F5 OFF
WARNING:root:useless (state already as asked) command asked Valve F5 OFF, so not doing it
INFO:root:T= 1646230404.893923 | asked for command Valve F6 OFF
WARNING:root:useless (state already as asked) command asked Valve F6 OFF, so not doing it
INFO:root:T= 1646230404.893923 | asked for command Valve F7 OFF
WARNING:root:useless (state already as asked) command asked Valve F7 OFF, so not doing it
INFO:root:T= 1646230404.893923 | asked for command Valve F8 OFF
WARNING:root:useless (state already as asked) command asked Valve F8 OFF, so not doing it
INFO:root:T= 1646230404.903923 | sending request gotobin to the ot2
INFO:root:T= 1646230404.953923 | Finished request gotobin to the ot2
INFO:root:T= 1646230404.953923 | asked for opening Pump H1 for duration 12.000000 seconds
INFO:root:T= 1646230404.953923 | asked for command Pump H1 ON
INFO:root:T= 1646230404.973923 | finished for command Pump H1 ON
INFO:root:T= 1646230404.973923 | asked for opening Pump H2 for duration 12.000000 seconds
INFO:root:T= 1646230404.973923 | asked for command Pump H2 ON
INFO:root:T= 1646230404.983923 | finished for command Pump H2 ON
INFO:root:T= 1646230404.983923 | asked for opening Pump H3 for duration 12.000000 seconds
INFO:root:T= 1646230404.983923 | asked for command Pump H3 ON
INFO:root:T= 1646230404.993923 | finished for command Pump H3 ON
INFO:root:T= 1646230404.993923 | asked for opening Pump H4 for duration 12.000000 seconds
INFO:root:T= 1646230404.993923 | asked for command Pump H4 ON
INFO:root:T= 1646230405.003923 | finished for command Pump H4 ON
INFO:root:T= 1646230405.003923 | asked for opening Pump H5 for duration 12.000000 seconds
INFO:root:T= 1646230405.003923 | asked for command Pump H5 ON
INFO:root:T= 1646230405.013923 | finished for command Pump H5 ON
INFO:root:T= 1646230405.013923 | asked for opening Pump H6 for duration 12.000000 seconds
INFO:root:T= 1646230405.013923 | asked for command Pump H6 ON
INFO:root:T= 1646230405.023923 | finished for command Pump H6 ON
INFO:root:T= 1646230405.023923 | asked for opening Pump H7 for duration 12.000000 seconds
INFO:root:T= 1646230405.023923 | asked for command Pump H7 ON
INFO:root:T= 1646230405.033923 | finished for command Pump H7 ON
INFO:root:T= 1646230405.033923 | asked for opening Pump H8 for duration 12.000000 seconds
INFO:root:T= 1646230405.033923 | asked for command Pump H8 ON
INFO:root:T= 1646230405.043923 | finished for command Pump H8 ON
INFO:root:T= 1646230416.983940 | asked for command Pump H1 OFF
INFO:root:T= 1646230416.983940 | asked for command Pump H2 OFF
INFO:root:T= 1646230416.993939 | finished for command Pump H1 OFF
INFO:root:T= 1646230416.993939 | finished for command Pump H2 OFF
INFO:root:T= 1646230417.003940 | asked for command Pump H3 OFF
INFO:root:T= 1646230417.013939 | finished for command Pump H3 OFF
INFO:root:T= 1646230417.023940 | asked for command Pump H4 OFF
INFO:root:T= 1646230417.023940 | asked for command Pump H5 OFF
INFO:root:T= 1646230417.033940 | asked for command Pump H6 OFF
INFO:root:T= 1646230417.033940 | finished for command Pump H4 OFF
INFO:root:T= 1646230417.033940 | finished for command Pump H5 OFF
INFO:root:T= 1646230417.053940 | asked for command Pump H8 OFF
INFO:root:T= 1646230417.053940 | finished for command Pump H6 OFF
INFO:root:T= 1646230417.053940 | asked for command Pump H7 OFF
INFO:root:T= 1646230417.063940 | finished for command Pump H8 OFF
INFO:root:T= 1646230417.073940 | finished for command Pump H7 OFF
INFO:root:T= 1646230417.073940 | sending request blink/2 to the ot2
INFO:root:T= 1646230418.083941 | Finished request blink/2 to the ot2
INFO:root:T= 1646230418.083941 | asked for opening Pump L7 for duration 3.000000 seconds
INFO:root:T= 1646230418.083941 | asked for command Pump L7 ON
INFO:root:T= 1646230418.093941 | finished for command Pump L7 ON
INFO:root:T= 1646230421.103945 | asked for command Pump L7 OFF
INFO:root:T= 1646230421.113945 | finished for command Pump L7 OFF
INFO:root:T= 1646230421.113945 | sending request blink/3 to the ot2
INFO:root:T= 1646230422.613947 | Finished request blink/3 to the ot2
INFO:root:T= 1646230390.4239023| sampling
INFO:root:T= None| sec
ERROR:root:Something went wrong (error: '<' not supported between instances of 'float' and 'NoneType'). Main loop continues, BE CAREFUL / CHECK
INFO:root:T= 1646230491.234043 | sending request blink/1 to the ot2
INFO:root:T= 1646230491.744044 | Finished request blink/1 to the ot2
INFO:root:T= 1646230491.744044 | asked for command Valve B1 ON
WARNING:root:reading Valve B1 state not successful, trying again
INFO:root:T= 1646230497.794053 | finished for command Valve B1 ON
INFO:root:T= 1646230497.794053 | asked for command Valve B2 ON
INFO:root:T= 1646230497.804053 | finished for command Valve B2 ON
INFO:root:T= 1646230497.804053 | asked for command Valve B3 ON
INFO:root:T= 1646230497.814053 | finished for command Valve B3 ON
INFO:root:T= 1646230497.814053 | asked for turbidity readings for turbi sets {1, 2}
INFO:root:T= 1646230498.924054 | received turbidity readings for turbi set 1: R1= 132.0 R2= 126.0 R3= 105.0 R4= 153.0
INFO:root:T= 1646230499.984056 | received turbidity readings for turbi set 2: R5= 125.0 R6= 138.0 R7= 169.0 R8= 147.0
INFO:root:T= 1646230505.074063 | received turbidity readings for turbi set 1: R1= 125.0 R2= 122.0 R3= 106.0 R4= 157.0
INFO:root:T= 1646230506.194064 | received turbidity readings for turbi set 2: R5= 129.0 R6= 137.0 R7= 165.0 R8= 142.0
INFO:root:T= 1646230511.294071 | received turbidity readings for turbi set 1: R1= 129.0 R2= 128.0 R3= 103.0 R4= 160.0
INFO:root:T= 1646230512.344073 | received turbidity readings for turbi set 2: R5= 127.0 R6= 140.0 R7= 166.0 R8= 139.0
INFO:root:T= 1646230517.434080 | received turbidity readings for turbi set 1: R1= 129.0 R2= 125.0 R3= 110.0 R4= 156.0
INFO:root:T= 1646230518.524082 | received turbidity readings for turbi set 2: R5= 123.0 R6= 142.0 R7= 169.0 R8= 138.0
INFO:root:T= 1646230523.634089 | received turbidity readings for turbi set 1: R1= 127.0 R2= 127.0 R3= 107.0 R4= 151.0
INFO:root:T= 1646230524.704090 | received turbidity readings for turbi set 2: R5= 123.0 R6= 141.0 R7= 170.0 R8= 142.0
INFO:root:T= 1646230529.784097 | received turbidity readings for turbi set 1: R1= 132.0 R2= 124.0 R3= 104.0 R4= 149.0
INFO:root:T= 1646230530.884099 | received turbidity readings for turbi set 2: R5= 127.0 R6= 141.0 R7= 165.0 R8= 139.0
INFO:root:T= 1646230530.894099 | computed average of 6 turbidity readings after excluding 0 highest {1: 129.0, 2: 125.33333333333333, 3: 105.83333333333333, 4: 154.33333333333334, 5: 125.66666666666667, 6: 139.83333333333334, 7: 167.33333333333334, 8: 141.16666666666666}
INFO:root:T= 1646230530.904099 | applied calibration on turbidity readings average {1: 0.4348950747456075, 2: 0.339807707273426, 3: 0.28662509989150653, 4: 0.5274842584862411, 5: 0.32836515230070784, 6: 0.48124332181976026, 7: 0.6099460748615053, 8: 0.44487320997167057}
INFO:root:T= 1646230530.914099 | asked for command Valve B1 OFF
INFO:root:T= 1646230530.924099 | finished for command Valve B1 OFF
INFO:root:T= 1646230530.924099 | asked for command Valve B2 OFF
INFO:root:T= 1646230530.934099 | finished for command Valve B2 OFF
INFO:root:T= 1646230530.934099 | asked for command Valve B3 OFF
INFO:root:T= 1646230530.944099 | finished for command Valve B3 OFF
INFO:root:T= 1646230530.944099 | asked for command Valve F1 OFF
WARNING:root:useless (state already as asked) command asked Valve F1 OFF, so not doing it
INFO:root:T= 1646230530.944099 | asked for command Valve F2 OFF
WARNING:root:useless (state already as asked) command asked Valve F2 OFF, so not doing it
INFO:root:T= 1646230530.944099 | asked for command Valve F3 OFF
WARNING:root:useless (state already as asked) command asked Valve F3 OFF, so not doing it
INFO:root:T= 1646230530.944099 | asked for command Valve F4 OFF
WARNING:root:useless (state already as asked) command asked Valve F4 OFF, so not doing it
INFO:root:T= 1646230530.954099 | asked for command Valve F5 OFF
WARNING:root:useless (state already as asked) command asked Valve F5 OFF, so not doing it
INFO:root:T= 1646230530.954099 | asked for command Valve F6 OFF
WARNING:root:useless (state already as asked) command asked Valve F6 OFF, so not doing it
INFO:root:T= 1646230530.954099 | asked for command Valve F7 OFF
WARNING:root:useless (state already as asked) command asked Valve F7 OFF, so not doing it
INFO:root:T= 1646230530.954099 | asked for command Valve F8 OFF
WARNING:root:useless (state already as asked) command asked Valve F8 OFF, so not doing it
INFO:root:T= 1646230530.954099 | sending request gotobin to the ot2
INFO:root:T= 1646230531.014099 | Finished request gotobin to the ot2
INFO:root:T= 1646230531.014099 | asked for opening Pump H7 for duration 12.000000 seconds
INFO:root:T= 1646230531.014099 | asked for command Pump H7 ON
INFO:root:T= 1646230531.024099 | finished for command Pump H7 ON
INFO:root:T= 1646230543.034116 | asked for command Pump H7 OFF
INFO:root:T= 1646230543.044116 | finished for command Pump H7 OFF
INFO:root:T= 1646230543.044116 | sending request blink/2 to the ot2
INFO:root:T= 1646230544.054117 | Finished request blink/2 to the ot2
INFO:root:T= 1646230544.054117 | asked for opening Pump L7 for duration 3.000000 seconds
INFO:root:T= 1646230544.054117 | asked for command Pump L7 ON
INFO:root:T= 1646230544.064117 | finished for command Pump L7 ON
INFO:root:T= 1646230547.074122 | asked for command Pump L7 OFF
INFO:root:T= 1646230547.084122 | finished for command Pump L7 OFF
INFO:root:T= 1646230547.084122 | sending request blink/3 to the ot2
INFO:root:T= 1646230548.584124 | Finished request blink/3 to the ot2
INFO:root:T= 1646230390.4239023| sampling
INFO:root:T= None| sec
ERROR:root:Something went wrong (error: '<' not supported between instances of 'float' and 'NoneType'). Main loop continues, BE CAREFUL / CHECK
INFO:root:T= 1646230611.315212 | sending request blink/1 to the ot2
INFO:root:T= 1646230611.835212 | Finished request blink/1 to the ot2
INFO:root:T= 1646230611.835212 | asked for command Valve B1 ON
WARNING:root:reading Valve B1 state not successful, trying again
INFO:root:T= 1646230617.875221 | finished for command Valve B1 ON
INFO:root:T= 1646230617.875221 | asked for command Valve B2 ON
INFO:root:T= 1646230617.885221 | finished for command Valve B2 ON
INFO:root:T= 1646230617.885221 | asked for command Valve B3 ON
INFO:root:T= 1646230617.895221 | finished for command Valve B3 ON
INFO:root:T= 1646230617.895221 | asked for turbidity readings for turbi sets {1, 2}
INFO:root:T= 1646230618.935222 | received turbidity readings for turbi set 1: R1= 132.0 R2= 124.0 R3= 109.0 R4= 155.0
INFO:root:T= 1646230620.015224 | received turbidity readings for turbi set 2: R5= 127.0 R6= 141.0 R7= 167.0 R8= 144.0
INFO:root:T= 1646230625.135231 | received turbidity readings for turbi set 1: R1= 133.0 R2= 129.0 R3= 106.0 R4= 154.0
INFO:root:T= 1646230626.175232 | received turbidity readings for turbi set 2: R5= 127.0 R6= 142.0 R7= 165.0 R8= 141.0
INFO:root:T= 1646230631.285239 | received turbidity readings for turbi set 1: R1= 131.0 R2= 127.0 R3= 102.0 R4= 152.0
INFO:root:T= 1646230632.365241 | received turbidity readings for turbi set 2: R5= 128.0 R6= 139.0 R7= 164.0 R8= 145.0
INFO:root:T= 1646230637.455248 | received turbidity readings for turbi set 1: R1= 136.0 R2= 127.0 R3= 105.0 R4= 157.0
INFO:root:T= 1646230638.475250 | received turbidity readings for turbi set 2: R5= 126.0 R6= 142.0 R7= 169.0 R8= 146.0
INFO:root:T= 1646230643.545257 | received turbidity readings for turbi set 1: R1= 128.0 R2= 124.0 R3= 107.0 R4= 152.0
INFO:root:T= 1646230644.635258 | received turbidity readings for turbi set 2: R5= 124.0 R6= 140.0 R7= 164.0 R8= 135.0
INFO:root:T= 1646230649.695265 | received turbidity readings for turbi set 1: R1= 126.0 R2= 124.0 R3= 102.0 R4= 152.0
INFO:root:T= 1646230650.795267 | received turbidity readings for turbi set 2: R5= 128.0 R6= 141.0 R7= 168.0 R8= 147.0
INFO:root:T= 1646230650.805267 | computed average of 6 turbidity readings after excluding 0 highest {1: 131.0, 2: 125.83333333333333, 3: 105.16666666666667, 4: 153.66666666666666, 5: 126.66666666666667, 6: 140.83333333333334, 7: 166.16666666666666, 8: 143.0}
INFO:root:T= 1646230650.815267 | applied calibration on turbidity readings average {1: 0.4474214564738075, 2: 0.3431985612607509, 3: 0.2814771177914741, 4: 0.5238746895687698, 5: 0.3352607695115477, 6: 0.4872041166240022, 7: 0.6039570852250185, 8: 0.4560368673364925}
INFO:root:T= 1646230650.825267 | asked for command Valve B1 OFF
INFO:root:T= 1646230650.835267 | finished for command Valve B1 OFF
INFO:root:T= 1646230650.835267 | asked for command Valve B2 OFF
INFO:root:T= 1646230650.845267 | finished for command Valve B2 OFF
INFO:root:T= 1646230650.845267 | asked for command Valve B3 OFF
INFO:root:T= 1646230650.855267 | finished for command Valve B3 OFF
INFO:root:T= 1646230650.855267 | asked for command Valve F1 OFF
WARNING:root:useless (state already as asked) command asked Valve F1 OFF, so not doing it
INFO:root:T= 1646230650.855267 | asked for command Valve F2 OFF
WARNING:root:useless (state already as asked) command asked Valve F2 OFF, so not doing it
INFO:root:T= 1646230650.855267 | asked for command Valve F3 OFF
WARNING:root:useless (state already as asked) command asked Valve F3 OFF, so not doing it
INFO:root:T= 1646230650.855267 | asked for command Valve F4 OFF
WARNING:root:useless (state already as asked) command asked Valve F4 OFF, so not doing it
INFO:root:T= 1646230650.865267 | asked for command Valve F5 OFF
WARNING:root:useless (state already as asked) command asked Valve F5 OFF, so not doing it
INFO:root:T= 1646230650.865267 | asked for command Valve F6 OFF
WARNING:root:useless (state already as asked) command asked Valve F6 OFF, so not doing it
INFO:root:T= 1646230650.865267 | asked for command Valve F7 OFF
WARNING:root:useless (state already as asked) command asked Valve F7 OFF, so not doing it
INFO:root:T= 1646230650.865267 | asked for command Valve F8 OFF
WARNING:root:useless (state already as asked) command asked Valve F8 OFF, so not doing it
INFO:root:T= 1646230650.875267 | sending request gotobin to the ot2
INFO:root:T= 1646230650.925267 | Finished request gotobin to the ot2
INFO:root:T= 1646230650.925267 | asked for opening Pump H7 for duration 12.000000 seconds
INFO:root:T= 1646230650.925267 | asked for command Pump H7 ON
INFO:root:T= 1646230650.935267 | finished for command Pump H7 ON
INFO:root:T= 1646230662.935284 | asked for command Pump H7 OFF
INFO:root:T= 1646230662.945284 | finished for command Pump H7 OFF
INFO:root:T= 1646230662.945284 | sending request blink/2 to the ot2
INFO:root:T= 1646230663.955285 | Finished request blink/2 to the ot2
INFO:root:T= 1646230663.955285 | asked for opening Pump L7 for duration 3.000000 seconds
INFO:root:T= 1646230663.955285 | asked for command Pump L7 ON
INFO:root:T= 1646230663.965285 | finished for command Pump L7 ON
INFO:root:T= 1646230666.975290 | asked for command Pump L7 OFF
INFO:root:T= 1646230666.985290 | finished for command Pump L7 OFF
INFO:root:T= 1646230666.985290 | sending request blink/3 to the ot2
INFO:root:T= 1646230668.495292 | Finished request blink/3 to the ot2
INFO:root:T= 1646230390.4239023| sampling
INFO:root:T= None| sec
ERROR:root:Something went wrong (error: '<' not supported between instances of 'float' and 'NoneType'). Main loop continues, BE CAREFUL / CHECK
INFO:root:T= 1646230731.355380 | sending request blink/1 to the ot2
INFO:root:T= 1646230731.865380 | Finished request blink/1 to the ot2
INFO:root:T= 1646230731.865380 | asked for command Valve B1 ON
WARNING:root:reading Valve B1 state not successful, trying again
INFO:root:T= 1646230737.905389 | finished for command Valve B1 ON
INFO:root:T= 1646230737.905389 | asked for command Valve B2 ON
INFO:root:T= 1646230737.915389 | finished for command Valve B2 ON
INFO:root:T= 1646230737.915389 | asked for command Valve B3 ON
INFO:root:T= 1646230737.925389 | finished for command Valve B3 ON
INFO:root:T= 1646230737.925389 | asked for turbidity readings for turbi sets {1, 2}
INFO:root:T= 1646230738.995390 | received turbidity readings for turbi set 1: R1= 129.0 R2= 129.0 R3= 108.0 R4= 153.0
INFO:root:T= 1646230740.015392 | received turbidity readings for turbi set 2: R5= 127.0 R6= 143.0 R7= 162.0 R8= 139.0
INFO:root:T= 1646230745.105399 | received turbidity readings for turbi set 1: R1= 129.0 R2= 128.0 R3= 107.0 R4= 159.0
INFO:root:T= 1646230746.155401 | received turbidity readings for turbi set 2: R5= 127.0 R6= 143.0 R7= 165.0 R8= 139.0
INFO:root:T= 1646230751.215408 | received turbidity readings for turbi set 1: R1= 130.0 R2= 121.0 R3= 102.0 R4= 147.0
INFO:root:T= 1646230752.325409 | received turbidity readings for turbi set 2: R5= 129.0 R6= 136.0 R7= 165.0 R8= 142.0
INFO:root:T= 1646230757.445416 | received turbidity readings for turbi set 1: R1= 132.0 R2= 128.0 R3= 107.0 R4= 148.0
INFO:root:T= 1646230758.555418 | received turbidity readings for turbi set 2: R5= 130.0 R6= 145.0 R7= 161.0 R8= 142.0
INFO:root:T= 1646230763.655425 | received turbidity readings for turbi set 1: R1= 127.0 R2= 127.0 R3= 109.0 R4= 150.0
INFO:root:T= 1646230764.705426 | received turbidity readings for turbi set 2: R5= 126.0 R6= 142.0 R7= 163.0 R8= 137.0
INFO:root:T= 1646230769.785434 | received turbidity readings for turbi set 1: R1= 133.0 R2= 127.0 R3= 105.0 R4= 156.0
INFO:root:T= 1646230770.885435 | received turbidity readings for turbi set 2: R5= 122.0 R6= 145.0 R7= 167.0 R8= 137.0
INFO:root:T= 1646230770.895435 | computed average of 6 turbidity readings after excluding 0 highest {1: 130.0, 2: 126.66666666666667, 3: 106.33333333333333, 4: 152.16666666666666, 5: 126.83333333333333, 6: 142.33333333333334, 7: 163.83333333333334, 8: 139.33333333333334}
INFO:root:T= 1646230770.905435 | applied calibration on turbidity readings average {1: 0.4411823550429115, 2: 0.348820155058168, 3: 0.2904648499209692, 4: 0.5156955699679284, 5: 0.3364047440136728, 6: 0.4960664149167586, 7: 0.591851914422584, 8: 0.4335636183159215}
INFO:root:T= 1646230770.915435 | asked for command Valve B1 OFF
INFO:root:T= 1646230770.925435 | finished for command Valve B1 OFF
INFO:root:T= 1646230770.925435 | asked for command Valve B2 OFF
INFO:root:T= 1646230770.935435 | finished for command Valve B2 OFF
INFO:root:T= 1646230770.935435 | asked for command Valve B3 OFF
INFO:root:T= 1646230770.945435 | finished for command Valve B3 OFF
INFO:root:T= 1646230770.945435 | asked for command Valve F1 OFF
WARNING:root:useless (state already as asked) command asked Valve F1 OFF, so not doing it
INFO:root:T= 1646230770.945435 | asked for command Valve F2 OFF
WARNING:root:useless (state already as asked) command asked Valve F2 OFF, so not doing it
INFO:root:T= 1646230770.945435 | asked for command Valve F3 OFF
WARNING:root:useless (state already as asked) command asked Valve F3 OFF, so not doing it
INFO:root:T= 1646230770.945435 | asked for command Valve F4 OFF
WARNING:root:useless (state already as asked) command asked Valve F4 OFF, so not doing it
INFO:root:T= 1646230770.955435 | asked for command Valve F5 OFF
WARNING:root:useless (state already as asked) command asked Valve F5 OFF, so not doing it
INFO:root:T= 1646230770.955435 | asked for command Valve F6 OFF
WARNING:root:useless (state already as asked) command asked Valve F6 OFF, so not doing it
INFO:root:T= 1646230770.955435 | asked for command Valve F7 OFF
WARNING:root:useless (state already as asked) command asked Valve F7 OFF, so not doing it
INFO:root:T= 1646230770.955435 | asked for command Valve F8 OFF
WARNING:root:useless (state already as asked) command asked Valve F8 OFF, so not doing it
INFO:root:T= 1646230770.955435 | sending request gotobin to the ot2
INFO:root:T= 1646230771.005435 | Finished request gotobin to the ot2
INFO:root:T= 1646230771.005435 | asked for opening Pump H7 for duration 12.000000 seconds
INFO:root:T= 1646230771.005435 | asked for command Pump H7 ON
INFO:root:T= 1646230771.025435 | finished for command Pump H7 ON
INFO:root:T= 1646230783.025452 | asked for command Pump H7 OFF
INFO:root:T= 1646230783.035452 | finished for command Pump H7 OFF
INFO:root:T= 1646230783.035452 | sending request blink/2 to the ot2
INFO:root:T= 1646230784.045453 | Finished request blink/2 to the ot2
INFO:root:T= 1646230784.045453 | sending request blink/3 to the ot2
INFO:root:T= 1646230785.545456 | Finished request blink/3 to the ot2
INFO:root:T= 1646230390.4239023| sampling
INFO:root:T= None| sec
ERROR:root:Something went wrong (error: '<' not supported between instances of 'float' and 'NoneType'). Main loop continues, BE CAREFUL / CHECK
