INFO:root:T=1644501941.3288162 | domain=GLOBAL | msg=opto-cyto-reactors cod git id =5bd4dd78ac6acb02da07ca9952f93ca036c8ab53
INFO:root:T= 1644501957.968839 | sending request gotobin to the ot2
INFO:root:T= 1644501958.238840 | Finished request gotobin to the ot2
INFO:root:T= 1644501962.818846 | sending request gotobin to the ot2
INFO:root:T= 1644501962.868846 | Finished request gotobin to the ot2
INFO:root:T= 1644501989.368883 | sending request blink/1 to the ot2
INFO:root:T= 1644501989.888884 | Finished request blink/1 to the ot2
INFO:root:T= 1644501989.888884 | asked for command Valve B1 ON
INFO:root:T= 1644501989.908884 | finished for command Valve B1 ON
INFO:root:T= 1644501989.908884 | asked for command Valve B2 ON
INFO:root:T= 1644501989.918884 | finished for command Valve B2 ON
INFO:root:T= 1644501989.918884 | asked for command Valve B3 ON
INFO:root:T= 1644501989.928884 | finished for command Valve B3 ON
INFO:root:T= 1644501989.928884 | asked for turbidity readings for turbi sets {1, 2}
INFO:root:T= 1644501991.038886 | received turbidity readings for turbi set 1: R1= 85.0 R2= 85.0 R3= 79.0 R4= 118.0
INFO:root:T= 1644501992.128887 | received turbidity readings for turbi set 2: R5= 93.0 R6= 89.0 R7= 98.0 R8= 84.0
INFO:root:T= 1644501997.238894 | received turbidity readings for turbi set 1: R1= 85.0 R2= 94.0 R3= 83.0 R4= 116.0
INFO:root:T= 1644501998.298896 | received turbidity readings for turbi set 2: R5= 96.0 R6= 87.0 R7= 101.0 R8= 78.0
INFO:root:T= 1644502003.388903 | received turbidity readings for turbi set 1: R1= 81.0 R2= 87.0 R3= 80.0 R4= 125.0
INFO:root:T= 1644502004.448905 | received turbidity readings for turbi set 2: R5= 96.0 R6= 87.0 R7= 99.0 R8= 78.0
INFO:root:T= 1644502009.508912 | received turbidity readings for turbi set 1: R1= 89.0 R2= 88.0 R3= 73.0 R4= 112.0
INFO:root:T= 1644502010.568913 | received turbidity readings for turbi set 2: R5= 93.0 R6= 87.0 R7= 104.0 R8= 83.0
INFO:root:T= 1644502015.668920 | received turbidity readings for turbi set 1: R1= 84.0 R2= 93.0 R3= 71.0 R4= 108.0
INFO:root:T= 1644502016.768922 | received turbidity readings for turbi set 2: R5= 91.0 R6= 87.0 R7= 98.0 R8= 81.0
INFO:root:T= 1644502021.838929 | received turbidity readings for turbi set 1: R1= 79.0 R2= 85.0 R3= 84.0 R4= 125.0
INFO:root:T= 1644502022.908930 | received turbidity readings for turbi set 2: R5= 96.0 R6= 90.0 R7= 103.0 R8= 84.0
INFO:root:T= 1644502022.918930 | computed average of 6 turbidity readings after excluding 0 highest {1: 83.83333333333333, 2: 88.66666666666667, 3: 78.33333333333333, 4: 117.33333333333333, 5: 94.16666666666667, 6: 87.83333333333333, 7: 100.5, 8: 81.33333333333333}
INFO:root:T= 1644502022.928930 | applied calibration on turbidity readings average {1: 0.08399030936380081, 2: 0.04505138760672667, 3: 0.04149853356285549, 4: 0.29894061585669895, 5: 0.07731434723855823, 6: 0.0922648057676132, 7: 0.173534442253791, 8: -0.03216959527496943}
INFO:root:T= 1644502022.938931 | asked for command Valve B1 OFF
INFO:root:T= 1644502022.948930 | finished for command Valve B1 OFF
INFO:root:T= 1644502022.948930 | asked for command Valve B2 OFF
INFO:root:T= 1644502022.958930 | finished for command Valve B2 OFF
INFO:root:T= 1644502022.958930 | asked for command Valve B3 OFF
INFO:root:T= 1644502022.968930 | finished for command Valve B3 OFF
INFO:root:T= 1644502022.968930 | asked for command Valve F1 OFF
WARNING:root:useless (state already as asked) command asked Valve F1 OFF, so not doing it
INFO:root:T= 1644502022.968930 | asked for command Valve F2 OFF
WARNING:root:useless (state already as asked) command asked Valve F2 OFF, so not doing it
INFO:root:T= 1644502022.968930 | asked for command Valve F3 OFF
WARNING:root:useless (state already as asked) command asked Valve F3 OFF, so not doing it
INFO:root:T= 1644502022.968930 | asked for command Valve F4 OFF
WARNING:root:useless (state already as asked) command asked Valve F4 OFF, so not doing it
INFO:root:T= 1644502022.968930 | asked for command Valve F5 OFF
WARNING:root:useless (state already as asked) command asked Valve F5 OFF, so not doing it
INFO:root:T= 1644502022.978930 | asked for command Valve F6 OFF
WARNING:root:useless (state already as asked) command asked Valve F6 OFF, so not doing it
INFO:root:T= 1644502022.978930 | asked for command Valve F7 OFF
WARNING:root:useless (state already as asked) command asked Valve F7 OFF, so not doing it
INFO:root:T= 1644502022.978930 | asked for command Valve F8 OFF
WARNING:root:useless (state already as asked) command asked Valve F8 OFF, so not doing it
INFO:root:T= 1644502022.978930 | sending request gotobin to the ot2
INFO:root:T= 1644502023.028931 | Finished request gotobin to the ot2
INFO:root:T= 1644502023.028931 | asked for opening Pump H1 for duration 12.000000 seconds
INFO:root:T= 1644502023.028931 | asked for command Pump H1 ON
INFO:root:T= 1644502023.038930 | finished for command Pump H1 ON
INFO:root:T= 1644502023.038930 | asked for opening Pump H2 for duration 12.000000 seconds
INFO:root:T= 1644502023.038930 | asked for command Pump H2 ON
INFO:root:T= 1644502023.048931 | finished for command Pump H2 ON
INFO:root:T= 1644502023.048931 | asked for opening Pump H3 for duration 12.000000 seconds
INFO:root:T= 1644502023.048931 | asked for command Pump H3 ON
INFO:root:T= 1644502023.058930 | finished for command Pump H3 ON
INFO:root:T= 1644502023.058930 | asked for opening Pump H4 for duration 12.000000 seconds
INFO:root:T= 1644502023.058930 | asked for command Pump H4 ON
INFO:root:T= 1644502023.068931 | finished for command Pump H4 ON
INFO:root:T= 1644502023.068931 | asked for opening Pump H5 for duration 12.000000 seconds
INFO:root:T= 1644502023.068931 | asked for command Pump H5 ON
INFO:root:T= 1644502023.078931 | finished for command Pump H5 ON
INFO:root:T= 1644502023.078931 | asked for opening Pump H6 for duration 12.000000 seconds
INFO:root:T= 1644502023.078931 | asked for command Pump H6 ON
INFO:root:T= 1644502023.088931 | finished for command Pump H6 ON
INFO:root:T= 1644502023.088931 | asked for opening Pump H7 for duration 12.000000 seconds
INFO:root:T= 1644502023.088931 | asked for command Pump H7 ON
INFO:root:T= 1644502023.098931 | finished for command Pump H7 ON
INFO:root:T= 1644502023.098931 | asked for opening Pump H8 for duration 12.000000 seconds
INFO:root:T= 1644502023.098931 | asked for command Pump H8 ON
INFO:root:T= 1644502023.108931 | finished for command Pump H8 ON
INFO:root:T= 1644502035.038947 | asked for command Pump H1 OFF
INFO:root:T= 1644502035.048947 | finished for command Pump H1 OFF
INFO:root:T= 1644502035.058947 | asked for command Pump H2 OFF
INFO:root:T= 1644502035.068948 | asked for command Pump H4 OFF
INFO:root:T= 1644502035.068948 | asked for command Pump H3 OFF
INFO:root:T= 1644502035.068948 | finished for command Pump H2 OFF
INFO:root:T= 1644502035.078947 | finished for command Pump H4 OFF
INFO:root:T= 1644502035.088948 | asked for command Pump H5 OFF
INFO:root:T= 1644502035.088948 | finished for command Pump H3 OFF
INFO:root:T= 1644502035.098947 | asked for command Pump H6 OFF
INFO:root:T= 1644502035.098947 | asked for command Pump H7 OFF
INFO:root:T= 1644502035.098947 | finished for command Pump H5 OFF
INFO:root:T= 1644502035.108948 | finished for command Pump H6 OFF
INFO:root:T= 1644502035.108948 | finished for command Pump H7 OFF
INFO:root:T= 1644502035.118947 | asked for command Pump H8 OFF
INFO:root:T= 1644502035.128947 | finished for command Pump H8 OFF
INFO:root:T= 1644502035.128947 | sending request blink/2 to the ot2
INFO:root:T= 1644502036.138949 | Finished request blink/2 to the ot2
INFO:root:T= 1644502036.138949 | sending request blink/3 to the ot2
INFO:root:T= 1644502037.638951 | Finished request blink/3 to the ot2
INFO:root:T= 1644502060.448983 | asked for LEDs duty history all_reactors from time 0.000000
INFO:root:T= 1644502061.5089843| Starting to check events
INFO:root:T= 1644502061.5089843| Starting to check events of reactor id 1
INFO:root:T= 1644502061.5089843| Starting to check events of reactor id 2
INFO:root:T= 1644502061.5089843| Starting to check events of reactor id 3
INFO:root:T= 1644502061.5089843| Starting to check events of reactor id 4
INFO:root:T= 1644502061.5089843| Starting to check events of reactor id 5
INFO:root:T= 1644502061.5089843| Starting to check events of reactor id 6
INFO:root:T= 1644502061.5089843| Starting to check events of reactor id 7
INFO:root:T= 1644502061.5089843| Starting to check events of reactor id 8
INFO:root:T= 1644502109.409051 | sending request blink/1 to the ot2
INFO:root:T= 1644502109.919052 | Finished request blink/1 to the ot2
INFO:root:T= 1644502109.919052 | asked for command Valve B1 ON
WARNING:root:reading Valve B1 state not successful, trying again
INFO:root:T= 1644502115.949061 | finished for command Valve B1 ON
INFO:root:T= 1644502115.949061 | asked for command Valve B2 ON
INFO:root:T= 1644502115.959060 | finished for command Valve B2 ON
INFO:root:T= 1644502115.959060 | asked for command Valve B3 ON
INFO:root:T= 1644502115.969061 | finished for command Valve B3 ON
INFO:root:T= 1644502115.969061 | asked for turbidity readings for turbi sets {1, 2}
INFO:root:T= 1644502117.039062 | received turbidity readings for turbi set 1: R1= 80.0 R2= 86.0 R3= 81.0 R4= 129.0
INFO:root:T= 1644502118.129064 | received turbidity readings for turbi set 2: R5= 99.0 R6= 92.0 R7= 99.0 R8= 78.0
INFO:root:T= 1644502123.209071 | received turbidity readings for turbi set 1: R1= 79.0 R2= 89.0 R3= 77.0 R4= 126.0
INFO:root:T= 1644502124.319072 | received turbidity readings for turbi set 2: R5= 98.0 R6= 91.0 R7= 100.0 R8= 89.0
INFO:root:T= 1644502129.419080 | received turbidity readings for turbi set 1: R1= 84.0 R2= 83.0 R3= 73.0 R4= 119.0
INFO:root:T= 1644502130.469081 | received turbidity readings for turbi set 2: R5= 91.0 R6= 91.0 R7= 100.0 R8= 84.0
INFO:root:T= 1644502135.559088 | received turbidity readings for turbi set 1: R1= 79.0 R2= 85.0 R3= 77.0 R4= 124.0
INFO:root:T= 1644502136.619089 | received turbidity readings for turbi set 2: R5= 91.0 R6= 84.0 R7= 104.0 R8= 90.0
INFO:root:T= 1644502141.709097 | received turbidity readings for turbi set 1: R1= 83.0 R2= 86.0 R3= 80.0 R4= 119.0
INFO:root:T= 1644502142.819098 | received turbidity readings for turbi set 2: R5= 93.0 R6= 88.0 R7= 105.0 R8= 88.0
INFO:root:T= 1644502147.909105 | received turbidity readings for turbi set 1: R1= 82.0 R2= 87.0 R3= 79.0 R4= 121.0
INFO:root:T= 1644502149.009107 | received turbidity readings for turbi set 2: R5= 98.0 R6= 86.0 R7= 94.0 R8= 85.0
INFO:root:T= 1644502149.019107 | computed average of 6 turbidity readings after excluding 0 highest {1: 81.16666666666667, 2: 86.0, 3: 77.83333333333333, 4: 123.0, 5: 95.0, 6: 88.66666666666667, 7: 100.33333333333333, 8: 85.66666666666667}
INFO:root:T= 1644502149.029107 | applied calibration on turbidity readings average {1: 0.0576704822054368, 2: 0.01904422582926424, 3: 0.03628187460783572, 4: 0.3382676134883984, 5: 0.08497952883704984, 6: 0.10016377536441867, 7: 0.1721137045978467, 8: 0.012739602452876309}
INFO:root:T= 1644502149.039107 | asked for command Valve B1 OFF
INFO:root:T= 1644502149.049107 | finished for command Valve B1 OFF
INFO:root:T= 1644502149.049107 | asked for command Valve B2 OFF
INFO:root:T= 1644502149.059107 | finished for command Valve B2 OFF
INFO:root:T= 1644502149.059107 | asked for command Valve B3 OFF
INFO:root:T= 1644502149.069107 | finished for command Valve B3 OFF
INFO:root:T= 1644502149.069107 | asked for command Valve F1 OFF
WARNING:root:useless (state already as asked) command asked Valve F1 OFF, so not doing it
INFO:root:T= 1644502149.069107 | asked for command Valve F2 OFF
WARNING:root:useless (state already as asked) command asked Valve F2 OFF, so not doing it
INFO:root:T= 1644502149.069107 | asked for command Valve F3 OFF
WARNING:root:useless (state already as asked) command asked Valve F3 OFF, so not doing it
INFO:root:T= 1644502149.069107 | asked for command Valve F4 OFF
WARNING:root:useless (state already as asked) command asked Valve F4 OFF, so not doing it
INFO:root:T= 1644502149.079107 | asked for command Valve F5 OFF
WARNING:root:useless (state already as asked) command asked Valve F5 OFF, so not doing it
INFO:root:T= 1644502149.079107 | asked for command Valve F6 OFF
WARNING:root:useless (state already as asked) command asked Valve F6 OFF, so not doing it
INFO:root:T= 1644502149.079107 | asked for command Valve F7 OFF
WARNING:root:useless (state already as asked) command asked Valve F7 OFF, so not doing it
INFO:root:T= 1644502149.079107 | asked for command Valve F8 OFF
WARNING:root:useless (state already as asked) command asked Valve F8 OFF, so not doing it
INFO:root:T= 1644502149.089107 | sending request gotobin to the ot2
INFO:root:T= 1644502149.129107 | Finished request gotobin to the ot2
INFO:root:T= 1644502149.129107 | sending request blink/2 to the ot2
INFO:root:T= 1644502150.139109 | Finished request blink/2 to the ot2
INFO:root:T= 1644502150.139109 | sending request blink/3 to the ot2
INFO:root:T= 1644502151.619110 | Finished request blink/3 to the ot2
INFO:root:T= 1644502160.919123 | asked for LEDs duty history all_reactors from time 0.000000
INFO:root:T= 1644502161.969125| Starting to check events
INFO:root:T= 1644502161.969125| Starting to check events of reactor id 1
INFO:root:T= 1644502161.969125| Starting to check events of reactor id 2
INFO:root:T= 1644502161.969125| Starting to check events of reactor id 3
INFO:root:T= 1644502161.969125| Starting to check events of reactor id 4
INFO:root:T= 1644502161.969125| Starting to check events of reactor id 5
INFO:root:T= 1644502161.969125| Starting to check events of reactor id 6
INFO:root:T= 1644502161.969125| Starting to check events of reactor id 7
INFO:root:T= 1644502161.969125| Starting to check events of reactor id 8
INFO:root:T= 1644502229.489220 | sending request blink/1 to the ot2
INFO:root:T= 1644502229.999220 | Finished request blink/1 to the ot2
INFO:root:T= 1644502229.999220 | asked for command Valve B1 ON
WARNING:root:reading Valve B1 state not successful, trying again
INFO:root:T= 1644502236.049229 | finished for command Valve B1 ON
INFO:root:T= 1644502236.049229 | asked for command Valve B2 ON
INFO:root:T= 1644502236.059229 | finished for command Valve B2 ON
INFO:root:T= 1644502236.059229 | asked for command Valve B3 ON
INFO:root:T= 1644502236.069229 | finished for command Valve B3 ON
INFO:root:T= 1644502236.069229 | asked for turbidity readings for turbi sets {1, 2}
INFO:root:T= 1644502237.139230 | received turbidity readings for turbi set 1: R1= 80.0 R2= 92.0 R3= 75.0 R4= 113.0
INFO:root:T= 1644502238.239232 | received turbidity readings for turbi set 2: R5= 90.0 R6= 89.0 R7= 101.0 R8= 83.0
INFO:root:T= 1644502243.329239 | received turbidity readings for turbi set 1: R1= 84.0 R2= 89.0 R3= 75.0 R4= 118.0
INFO:root:T= 1644502244.409240 | received turbidity readings for turbi set 2: R5= 92.0 R6= 90.0 R7= 103.0 R8= 88.0
INFO:root:T= 1644502249.529248 | received turbidity readings for turbi set 1: R1= 83.0 R2= 87.0 R3= 69.0 R4= 125.0
INFO:root:T= 1644502250.589249 | received turbidity readings for turbi set 2: R5= 95.0 R6= 85.0 R7= 97.0 R8= 87.0
INFO:root:T= 1644502255.669256 | received turbidity readings for turbi set 1: R1= 80.0 R2= 91.0 R3= 74.0 R4= 119.0
INFO:root:T= 1644502256.729258 | received turbidity readings for turbi set 2: R5= 94.0 R6= 89.0 R7= 101.0 R8= 86.0
INFO:root:T= 1644502261.829265 | received turbidity readings for turbi set 1: R1= 83.0 R2= 88.0 R3= 71.0 R4= 114.0
INFO:root:T= 1644502262.889266 | received turbidity readings for turbi set 2: R5= 90.0 R6= 89.0 R7= 101.0 R8= 78.0
INFO:root:T= 1644502267.999274 | received turbidity readings for turbi set 1: R1= 85.0 R2= 84.0 R3= 67.0 R4= 121.0
INFO:root:T= 1644502269.089275 | received turbidity readings for turbi set 2: R5= 97.0 R6= 91.0 R7= 97.0 R8= 84.0
INFO:root:T= 1644502269.099275 | computed average of 6 turbidity readings after excluding 0 highest {1: 82.5, 2: 88.5, 3: 71.83333333333333, 4: 118.33333333333333, 5: 93.0, 6: 88.83333333333333, 7: 100.0, 8: 84.33333333333333}
INFO:root:T= 1644502269.109275 | applied calibration on turbidity readings average {1: 0.07093674315059184, 2: 0.04344900074059188, 3: -0.029071539482128816, 4: 0.30601683188669204, 5: 0.06646835211920044, 6: 0.10173465782517743, 7: 0.16926513544259247, 8: -0.0008319925690210006}
INFO:root:T= 1644502269.119275 | asked for command Valve B1 OFF
INFO:root:T= 1644502269.129275 | finished for command Valve B1 OFF
INFO:root:T= 1644502269.129275 | asked for command Valve B2 OFF
INFO:root:T= 1644502269.139275 | finished for command Valve B2 OFF
INFO:root:T= 1644502269.139275 | asked for command Valve B3 OFF
INFO:root:T= 1644502269.149275 | finished for command Valve B3 OFF
INFO:root:T= 1644502269.149275 | asked for command Valve F1 OFF
WARNING:root:useless (state already as asked) command asked Valve F1 OFF, so not doing it
INFO:root:T= 1644502269.149275 | asked for command Valve F2 OFF
WARNING:root:useless (state already as asked) command asked Valve F2 OFF, so not doing it
INFO:root:T= 1644502269.149275 | asked for command Valve F3 OFF
WARNING:root:useless (state already as asked) command asked Valve F3 OFF, so not doing it
INFO:root:T= 1644502269.149275 | asked for command Valve F4 OFF
WARNING:root:useless (state already as asked) command asked Valve F4 OFF, so not doing it
INFO:root:T= 1644502269.159275 | asked for command Valve F5 OFF
WARNING:root:useless (state already as asked) command asked Valve F5 OFF, so not doing it
INFO:root:T= 1644502269.159275 | asked for command Valve F6 OFF
WARNING:root:useless (state already as asked) command asked Valve F6 OFF, so not doing it
INFO:root:T= 1644502269.159275 | asked for command Valve F7 OFF
WARNING:root:useless (state already as asked) command asked Valve F7 OFF, so not doing it
INFO:root:T= 1644502269.159275 | asked for command Valve F8 OFF
WARNING:root:useless (state already as asked) command asked Valve F8 OFF, so not doing it
INFO:root:T= 1644502269.169275 | sending request gotobin to the ot2
INFO:root:T= 1644502269.209275 | Finished request gotobin to the ot2
INFO:root:T= 1644502269.209275 | sending request blink/2 to the ot2
INFO:root:T= 1644502270.209277 | Finished request blink/2 to the ot2
INFO:root:T= 1644502270.219276 | sending request blink/3 to the ot2
INFO:root:T= 1644502271.709279 | Finished request blink/3 to the ot2
INFO:root:T= 1644502271.7092788| We passed time of a scheduled sampling
INFO:root:T= 1644502271.719279 | sending request gotobin to the ot2
INFO:root:T= 1644502271.769279 | Finished request gotobin to the ot2
INFO:root:T= 1644502271.769279 | asked for command Valve F1 ON
INFO:root:T= 1644502271.779279 | finished for command Valve F1 ON
INFO:root:T= 1644502271.779279 | asked for command Valve F2 ON
INFO:root:T= 1644502271.789279 | finished for command Valve F2 ON
INFO:root:T= 1644502271.789279 | asked for command Valve F3 ON
INFO:root:T= 1644502271.799279 | finished for command Valve F3 ON
INFO:root:T= 1644502271.799279 | asked for command Valve F4 ON
INFO:root:T= 1644502271.809279 | finished for command Valve F4 ON
INFO:root:T= 1644502271.809279 | asked for command Valve F5 ON
INFO:root:T= 1644502271.819279 | finished for command Valve F5 ON
INFO:root:T= 1644502271.819279 | asked for command Valve F6 ON
INFO:root:T= 1644502271.829279 | finished for command Valve F6 ON
INFO:root:T= 1644502271.829279 | asked for command Valve F7 ON
INFO:root:T= 1644502271.839279 | finished for command Valve F7 ON
INFO:root:T= 1644502271.839279 | asked for command Valve F8 ON
INFO:root:T= 1644502271.849279 | finished for command Valve F8 ON
INFO:root:T= 1644502271.849279 | asked for opening Pump H1 for duration 10.021067 seconds
INFO:root:T= 1644502271.849279 | asked for command Pump H1 ON
INFO:root:T= 1644502271.859279 | finished for command Pump H1 ON
INFO:root:T= 1644502271.859279 | asked for opening Pump H2 for duration 11.694753 seconds
INFO:root:T= 1644502271.859279 | asked for command Pump H2 ON
INFO:root:T= 1644502271.869279 | finished for command Pump H2 ON
INFO:root:T= 1644502271.869279 | asked for opening Pump H3 for duration 8.686854 seconds
INFO:root:T= 1644502271.869279 | asked for command Pump H3 ON
INFO:root:T= 1644502271.879279 | finished for command Pump H3 ON
INFO:root:T= 1644502271.879279 | asked for opening Pump H4 for duration 11.257910 seconds
INFO:root:T= 1644502271.879279 | asked for command Pump H4 ON
INFO:root:T= 1644502271.889279 | finished for command Pump H4 ON
INFO:root:T= 1644502271.889279 | asked for opening Pump H5 for duration 9.434224 seconds
INFO:root:T= 1644502271.889279 | asked for command Pump H5 ON
INFO:root:T= 1644502271.899279 | finished for command Pump H5 ON
INFO:root:T= 1644502271.899279 | asked for opening Pump H6 for duration 10.723699 seconds
INFO:root:T= 1644502271.899279 | asked for command Pump H6 ON
INFO:root:T= 1644502271.909279 | finished for command Pump H6 ON
INFO:root:T= 1644502271.909279 | asked for opening Pump H7 for duration 8.665802 seconds
INFO:root:T= 1644502271.909279 | asked for command Pump H7 ON
INFO:root:T= 1644502271.919279 | finished for command Pump H7 ON
INFO:root:T= 1644502271.919279 | asked for opening Pump H8 for duration 11.468437 seconds
INFO:root:T= 1644502271.919279 | asked for command Pump H8 ON
INFO:root:T= 1644502271.929279 | finished for command Pump H8 ON
INFO:root:T= 1644502280.569291 | asked for command Pump H3 OFF
INFO:root:T= 1644502280.579291 | finished for command Pump H3 OFF
INFO:root:T= 1644502280.589291 | asked for command Pump H7 OFF
INFO:root:T= 1644502280.599291 | finished for command Pump H7 OFF
INFO:root:T= 1644502281.339292 | asked for command Pump H5 OFF
INFO:root:T= 1644502281.349292 | finished for command Pump H5 OFF
INFO:root:T= 1644502281.889293 | asked for command Pump H1 OFF
INFO:root:T= 1644502281.899293 | finished for command Pump H1 OFF
INFO:root:T= 1644502282.649294 | asked for command Pump H6 OFF
INFO:root:T= 1644502282.659294 | finished for command Pump H6 OFF
INFO:root:T= 1644502283.149295 | asked for command Pump H4 OFF
INFO:root:T= 1644502283.159295 | finished for command Pump H4 OFF
INFO:root:T= 1644502283.409295 | asked for command Pump H8 OFF
INFO:root:T= 1644502283.419295 | finished for command Pump H8 OFF
INFO:root:T= 1644502283.569295 | asked for command Pump H2 OFF
INFO:root:T= 1644502283.579295 | finished for command Pump H2 OFF
INFO:root:T= 1644502283.579295 | sending request shakeit to the ot2
INFO:root:T= 1644502287.619301 | Finished request shakeit to the ot2
INFO:root:T= 1644502287.619301 | sending request move_to/cytoplate/1 to the ot2
INFO:root:T= 1644502289.499304 | Finished request move_to/cytoplate/1 to the ot2
INFO:root:T= 1644502289.499304 | sending request move_to/sampling_metal/12 to the ot2
INFO:root:T= 1644502291.319306 | Finished request move_to/sampling_metal/12 to the ot2
INFO:root:T= 1644502291.319306 | asked for opening Pump H1 for duration 0.750000 seconds
INFO:root:T= 1644502291.319306 | asked for command Pump H1 ON
INFO:root:T= 1644502291.339306 | finished for command Pump H1 ON
INFO:root:T= 1644502291.339306 | asked for opening Pump H2 for duration 0.750000 seconds
INFO:root:T= 1644502291.339306 | asked for command Pump H2 ON
INFO:root:T= 1644502291.349306 | finished for command Pump H2 ON
INFO:root:T= 1644502291.349306 | asked for opening Pump H3 for duration 0.750000 seconds
INFO:root:T= 1644502291.349306 | asked for command Pump H3 ON
INFO:root:T= 1644502291.359306 | finished for command Pump H3 ON
INFO:root:T= 1644502291.359306 | asked for opening Pump H4 for duration 0.750000 seconds
INFO:root:T= 1644502291.359306 | asked for command Pump H4 ON
INFO:root:T= 1644502291.369306 | finished for command Pump H4 ON
INFO:root:T= 1644502291.369306 | asked for opening Pump H5 for duration 0.750000 seconds
INFO:root:T= 1644502291.369306 | asked for command Pump H5 ON
INFO:root:T= 1644502291.379306 | finished for command Pump H5 ON
INFO:root:T= 1644502291.379306 | asked for opening Pump H6 for duration 0.750000 seconds
INFO:root:T= 1644502291.379306 | asked for command Pump H6 ON
INFO:root:T= 1644502291.389306 | finished for command Pump H6 ON
INFO:root:T= 1644502291.389306 | asked for opening Pump H7 for duration 0.750000 seconds
INFO:root:T= 1644502291.389306 | asked for command Pump H7 ON
INFO:root:T= 1644502291.399306 | finished for command Pump H7 ON
INFO:root:T= 1644502291.399306 | asked for opening Pump H8 for duration 0.750000 seconds
INFO:root:T= 1644502291.399306 | asked for command Pump H8 ON
INFO:root:T= 1644502291.409306 | finished for command Pump H8 ON
INFO:root:T= 1644502292.099307 | asked for command Pump H1 OFF
INFO:root:T= 1644502292.109307 | finished for command Pump H1 OFF
INFO:root:T= 1644502292.119307 | asked for command Pump H2 OFF
INFO:root:T= 1644502292.119307 | asked for command Pump H3 OFF
INFO:root:T= 1644502292.129307 | asked for command Pump H4 OFF
INFO:root:T= 1644502292.129307 | finished for command Pump H3 OFF
INFO:root:T= 1644502292.129307 | finished for command Pump H2 OFF
INFO:root:T= 1644502292.139307 | finished for command Pump H4 OFF
INFO:root:T= 1644502292.149307 | asked for command Pump H5 OFF
INFO:root:T= 1644502292.149307 | asked for command Pump H6 OFF
INFO:root:T= 1644502292.159307 | asked for command Pump H7 OFF
INFO:root:T= 1644502292.159307 | finished for command Pump H5 OFF
INFO:root:T= 1644502292.159307 | finished for command Pump H6 OFF
INFO:root:T= 1644502292.169307 | finished for command Pump H7 OFF
INFO:root:T= 1644502292.179307 | asked for command Pump H8 OFF
INFO:root:T= 1644502292.189307 | finished for command Pump H8 OFF
INFO:root:T= 1644502292.189307 | sending request prepare/H12_G12_F12_E12_D12_C12_B12_A12/5000 to the guava
INFO:root:T= 1644502311.029334 | Finished request prepare/H12_G12_F12_E12_D12_C12_B12_A12/5000 to the guava
INFO:root:T= 1644502311.029334 | sending request move_to/cytoplate/1 to the ot2
INFO:root:T= 1644502312.839336 | Finished request move_to/cytoplate/1 to the ot2
INFO:root:T= 1644502312.849336 | sending request gotobin to the ot2
INFO:root:T= 1644502314.709339 | Finished request gotobin to the ot2
INFO:root:T= 1644502314.709339 | sending request dilute/10/1/12 to the ot2
INFO:root:T= 1644502335.199368 | Finished request dilute/10/1/12 to the ot2
INFO:root:T= 1644502335.199368 | sending request acquire to the guava
INFO:root:T= 1644502335.439368 | Finished request acquire to the guava
INFO:root:T= 1644502351.549390 | asked for LEDs duty history all_reactors from time 0.000000
INFO:root:T= 1644502352.609392| Starting to check events
INFO:root:T= 1644502352.609392| Starting to check events of reactor id 1
INFO:root:T= 1644502352.609392| Starting to check events of reactor id 2
INFO:root:T= 1644502352.609392| Starting to check events of reactor id 3
INFO:root:T= 1644502352.609392| Starting to check events of reactor id 4
INFO:root:T= 1644502352.609392| Starting to check events of reactor id 5
INFO:root:T= 1644502352.609392| Starting to check events of reactor id 6
INFO:root:T= 1644502352.609392| Starting to check events of reactor id 7
INFO:root:T= 1644502352.609392| Starting to check events of reactor id 8
INFO:root:T= 1644502352.609392 | sending request blink/1 to the ot2
INFO:root:T= 1644502353.119392 | Finished request blink/1 to the ot2
INFO:root:T= 1644502353.119392 | asked for command Valve B1 ON
WARNING:root:reading Valve B1 state not successful, trying again
INFO:root:T= 1644502359.149401 | finished for command Valve B1 ON
INFO:root:T= 1644502359.149401 | asked for command Valve B2 ON
INFO:root:T= 1644502359.159401 | finished for command Valve B2 ON
INFO:root:T= 1644502359.159401 | asked for command Valve B3 ON
INFO:root:T= 1644502359.169401 | finished for command Valve B3 ON
INFO:root:T= 1644502359.169401 | asked for turbidity readings for turbi sets {1, 2}
INFO:root:T= 1644502360.259403 | received turbidity readings for turbi set 1: R1= 81.0 R2= 87.0 R3= 76.0 R4= 124.0
INFO:root:T= 1644502361.379404 | received turbidity readings for turbi set 2: R5= 93.0 R6= 85.0 R7= 100.0 R8= 89.0
INFO:root:T= 1644502366.529411 | received turbidity readings for turbi set 1: R1= 90.0 R2= 92.0 R3= 74.0 R4= 120.0
INFO:root:T= 1644502367.629413 | received turbidity readings for turbi set 2: R5= 89.0 R6= 83.0 R7= 100.0 R8= 84.0
INFO:root:T= 1644502372.749420 | received turbidity readings for turbi set 1: R1= 83.0 R2= 92.0 R3= 75.0 R4= 114.0
INFO:root:T= 1644502373.839422 | received turbidity readings for turbi set 2: R5= 94.0 R6= 84.0 R7= 100.0 R8= 85.0
INFO:root:T= 1644502378.929429 | received turbidity readings for turbi set 1: R1= 80.0 R2= 89.0 R3= 77.0 R4= 118.0
INFO:root:T= 1644502380.019430 | received turbidity readings for turbi set 2: R5= 93.0 R6= 86.0 R7= 99.0 R8= 87.0
INFO:root:T= 1644502385.139438 | received turbidity readings for turbi set 1: R1= 81.0 R2= 83.0 R3= 75.0 R4= 123.0
INFO:root:T= 1644502386.219439 | received turbidity readings for turbi set 2: R5= 94.0 R6= 92.0 R7= 100.0 R8= 81.0
INFO:root:T= 1644502391.309446 | received turbidity readings for turbi set 1: R1= 84.0 R2= 84.0 R3= 75.0 R4= 126.0
INFO:root:T= 1644502392.369448 | received turbidity readings for turbi set 2: R5= 90.0 R6= 86.0 R7= 107.0 R8= 84.0
INFO:root:T= 1644502392.369448 | computed average of 6 turbidity readings after excluding 0 highest {1: 83.16666666666667, 2: 87.83333333333333, 3: 75.33333333333333, 4: 120.83333333333333, 5: 92.16666666666667, 6: 86.0, 7: 101.0, 8: 85.0}
INFO:root:T= 1644502392.379447 | applied calibration on turbidity readings average {1: 0.07748968598868755, 2: 0.0370091336251539, 3: 0.009685428040859811, 4: 0.3234490163116046, 5: 0.05863758382749573, 6: 0.0746199687835678, 7: 0.17778256135094583, 8: 0.005980416185395132}
INFO:root:T= 1644502392.389448 | asked for command Valve B1 OFF
INFO:root:T= 1644502392.399447 | finished for command Valve B1 OFF
INFO:root:T= 1644502392.399447 | asked for command Valve B2 OFF
INFO:root:T= 1644502392.409448 | finished for command Valve B2 OFF
INFO:root:T= 1644502392.409448 | asked for command Valve B3 OFF
INFO:root:T= 1644502392.419448 | finished for command Valve B3 OFF
INFO:root:T= 1644502392.419448 | asked for command Valve F1 OFF
INFO:root:T= 1644502392.429448 | finished for command Valve F1 OFF
INFO:root:T= 1644502392.429448 | asked for command Valve F2 OFF
INFO:root:T= 1644502392.439448 | finished for command Valve F2 OFF
INFO:root:T= 1644502392.439448 | asked for command Valve F3 OFF
INFO:root:T= 1644502392.449448 | finished for command Valve F3 OFF
INFO:root:T= 1644502392.449448 | asked for command Valve F4 OFF
INFO:root:T= 1644502392.459448 | finished for command Valve F4 OFF
INFO:root:T= 1644502392.459448 | asked for command Valve F5 OFF
INFO:root:T= 1644502392.469448 | finished for command Valve F5 OFF
INFO:root:T= 1644502392.469448 | asked for command Valve F6 OFF
INFO:root:T= 1644502392.479448 | finished for command Valve F6 OFF
INFO:root:T= 1644502392.479448 | asked for command Valve F7 OFF
INFO:root:T= 1644502392.489448 | finished for command Valve F7 OFF
INFO:root:T= 1644502392.489448 | asked for command Valve F8 OFF
INFO:root:T= 1644502392.499448 | finished for command Valve F8 OFF
INFO:root:T= 1644502392.499448 | sending request gotobin to the ot2
INFO:root:T= 1644502392.539448 | Finished request gotobin to the ot2
INFO:root:T= 1644502392.539448 | sending request blink/2 to the ot2
INFO:root:T= 1644502393.549449 | Finished request blink/2 to the ot2
INFO:root:T= 1644502393.549449 | sending request blink/3 to the ot2
INFO:root:T= 1644502395.039451 | Finished request blink/3 to the ot2
INFO:root:T= 1644502395.039451 | sending request status to the guava
INFO:root:T= 1644502395.059451 | Finished request status to the guava
INFO:root:T= 1644502402.569462 | asked for LEDs duty history all_reactors from time 0.000000
INFO:root:T= 1644502403.6094632| Starting to check events
INFO:root:T= 1644502403.6094632| Starting to check events of reactor id 1
INFO:root:T= 1644502403.6094632| Starting to check events of reactor id 2
INFO:root:T= 1644502403.6094632| Starting to check events of reactor id 3
INFO:root:T= 1644502403.6094632| Starting to check events of reactor id 4
INFO:root:T= 1644502403.6094632| Starting to check events of reactor id 5
INFO:root:T= 1644502403.6094632| Starting to check events of reactor id 6
INFO:root:T= 1644502403.6094632| Starting to check events of reactor id 7
INFO:root:T= 1644502403.6094632| Starting to check events of reactor id 8
INFO:root:T= 1644502472.609560 | sending request blink/1 to the ot2
INFO:root:T= 1644502473.119561 | Finished request blink/1 to the ot2
INFO:root:T= 1644502473.119561 | asked for command Valve B1 ON
WARNING:root:reading Valve B1 state not successful, trying again
INFO:root:T= 1644502479.149569 | finished for command Valve B1 ON
INFO:root:T= 1644502479.149569 | asked for command Valve B2 ON
INFO:root:T= 1644502479.159569 | finished for command Valve B2 ON
INFO:root:T= 1644502479.159569 | asked for command Valve B3 ON
INFO:root:T= 1644502479.169569 | finished for command Valve B3 ON
INFO:root:T= 1644502479.169569 | asked for turbidity readings for turbi sets {1, 2}
INFO:root:T= 1644502480.259571 | received turbidity readings for turbi set 1: R1= 87.0 R2= 86.0 R3= 70.0 R4= 116.0
INFO:root:T= 1644502481.349572 | received turbidity readings for turbi set 2: R5= 89.0 R6= 91.0 R7= 103.0 R8= 79.0
INFO:root:T= 1644502486.439579 | received turbidity readings for turbi set 1: R1= 85.0 R2= 90.0 R3= 75.0 R4= 119.0
INFO:root:T= 1644502487.509581 | received turbidity readings for turbi set 2: R5= 92.0 R6= 91.0 R7= 99.0 R8= 81.0
INFO:root:T= 1644502492.559588 | received turbidity readings for turbi set 1: R1= 89.0 R2= 90.0 R3= 73.0 R4= 110.0
INFO:root:T= 1644502493.639589 | received turbidity readings for turbi set 2: R5= 96.0 R6= 91.0 R7= 97.0 R8= 83.0
INFO:root:T= 1644502498.759597 | received turbidity readings for turbi set 1: R1= 87.0 R2= 87.0 R3= 75.0 R4= 126.0
INFO:root:T= 1644502499.819598 | received turbidity readings for turbi set 2: R5= 93.0 R6= 91.0 R7= 101.0 R8= 83.0
INFO:root:T= 1644502504.919605 | received turbidity readings for turbi set 1: R1= 81.0 R2= 84.0 R3= 76.0 R4= 120.0
INFO:root:T= 1644502505.999607 | received turbidity readings for turbi set 2: R5= 88.0 R6= 88.0 R7= 97.0 R8= 83.0
INFO:root:T= 1644502511.099614 | received turbidity readings for turbi set 1: R1= 80.0 R2= 86.0 R3= 76.0 R4= 117.0
INFO:root:T= 1644502512.199615 | received turbidity readings for turbi set 2: R5= 92.0 R6= 90.0 R7= 100.0 R8= 83.0
INFO:root:T= 1644502512.209615 | computed average of 6 turbidity readings after excluding 0 highest {1: 84.83333333333333, 2: 87.16666666666667, 3: 74.16666666666667, 4: 118.0, 5: 91.66666666666667, 6: 90.33333333333333, 7: 99.5, 8: 82.0}
INFO:root:T= 1644502512.219615 | applied calibration on turbidity readings average {1: 0.09364495315273969, 2: 0.030520200382582185, 3: -0.0030297870351474465, 4: 0.3036647594728996, 5: 0.05390506544774354, 6: 0.11574140737433947, 7: 0.1649744285078607, 8: -0.02510693204017711}
INFO:root:T= 1644502512.229615 | asked for command Valve B1 OFF
INFO:root:T= 1644502512.239615 | finished for command Valve B1 OFF
INFO:root:T= 1644502512.239615 | asked for command Valve B2 OFF
INFO:root:T= 1644502512.249615 | finished for command Valve B2 OFF
INFO:root:T= 1644502512.249615 | asked for command Valve B3 OFF
INFO:root:T= 1644502512.259615 | finished for command Valve B3 OFF
INFO:root:T= 1644502512.259615 | asked for command Valve F1 OFF
WARNING:root:useless (state already as asked) command asked Valve F1 OFF, so not doing it
INFO:root:T= 1644502512.259615 | asked for command Valve F2 OFF
WARNING:root:useless (state already as asked) command asked Valve F2 OFF, so not doing it
INFO:root:T= 1644502512.269615 | asked for command Valve F3 OFF
WARNING:root:useless (state already as asked) command asked Valve F3 OFF, so not doing it
INFO:root:T= 1644502512.269615 | asked for command Valve F4 OFF
WARNING:root:useless (state already as asked) command asked Valve F4 OFF, so not doing it
INFO:root:T= 1644502512.279615 | asked for command Valve F5 OFF
WARNING:root:useless (state already as asked) command asked Valve F5 OFF, so not doing it
INFO:root:T= 1644502512.279615 | asked for command Valve F6 OFF
WARNING:root:useless (state already as asked) command asked Valve F6 OFF, so not doing it
INFO:root:T= 1644502512.279615 | asked for command Valve F7 OFF
WARNING:root:useless (state already as asked) command asked Valve F7 OFF, so not doing it
INFO:root:T= 1644502512.279615 | asked for command Valve F8 OFF
WARNING:root:useless (state already as asked) command asked Valve F8 OFF, so not doing it
INFO:root:T= 1644502512.279615 | sending request gotobin to the ot2
INFO:root:T= 1644502512.329616 | Finished request gotobin to the ot2
INFO:root:T= 1644502512.329616 | sending request blink/2 to the ot2
INFO:root:T= 1644502513.339617 | Finished request blink/2 to the ot2
INFO:root:T= 1644502513.339617 | sending request blink/3 to the ot2
INFO:root:T= 1644502514.829619 | Finished request blink/3 to the ot2
INFO:root:T= 1644502514.829619 | sending request status to the guava
INFO:root:T= 1644502514.839619 | Finished request status to the guava
INFO:root:T= 1644502522.459630 | asked for LEDs duty history all_reactors from time 0.000000
INFO:root:T= 1644502523.489631| Starting to check events
INFO:root:T= 1644502523.489631| Starting to check events of reactor id 1
INFO:root:T= 1644502523.489631| Starting to check events of reactor id 2
INFO:root:T= 1644502523.489631| Starting to check events of reactor id 3
INFO:root:T= 1644502523.489631| Starting to check events of reactor id 4
INFO:root:T= 1644502523.489631| Starting to check events of reactor id 5
INFO:root:T= 1644502523.489631| Starting to check events of reactor id 6
INFO:root:T= 1644502523.489631| Starting to check events of reactor id 7
INFO:root:T= 1644502523.489631| Starting to check events of reactor id 8
INFO:root:T= 1644502592.689728 | sending request blink/1 to the ot2
INFO:root:T= 1644502593.209729 | Finished request blink/1 to the ot2
INFO:root:T= 1644502593.209729 | asked for command Valve B1 ON
WARNING:root:reading Valve B1 state not successful, trying again
INFO:root:T= 1644502599.249737 | finished for command Valve B1 ON
INFO:root:T= 1644502599.249737 | asked for command Valve B2 ON
INFO:root:T= 1644502599.259737 | finished for command Valve B2 ON
INFO:root:T= 1644502599.259737 | asked for command Valve B3 ON
INFO:root:T= 1644502599.269737 | finished for command Valve B3 ON
INFO:root:T= 1644502599.269737 | asked for turbidity readings for turbi sets {1, 2}
INFO:root:T= 1644502600.339739 | received turbidity readings for turbi set 1: R1= 77.0 R2= 85.0 R3= 70.0 R4= 122.0
INFO:root:T= 1644502601.429740 | received turbidity readings for turbi set 2: R5= 92.0 R6= 90.0 R7= 103.0 R8= 77.0
INFO:root:T= 1644502606.519747 | received turbidity readings for turbi set 1: R1= 82.0 R2= 88.0 R3= 78.0 R4= 120.0
INFO:root:T= 1644502607.539749 | received turbidity readings for turbi set 2: R5= 90.0 R6= 88.0 R7= 104.0 R8= 85.0
INFO:root:T= 1644502612.659756 | received turbidity readings for turbi set 1: R1= 81.0 R2= 87.0 R3= 83.0 R4= 128.0
INFO:root:T= 1644502613.719758 | received turbidity readings for turbi set 2: R5= 91.0 R6= 89.0 R7= 100.0 R8= 79.0
INFO:root:T= 1644502618.799764 | received turbidity readings for turbi set 1: R1= 88.0 R2= 88.0 R3= 73.0 R4= 109.0
INFO:root:T= 1644502619.839766 | received turbidity readings for turbi set 2: R5= 90.0 R6= 86.0 R7= 104.0 R8= 85.0
INFO:root:T= 1644502624.939773 | received turbidity readings for turbi set 1: R1= 84.0 R2= 86.0 R3= 78.0 R4= 117.0
INFO:root:T= 1644502625.969774 | received turbidity readings for turbi set 2: R5= 88.0 R6= 88.0 R7= 100.0 R8= 82.0
INFO:root:T= 1644502631.079782 | received turbidity readings for turbi set 1: R1= 85.0 R2= 90.0 R3= 77.0 R4= 117.0
INFO:root:T= 1644502632.159783 | received turbidity readings for turbi set 2: R5= 92.0 R6= 93.0 R7= 97.0 R8= 78.0
INFO:root:T= 1644502632.169783 | computed average of 6 turbidity readings after excluding 0 highest {1: 82.83333333333333, 2: 87.33333333333333, 3: 76.5, 4: 118.83333333333333, 5: 90.5, 6: 89.0, 7: 101.33333333333333, 8: 81.0}
INFO:root:T= 1644502632.179783 | applied calibration on turbidity readings average {1: 0.074219807085258, 2: 0.032147074550850085, 3: 0.0222052314012684, 4: 0.309532546657318, 5: 0.0427613680115666, 6: 0.10330259579974665, 7: 0.1806029732640071, 8: -0.035722665737725645}
INFO:root:T= 1644502632.189783 | asked for command Valve B1 OFF
INFO:root:T= 1644502632.199783 | finished for command Valve B1 OFF
INFO:root:T= 1644502632.199783 | asked for command Valve B2 OFF
INFO:root:T= 1644502632.209783 | finished for command Valve B2 OFF
INFO:root:T= 1644502632.209783 | asked for command Valve B3 OFF
INFO:root:T= 1644502632.219783 | finished for command Valve B3 OFF
INFO:root:T= 1644502632.219783 | asked for command Valve F1 OFF
WARNING:root:useless (state already as asked) command asked Valve F1 OFF, so not doing it
INFO:root:T= 1644502632.219783 | asked for command Valve F2 OFF
WARNING:root:useless (state already as asked) command asked Valve F2 OFF, so not doing it
INFO:root:T= 1644502632.219783 | asked for command Valve F3 OFF
WARNING:root:useless (state already as asked) command asked Valve F3 OFF, so not doing it
INFO:root:T= 1644502632.219783 | asked for command Valve F4 OFF
WARNING:root:useless (state already as asked) command asked Valve F4 OFF, so not doing it
INFO:root:T= 1644502632.229783 | asked for command Valve F5 OFF
WARNING:root:useless (state already as asked) command asked Valve F5 OFF, so not doing it
INFO:root:T= 1644502632.229783 | asked for command Valve F6 OFF
WARNING:root:useless (state already as asked) command asked Valve F6 OFF, so not doing it
INFO:root:T= 1644502632.229783 | asked for command Valve F7 OFF
WARNING:root:useless (state already as asked) command asked Valve F7 OFF, so not doing it
INFO:root:T= 1644502632.229783 | asked for command Valve F8 OFF
WARNING:root:useless (state already as asked) command asked Valve F8 OFF, so not doing it
INFO:root:T= 1644502632.229783 | sending request gotobin to the ot2
INFO:root:T= 1644502632.279783 | Finished request gotobin to the ot2
INFO:root:T= 1644502632.279783 | sending request blink/2 to the ot2
INFO:root:T= 1644502633.289785 | Finished request blink/2 to the ot2
INFO:root:T= 1644502633.299785 | sending request blink/3 to the ot2
INFO:root:T= 1644502634.789787 | Finished request blink/3 to the ot2
INFO:root:T= 1644502634.789787 | sending request status to the guava
INFO:root:T= 1644502634.799787 | Finished request status to the guava
INFO:root:T= 1644502645.879803 | asked for LEDs duty history all_reactors from time 0.000000
INFO:root:T= 1644502646.9398038| Starting to check events
INFO:root:T= 1644502646.9398038| Starting to check events of reactor id 1
INFO:root:T= 1644502646.9398038| Starting to check events of reactor id 2
INFO:root:T= 1644502646.9398038| Starting to check events of reactor id 3
INFO:root:T= 1644502646.9398038| Starting to check events of reactor id 4
INFO:root:T= 1644502646.9398038| Starting to check events of reactor id 5
INFO:root:T= 1644502646.9398038| Starting to check events of reactor id 6
INFO:root:T= 1644502646.9398038| Starting to check events of reactor id 7
INFO:root:T= 1644502646.9398038| Starting to check events of reactor id 8
INFO:root:T= 1644502712.739896 | sending request blink/1 to the ot2
INFO:root:T= 1644502713.249897 | Finished request blink/1 to the ot2
INFO:root:T= 1644502713.249897 | asked for command Valve B1 ON
WARNING:root:reading Valve B1 state not successful, trying again
INFO:root:T= 1644502719.279905 | finished for command Valve B1 ON
INFO:root:T= 1644502719.279905 | asked for command Valve B2 ON
INFO:root:T= 1644502719.289905 | finished for command Valve B2 ON
INFO:root:T= 1644502719.289905 | asked for command Valve B3 ON
INFO:root:T= 1644502719.299905 | finished for command Valve B3 ON
INFO:root:T= 1644502719.299905 | asked for turbidity readings for turbi sets {1, 2}
INFO:root:T= 1644502720.389907 | received turbidity readings for turbi set 1: R1= 86.0 R2= 91.0 R3= 66.0 R4= 120.0
INFO:root:T= 1644502721.459908 | received turbidity readings for turbi set 2: R5= 95.0 R6= 91.0 R7= 96.0 R8= 89.0
INFO:root:T= 1644502726.499916 | received turbidity readings for turbi set 1: R1= 82.0 R2= 88.0 R3= 72.0 R4= 119.0
INFO:root:T= 1644502727.529917 | received turbidity readings for turbi set 2: R5= 92.0 R6= 85.0 R7= 102.0 R8= 78.0
INFO:root:T= 1644502732.589924 | received turbidity readings for turbi set 1: R1= 83.0 R2= 88.0 R3= 79.0 R4= 110.0
INFO:root:T= 1644502733.679925 | received turbidity readings for turbi set 2: R5= 89.0 R6= 91.0 R7= 104.0 R8= 82.0
INFO:root:T= 1644502738.799933 | received turbidity readings for turbi set 1: R1= 84.0 R2= 89.0 R3= 78.0 R4= 118.0
INFO:root:T= 1644502739.889934 | received turbidity readings for turbi set 2: R5= 90.0 R6= 93.0 R7= 99.0 R8= 79.0
INFO:root:T= 1644502744.999941 | received turbidity readings for turbi set 1: R1= 77.0 R2= 85.0 R3= 72.0 R4= 130.0
INFO:root:T= 1644502746.039943 | received turbidity readings for turbi set 2: R5= 96.0 R6= 94.0 R7= 104.0 R8= 81.0
INFO:root:T= 1644502751.099950 | received turbidity readings for turbi set 1: R1= 83.0 R2= 92.0 R3= 75.0 R4= 118.0
INFO:root:T= 1644502752.129951 | received turbidity readings for turbi set 2: R5= 94.0 R6= 88.0 R7= 100.0 R8= 83.0
INFO:root:T= 1644502752.139951 | computed average of 6 turbidity readings after excluding 0 highest {1: 82.5, 2: 88.83333333333333, 3: 73.66666666666667, 4: 119.16666666666667, 5: 92.66666666666667, 6: 90.33333333333333, 7: 100.83333333333333, 8: 82.0}
INFO:root:T= 1644502752.149951 | applied calibration on turbidity readings average {1: 0.07093674315059184, 2: 0.04665076529387813, 3: -0.008540510120767841, 4: 0.31186814795416096, 5: 0.06334449783467688, 6: 0.11574140737433947, 7: 0.1763688628608313, 8: -0.02510693204017711}
INFO:root:T= 1644502752.159951 | asked for command Valve B1 OFF
INFO:root:T= 1644502752.169951 | finished for command Valve B1 OFF
INFO:root:T= 1644502752.169951 | asked for command Valve B2 OFF
INFO:root:T= 1644502752.179951 | finished for command Valve B2 OFF
INFO:root:T= 1644502752.179951 | asked for command Valve B3 OFF
INFO:root:T= 1644502752.189951 | finished for command Valve B3 OFF
INFO:root:T= 1644502752.189951 | asked for command Valve F1 OFF
WARNING:root:useless (state already as asked) command asked Valve F1 OFF, so not doing it
INFO:root:T= 1644502752.189951 | asked for command Valve F2 OFF
WARNING:root:useless (state already as asked) command asked Valve F2 OFF, so not doing it
INFO:root:T= 1644502752.189951 | asked for command Valve F3 OFF
WARNING:root:useless (state already as asked) command asked Valve F3 OFF, so not doing it
INFO:root:T= 1644502752.189951 | asked for command Valve F4 OFF
WARNING:root:useless (state already as asked) command asked Valve F4 OFF, so not doing it
INFO:root:T= 1644502752.199951 | asked for command Valve F5 OFF
WARNING:root:useless (state already as asked) command asked Valve F5 OFF, so not doing it
INFO:root:T= 1644502752.199951 | asked for command Valve F6 OFF
WARNING:root:useless (state already as asked) command asked Valve F6 OFF, so not doing it
INFO:root:T= 1644502752.199951 | asked for command Valve F7 OFF
WARNING:root:useless (state already as asked) command asked Valve F7 OFF, so not doing it
INFO:root:T= 1644502752.199951 | asked for command Valve F8 OFF
WARNING:root:useless (state already as asked) command asked Valve F8 OFF, so not doing it
INFO:root:T= 1644502752.199951 | sending request gotobin to the ot2
INFO:root:T= 1644502752.259951 | Finished request gotobin to the ot2
INFO:root:T= 1644502752.259951 | sending request blink/2 to the ot2
INFO:root:T= 1644502753.259953 | Finished request blink/2 to the ot2
INFO:root:T= 1644502753.259953 | sending request blink/3 to the ot2
INFO:root:T= 1644502754.749955 | Finished request blink/3 to the ot2
INFO:root:T= 1644502754.749955 | sending request status to the guava
INFO:root:T= 1644502754.769955 | Finished request status to the guava
INFO:root:T= 1644502763.749968 | asked for LEDs duty history all_reactors from time 0.000000
INFO:root:T= 1644502764.809969| Starting to check events
INFO:root:T= 1644502764.809969| Starting to check events of reactor id 1
INFO:root:T= 1644502764.809969| Starting to check events of reactor id 2
INFO:root:T= 1644502764.809969| Starting to check events of reactor id 3
INFO:root:T= 1644502764.809969| Starting to check events of reactor id 4
INFO:root:T= 1644502764.809969| Starting to check events of reactor id 5
INFO:root:T= 1644502764.809969| Starting to check events of reactor id 6
INFO:root:T= 1644502764.809969| Starting to check events of reactor id 7
INFO:root:T= 1644502764.809969| Starting to check events of reactor id 8
INFO:root:T= 1644502832.810064 | sending request blink/1 to the ot2
INFO:root:T= 1644502833.330065 | Finished request blink/1 to the ot2
INFO:root:T= 1644502833.330065 | asked for command Valve B1 ON
WARNING:root:reading Valve B1 state not successful, trying again
INFO:root:T= 1644502839.370073 | finished for command Valve B1 ON
INFO:root:T= 1644502839.370073 | asked for command Valve B2 ON
INFO:root:T= 1644502839.380074 | finished for command Valve B2 ON
INFO:root:T= 1644502839.380074 | asked for command Valve B3 ON
INFO:root:T= 1644502839.390073 | finished for command Valve B3 ON
INFO:root:T= 1644502839.390073 | asked for turbidity readings for turbi sets {1, 2}
INFO:root:T= 1644502840.450075 | received turbidity readings for turbi set 1: R1= 87.0 R2= 93.0 R3= 79.0 R4= 113.0
INFO:root:T= 1644502841.550076 | received turbidity readings for turbi set 2: R5= 92.0 R6= 89.0 R7= 100.0 R8= 84.0
INFO:root:T= 1644502846.650084 | received turbidity readings for turbi set 1: R1= 87.0 R2= 90.0 R3= 70.0 R4= 117.0
INFO:root:T= 1644502847.750085 | received turbidity readings for turbi set 2: R5= 90.0 R6= 89.0 R7= 98.0 R8= 84.0
INFO:root:T= 1644502852.800092 | received turbidity readings for turbi set 1: R1= 86.0 R2= 87.0 R3= 73.0 R4= 108.0
INFO:root:T= 1644502853.840094 | received turbidity readings for turbi set 2: R5= 97.0 R6= 90.0 R7= 102.0 R8= 85.0
INFO:root:T= 1644502858.900101 | received turbidity readings for turbi set 1: R1= 82.0 R2= 94.0 R3= 78.0 R4= 116.0
INFO:root:T= 1644502859.960102 | received turbidity readings for turbi set 2: R5= 90.0 R6= 85.0 R7= 102.0 R8= 80.0
INFO:root:T= 1644502865.010109 | received turbidity readings for turbi set 1: R1= 89.0 R2= 91.0 R3= 74.0 R4= 116.0
INFO:root:T= 1644502866.120111 | received turbidity readings for turbi set 2: R5= 97.0 R6= 90.0 R7= 102.0 R8= 87.0
INFO:root:T= 1644502871.240118 | received turbidity readings for turbi set 1: R1= 87.0 R2= 88.0 R3= 74.0 R4= 117.0
INFO:root:T= 1644502872.310119 | received turbidity readings for turbi set 2: R5= 94.0 R6= 89.0 R7= 105.0 R8= 84.0
INFO:root:T= 1644502872.320120 | computed average of 6 turbidity readings after excluding 0 highest {1: 86.33333333333333, 2: 90.5, 3: 74.66666666666667, 4: 114.5, 5: 93.33333333333333, 6: 88.66666666666667, 7: 101.5, 8: 84.0}
INFO:root:T= 1644502872.330119 | applied calibration on turbidity readings average {1: 0.10791559846179188, 2: 0.0624814881493605, 3: 0.002443909635989616, 4: 0.27855893247150165, 5: 0.06958102979921188, 6: 0.10016377536441867, 7: 0.1820097019967113, 8: -0.004258418598892977}
INFO:root:T= 1644502872.340120 | asked for command Valve B1 OFF
INFO:root:T= 1644502872.350120 | finished for command Valve B1 OFF
INFO:root:T= 1644502872.350120 | asked for command Valve B2 OFF
INFO:root:T= 1644502872.360120 | finished for command Valve B2 OFF
INFO:root:T= 1644502872.360120 | asked for command Valve B3 OFF
INFO:root:T= 1644502872.370120 | finished for command Valve B3 OFF
INFO:root:T= 1644502872.370120 | asked for command Valve F1 OFF
WARNING:root:useless (state already as asked) command asked Valve F1 OFF, so not doing it
INFO:root:T= 1644502872.370120 | asked for command Valve F2 OFF
WARNING:root:useless (state already as asked) command asked Valve F2 OFF, so not doing it
INFO:root:T= 1644502872.370120 | asked for command Valve F3 OFF
WARNING:root:useless (state already as asked) command asked Valve F3 OFF, so not doing it
INFO:root:T= 1644502872.370120 | asked for command Valve F4 OFF
WARNING:root:useless (state already as asked) command asked Valve F4 OFF, so not doing it
INFO:root:T= 1644502872.370120 | asked for command Valve F5 OFF
WARNING:root:useless (state already as asked) command asked Valve F5 OFF, so not doing it
INFO:root:T= 1644502872.380120 | asked for command Valve F6 OFF
WARNING:root:useless (state already as asked) command asked Valve F6 OFF, so not doing it
INFO:root:T= 1644502872.380120 | asked for command Valve F7 OFF
WARNING:root:useless (state already as asked) command asked Valve F7 OFF, so not doing it
INFO:root:T= 1644502872.380120 | asked for command Valve F8 OFF
WARNING:root:useless (state already as asked) command asked Valve F8 OFF, so not doing it
INFO:root:T= 1644502872.380120 | sending request gotobin to the ot2
INFO:root:T= 1644502872.430120 | Finished request gotobin to the ot2
INFO:root:T= 1644502872.430120 | sending request blink/2 to the ot2
INFO:root:T= 1644502873.440121 | Finished request blink/2 to the ot2
INFO:root:T= 1644502873.440121 | sending request blink/3 to the ot2
INFO:root:T= 1644502874.940123 | Finished request blink/3 to the ot2
INFO:root:T= 1644502874.940123 | sending request status to the guava
INFO:root:T= 1644502874.950123 | Finished request status to the guava
INFO:root:T= 1644502887.270140 | asked for LEDs duty history all_reactors from time 0.000000
INFO:root:T= 1644502888.3201418| Starting to check events
INFO:root:T= 1644502888.3201418| Starting to check events of reactor id 1
INFO:root:T= 1644502888.3201418| Starting to check events of reactor id 2
INFO:root:T= 1644502888.3201418| Starting to check events of reactor id 3
INFO:root:T= 1644502888.3201418| Starting to check events of reactor id 4
INFO:root:T= 1644502888.3201418| Starting to check events of reactor id 5
INFO:root:T= 1644502888.3201418| Starting to check events of reactor id 6
INFO:root:T= 1644502888.3201418| Starting to check events of reactor id 7
INFO:root:T= 1644502888.3201418| Starting to check events of reactor id 8
INFO:root:T= 1644502952.820232 | sending request blink/1 to the ot2
INFO:root:T= 1644502953.340233 | Finished request blink/1 to the ot2
INFO:root:T= 1644502953.340233 | asked for command Valve B1 ON
WARNING:root:reading Valve B1 state not successful, trying again
INFO:root:T= 1644502959.380241 | finished for command Valve B1 ON
INFO:root:T= 1644502959.380241 | asked for command Valve B2 ON
INFO:root:T= 1644502959.390241 | finished for command Valve B2 ON
INFO:root:T= 1644502959.390241 | asked for command Valve B3 ON
INFO:root:T= 1644502959.400241 | finished for command Valve B3 ON
INFO:root:T= 1644502959.400241 | asked for turbidity readings for turbi sets {1, 2}
INFO:root:T= 1644502960.480243 | received turbidity readings for turbi set 1: R1= 84.0 R2= 92.0 R3= 73.0 R4= 126.0
INFO:root:T= 1644502961.510244 | received turbidity readings for turbi set 2: R5= 96.0 R6= 88.0 R7= 98.0 R8= 81.0
INFO:root:T= 1644502966.610251 | received turbidity readings for turbi set 1: R1= 81.0 R2= 87.0 R3= 73.0 R4= 120.0
INFO:root:T= 1644502967.650253 | received turbidity readings for turbi set 2: R5= 88.0 R6= 90.0 R7= 104.0 R8= 86.0
INFO:root:T= 1644502972.760260 | received turbidity readings for turbi set 1: R1= 85.0 R2= 91.0 R3= 74.0 R4= 119.0
INFO:root:T= 1644502973.860262 | received turbidity readings for turbi set 2: R5= 96.0 R6= 93.0 R7= 95.0 R8= 83.0
INFO:root:T= 1644502978.950269 | received turbidity readings for turbi set 1: R1= 80.0 R2= 90.0 R3= 79.0 R4= 124.0
INFO:root:T= 1644502980.040270 | received turbidity readings for turbi set 2: R5= 96.0 R6= 89.0 R7= 102.0 R8= 82.0
INFO:root:T= 1644502985.120277 | received turbidity readings for turbi set 1: R1= 84.0 R2= 90.0 R3= 77.0 R4= 117.0
INFO:root:T= 1644502986.190279 | received turbidity readings for turbi set 2: R5= 98.0 R6= 86.0 R7= 98.0 R8= 87.0
INFO:root:T= 1644502991.300286 | received turbidity readings for turbi set 1: R1= 87.0 R2= 94.0 R3= 77.0 R4= 121.0
INFO:root:T= 1644502992.370288 | received turbidity readings for turbi set 2: R5= 91.0 R6= 94.0 R7= 102.0 R8= 84.0
INFO:root:T= 1644502992.380287 | computed average of 6 turbidity readings after excluding 0 highest {1: 83.5, 2: 90.66666666666667, 3: 75.5, 4: 121.16666666666667, 5: 94.16666666666667, 6: 90.0, 7: 99.83333333333333, 8: 83.83333333333333}
INFO:root:T= 1644502992.390288 | applied calibration on turbidity readings average {1: 0.08074648534155537, 2: 0.06404849570847526, 3: 0.011485794423160556, 4: 0.3257460125790952, 5: 0.07731434723855823, 6: 0.1126490021351465, 7: 0.16783728817040222, 8: -0.005976733844380799}
INFO:root:T= 1644502992.400287 | asked for command Valve B1 OFF
INFO:root:T= 1644502992.410288 | finished for command Valve B1 OFF
INFO:root:T= 1644502992.410288 | asked for command Valve B2 OFF
INFO:root:T= 1644502992.420287 | finished for command Valve B2 OFF
INFO:root:T= 1644502992.420287 | asked for command Valve B3 OFF
INFO:root:T= 1644502992.430288 | finished for command Valve B3 OFF
INFO:root:T= 1644502992.430288 | asked for command Valve F1 OFF
WARNING:root:useless (state already as asked) command asked Valve F1 OFF, so not doing it
INFO:root:T= 1644502992.430288 | asked for command Valve F2 OFF
WARNING:root:useless (state already as asked) command asked Valve F2 OFF, so not doing it
INFO:root:T= 1644502992.430288 | asked for command Valve F3 OFF
WARNING:root:useless (state already as asked) command asked Valve F3 OFF, so not doing it
INFO:root:T= 1644502992.430288 | asked for command Valve F4 OFF
WARNING:root:useless (state already as asked) command asked Valve F4 OFF, so not doing it
INFO:root:T= 1644502992.440288 | asked for command Valve F5 OFF
WARNING:root:useless (state already as asked) command asked Valve F5 OFF, so not doing it
INFO:root:T= 1644502992.440288 | asked for command Valve F6 OFF
WARNING:root:useless (state already as asked) command asked Valve F6 OFF, so not doing it
INFO:root:T= 1644502992.440288 | asked for command Valve F7 OFF
WARNING:root:useless (state already as asked) command asked Valve F7 OFF, so not doing it
INFO:root:T= 1644502992.440288 | asked for command Valve F8 OFF
WARNING:root:useless (state already as asked) command asked Valve F8 OFF, so not doing it
INFO:root:T= 1644502992.450288 | sending request gotobin to the ot2
INFO:root:T= 1644502992.490288 | Finished request gotobin to the ot2
INFO:root:T= 1644502992.490288 | sending request blink/2 to the ot2
INFO:root:T= 1644502993.500289 | Finished request blink/2 to the ot2
INFO:root:T= 1644502993.500289 | sending request blink/3 to the ot2
INFO:root:T= 1644502995.000291 | Finished request blink/3 to the ot2
INFO:root:T= 1644502995.000291 | sending request status to the guava
INFO:root:T= 1644502995.020291 | Finished request status to the guava
INFO:root:T= 1644502995.020291 | sending request retrieve_data to the guava
INFO:root:T= 1644502995.060291 | Finished request retrieve_data to the guava
INFO:root:T= 1644502995.1102915| Got the fcs3 file from the guava
INFO:root:T= 1644502995.1102915| loading data for well H12
INFO:root:T= 1644502995.1202912| finished loading data for well H12
INFO:root:T= 1644502995.1202912| less than 2 events !!!!!!!
INFO:root:T= 1644502995.1202912| loading data for well G12
INFO:root:T= 1644502995.1202912| finished loading data for well G12
INFO:root:T= 1644502995.1202912| not enough events ! only 26
INFO:root:T= 1644502995.1202912| loading data for well F12
INFO:root:T= 1644502995.1202912| finished loading data for well F12
INFO:root:T= 1644502995.1202912| not enough events ! only 3
INFO:root:T= 1644502995.1202912| loading data for well E12
INFO:root:T= 1644502995.1202912| finished loading data for well E12
INFO:root:T= 1644502995.1202912| not enough events ! only 2
INFO:root:T= 1644502995.1202912| loading data for well D12
INFO:root:T= 1644502995.1202912| finished loading data for well D12
INFO:root:T= 1644502995.1202912| less than 2 events !!!!!!!
INFO:root:T= 1644502995.1202912| loading data for well C12
INFO:root:T= 1644502995.1202912| finished loading data for well C12
INFO:root:T= 1644502995.1202912| not enough events ! only 8
INFO:root:T= 1644502995.1202912| loading data for well B12
INFO:root:T= 1644502995.1302915| finished loading data for well B12
INFO:root:T= 1644502995.1302915| not enough events ! only 66
INFO:root:T= 1644502995.1302915| loading data for well A12
INFO:root:T= 1644502995.1302915| finished loading data for well A12
INFO:root:T= 1644502995.1302915| not enough events ! only 47
INFO:root:T= 1644502995.130291 | sending request toggle_tray to the guava
INFO:root:T= 1644503007.370309 | Finished request toggle_tray to the guava
INFO:root:T= 1644503007.370309 | sending request wash_from_trough/1/12 to the ot2
INFO:root:T= 1644503033.820346 | Finished request wash_from_trough/1/12 to the ot2
INFO:root:T= 1644503033.820346 | sending request wash_from_trough/1/12 to the ot2
INFO:root:T= 1644503060.471383 | Finished request wash_from_trough/1/12 to the ot2
INFO:root:T= 1644503060.471383 | sending request wash_from_trough/1/12 to the ot2
INFO:root:T= 1644503087.101420 | Finished request wash_from_trough/1/12 to the ot2
INFO:root:T= 1644503087.101420 | sending request toggle_tray to the guava
INFO:root:T= 1644503099.341437 | Finished request toggle_tray to the guava
INFO:root:T= 1644503111.531455 | asked for LEDs duty history all_reactors from time 0.000000
INFO:root:T= 1644503112.581456| Starting to check events
INFO:root:T= 1644503112.581456| Starting to check events of reactor id 1
INFO:root:T= 1644503112.581456| Starting to check events of reactor id 2
INFO:root:T= 1644503112.581456| Starting to check events of reactor id 3
INFO:root:T= 1644503112.581456| Starting to check events of reactor id 4
INFO:root:T= 1644503112.581456| Starting to check events of reactor id 5
INFO:root:T= 1644503112.581456| Starting to check events of reactor id 6
INFO:root:T= 1644503112.581456| Starting to check events of reactor id 7
INFO:root:T= 1644503112.581456| Starting to check events of reactor id 8
INFO:root:T= 1644503112.581456 | sending request blink/1 to the ot2
INFO:root:T= 1644503113.091456 | Finished request blink/1 to the ot2
INFO:root:T= 1644503113.091456 | asked for command Valve B1 ON
WARNING:root:reading Valve B1 state not successful, trying again
INFO:root:T= 1644503116.111461 | finished for command Valve B1 ON
INFO:root:T= 1644503116.111461 | asked for command Valve B2 ON
INFO:root:T= 1644503116.121461 | finished for command Valve B2 ON
INFO:root:T= 1644503116.121461 | asked for command Valve B3 ON
INFO:root:T= 1644503116.131461 | finished for command Valve B3 ON
INFO:root:T= 1644503116.131461 | asked for turbidity readings for turbi sets {1, 2}
INFO:root:T= 1644503117.181463 | received turbidity readings for turbi set 1: R1= 79.0 R2= 89.0 R3= 73.0 R4= 121.0
INFO:root:T= 1644503118.231464 | received turbidity readings for turbi set 2: R5= 95.0 R6= 91.0 R7= 98.0 R8= 79.0
INFO:root:T= 1644503123.341471 | received turbidity readings for turbi set 1: R1= 84.0 R2= 89.0 R3= 65.0 R4= 123.0
INFO:root:T= 1644503124.441473 | received turbidity readings for turbi set 2: R5= 97.0 R6= 86.0 R7= 101.0 R8= 87.0
INFO:root:T= 1644503129.551480 | received turbidity readings for turbi set 1: R1= 80.0 R2= 86.0 R3= 78.0 R4= 113.0
INFO:root:T= 1644503130.591481 | received turbidity readings for turbi set 2: R5= 92.0 R6= 89.0 R7= 97.0 R8= 87.0
INFO:root:T= 1644503135.661488 | received turbidity readings for turbi set 1: R1= 84.0 R2= 88.0 R3= 77.0 R4= 117.0
INFO:root:T= 1644503136.701490 | received turbidity readings for turbi set 2: R5= 92.0 R6= 90.0 R7= 98.0 R8= 85.0
INFO:root:T= 1644503141.801497 | received turbidity readings for turbi set 1: R1= 85.0 R2= 81.0 R3= 76.0 R4= 123.0
INFO:root:T= 1644503142.891499 | received turbidity readings for turbi set 2: R5= 92.0 R6= 88.0 R7= 103.0 R8= 85.0
INFO:root:T= 1644503148.011505 | received turbidity readings for turbi set 1: R1= 81.0 R2= 86.0 R3= 78.0 R4= 130.0
INFO:root:T= 1644503149.091507 | received turbidity readings for turbi set 2: R5= 92.0 R6= 93.0 R7= 99.0 R8= 79.0
INFO:root:T= 1644503149.101507 | computed average of 6 turbidity readings after excluding 0 highest {1: 82.16666666666667, 2: 86.5, 3: 74.5, 4: 121.16666666666667, 5: 93.33333333333333, 6: 89.5, 7: 99.33333333333333, 8: 83.66666666666667}
INFO:root:T= 1644503149.111507 | applied calibration on turbidity readings average {1: 0.06764038742286793, 2: 0.023981447587239302, 3: 0.0006234274115386462, 4: 0.3257460125790952, 5: 0.06958102979921188, 6: 0.10798885267548153, 7: 0.16353940010605061, 8: -0.007698468624949495}
INFO:root:T= 1644503149.121507 | asked for command Valve B1 OFF
INFO:root:T= 1644503149.131507 | finished for command Valve B1 OFF
INFO:root:T= 1644503149.131507 | asked for command Valve B2 OFF
INFO:root:T= 1644503149.141507 | finished for command Valve B2 OFF
INFO:root:T= 1644503149.141507 | asked for command Valve B3 OFF
INFO:root:T= 1644503149.151507 | finished for command Valve B3 OFF
INFO:root:T= 1644503149.151507 | asked for command Valve F1 OFF
WARNING:root:useless (state already as asked) command asked Valve F1 OFF, so not doing it
INFO:root:T= 1644503149.151507 | asked for command Valve F2 OFF
WARNING:root:useless (state already as asked) command asked Valve F2 OFF, so not doing it
INFO:root:T= 1644503149.151507 | asked for command Valve F3 OFF
WARNING:root:useless (state already as asked) command asked Valve F3 OFF, so not doing it
INFO:root:T= 1644503149.151507 | asked for command Valve F4 OFF
WARNING:root:useless (state already as asked) command asked Valve F4 OFF, so not doing it
INFO:root:T= 1644503149.161507 | asked for command Valve F5 OFF
WARNING:root:useless (state already as asked) command asked Valve F5 OFF, so not doing it
INFO:root:T= 1644503149.161507 | asked for command Valve F6 OFF
WARNING:root:useless (state already as asked) command asked Valve F6 OFF, so not doing it
INFO:root:T= 1644503149.161507 | asked for command Valve F7 OFF
WARNING:root:useless (state already as asked) command asked Valve F7 OFF, so not doing it
INFO:root:T= 1644503149.161507 | asked for command Valve F8 OFF
WARNING:root:useless (state already as asked) command asked Valve F8 OFF, so not doing it
INFO:root:T= 1644503149.171507 | sending request gotobin to the ot2
INFO:root:T= 1644503149.421508 | Finished request gotobin to the ot2
INFO:root:T= 1644503149.421508 | sending request blink/2 to the ot2
INFO:root:T= 1644503150.431509 | Finished request blink/2 to the ot2
INFO:root:T= 1644503150.431509 | sending request blink/3 to the ot2
INFO:root:T= 1644503151.921511 | Finished request blink/3 to the ot2
INFO:root:T= 1644503157.401519 | asked for LEDs duty history all_reactors from time 0.000000
INFO:root:T= 1644503158.43152| Starting to check events
INFO:root:T= 1644503158.43152| Starting to check events of reactor id 1
INFO:root:T= 1644503158.43152| Starting to check events of reactor id 2
INFO:root:T= 1644503158.43152| Starting to check events of reactor id 3
INFO:root:T= 1644503158.43152| Starting to check events of reactor id 4
INFO:root:T= 1644503158.43152| Starting to check events of reactor id 5
INFO:root:T= 1644503158.43152| Starting to check events of reactor id 6
INFO:root:T= 1644503158.43152| Starting to check events of reactor id 7
INFO:root:T= 1644503158.43152| Starting to check events of reactor id 8
INFO:root:T= 1644503232.631624 | sending request blink/1 to the ot2
INFO:root:T= 1644503233.141625 | Finished request blink/1 to the ot2
INFO:root:T= 1644503233.141625 | asked for command Valve B1 ON
WARNING:root:reading Valve B1 state not successful, trying again
INFO:root:T= 1644503239.181633 | finished for command Valve B1 ON
INFO:root:T= 1644503239.181633 | asked for command Valve B2 ON
INFO:root:T= 1644503239.191633 | finished for command Valve B2 ON
INFO:root:T= 1644503239.191633 | asked for command Valve B3 ON
INFO:root:T= 1644503239.201633 | finished for command Valve B3 ON
INFO:root:T= 1644503239.201633 | asked for turbidity readings for turbi sets {1, 2}
INFO:root:T= 1644503240.281635 | received turbidity readings for turbi set 1: R1= 83.0 R2= 84.0 R3= 74.0 R4= 121.0
INFO:root:T= 1644503241.341636 | received turbidity readings for turbi set 2: R5= 89.0 R6= 90.0 R7= 104.0 R8= 91.0
INFO:root:T= 1644503246.421643 | received turbidity readings for turbi set 1: R1= 84.0 R2= 84.0 R3= 73.0 R4= 125.0
INFO:root:T= 1644503247.501645 | received turbidity readings for turbi set 2: R5= 93.0 R6= 91.0 R7= 99.0 R8= 83.0
INFO:root:T= 1644503252.571652 | received turbidity readings for turbi set 1: R1= 80.0 R2= 88.0 R3= 77.0 R4= 116.0
INFO:root:T= 1644503253.651653 | received turbidity readings for turbi set 2: R5= 93.0 R6= 85.0 R7= 102.0 R8= 87.0
INFO:root:T= 1644503258.761661 | received turbidity readings for turbi set 1: R1= 87.0 R2= 88.0 R3= 78.0 R4= 118.0
INFO:root:T= 1644503259.861662 | received turbidity readings for turbi set 2: R5= 96.0 R6= 88.0 R7= 102.0 R8= 83.0
INFO:root:T= 1644503264.931669 | received turbidity readings for turbi set 1: R1= 85.0 R2= 91.0 R3= 79.0 R4= 125.0
INFO:root:T= 1644503265.981671 | received turbidity readings for turbi set 2: R5= 92.0 R6= 92.0 R7= 99.0 R8= 84.0
INFO:root:T= 1644503271.071678 | received turbidity readings for turbi set 1: R1= 74.0 R2= 87.0 R3= 71.0 R4= 121.0
INFO:root:T= 1644503272.151679 | received turbidity readings for turbi set 2: R5= 92.0 R6= 87.0 R7= 105.0 R8= 87.0
INFO:root:T= 1644503272.161679 | computed average of 6 turbidity readings after excluding 0 highest {1: 82.16666666666667, 2: 87.0, 3: 75.33333333333333, 4: 121.0, 5: 92.5, 6: 88.83333333333333, 7: 101.83333333333333, 8: 85.83333333333333}
INFO:root:T= 1644503272.171679 | applied calibration on turbidity readings average {1: 0.06764038742286793, 2: 0.028890212577644014, 3: 0.009685428040859811, 4: 0.3245983054222763, 5: 0.06177835432710177, 6: 0.10173465782517743, 7: 0.18481624300659893, 8: 0.014421180128429523}
INFO:root:T= 1644503272.181679 | asked for command Valve B1 OFF
INFO:root:T= 1644503272.191679 | finished for command Valve B1 OFF
INFO:root:T= 1644503272.191679 | asked for command Valve B2 OFF
INFO:root:T= 1644503272.201679 | finished for command Valve B2 OFF
INFO:root:T= 1644503272.201679 | asked for command Valve B3 OFF
INFO:root:T= 1644503272.211679 | finished for command Valve B3 OFF
INFO:root:T= 1644503272.211679 | asked for command Valve F1 OFF
WARNING:root:useless (state already as asked) command asked Valve F1 OFF, so not doing it
INFO:root:T= 1644503272.211679 | asked for command Valve F2 OFF
WARNING:root:useless (state already as asked) command asked Valve F2 OFF, so not doing it
INFO:root:T= 1644503272.211679 | asked for command Valve F3 OFF
WARNING:root:useless (state already as asked) command asked Valve F3 OFF, so not doing it
INFO:root:T= 1644503272.211679 | asked for command Valve F4 OFF
WARNING:root:useless (state already as asked) command asked Valve F4 OFF, so not doing it
INFO:root:T= 1644503272.221679 | asked for command Valve F5 OFF
WARNING:root:useless (state already as asked) command asked Valve F5 OFF, so not doing it
INFO:root:T= 1644503272.221679 | asked for command Valve F6 OFF
WARNING:root:useless (state already as asked) command asked Valve F6 OFF, so not doing it
INFO:root:T= 1644503272.221679 | asked for command Valve F7 OFF
WARNING:root:useless (state already as asked) command asked Valve F7 OFF, so not doing it
INFO:root:T= 1644503272.221679 | asked for command Valve F8 OFF
WARNING:root:useless (state already as asked) command asked Valve F8 OFF, so not doing it
INFO:root:T= 1644503272.231679 | sending request gotobin to the ot2
INFO:root:T= 1644503272.271679 | Finished request gotobin to the ot2
INFO:root:T= 1644503272.271679 | sending request blink/2 to the ot2
INFO:root:T= 1644503273.281681 | Finished request blink/2 to the ot2
INFO:root:T= 1644503273.281681 | sending request blink/3 to the ot2
INFO:root:T= 1644503274.771683 | Finished request blink/3 to the ot2
INFO:root:T= 1644503276.821686| We passed time of a scheduled sec measure
ERROR:root:Something went wrong (error: local variable 'real_sampling_time' referenced before assignment). Main loop continues, BE CAREFUL / CHECK
INFO:root:T= 1644503352.641792 | sending request blink/1 to the ot2
INFO:root:T= 1644503353.151793 | Finished request blink/1 to the ot2
INFO:root:T= 1644503353.151793 | asked for command Valve B1 ON
WARNING:root:reading Valve B1 state not successful, trying again
INFO:root:T= 1644503359.181801 | finished for command Valve B1 ON
INFO:root:T= 1644503359.181801 | asked for command Valve B2 ON
INFO:root:T= 1644503359.191801 | finished for command Valve B2 ON
INFO:root:T= 1644503359.191801 | asked for command Valve B3 ON
INFO:root:T= 1644503359.201801 | finished for command Valve B3 ON
INFO:root:T= 1644503359.201801 | asked for turbidity readings for turbi sets {1, 2}
INFO:root:T= 1644503360.251803 | received turbidity readings for turbi set 1: R1= 80.0 R2= 88.0 R3= 71.0 R4= 125.0
INFO:root:T= 1644503361.301804 | received turbidity readings for turbi set 2: R5= 94.0 R6= 86.0 R7= 101.0 R8= 88.0
INFO:root:T= 1644503366.361811 | received turbidity readings for turbi set 1: R1= 82.0 R2= 86.0 R3= 73.0 R4= 120.0
INFO:root:T= 1644503367.421813 | received turbidity readings for turbi set 2: R5= 90.0 R6= 89.0 R7= 101.0 R8= 83.0
INFO:root:T= 1644503372.521820 | received turbidity readings for turbi set 1: R1= 80.0 R2= 86.0 R3= 69.0 R4= 126.0
INFO:root:T= 1644503373.581821 | received turbidity readings for turbi set 2: R5= 90.0 R6= 92.0 R7= 98.0 R8= 81.0
INFO:root:T= 1644503378.641828 | received turbidity readings for turbi set 1: R1= 81.0 R2= 86.0 R3= 74.0 R4= 117.0
INFO:root:T= 1644503379.741830 | received turbidity readings for turbi set 2: R5= 92.0 R6= 92.0 R7= 95.0 R8= 81.0
INFO:root:T= 1644503384.822837 | received turbidity readings for turbi set 1: R1= 82.0 R2= 93.0 R3= 73.0 R4= 117.0
INFO:root:T= 1644503385.922839 | received turbidity readings for turbi set 2: R5= 92.0 R6= 87.0 R7= 103.0 R8= 92.0
INFO:root:T= 1644503391.012846 | received turbidity readings for turbi set 1: R1= 82.0 R2= 83.0 R3= 66.0 R4= 119.0
INFO:root:T= 1644503392.072847 | received turbidity readings for turbi set 2: R5= 94.0 R6= 94.0 R7= 99.0 R8= 84.0
INFO:root:T= 1644503392.082847 | computed average of 6 turbidity readings after excluding 0 highest {1: 81.16666666666667, 2: 87.0, 3: 71.0, 4: 120.66666666666667, 5: 92.0, 6: 90.0, 7: 99.5, 8: 84.83333333333333}
INFO:root:T= 1644503392.092847 | applied calibration on turbidity readings average {1: 0.0576704822054368, 2: 0.028890212577644014, 3: -0.038577662003949076, 4: 0.3222981408800569, 5: 0.05706293636864279, 6: 0.1126490021351465, 7: 0.1649744285078607, 8: 0.004282336264994413}
INFO:root:T= 1644503392.102847 | asked for command Valve B1 OFF
INFO:root:T= 1644503392.112847 | finished for command Valve B1 OFF
INFO:root:T= 1644503392.112847 | asked for command Valve B2 OFF
INFO:root:T= 1644503392.122847 | finished for command Valve B2 OFF
INFO:root:T= 1644503392.122847 | asked for command Valve B3 OFF
INFO:root:T= 1644503392.132847 | finished for command Valve B3 OFF
INFO:root:T= 1644503392.132847 | asked for command Valve F1 OFF
WARNING:root:useless (state already as asked) command asked Valve F1 OFF, so not doing it
INFO:root:T= 1644503392.132847 | asked for command Valve F2 OFF
WARNING:root:useless (state already as asked) command asked Valve F2 OFF, so not doing it
INFO:root:T= 1644503392.132847 | asked for command Valve F3 OFF
WARNING:root:useless (state already as asked) command asked Valve F3 OFF, so not doing it
INFO:root:T= 1644503392.132847 | asked for command Valve F4 OFF
WARNING:root:useless (state already as asked) command asked Valve F4 OFF, so not doing it
INFO:root:T= 1644503392.142848 | asked for command Valve F5 OFF
WARNING:root:useless (state already as asked) command asked Valve F5 OFF, so not doing it
INFO:root:T= 1644503392.142848 | asked for command Valve F6 OFF
WARNING:root:useless (state already as asked) command asked Valve F6 OFF, so not doing it
INFO:root:T= 1644503392.142848 | asked for command Valve F7 OFF
WARNING:root:useless (state already as asked) command asked Valve F7 OFF, so not doing it
INFO:root:T= 1644503392.142848 | asked for command Valve F8 OFF
WARNING:root:useless (state already as asked) command asked Valve F8 OFF, so not doing it
INFO:root:T= 1644503392.152847 | sending request gotobin to the ot2
INFO:root:T= 1644503392.192847 | Finished request gotobin to the ot2
INFO:root:T= 1644503392.192847 | sending request blink/2 to the ot2
INFO:root:T= 1644503393.202849 | Finished request blink/2 to the ot2
INFO:root:T= 1644503393.202849 | sending request blink/3 to the ot2
INFO:root:T= 1644503394.702851 | Finished request blink/3 to the ot2
INFO:root:T= 1644503403.832864 | asked for LEDs duty history all_reactors from time 0.000000
INFO:root:T= 1644503404.8728652| Starting to check events
INFO:root:T= 1644503404.8728652| Starting to check events of reactor id 1
INFO:root:T= 1644503404.8728652| Starting to check events of reactor id 2
INFO:root:T= 1644503404.8728652| Starting to check events of reactor id 3
INFO:root:T= 1644503404.8728652| Starting to check events of reactor id 4
INFO:root:T= 1644503404.8728652| Starting to check events of reactor id 5
INFO:root:T= 1644503404.8728652| Starting to check events of reactor id 6
INFO:root:T= 1644503404.8728652| Starting to check events of reactor id 7
INFO:root:T= 1644503404.8728652| Starting to check events of reactor id 8
INFO:root:T= 1644503472.672960 | sending request blink/1 to the ot2
INFO:root:T= 1644503473.182961 | Finished request blink/1 to the ot2
INFO:root:T= 1644503473.182961 | asked for command Valve B1 ON
WARNING:root:reading Valve B1 state not successful, trying again
INFO:root:T= 1644503479.222969 | finished for command Valve B1 ON
INFO:root:T= 1644503479.222969 | asked for command Valve B2 ON
INFO:root:T= 1644503479.232969 | finished for command Valve B2 ON
INFO:root:T= 1644503479.232969 | asked for command Valve B3 ON
INFO:root:T= 1644503479.242969 | finished for command Valve B3 ON
INFO:root:T= 1644503479.242969 | asked for turbidity readings for turbi sets {1, 2}
INFO:root:T= 1644503480.302971 | received turbidity readings for turbi set 1: R1= 84.0 R2= 83.0 R3= 78.0 R4= 117.0
INFO:root:T= 1644503481.352972 | received turbidity readings for turbi set 2: R5= 90.0 R6= 92.0 R7= 98.0 R8= 83.0
INFO:root:T= 1644503486.412979 | received turbidity readings for turbi set 1: R1= 83.0 R2= 85.0 R3= 73.0 R4= 118.0
INFO:root:T= 1644503487.512981 | received turbidity readings for turbi set 2: R5= 96.0 R6= 89.0 R7= 97.0 R8= 84.0
INFO:root:T= 1644503492.572988 | received turbidity readings for turbi set 1: R1= 84.0 R2= 87.0 R3= 72.0 R4= 113.0
INFO:root:T= 1644503493.602989 | received turbidity readings for turbi set 2: R5= 93.0 R6= 93.0 R7= 100.0 R8= 85.0
INFO:root:T= 1644503498.652997 | received turbidity readings for turbi set 1: R1= 87.0 R2= 89.0 R3= 74.0 R4= 112.0
INFO:root:T= 1644503499.742998 | received turbidity readings for turbi set 2: R5= 96.0 R6= 87.0 R7= 101.0 R8= 82.0
INFO:root:T= 1644503504.843005 | received turbidity readings for turbi set 1: R1= 84.0 R2= 86.0 R3= 75.0 R4= 115.0
INFO:root:T= 1644503505.943007 | received turbidity readings for turbi set 2: R5= 96.0 R6= 89.0 R7= 98.0 R8= 81.0
INFO:root:T= 1644503511.013014 | received turbidity readings for turbi set 1: R1= 86.0 R2= 91.0 R3= 77.0 R4= 121.0
INFO:root:T= 1644503512.103015 | received turbidity readings for turbi set 2: R5= 97.0 R6= 91.0 R7= 100.0 R8= 89.0
INFO:root:T= 1644503512.113015 | computed average of 6 turbidity readings after excluding 0 highest {1: 84.66666666666667, 2: 86.83333333333333, 3: 74.83333333333333, 4: 116.0, 5: 94.66666666666667, 6: 90.16666666666667, 7: 99.0, 8: 84.0}
INFO:root:T= 1644503512.123015 | applied calibration on turbidity readings average {1: 0.09204377514877082, 2: 0.0272570991949439, 3: 0.00426033281086502, 4: 0.289411265074619, 5: 0.08192155562358971, 6: 0.11419663377831046, 7: 0.16066210582986207, 8: -0.004258418598892977}
INFO:root:T= 1644503512.133015 | asked for command Valve B1 OFF
INFO:root:T= 1644503512.143015 | finished for command Valve B1 OFF
INFO:root:T= 1644503512.143015 | asked for command Valve B2 OFF
INFO:root:T= 1644503512.153015 | finished for command Valve B2 OFF
INFO:root:T= 1644503512.153015 | asked for command Valve B3 OFF
INFO:root:T= 1644503512.163015 | finished for command Valve B3 OFF
INFO:root:T= 1644503512.163015 | asked for command Valve F1 OFF
WARNING:root:useless (state already as asked) command asked Valve F1 OFF, so not doing it
INFO:root:T= 1644503512.163015 | asked for command Valve F2 OFF
WARNING:root:useless (state already as asked) command asked Valve F2 OFF, so not doing it
INFO:root:T= 1644503512.163015 | asked for command Valve F3 OFF
WARNING:root:useless (state already as asked) command asked Valve F3 OFF, so not doing it
INFO:root:T= 1644503512.163015 | asked for command Valve F4 OFF
WARNING:root:useless (state already as asked) command asked Valve F4 OFF, so not doing it
INFO:root:T= 1644503512.173015 | asked for command Valve F5 OFF
WARNING:root:useless (state already as asked) command asked Valve F5 OFF, so not doing it
INFO:root:T= 1644503512.173015 | asked for command Valve F6 OFF
WARNING:root:useless (state already as asked) command asked Valve F6 OFF, so not doing it
INFO:root:T= 1644503512.173015 | asked for command Valve F7 OFF
WARNING:root:useless (state already as asked) command asked Valve F7 OFF, so not doing it
INFO:root:T= 1644503512.173015 | asked for command Valve F8 OFF
WARNING:root:useless (state already as asked) command asked Valve F8 OFF, so not doing it
INFO:root:T= 1644503512.183015 | sending request gotobin to the ot2
INFO:root:T= 1644503512.223015 | Finished request gotobin to the ot2
INFO:root:T= 1644503512.223015 | sending request blink/2 to the ot2
INFO:root:T= 1644503513.233017 | Finished request blink/2 to the ot2
INFO:root:T= 1644503513.233017 | sending request blink/3 to the ot2
INFO:root:T= 1644503514.723019 | Finished request blink/3 to the ot2
INFO:root:T= 1644503518.143024| We passed time of a scheduled sec measure
ERROR:root:Something went wrong (error: local variable 'real_sampling_time' referenced before assignment). Main loop continues, BE CAREFUL / CHECK
