INFO:root:T=1646229855.6411536 | domain=GLOBAL | msg=opto-cyto-reactors cod git id =5bd4dd78ac6acb02da07ca9952f93ca036c8ab53
INFO:root:T= 1646229869.461173 | sending request blink/1 to the ot2
INFO:root:T= 1646229869.991174 | Finished request blink/1 to the ot2
INFO:root:T= 1646229869.991174 | asked for command Valve B1 ON
INFO:root:T= 1646229870.011174 | finished for command Valve B1 ON
INFO:root:T= 1646229870.011174 | asked for command Valve B2 ON
INFO:root:T= 1646229870.021173 | finished for command Valve B2 ON
INFO:root:T= 1646229870.021173 | asked for command Valve B3 ON
INFO:root:T= 1646229870.031174 | finished for command Valve B3 ON
INFO:root:T= 1646229870.031174 | asked for turbidity readings for turbi sets {1, 2}
INFO:root:T= 1646229871.121175 | received turbidity readings for turbi set 1: R1= 129.0 R2= 123.0 R3= 107.0 R4= 160.0
INFO:root:T= 1646229872.221177 | received turbidity readings for turbi set 2: R5= 123.0 R6= 141.0 R7= 184.0 R8= 140.0
INFO:root:T= 1646229877.311184 | received turbidity readings for turbi set 1: R1= 129.0 R2= 124.0 R3= 99.0 R4= 146.0
INFO:root:T= 1646229878.341185 | received turbidity readings for turbi set 2: R5= 123.0 R6= 144.0 R7= 186.0 R8= 141.0
INFO:root:T= 1646229883.441192 | received turbidity readings for turbi set 1: R1= 134.0 R2= 122.0 R3= 103.0 R4= 151.0
INFO:root:T= 1646229884.551194 | received turbidity readings for turbi set 2: R5= 128.0 R6= 146.0 R7= 183.0 R8= 139.0
INFO:root:T= 1646229889.651201 | received turbidity readings for turbi set 1: R1= 134.0 R2= 124.0 R3= 102.0 R4= 154.0
INFO:root:T= 1646229890.751203 | received turbidity readings for turbi set 2: R5= 130.0 R6= 139.0 R7= 184.0 R8= 143.0
INFO:root:T= 1646229895.841210 | received turbidity readings for turbi set 1: R1= 128.0 R2= 119.0 R3= 101.0 R4= 155.0
INFO:root:T= 1646229896.951211 | received turbidity readings for turbi set 2: R5= 130.0 R6= 140.0 R7= 185.0 R8= 143.0
INFO:root:T= 1646229902.011219 | received turbidity readings for turbi set 1: R1= 129.0 R2= 122.0 R3= 102.0 R4= 149.0
INFO:root:T= 1646229903.111220 | received turbidity readings for turbi set 2: R5= 126.0 R6= 144.0 R7= 177.0 R8= 140.0
INFO:root:T= 1646229903.121220 | computed average of 6 turbidity readings after excluding 0 highest {1: 130.5, 2: 122.33333333333333, 3: 102.33333333333333, 4: 152.5, 5: 126.66666666666667, 6: 142.33333333333334, 7: 183.16666666666666, 8: 141.0}
INFO:root:T= 1646229903.131220 | applied calibration on turbidity readings average {1: 0.44430788192377735, 2: 0.3191740861913752, 3: 0.2592278429577459, 4: 0.5175200983059614, 5: 0.3352607695115477, 6: 0.4960664149167586, 7: 0.6873353621702769, 8: 0.4438511526269284}
INFO:root:T= 1646229903.141220 | asked for command Valve B1 OFF
INFO:root:T= 1646229903.151220 | finished for command Valve B1 OFF
INFO:root:T= 1646229903.151220 | asked for command Valve B2 OFF
INFO:root:T= 1646229903.161220 | finished for command Valve B2 OFF
INFO:root:T= 1646229903.161220 | asked for command Valve B3 OFF
INFO:root:T= 1646229903.171220 | finished for command Valve B3 OFF
INFO:root:T= 1646229903.171220 | asked for command Valve F1 OFF
WARNING:root:useless (state already as asked) command asked Valve F1 OFF, so not doing it
INFO:root:T= 1646229903.171220 | asked for command Valve F2 OFF
WARNING:root:useless (state already as asked) command asked Valve F2 OFF, so not doing it
INFO:root:T= 1646229903.181220 | asked for command Valve F3 OFF
WARNING:root:useless (state already as asked) command asked Valve F3 OFF, so not doing it
INFO:root:T= 1646229903.181220 | asked for command Valve F4 OFF
WARNING:root:useless (state already as asked) command asked Valve F4 OFF, so not doing it
INFO:root:T= 1646229903.181220 | asked for command Valve F5 OFF
WARNING:root:useless (state already as asked) command asked Valve F5 OFF, so not doing it
INFO:root:T= 1646229903.181220 | asked for command Valve F6 OFF
WARNING:root:useless (state already as asked) command asked Valve F6 OFF, so not doing it
INFO:root:T= 1646229903.181220 | asked for command Valve F7 OFF
WARNING:root:useless (state already as asked) command asked Valve F7 OFF, so not doing it
INFO:root:T= 1646229903.191220 | asked for command Valve F8 OFF
WARNING:root:useless (state already as asked) command asked Valve F8 OFF, so not doing it
INFO:root:T= 1646229903.191220 | sending request gotobin to the ot2
INFO:root:T= 1646229903.231220 | Finished request gotobin to the ot2
INFO:root:T= 1646229903.231220 | asked for opening Pump H1 for duration 12.000000 seconds
INFO:root:T= 1646229903.231220 | asked for command Pump H1 ON
INFO:root:T= 1646229903.251220 | finished for command Pump H1 ON
INFO:root:T= 1646229903.251220 | asked for opening Pump H2 for duration 12.000000 seconds
INFO:root:T= 1646229903.251220 | asked for command Pump H2 ON
INFO:root:T= 1646229903.261220 | finished for command Pump H2 ON
INFO:root:T= 1646229903.261220 | asked for opening Pump H3 for duration 12.000000 seconds
INFO:root:T= 1646229903.261220 | asked for command Pump H3 ON
INFO:root:T= 1646229903.271220 | finished for command Pump H3 ON
INFO:root:T= 1646229903.271220 | asked for opening Pump H4 for duration 12.000000 seconds
INFO:root:T= 1646229903.271220 | asked for command Pump H4 ON
INFO:root:T= 1646229903.281220 | finished for command Pump H4 ON
INFO:root:T= 1646229903.281220 | asked for opening Pump H5 for duration 12.000000 seconds
INFO:root:T= 1646229903.281220 | asked for command Pump H5 ON
INFO:root:T= 1646229903.291220 | finished for command Pump H5 ON
INFO:root:T= 1646229903.291220 | asked for opening Pump H6 for duration 12.000000 seconds
INFO:root:T= 1646229903.291220 | asked for command Pump H6 ON
INFO:root:T= 1646229903.301220 | finished for command Pump H6 ON
INFO:root:T= 1646229903.301220 | asked for opening Pump H7 for duration 12.000000 seconds
INFO:root:T= 1646229903.301220 | asked for command Pump H7 ON
INFO:root:T= 1646229903.311220 | finished for command Pump H7 ON
INFO:root:T= 1646229903.311220 | asked for opening Pump H8 for duration 12.000000 seconds
INFO:root:T= 1646229903.311220 | asked for command Pump H8 ON
INFO:root:T= 1646229903.321220 | finished for command Pump H8 ON
INFO:root:T= 1646229915.261237 | asked for command Pump H1 OFF
INFO:root:T= 1646229915.271237 | asked for command Pump H3 OFF
INFO:root:T= 1646229915.271237 | asked for command Pump H2 OFF
INFO:root:T= 1646229915.271237 | finished for command Pump H1 OFF
INFO:root:T= 1646229915.281237 | finished for command Pump H2 OFF
INFO:root:T= 1646229915.281237 | finished for command Pump H3 OFF
INFO:root:T= 1646229915.291237 | asked for command Pump H4 OFF
INFO:root:T= 1646229915.301237 | asked for command Pump H5 OFF
INFO:root:T= 1646229915.301237 | asked for command Pump H6 OFF
INFO:root:T= 1646229915.301237 | finished for command Pump H4 OFF
INFO:root:T= 1646229915.311237 | finished for command Pump H5 OFF
INFO:root:T= 1646229915.321237 | asked for command Pump H7 OFF
INFO:root:T= 1646229915.321237 | finished for command Pump H6 OFF
INFO:root:T= 1646229915.331237 | asked for command Pump H8 OFF
INFO:root:T= 1646229915.331237 | finished for command Pump H7 OFF
INFO:root:T= 1646229915.341237 | finished for command Pump H8 OFF
INFO:root:T= 1646229915.341237 | sending request blink/2 to the ot2
INFO:root:T= 1646229916.351238 | Finished request blink/2 to the ot2
INFO:root:T= 1646229916.351238 | asked for opening Pump L7 for duration 3.000000 seconds
INFO:root:T= 1646229916.351238 | asked for command Pump L7 ON
INFO:root:T= 1646229916.361238 | finished for command Pump L7 ON
INFO:root:T= 1646229919.381243 | asked for command Pump L7 OFF
INFO:root:T= 1646229919.391243 | finished for command Pump L7 OFF
INFO:root:T= 1646229919.391243 | sending request blink/3 to the ot2
INFO:root:T= 1646229920.891245 | Finished request blink/3 to the ot2
INFO:root:T= 1646229928.611256 | asked for LEDs duty history all_reactors from time 0.000000
INFO:root:T= 1646229929.671257| Starting to check events
INFO:root:T= 1646229929.671257| Starting to check events of reactor id 1
INFO:root:T= 1646229929.671257| Starting to check events of reactor id 2
INFO:root:T= 1646229929.671257| Starting to check events of reactor id 3
INFO:root:T= 1646229929.671257| Starting to check events of reactor id 4
INFO:root:T= 1646229929.671257| Starting to check events of reactor id 5
INFO:root:T= 1646229929.6812572| Starting to check events of reactor id 6
INFO:root:T= 1646229929.6812572| Starting to check events of reactor id 7
INFO:root:T= 1646229929.6812572| Starting to check events of reactor id 8
INFO:root:T= 1646229989.481341 | sending request blink/1 to the ot2
INFO:root:T= 1646229990.001342 | Finished request blink/1 to the ot2
INFO:root:T= 1646229990.001342 | asked for command Valve B1 ON
WARNING:root:reading Valve B1 state not successful, trying again
INFO:root:T= 1646229996.041350 | finished for command Valve B1 ON
INFO:root:T= 1646229996.041350 | asked for command Valve B2 ON
INFO:root:T= 1646229996.051350 | finished for command Valve B2 ON
INFO:root:T= 1646229996.051350 | asked for command Valve B3 ON
INFO:root:T= 1646229996.061350 | finished for command Valve B3 ON
INFO:root:T= 1646229996.061350 | asked for turbidity readings for turbi sets {1, 2}
INFO:root:T= 1646229997.121352 | received turbidity readings for turbi set 1: R1= 132.0 R2= 128.0 R3= 101.0 R4= 151.0
INFO:root:T= 1646229998.211353 | received turbidity readings for turbi set 2: R5= 120.0 R6= 142.0 R7= 181.0 R8= 143.0
INFO:root:T= 1646230003.321360 | received turbidity readings for turbi set 1: R1= 128.0 R2= 123.0 R3= 108.0 R4= 158.0
INFO:root:T= 1646230004.371362 | received turbidity readings for turbi set 2: R5= 123.0 R6= 141.0 R7= 183.0 R8= 140.0
INFO:root:T= 1646230009.431369 | received turbidity readings for turbi set 1: R1= 128.0 R2= 121.0 R3= 102.0 R4= 149.0
INFO:root:T= 1646230010.521370 | received turbidity readings for turbi set 2: R5= 126.0 R6= 140.0 R7= 178.0 R8= 142.0
INFO:root:T= 1646230015.621377 | received turbidity readings for turbi set 1: R1= 130.0 R2= 129.0 R3= 107.0 R4= 152.0
INFO:root:T= 1646230016.711379 | received turbidity readings for turbi set 2: R5= 131.0 R6= 141.0 R7= 178.0 R8= 140.0
INFO:root:T= 1646230021.791386 | received turbidity readings for turbi set 1: R1= 130.0 R2= 125.0 R3= 106.0 R4= 157.0
INFO:root:T= 1646230022.881387 | received turbidity readings for turbi set 2: R5= 132.0 R6= 138.0 R7= 181.0 R8= 147.0
INFO:root:T= 1646230027.991395 | received turbidity readings for turbi set 1: R1= 133.0 R2= 122.0 R3= 103.0 R4= 150.0
INFO:root:T= 1646230029.021396 | received turbidity readings for turbi set 2: R5= 128.0 R6= 145.0 R7= 181.0 R8= 138.0
INFO:root:T= 1646230029.031396 | computed average of 6 turbidity readings after excluding 0 highest {1: 130.16666666666666, 2: 124.66666666666667, 3: 104.5, 4: 152.83333333333334, 5: 126.66666666666667, 6: 141.16666666666666, 7: 180.33333333333334, 8: 141.66666666666666}
INFO:root:T= 1646230029.041396 | applied calibration on turbidity readings average {1: 0.44222553103778006, 2: 0.3352654652100018, 3: 0.27629639790645744, 4: 0.5193406429544987, 5: 0.3352607695115477, 6: 0.4891816463027343, 7: 0.6739908442294515, 8: 0.44793215756031923}
INFO:root:T= 1646230029.051396 | asked for command Valve B1 OFF
INFO:root:T= 1646230029.061396 | finished for command Valve B1 OFF
INFO:root:T= 1646230029.061396 | asked for command Valve B2 OFF
INFO:root:T= 1646230029.071396 | finished for command Valve B2 OFF
INFO:root:T= 1646230029.071396 | asked for command Valve B3 OFF
INFO:root:T= 1646230029.081396 | finished for command Valve B3 OFF
INFO:root:T= 1646230029.081396 | asked for command Valve F1 OFF
WARNING:root:useless (state already as asked) command asked Valve F1 OFF, so not doing it
INFO:root:T= 1646230029.081396 | asked for command Valve F2 OFF
WARNING:root:useless (state already as asked) command asked Valve F2 OFF, so not doing it
INFO:root:T= 1646230029.081396 | asked for command Valve F3 OFF
WARNING:root:useless (state already as asked) command asked Valve F3 OFF, so not doing it
INFO:root:T= 1646230029.081396 | asked for command Valve F4 OFF
WARNING:root:useless (state already as asked) command asked Valve F4 OFF, so not doing it
INFO:root:T= 1646230029.091396 | asked for command Valve F5 OFF
WARNING:root:useless (state already as asked) command asked Valve F5 OFF, so not doing it
INFO:root:T= 1646230029.091396 | asked for command Valve F6 OFF
WARNING:root:useless (state already as asked) command asked Valve F6 OFF, so not doing it
INFO:root:T= 1646230029.091396 | asked for command Valve F7 OFF
WARNING:root:useless (state already as asked) command asked Valve F7 OFF, so not doing it
INFO:root:T= 1646230029.091396 | asked for command Valve F8 OFF
WARNING:root:useless (state already as asked) command asked Valve F8 OFF, so not doing it
INFO:root:T= 1646230029.091396 | sending request gotobin to the ot2
INFO:root:T= 1646230029.141397 | Finished request gotobin to the ot2
INFO:root:T= 1646230029.141397 | asked for opening Pump H7 for duration 12.000000 seconds
INFO:root:T= 1646230029.141397 | asked for command Pump H7 ON
INFO:root:T= 1646230029.161397 | finished for command Pump H7 ON
INFO:root:T= 1646230041.161413 | asked for command Pump H7 OFF
INFO:root:T= 1646230041.171413 | finished for command Pump H7 OFF
INFO:root:T= 1646230041.171413 | sending request blink/2 to the ot2
INFO:root:T= 1646230042.181415 | Finished request blink/2 to the ot2
INFO:root:T= 1646230042.181415 | asked for opening Pump L7 for duration 3.000000 seconds
INFO:root:T= 1646230042.181415 | asked for command Pump L7 ON
INFO:root:T= 1646230042.191415 | finished for command Pump L7 ON
INFO:root:T= 1646230045.211419 | asked for command Pump L7 OFF
INFO:root:T= 1646230045.221419 | finished for command Pump L7 OFF
INFO:root:T= 1646230045.221419 | sending request blink/3 to the ot2
INFO:root:T= 1646230046.721421 | Finished request blink/3 to the ot2
ERROR:root:Something went wrong (error: local variable 'next_sampling_time' referenced before assignment). Main loop continues, BE CAREFUL / CHECK
INFO:root:T= 1646230109.541509 | sending request blink/1 to the ot2
INFO:root:T= 1646230110.051510 | Finished request blink/1 to the ot2
INFO:root:T= 1646230110.051510 | asked for command Valve B1 ON
WARNING:root:reading Valve B1 state not successful, trying again
INFO:root:T= 1646230116.081518 | finished for command Valve B1 ON
INFO:root:T= 1646230116.081518 | asked for command Valve B2 ON
INFO:root:T= 1646230116.091518 | finished for command Valve B2 ON
INFO:root:T= 1646230116.091518 | asked for command Valve B3 ON
INFO:root:T= 1646230116.101518 | finished for command Valve B3 ON
INFO:root:T= 1646230116.101518 | asked for turbidity readings for turbi sets {1, 2}
INFO:root:T= 1646230117.161520 | received turbidity readings for turbi set 1: R1= 133.0 R2= 126.0 R3= 103.0 R4= 156.0
INFO:root:T= 1646230118.231521 | received turbidity readings for turbi set 2: R5= 128.0 R6= 141.0 R7= 181.0 R8= 141.0
INFO:root:T= 1646230123.331528 | received turbidity readings for turbi set 1: R1= 128.0 R2= 123.0 R3= 99.0 R4= 151.0
INFO:root:T= 1646230124.381530 | received turbidity readings for turbi set 2: R5= 129.0 R6= 140.0 R7= 177.0 R8= 142.0
INFO:root:T= 1646230129.451537 | received turbidity readings for turbi set 1: R1= 126.0 R2= 123.0 R3= 101.0 R4= 149.0
INFO:root:T= 1646230130.541538 | received turbidity readings for turbi set 2: R5= 132.0 R6= 142.0 R7= 176.0 R8= 143.0
INFO:root:T= 1646230135.651546 | received turbidity readings for turbi set 1: R1= 130.0 R2= 126.0 R3= 109.0 R4= 162.0
INFO:root:T= 1646230136.731547 | received turbidity readings for turbi set 2: R5= 127.0 R6= 147.0 R7= 175.0 R8= 136.0
INFO:root:T= 1646230141.841554 | received turbidity readings for turbi set 1: R1= 127.0 R2= 126.0 R3= 102.0 R4= 154.0
INFO:root:T= 1646230142.891556 | received turbidity readings for turbi set 2: R5= 127.0 R6= 139.0 R7= 180.0 R8= 147.0
INFO:root:T= 1646230148.011563 | received turbidity readings for turbi set 1: R1= 128.0 R2= 125.0 R3= 104.0 R4= 157.0
INFO:root:T= 1646230149.121564 | received turbidity readings for turbi set 2: R5= 126.0 R6= 143.0 R7= 179.0 R8= 140.0
INFO:root:T= 1646230149.131564 | computed average of 6 turbidity readings after excluding 0 highest {1: 128.66666666666666, 2: 124.83333333333333, 3: 103.0, 4: 154.83333333333334, 5: 128.16666666666666, 6: 142.0, 7: 178.0, 8: 141.5}
INFO:root:T= 1646230149.141564 | applied calibration on turbidity readings average {1: 0.43278847912641094, 2: 0.3364032988703807, 3: 0.2645178969773778, 4: 0.5301812175527352, 5: 0.34550278753941477, 6: 0.49410511351526853, 7: 0.6628428546861667, 8: 0.4469137096007971}
INFO:root:T= 1646230149.151564 | asked for command Valve B1 OFF
INFO:root:T= 1646230149.161564 | finished for command Valve B1 OFF
INFO:root:T= 1646230149.161564 | asked for command Valve B2 OFF
INFO:root:T= 1646230149.171564 | finished for command Valve B2 OFF
INFO:root:T= 1646230149.171564 | asked for command Valve B3 OFF
INFO:root:T= 1646230149.181564 | finished for command Valve B3 OFF
INFO:root:T= 1646230149.181564 | asked for command Valve F1 OFF
WARNING:root:useless (state already as asked) command asked Valve F1 OFF, so not doing it
INFO:root:T= 1646230149.181564 | asked for command Valve F2 OFF
WARNING:root:useless (state already as asked) command asked Valve F2 OFF, so not doing it
INFO:root:T= 1646230149.181564 | asked for command Valve F3 OFF
WARNING:root:useless (state already as asked) command asked Valve F3 OFF, so not doing it
INFO:root:T= 1646230149.181564 | asked for command Valve F4 OFF
WARNING:root:useless (state already as asked) command asked Valve F4 OFF, so not doing it
INFO:root:T= 1646230149.191565 | asked for command Valve F5 OFF
WARNING:root:useless (state already as asked) command asked Valve F5 OFF, so not doing it
INFO:root:T= 1646230149.191565 | asked for command Valve F6 OFF
WARNING:root:useless (state already as asked) command asked Valve F6 OFF, so not doing it
INFO:root:T= 1646230149.191565 | asked for command Valve F7 OFF
WARNING:root:useless (state already as asked) command asked Valve F7 OFF, so not doing it
INFO:root:T= 1646230149.191565 | asked for command Valve F8 OFF
WARNING:root:useless (state already as asked) command asked Valve F8 OFF, so not doing it
INFO:root:T= 1646230149.201564 | sending request gotobin to the ot2
INFO:root:T= 1646230149.251565 | Finished request gotobin to the ot2
INFO:root:T= 1646230149.251565 | asked for opening Pump H7 for duration 12.000000 seconds
INFO:root:T= 1646230149.251565 | asked for command Pump H7 ON
INFO:root:T= 1646230149.261565 | finished for command Pump H7 ON
INFO:root:T= 1646230161.271581 | asked for command Pump H7 OFF
INFO:root:T= 1646230161.281581 | finished for command Pump H7 OFF
INFO:root:T= 1646230161.281581 | sending request blink/2 to the ot2
INFO:root:T= 1646230162.291583 | Finished request blink/2 to the ot2
INFO:root:T= 1646230162.291583 | asked for opening Pump L7 for duration 3.000000 seconds
INFO:root:T= 1646230162.291583 | asked for command Pump L7 ON
INFO:root:T= 1646230162.301583 | finished for command Pump L7 ON
INFO:root:T= 1646230165.311587 | asked for command Pump L7 OFF
INFO:root:T= 1646230165.321587 | finished for command Pump L7 OFF
INFO:root:T= 1646230165.321587 | sending request blink/3 to the ot2
INFO:root:T= 1646230166.821589 | Finished request blink/3 to the ot2
ERROR:root:Something went wrong (error: local variable 'next_sampling_time' referenced before assignment). Main loop continues, BE CAREFUL / CHECK
INFO:root:T= 1646230229.551677 | sending request blink/1 to the ot2
INFO:root:T= 1646230230.061678 | Finished request blink/1 to the ot2
INFO:root:T= 1646230230.061678 | asked for command Valve B1 ON
WARNING:root:reading Valve B1 state not successful, trying again
INFO:root:T= 1646230236.091686 | finished for command Valve B1 ON
INFO:root:T= 1646230236.091686 | asked for command Valve B2 ON
INFO:root:T= 1646230236.101686 | finished for command Valve B2 ON
INFO:root:T= 1646230236.101686 | asked for command Valve B3 ON
INFO:root:T= 1646230236.111686 | finished for command Valve B3 ON
INFO:root:T= 1646230236.111686 | asked for turbidity readings for turbi sets {1, 2}
INFO:root:T= 1646230237.181688 | received turbidity readings for turbi set 1: R1= 131.0 R2= 123.0 R3= 102.0 R4= 160.0
INFO:root:T= 1646230238.291689 | received turbidity readings for turbi set 2: R5= 127.0 R6= 145.0 R7= 176.0 R8= 141.0
INFO:root:T= 1646230243.411696 | received turbidity readings for turbi set 1: R1= 130.0 R2= 124.0 R3= 100.0 R4= 152.0
INFO:root:T= 1646230244.491698 | received turbidity readings for turbi set 2: R5= 125.0 R6= 143.0 R7= 176.0 R8= 140.0
INFO:root:T= 1646230249.611705 | received turbidity readings for turbi set 1: R1= 129.0 R2= 123.0 R3= 103.0 R4= 155.0
INFO:root:T= 1646230250.681706 | received turbidity readings for turbi set 2: R5= 125.0 R6= 144.0 R7= 174.0 R8= 140.0
INFO:root:T= 1646230255.761714 | received turbidity readings for turbi set 1: R1= 133.0 R2= 127.0 R3= 109.0 R4= 159.0
INFO:root:T= 1646230256.851715 | received turbidity readings for turbi set 2: R5= 124.0 R6= 142.0 R7= 176.0 R8= 146.0
INFO:root:T= 1646230261.911722 | received turbidity readings for turbi set 1: R1= 130.0 R2= 125.0 R3= 105.0 R4= 156.0
INFO:root:T= 1646230262.941724 | received turbidity readings for turbi set 2: R5= 127.0 R6= 141.0 R7= 170.0 R8= 140.0
INFO:root:T= 1646230267.981731 | received turbidity readings for turbi set 1: R1= 132.0 R2= 124.0 R3= 108.0 R4= 153.0
INFO:root:T= 1646230268.991732 | received turbidity readings for turbi set 2: R5= 128.0 R6= 142.0 R7= 174.0 R8= 138.0
INFO:root:T= 1646230268.991732 | computed average of 6 turbidity readings after excluding 0 highest {1: 130.83333333333334, 2: 124.33333333333333, 3: 104.5, 4: 155.83333333333334, 5: 126.0, 6: 142.83333333333334, 7: 174.33333333333334, 8: 140.83333333333334}
INFO:root:T= 1646230268.991732 | applied calibration on turbidity readings average {1: 0.44638492068439817, 2: 0.33298522725319124, 3: 0.27629639790645744, 4: 0.5355491059490256, 5: 0.33066976949874416, 6: 0.49899977150959884, 7: 0.6450258696416213, 8: 0.4428278864618642}
INFO:root:T= 1646230269.001732 | asked for command Valve B1 OFF
INFO:root:T= 1646230269.011732 | finished for command Valve B1 OFF
INFO:root:T= 1646230269.011732 | asked for command Valve B2 OFF
INFO:root:T= 1646230269.021732 | finished for command Valve B2 OFF
INFO:root:T= 1646230269.021732 | asked for command Valve B3 OFF
INFO:root:T= 1646230269.031732 | finished for command Valve B3 OFF
INFO:root:T= 1646230269.031732 | asked for command Valve F1 OFF
WARNING:root:useless (state already as asked) command asked Valve F1 OFF, so not doing it
INFO:root:T= 1646230269.031732 | asked for command Valve F2 OFF
WARNING:root:useless (state already as asked) command asked Valve F2 OFF, so not doing it
INFO:root:T= 1646230269.031732 | asked for command Valve F3 OFF
WARNING:root:useless (state already as asked) command asked Valve F3 OFF, so not doing it
INFO:root:T= 1646230269.031732 | asked for command Valve F4 OFF
WARNING:root:useless (state already as asked) command asked Valve F4 OFF, so not doing it
INFO:root:T= 1646230269.041732 | asked for command Valve F5 OFF
WARNING:root:useless (state already as asked) command asked Valve F5 OFF, so not doing it
INFO:root:T= 1646230269.041732 | asked for command Valve F6 OFF
WARNING:root:useless (state already as asked) command asked Valve F6 OFF, so not doing it
INFO:root:T= 1646230269.041732 | asked for command Valve F7 OFF
WARNING:root:useless (state already as asked) command asked Valve F7 OFF, so not doing it
INFO:root:T= 1646230269.041732 | asked for command Valve F8 OFF
WARNING:root:useless (state already as asked) command asked Valve F8 OFF, so not doing it
INFO:root:T= 1646230269.041732 | sending request gotobin to the ot2
INFO:root:T= 1646230269.091732 | Finished request gotobin to the ot2
INFO:root:T= 1646230269.091732 | asked for opening Pump H7 for duration 12.000000 seconds
INFO:root:T= 1646230269.091732 | asked for command Pump H7 ON
INFO:root:T= 1646230269.111732 | finished for command Pump H7 ON
INFO:root:T= 1646230281.131749 | asked for command Pump H7 OFF
INFO:root:T= 1646230281.141749 | finished for command Pump H7 OFF
INFO:root:T= 1646230281.141749 | sending request blink/2 to the ot2
INFO:root:T= 1646230282.151751 | Finished request blink/2 to the ot2
INFO:root:T= 1646230282.151751 | asked for opening Pump L7 for duration 3.000000 seconds
INFO:root:T= 1646230282.151751 | asked for command Pump L7 ON
INFO:root:T= 1646230282.171751 | finished for command Pump L7 ON
INFO:root:T= 1646230285.181755 | asked for command Pump L7 OFF
INFO:root:T= 1646230285.191755 | finished for command Pump L7 OFF
INFO:root:T= 1646230285.191755 | sending request blink/3 to the ot2
INFO:root:T= 1646230286.701757 | Finished request blink/3 to the ot2
ERROR:root:Something went wrong (error: local variable 'next_sampling_time' referenced before assignment). Main loop continues, BE CAREFUL / CHECK
