INFO:root:T=1645186491.864611 | domain=GLOBAL | msg=opto-cyto-reactors cod git id =5bd4dd78ac6acb02da07ca9952f93ca036c8ab53
INFO:root:T= 1645186542.664682 | sending request gotobin to the ot2
INFO:root:T= 1645186544.654685 | Finished request gotobin to the ot2
INFO:root:T= 1645186550.274693 | sending request blink/1 to the ot2
INFO:root:T= 1645186550.784693 | Finished request blink/1 to the ot2
INFO:root:T= 1645186550.784693 | asked for command Valve B1 ON
INFO:root:T= 1645186550.804693 | finished for command Valve B1 ON
INFO:root:T= 1645186550.804693 | asked for command Valve B2 ON
INFO:root:T= 1645186550.814693 | finished for command Valve B2 ON
INFO:root:T= 1645186550.814693 | asked for command Valve B3 ON
INFO:root:T= 1645186550.824693 | finished for command Valve B3 ON
INFO:root:T= 1645186550.824693 | asked for turbidity readings for turbi sets {1, 2}
INFO:root:T= 1645186551.904695 | received turbidity readings for turbi set 1: R1= 85.0 R2= 85.0 R3= 72.0 R4= 123.0
INFO:root:T= 1645186552.984696 | received turbidity readings for turbi set 2: R5= 97.0 R6= 87.0 R7= 101.0 R8= 84.0
INFO:root:T= 1645186558.074704 | received turbidity readings for turbi set 1: R1= 84.0 R2= 86.0 R3= 79.0 R4= 120.0
INFO:root:T= 1645186559.104705 | received turbidity readings for turbi set 2: R5= 91.0 R6= 91.0 R7= 101.0 R8= 87.0
INFO:root:T= 1645186564.204712 | received turbidity readings for turbi set 1: R1= 77.0 R2= 88.0 R3= 73.0 R4= 118.0
INFO:root:T= 1645186565.264714 | received turbidity readings for turbi set 2: R5= 96.0 R6= 87.0 R7= 100.0 R8= 84.0
INFO:root:T= 1645186570.324721 | received turbidity readings for turbi set 1: R1= 86.0 R2= 87.0 R3= 74.0 R4= 108.0
INFO:root:T= 1645186571.404722 | received turbidity readings for turbi set 2: R5= 89.0 R6= 88.0 R7= 99.0 R8= 78.0
INFO:root:T= 1645186576.494729 | received turbidity readings for turbi set 1: R1= 84.0 R2= 93.0 R3= 77.0 R4= 113.0
INFO:root:T= 1645186577.564731 | received turbidity readings for turbi set 2: R5= 92.0 R6= 94.0 R7= 102.0 R8= 84.0
INFO:root:T= 1645186582.614738 | received turbidity readings for turbi set 1: R1= 78.0 R2= 91.0 R3= 82.0 R4= 120.0
INFO:root:T= 1645186583.684739 | received turbidity readings for turbi set 2: R5= 89.0 R6= 92.0 R7= 100.0 R8= 76.0
INFO:root:T= 1645186583.694739 | computed average of 6 turbidity readings after excluding 0 highest {1: 82.33333333333333, 2: 88.33333333333333, 3: 76.16666666666667, 4: 117.0, 5: 92.33333333333333, 6: 89.83333333333333, 7: 100.5, 8: 82.16666666666667}
INFO:root:T= 1645186583.704739 | applied calibration on turbidity readings average {1: 0.0692902334840877, 2: 0.04184359335077348, 3: 0.018647734671966454, 4: 0.29656846882919474, 5: 0.060209386393275555, 6: 0.11109850184966774, 7: 0.173534442253791, 8: -0.023350238153986513}
INFO:root:T= 1645186583.714740 | asked for command Valve B1 OFF
INFO:root:T= 1645186583.724739 | finished for command Valve B1 OFF
INFO:root:T= 1645186583.724739 | asked for command Valve B2 OFF
INFO:root:T= 1645186583.734740 | finished for command Valve B2 OFF
INFO:root:T= 1645186583.734740 | asked for command Valve B3 OFF
INFO:root:T= 1645186583.744740 | finished for command Valve B3 OFF
INFO:root:T= 1645186583.744740 | asked for command Valve F1 OFF
WARNING:root:useless (state already as asked) command asked Valve F1 OFF, so not doing it
INFO:root:T= 1645186583.744740 | asked for command Valve F2 OFF
WARNING:root:useless (state already as asked) command asked Valve F2 OFF, so not doing it
INFO:root:T= 1645186583.744740 | asked for command Valve F3 OFF
WARNING:root:useless (state already as asked) command asked Valve F3 OFF, so not doing it
INFO:root:T= 1645186583.754740 | asked for command Valve F4 OFF
WARNING:root:useless (state already as asked) command asked Valve F4 OFF, so not doing it
INFO:root:T= 1645186583.754740 | asked for command Valve F5 OFF
WARNING:root:useless (state already as asked) command asked Valve F5 OFF, so not doing it
INFO:root:T= 1645186583.754740 | asked for command Valve F6 OFF
WARNING:root:useless (state already as asked) command asked Valve F6 OFF, so not doing it
INFO:root:T= 1645186583.754740 | asked for command Valve F7 OFF
WARNING:root:useless (state already as asked) command asked Valve F7 OFF, so not doing it
INFO:root:T= 1645186583.754740 | asked for command Valve F8 OFF
WARNING:root:useless (state already as asked) command asked Valve F8 OFF, so not doing it
INFO:root:T= 1645186583.764740 | sending request gotobin to the ot2
INFO:root:T= 1645186583.804739 | Finished request gotobin to the ot2
INFO:root:T= 1645186583.804739 | asked for opening Pump H1 for duration 12.000000 seconds
INFO:root:T= 1645186583.804739 | asked for command Pump H1 ON
INFO:root:T= 1645186583.814740 | finished for command Pump H1 ON
INFO:root:T= 1645186583.814740 | asked for opening Pump H2 for duration 12.000000 seconds
INFO:root:T= 1645186583.814740 | asked for command Pump H2 ON
INFO:root:T= 1645186583.824740 | finished for command Pump H2 ON
INFO:root:T= 1645186583.824740 | asked for opening Pump H3 for duration 12.000000 seconds
INFO:root:T= 1645186583.824740 | asked for command Pump H3 ON
INFO:root:T= 1645186583.834740 | finished for command Pump H3 ON
INFO:root:T= 1645186583.834740 | asked for opening Pump H4 for duration 12.000000 seconds
INFO:root:T= 1645186583.834740 | asked for command Pump H4 ON
INFO:root:T= 1645186583.844740 | finished for command Pump H4 ON
INFO:root:T= 1645186583.844740 | asked for opening Pump H5 for duration 12.000000 seconds
INFO:root:T= 1645186583.844740 | asked for command Pump H5 ON
INFO:root:T= 1645186583.854740 | finished for command Pump H5 ON
INFO:root:T= 1645186583.854740 | asked for opening Pump H6 for duration 12.000000 seconds
INFO:root:T= 1645186583.854740 | asked for command Pump H6 ON
INFO:root:T= 1645186583.864740 | finished for command Pump H6 ON
INFO:root:T= 1645186583.864740 | asked for opening Pump H7 for duration 12.000000 seconds
INFO:root:T= 1645186583.864740 | asked for command Pump H7 ON
INFO:root:T= 1645186583.874740 | finished for command Pump H7 ON
INFO:root:T= 1645186583.874740 | asked for opening Pump H8 for duration 12.000000 seconds
INFO:root:T= 1645186583.874740 | asked for command Pump H8 ON
INFO:root:T= 1645186583.884740 | finished for command Pump H8 ON
INFO:root:T= 1645186595.824756 | asked for command Pump H1 OFF
INFO:root:T= 1645186595.834756 | asked for command Pump H2 OFF
INFO:root:T= 1645186595.834756 | asked for command Pump H3 OFF
INFO:root:T= 1645186595.834756 | finished for command Pump H1 OFF
INFO:root:T= 1645186595.844756 | finished for command Pump H2 OFF
INFO:root:T= 1645186595.854756 | asked for command Pump H4 OFF
INFO:root:T= 1645186595.854756 | finished for command Pump H3 OFF
INFO:root:T= 1645186595.864757 | finished for command Pump H4 OFF
INFO:root:T= 1645186595.874756 | asked for command Pump H6 OFF
INFO:root:T= 1645186595.874756 | asked for command Pump H5 OFF
INFO:root:T= 1645186595.884757 | asked for command Pump H7 OFF
INFO:root:T= 1645186595.884757 | finished for command Pump H6 OFF
INFO:root:T= 1645186595.894757 | finished for command Pump H5 OFF
INFO:root:T= 1645186595.894757 | finished for command Pump H7 OFF
INFO:root:T= 1645186595.904757 | asked for command Pump H8 OFF
INFO:root:T= 1645186595.914757 | finished for command Pump H8 OFF
INFO:root:T= 1645186595.914757 | sending request blink/2 to the ot2
INFO:root:T= 1645186596.914758 | Finished request blink/2 to the ot2
INFO:root:T= 1645186596.914758 | sending request blink/3 to the ot2
INFO:root:T= 1645186598.404760 | Finished request blink/3 to the ot2
INFO:root:T= 1645186600.244763 | asked for LEDs duty history all_reactors from time 0.000000
INFO:root:T= 1645186601.294764| Starting to check events
INFO:root:T= 1645186601.294764| Starting to check events of reactor id 1
INFO:root:T= 1645186601.294764| Starting to check events of reactor id 2
INFO:root:T= 1645186601.294764| Starting to check events of reactor id 3
INFO:root:T= 1645186601.294764| Starting to check events of reactor id 4
INFO:root:T= 1645186601.294764| Starting to check events of reactor id 5
INFO:root:T= 1645186601.294764| Starting to check events of reactor id 6
INFO:root:T= 1645186601.294764| Starting to check events of reactor id 7
INFO:root:T= 1645186601.3047643| Starting to check events of reactor id 8
INFO:root:T= 1645186670.304861 | sending request blink/1 to the ot2
INFO:root:T= 1645186670.814861 | Finished request blink/1 to the ot2
INFO:root:T= 1645186670.814861 | asked for command Valve B1 ON
WARNING:root:reading Valve B1 state not successful, trying again
INFO:root:T= 1645186676.854870 | finished for command Valve B1 ON
INFO:root:T= 1645186676.854870 | asked for command Valve B2 ON
INFO:root:T= 1645186676.864870 | finished for command Valve B2 ON
INFO:root:T= 1645186676.864870 | asked for command Valve B3 ON
INFO:root:T= 1645186676.874870 | finished for command Valve B3 ON
INFO:root:T= 1645186676.874870 | asked for turbidity readings for turbi sets {1, 2}
INFO:root:T= 1645186677.934871 | received turbidity readings for turbi set 1: R1= 81.0 R2= 88.0 R3= 78.0 R4= 126.0
INFO:root:T= 1645186678.994873 | received turbidity readings for turbi set 2: R5= 88.0 R6= 92.0 R7= 100.0 R8= 88.0
INFO:root:T= 1645186684.084880 | received turbidity readings for turbi set 1: R1= 83.0 R2= 85.0 R3= 79.0 R4= 124.0
INFO:root:T= 1645186685.174881 | received turbidity readings for turbi set 2: R5= 94.0 R6= 90.0 R7= 101.0 R8= 80.0
INFO:root:T= 1645186690.254889 | received turbidity readings for turbi set 1: R1= 84.0 R2= 84.0 R3= 73.0 R4= 121.0
INFO:root:T= 1645186691.344890 | received turbidity readings for turbi set 2: R5= 92.0 R6= 90.0 R7= 95.0 R8= 85.0
INFO:root:T= 1645186696.404897 | received turbidity readings for turbi set 1: R1= 84.0 R2= 93.0 R3= 76.0 R4= 117.0
INFO:root:T= 1645186697.485899 | received turbidity readings for turbi set 2: R5= 90.0 R6= 88.0 R7= 103.0 R8= 82.0
INFO:root:T= 1645186702.585906 | received turbidity readings for turbi set 1: R1= 82.0 R2= 89.0 R3= 73.0 R4= 124.0
INFO:root:T= 1645186703.615907 | received turbidity readings for turbi set 2: R5= 93.0 R6= 89.0 R7= 103.0 R8= 89.0
INFO:root:T= 1645186708.715914 | received turbidity readings for turbi set 1: R1= 87.0 R2= 86.0 R3= 78.0 R4= 119.0
INFO:root:T= 1645186709.805916 | received turbidity readings for turbi set 2: R5= 92.0 R6= 86.0 R7= 104.0 R8= 78.0
INFO:root:T= 1645186709.815916 | computed average of 6 turbidity readings after excluding 0 highest {1: 83.5, 2: 87.5, 3: 76.16666666666667, 4: 121.83333333333333, 5: 91.5, 6: 89.16666666666667, 7: 101.0, 8: 83.66666666666667}
INFO:root:T= 1645186709.825916 | applied calibration on turbidity readings average {1: 0.08074648534155537, 2: 0.03377084695523758, 3: 0.018647734671966454, 4: 0.33032110838011297, 5: 0.052321821182744976, 6: 0.10486760030585973, 7: 0.17778256135094583, 8: -0.007698468624949495}
INFO:root:T= 1645186709.835916 | asked for command Valve B1 OFF
INFO:root:T= 1645186709.845916 | finished for command Valve B1 OFF
INFO:root:T= 1645186709.845916 | asked for command Valve B2 OFF
INFO:root:T= 1645186709.855916 | finished for command Valve B2 OFF
INFO:root:T= 1645186709.855916 | asked for command Valve B3 OFF
INFO:root:T= 1645186709.865916 | finished for command Valve B3 OFF
INFO:root:T= 1645186709.865916 | asked for command Valve F1 OFF
WARNING:root:useless (state already as asked) command asked Valve F1 OFF, so not doing it
INFO:root:T= 1645186709.865916 | asked for command Valve F2 OFF
WARNING:root:useless (state already as asked) command asked Valve F2 OFF, so not doing it
INFO:root:T= 1645186709.865916 | asked for command Valve F3 OFF
WARNING:root:useless (state already as asked) command asked Valve F3 OFF, so not doing it
INFO:root:T= 1645186709.875916 | asked for command Valve F4 OFF
WARNING:root:useless (state already as asked) command asked Valve F4 OFF, so not doing it
INFO:root:T= 1645186709.875916 | asked for command Valve F5 OFF
WARNING:root:useless (state already as asked) command asked Valve F5 OFF, so not doing it
INFO:root:T= 1645186709.875916 | asked for command Valve F6 OFF
WARNING:root:useless (state already as asked) command asked Valve F6 OFF, so not doing it
INFO:root:T= 1645186709.875916 | asked for command Valve F7 OFF
WARNING:root:useless (state already as asked) command asked Valve F7 OFF, so not doing it
INFO:root:T= 1645186709.885916 | asked for command Valve F8 OFF
WARNING:root:useless (state already as asked) command asked Valve F8 OFF, so not doing it
INFO:root:T= 1645186709.885916 | sending request gotobin to the ot2
INFO:root:T= 1645186709.925916 | Finished request gotobin to the ot2
INFO:root:T= 1645186709.925916 | sending request blink/2 to the ot2
INFO:root:T= 1645186710.925918 | Finished request blink/2 to the ot2
INFO:root:T= 1645186710.925918 | sending request blink/3 to the ot2
INFO:root:T= 1645186712.415920 | Finished request blink/3 to the ot2
INFO:root:T= 1645186713.865922 | asked for LEDs duty history all_reactors from time 0.000000
INFO:root:T= 1645186714.915923| Starting to check events
INFO:root:T= 1645186714.915923| Starting to check events of reactor id 1
INFO:root:T= 1645186714.915923| Starting to check events of reactor id 2
INFO:root:T= 1645186714.915923| Starting to check events of reactor id 3
INFO:root:T= 1645186714.915923| Starting to check events of reactor id 4
INFO:root:T= 1645186714.915923| Starting to check events of reactor id 5
INFO:root:T= 1645186714.915923| Starting to check events of reactor id 6
INFO:root:T= 1645186714.915923| Starting to check events of reactor id 7
INFO:root:T= 1645186714.915923| Starting to check events of reactor id 8
INFO:root:T= 1645186790.316029 | sending request blink/1 to the ot2
INFO:root:T= 1645186790.826029 | Finished request blink/1 to the ot2
INFO:root:T= 1645186790.826029 | asked for command Valve B1 ON
WARNING:root:reading Valve B1 state not successful, trying again
INFO:root:T= 1645186796.866038 | finished for command Valve B1 ON
INFO:root:T= 1645186796.866038 | asked for command Valve B2 ON
INFO:root:T= 1645186796.876038 | finished for command Valve B2 ON
INFO:root:T= 1645186796.876038 | asked for command Valve B3 ON
INFO:root:T= 1645186796.886038 | finished for command Valve B3 ON
INFO:root:T= 1645186796.886038 | asked for turbidity readings for turbi sets {1, 2}
INFO:root:T= 1645186797.946039 | received turbidity readings for turbi set 1: R1= 82.0 R2= 79.0 R3= 74.0 R4= 125.0
INFO:root:T= 1645186799.046041 | received turbidity readings for turbi set 2: R5= 93.0 R6= 93.0 R7= 101.0 R8= 85.0
INFO:root:T= 1645186804.116048 | received turbidity readings for turbi set 1: R1= 83.0 R2= 85.0 R3= 80.0 R4= 123.0
INFO:root:T= 1645186805.226049 | received turbidity readings for turbi set 2: R5= 96.0 R6= 89.0 R7= 98.0 R8= 90.0
INFO:root:T= 1645186810.336056 | received turbidity readings for turbi set 1: R1= 80.0 R2= 86.0 R3= 76.0 R4= 117.0
INFO:root:T= 1645186811.386058 | received turbidity readings for turbi set 2: R5= 95.0 R6= 87.0 R7= 100.0 R8= 81.0
INFO:root:T= 1645186816.476065 | received turbidity readings for turbi set 1: R1= 80.0 R2= 91.0 R3= 80.0 R4= 113.0
INFO:root:T= 1645186817.576067 | received turbidity readings for turbi set 2: R5= 94.0 R6= 88.0 R7= 101.0 R8= 87.0
