INFO:root:T=1644506912.242776 | domain=GLOBAL | msg=opto-cyto-reactors cod git id =5bd4dd78ac6acb02da07ca9952f93ca036c8ab53
INFO:root:T= 1644506929.692800 | sending request gotobin to the ot2
INFO:root:T= 1644506930.982802 | Finished request gotobin to the ot2
INFO:root:T= 1644506941.502817 | sending request blink/1 to the ot2
INFO:root:T= 1644506942.022818 | Finished request blink/1 to the ot2
INFO:root:T= 1644506942.022818 | asked for command Valve B1 ON
INFO:root:T= 1644506942.042818 | finished for command Valve B1 ON
INFO:root:T= 1644506942.042818 | asked for command Valve B2 ON
INFO:root:T= 1644506942.052817 | finished for command Valve B2 ON
INFO:root:T= 1644506942.052817 | asked for command Valve B3 ON
INFO:root:T= 1644506942.062818 | finished for command Valve B3 ON
INFO:root:T= 1644506942.062818 | asked for turbidity readings for turbi sets {1, 2}
INFO:root:T= 1644506943.152819 | received turbidity readings for turbi set 1: R1= 82.0 R2= 87.0 R3= 75.0 R4= 118.0
INFO:root:T= 1644506944.232821 | received turbidity readings for turbi set 2: R5= 93.0 R6= 92.0 R7= 98.0 R8= 84.0
INFO:root:T= 1644506949.332828 | received turbidity readings for turbi set 1: R1= 81.0 R2= 88.0 R3= 80.0 R4= 123.0
INFO:root:T= 1644506950.422829 | received turbidity readings for turbi set 2: R5= 96.0 R6= 95.0 R7= 97.0 R8= 77.0
INFO:root:T= 1644506955.522836 | received turbidity readings for turbi set 1: R1= 85.0 R2= 82.0 R3= 77.0 R4= 118.0
INFO:root:T= 1644506956.612838 | received turbidity readings for turbi set 2: R5= 93.0 R6= 89.0 R7= 101.0 R8= 85.0
INFO:root:T= 1644506961.702845 | received turbidity readings for turbi set 1: R1= 84.0 R2= 87.0 R3= 80.0 R4= 120.0
INFO:root:T= 1644506962.802847 | received turbidity readings for turbi set 2: R5= 92.0 R6= 89.0 R7= 98.0 R8= 82.0
INFO:root:T= 1644506967.912854 | received turbidity readings for turbi set 1: R1= 82.0 R2= 86.0 R3= 71.0 R4= 115.0
INFO:root:T= 1644506968.962855 | received turbidity readings for turbi set 2: R5= 88.0 R6= 92.0 R7= 100.0 R8= 86.0
INFO:root:T= 1644506974.012862 | received turbidity readings for turbi set 1: R1= 77.0 R2= 87.0 R3= 71.0 R4= 117.0
INFO:root:T= 1644506975.062864 | received turbidity readings for turbi set 2: R5= 92.0 R6= 91.0 R7= 103.0 R8= 86.0
INFO:root:T= 1644506975.072864 | computed average of 6 turbidity readings after excluding 0 highest {1: 81.83333333333333, 2: 86.16666666666667, 3: 75.66666666666667, 4: 118.5, 5: 92.33333333333333, 6: 91.33333333333333, 7: 99.5, 8: 83.33333333333333}
INFO:root:T= 1644506975.082864 | applied calibration on turbidity readings average {1: 0.06433063183828258, 2: 0.02069314864466687, 3: 0.0132821908653451, 4: 0.30719038467406, 5: 0.060209386393275555, 6: 0.12495061596225776, 7: 0.1649744285078607, 8: -0.01115225142204368}
INFO:root:T= 1644506975.092864 | asked for command Valve B1 OFF
INFO:root:T= 1644506975.102864 | finished for command Valve B1 OFF
INFO:root:T= 1644506975.102864 | asked for command Valve B2 OFF
INFO:root:T= 1644506975.112864 | finished for command Valve B2 OFF
INFO:root:T= 1644506975.112864 | asked for command Valve B3 OFF
INFO:root:T= 1644506975.122864 | finished for command Valve B3 OFF
INFO:root:T= 1644506975.122864 | asked for command Valve F1 OFF
WARNING:root:useless (state already as asked) command asked Valve F1 OFF, so not doing it
INFO:root:T= 1644506975.122864 | asked for command Valve F2 OFF
WARNING:root:useless (state already as asked) command asked Valve F2 OFF, so not doing it
INFO:root:T= 1644506975.122864 | asked for command Valve F3 OFF
WARNING:root:useless (state already as asked) command asked Valve F3 OFF, so not doing it
INFO:root:T= 1644506975.122864 | asked for command Valve F4 OFF
WARNING:root:useless (state already as asked) command asked Valve F4 OFF, so not doing it
INFO:root:T= 1644506975.132864 | asked for command Valve F5 OFF
WARNING:root:useless (state already as asked) command asked Valve F5 OFF, so not doing it
INFO:root:T= 1644506975.132864 | asked for command Valve F6 OFF
WARNING:root:useless (state already as asked) command asked Valve F6 OFF, so not doing it
INFO:root:T= 1644506975.132864 | asked for command Valve F7 OFF
WARNING:root:useless (state already as asked) command asked Valve F7 OFF, so not doing it
INFO:root:T= 1644506975.132864 | asked for command Valve F8 OFF
WARNING:root:useless (state already as asked) command asked Valve F8 OFF, so not doing it
INFO:root:T= 1644506975.142864 | sending request gotobin to the ot2
INFO:root:T= 1644506975.182864 | Finished request gotobin to the ot2
INFO:root:T= 1644506975.182864 | asked for opening Pump H1 for duration 12.000000 seconds
INFO:root:T= 1644506975.192864 | asked for command Pump H1 ON
INFO:root:T= 1644506975.202864 | finished for command Pump H1 ON
INFO:root:T= 1644506975.202864 | asked for opening Pump H2 for duration 12.000000 seconds
INFO:root:T= 1644506975.202864 | asked for command Pump H2 ON
INFO:root:T= 1644506975.222864 | finished for command Pump H2 ON
INFO:root:T= 1644506975.222864 | asked for opening Pump H3 for duration 12.000000 seconds
INFO:root:T= 1644506975.222864 | asked for command Pump H3 ON
INFO:root:T= 1644506975.232864 | finished for command Pump H3 ON
INFO:root:T= 1644506975.242864 | asked for opening Pump H4 for duration 12.000000 seconds
INFO:root:T= 1644506975.252864 | asked for command Pump H4 ON
INFO:root:T= 1644506975.262864 | finished for command Pump H4 ON
INFO:root:T= 1644506975.262864 | asked for opening Pump H5 for duration 12.000000 seconds
INFO:root:T= 1644506975.262864 | asked for command Pump H5 ON
INFO:root:T= 1644506975.272864 | finished for command Pump H5 ON
INFO:root:T= 1644506975.272864 | asked for opening Pump H6 for duration 12.000000 seconds
INFO:root:T= 1644506975.272864 | asked for command Pump H6 ON
INFO:root:T= 1644506975.282864 | finished for command Pump H6 ON
INFO:root:T= 1644506975.282864 | asked for opening Pump H7 for duration 12.000000 seconds
INFO:root:T= 1644506975.282864 | asked for command Pump H7 ON
INFO:root:T= 1644506975.292864 | finished for command Pump H7 ON
INFO:root:T= 1644506975.292864 | asked for opening Pump H8 for duration 12.000000 seconds
INFO:root:T= 1644506975.292864 | asked for command Pump H8 ON
INFO:root:T= 1644506975.302864 | finished for command Pump H8 ON
INFO:root:T= 1644506987.218935 | asked for command Pump H1 OFF
INFO:root:T= 1644506987.228935 | asked for command Pump H2 OFF
INFO:root:T= 1644506987.228935 | finished for command Pump H1 OFF
INFO:root:T= 1644506987.238935 | finished for command Pump H2 OFF
INFO:root:T= 1644506987.248935 | asked for command Pump H3 OFF
INFO:root:T= 1644506987.258935 | finished for command Pump H3 OFF
INFO:root:T= 1644506987.278935 | asked for command Pump H4 OFF
INFO:root:T= 1644506987.278935 | asked for command Pump H5 OFF
INFO:root:T= 1644506987.288935 | asked for command Pump H6 OFF
INFO:root:T= 1644506987.288935 | finished for command Pump H4 OFF
INFO:root:T= 1644506987.288935 | finished for command Pump H5 OFF
INFO:root:T= 1644506987.308935 | asked for command Pump H8 OFF
INFO:root:T= 1644506987.308935 | asked for command Pump H7 OFF
INFO:root:T= 1644506987.308935 | finished for command Pump H6 OFF
INFO:root:T= 1644506987.328935 | finished for command Pump H8 OFF
INFO:root:T= 1644506987.328935 | finished for command Pump H7 OFF
INFO:root:T= 1644506987.328935 | sending request blink/2 to the ot2
INFO:root:T= 1644506988.328936 | Finished request blink/2 to the ot2
INFO:root:T= 1644506988.328936 | sending request blink/3 to the ot2
INFO:root:T= 1644506989.818938 | Finished request blink/3 to the ot2
INFO:root:T= 1644507002.468956| We passed time of a scheduled sec measure
INFO:root:T= 1644507002.488956 | sending request gotobin to the ot2
INFO:root:T= 1644507002.528956 | Finished request gotobin to the ot2
INFO:root:T= 1644507002.528956 | asked for command Valve F1 ON
INFO:root:T= 1644507002.548956 | finished for command Valve F1 ON
INFO:root:T= 1644507002.548956 | asked for command Valve F2 ON
INFO:root:T= 1644507002.558956 | finished for command Valve F2 ON
INFO:root:T= 1644507002.558956 | asked for command Valve F3 ON
INFO:root:T= 1644507002.568956 | finished for command Valve F3 ON
INFO:root:T= 1644507002.568956 | asked for command Valve F4 ON
INFO:root:T= 1644507002.578956 | finished for command Valve F4 ON
INFO:root:T= 1644507002.578956 | asked for command Valve F5 ON
INFO:root:T= 1644507002.588956 | finished for command Valve F5 ON
INFO:root:T= 1644507002.588956 | asked for command Valve F6 ON
INFO:root:T= 1644507002.598956 | finished for command Valve F6 ON
INFO:root:T= 1644507002.598956 | asked for command Valve F7 ON
INFO:root:T= 1644507002.608956 | finished for command Valve F7 ON
INFO:root:T= 1644507002.608956 | asked for command Valve F8 ON
INFO:root:T= 1644507002.618956 | finished for command Valve F8 ON
INFO:root:T= 1644507002.618956 | asked for opening Pump H1 for duration 10.021067 seconds
INFO:root:T= 1644507002.618956 | asked for command Pump H1 ON
INFO:root:T= 1644507002.628956 | finished for command Pump H1 ON
INFO:root:T= 1644507002.628956 | asked for opening Pump H2 for duration 11.694753 seconds
INFO:root:T= 1644507002.628956 | asked for command Pump H2 ON
INFO:root:T= 1644507002.638956 | finished for command Pump H2 ON
INFO:root:T= 1644507002.638956 | asked for opening Pump H3 for duration 8.686854 seconds
INFO:root:T= 1644507002.638956 | asked for command Pump H3 ON
INFO:root:T= 1644507002.648956 | finished for command Pump H3 ON
INFO:root:T= 1644507002.648956 | asked for opening Pump H4 for duration 11.257910 seconds
INFO:root:T= 1644507002.648956 | asked for command Pump H4 ON
INFO:root:T= 1644507002.658956 | finished for command Pump H4 ON
INFO:root:T= 1644507002.658956 | asked for opening Pump H5 for duration 9.434224 seconds
INFO:root:T= 1644507002.658956 | asked for command Pump H5 ON
INFO:root:T= 1644507002.668957 | finished for command Pump H5 ON
INFO:root:T= 1644507002.668957 | asked for opening Pump H6 for duration 10.723699 seconds
INFO:root:T= 1644507002.668957 | asked for command Pump H6 ON
INFO:root:T= 1644507002.688956 | finished for command Pump H6 ON
INFO:root:T= 1644507002.688956 | asked for opening Pump H7 for duration 8.665802 seconds
INFO:root:T= 1644507002.688956 | asked for command Pump H7 ON
INFO:root:T= 1644507002.698956 | finished for command Pump H7 ON
INFO:root:T= 1644507002.698956 | asked for opening Pump H8 for duration 11.468437 seconds
INFO:root:T= 1644507002.698956 | asked for command Pump H8 ON
INFO:root:T= 1644507002.708956 | finished for command Pump H8 ON
INFO:root:T= 1644507011.338968 | asked for command Pump H3 OFF
INFO:root:T= 1644507011.348969 | finished for command Pump H3 OFF
INFO:root:T= 1644507011.368968 | asked for command Pump H7 OFF
INFO:root:T= 1644507011.378968 | finished for command Pump H7 OFF
INFO:root:T= 1644507012.108969 | asked for command Pump H5 OFF
INFO:root:T= 1644507012.118970 | finished for command Pump H5 OFF
INFO:root:T= 1644507012.658970 | asked for command Pump H1 OFF
INFO:root:T= 1644507012.668970 | finished for command Pump H1 OFF
INFO:root:T= 1644507013.418971 | asked for command Pump H6 OFF
INFO:root:T= 1644507013.428971 | finished for command Pump H6 OFF
INFO:root:T= 1644507013.918972 | asked for command Pump H4 OFF
INFO:root:T= 1644507013.928972 | finished for command Pump H4 OFF
INFO:root:T= 1644507014.188972 | asked for command Pump H8 OFF
INFO:root:T= 1644507014.198972 | finished for command Pump H8 OFF
INFO:root:T= 1644507014.338973 | asked for command Pump H2 OFF
INFO:root:T= 1644507014.348973 | finished for command Pump H2 OFF
INFO:root:T= 1644507014.348973 | sending request shakeit to the ot2
INFO:root:T= 1644507018.408978 | Finished request shakeit to the ot2
INFO:root:T= 1644507018.408978 | sending request move_to/cytoplate/2 to the ot2
INFO:root:T= 1644507020.288981 | Finished request move_to/cytoplate/2 to the ot2
INFO:root:T= 1644507020.288981 | sending request move_to/sampling_metal/12 to the ot2
INFO:root:T= 1644507022.138983 | Finished request move_to/sampling_metal/12 to the ot2
INFO:root:T= 1644507022.138983 | asked for opening Pump H1 for duration 0.750000 seconds
INFO:root:T= 1644507022.138983 | asked for command Pump H1 ON
INFO:root:T= 1644507022.148983 | finished for command Pump H1 ON
INFO:root:T= 1644507022.148983 | asked for opening Pump H2 for duration 0.750000 seconds
INFO:root:T= 1644507022.148983 | asked for command Pump H2 ON
INFO:root:T= 1644507022.158984 | finished for command Pump H2 ON
INFO:root:T= 1644507022.158984 | asked for opening Pump H3 for duration 0.750000 seconds
INFO:root:T= 1644507022.158984 | asked for command Pump H3 ON
INFO:root:T= 1644507022.168983 | finished for command Pump H3 ON
INFO:root:T= 1644507022.168983 | asked for opening Pump H4 for duration 0.750000 seconds
INFO:root:T= 1644507022.168983 | asked for command Pump H4 ON
INFO:root:T= 1644507022.178984 | finished for command Pump H4 ON
INFO:root:T= 1644507022.178984 | asked for opening Pump H5 for duration 0.750000 seconds
INFO:root:T= 1644507022.178984 | asked for command Pump H5 ON
INFO:root:T= 1644507022.188983 | finished for command Pump H5 ON
INFO:root:T= 1644507022.188983 | asked for opening Pump H6 for duration 0.750000 seconds
INFO:root:T= 1644507022.188983 | asked for command Pump H6 ON
INFO:root:T= 1644507022.198984 | finished for command Pump H6 ON
INFO:root:T= 1644507022.198984 | asked for opening Pump H7 for duration 0.750000 seconds
INFO:root:T= 1644507022.198984 | asked for command Pump H7 ON
INFO:root:T= 1644507022.208984 | finished for command Pump H7 ON
INFO:root:T= 1644507022.208984 | asked for opening Pump H8 for duration 0.750000 seconds
INFO:root:T= 1644507022.208984 | asked for command Pump H8 ON
INFO:root:T= 1644507022.218984 | finished for command Pump H8 ON
INFO:root:T= 1644507022.908985 | asked for command Pump H1 OFF
INFO:root:T= 1644507022.918985 | asked for command Pump H3 OFF
INFO:root:T= 1644507022.918985 | asked for command Pump H2 OFF
INFO:root:T= 1644507022.918985 | finished for command Pump H1 OFF
INFO:root:T= 1644507022.928985 | finished for command Pump H3 OFF
INFO:root:T= 1644507022.938985 | asked for command Pump H4 OFF
INFO:root:T= 1644507022.938985 | finished for command Pump H2 OFF
INFO:root:T= 1644507022.948985 | finished for command Pump H4 OFF
INFO:root:T= 1644507022.958985 | asked for command Pump H5 OFF
INFO:root:T= 1644507022.958985 | asked for command Pump H6 OFF
INFO:root:T= 1644507022.968985 | asked for command Pump H7 OFF
INFO:root:T= 1644507022.968985 | finished for command Pump H5 OFF
INFO:root:T= 1644507022.968985 | finished for command Pump H6 OFF
INFO:root:T= 1644507022.978985 | finished for command Pump H7 OFF
INFO:root:T= 1644507022.988985 | asked for command Pump H8 OFF
INFO:root:T= 1644507022.998985 | finished for command Pump H8 OFF
INFO:root:T= 1644507022.998985 | sending request transfer/200/sampling/12/prep_plate/8/ to the ot2
INFO:root:T= 1644507036.679004 | Finished request transfer/200/sampling/12/prep_plate/8/ to the ot2
INFO:root:T= 1644507036.679004 | sending request transfer/200/prep_plate/8/prep_plate/2/ to the ot2
INFO:root:T= 1644507050.479023 | Finished request transfer/200/prep_plate/8/prep_plate/2/ to the ot2
INFO:root:T= 1644507050.479023 | sending request disengage/magdeck to the ot2
INFO:root:T= 1644507051.329025 | Finished request disengage/magdeck to the ot2
INFO:root:T= 1644507051.329025 | sending request transfer/200/prep_plate/2/mag_plate/2/ to the ot2
INFO:root:T= 1644507066.309046 | Finished request transfer/200/prep_plate/2/mag_plate/2/ to the ot2
INFO:root:T= 1644507066.309046 | sending request engage/magdeck to the ot2
INFO:root:T= 1644507067.189047 | Finished request engage/magdeck to the ot2
INFO:root:T= 1644507067.189047 | sending request transfer/200/mag_plate/2/printed_trash/1/ to the ot2
INFO:root:T= 1644507079.239064 | Finished request transfer/200/mag_plate/2/printed_trash/1/ to the ot2
INFO:root:T= 1644507079.239064 | sending request disengage/magdeck to the ot2
INFO:root:T= 1644507081.339066 | Finished request disengage/magdeck to the ot2
INFO:root:T= 1644507081.339066 | sending request transfer/200/tbs_tank/2/mag_plate/2/ to the ot2
INFO:root:T= 1644507095.959087 | Finished request transfer/200/tbs_tank/2/mag_plate/2/ to the ot2
INFO:root:T= 1644507095.959087 | sending request engage/magdeck to the ot2
INFO:root:T= 1644507096.859088 | Finished request engage/magdeck to the ot2
INFO:root:T= 1644507096.859088 | sending request transfer/200/mag_plate/2/printed_trash/1/ to the ot2
INFO:root:T= 1644507108.899105 | Finished request transfer/200/mag_plate/2/printed_trash/1/ to the ot2
INFO:root:T= 1644507108.899105 | sending request disengage/magdeck to the ot2
INFO:root:T= 1644507110.989108 | Finished request disengage/magdeck to the ot2
INFO:root:T= 1644507110.989108 | sending request transfer/200/tbs_tank/2/mag_plate/2/ to the ot2
INFO:root:T= 1644507125.599128 | Finished request transfer/200/tbs_tank/2/mag_plate/2/ to the ot2
INFO:root:T= 1644507125.599128 | sending request engage/magdeck to the ot2
INFO:root:T= 1644507126.489130 | Finished request engage/magdeck to the ot2
INFO:root:T= 1644507126.489130 | sending request transfer/200/mag_plate/2/printed_trash/1/ to the ot2
INFO:root:T= 1644507138.529147 | Finished request transfer/200/mag_plate/2/printed_trash/1/ to the ot2
INFO:root:T= 1644507138.529147 | sending request disengage/magdeck to the ot2
INFO:root:T= 1644507140.630149 | Finished request disengage/magdeck to the ot2
INFO:root:T= 1644507140.630149 | sending request transfer/200/tbs_tank/2/mag_plate/2/ to the ot2
INFO:root:T= 1644507155.250170 | Finished request transfer/200/tbs_tank/2/mag_plate/2/ to the ot2
INFO:root:T= 1644507155.250170 | sending request prepare/A11_B11_C11_D11_E11_F11_G11_H11/5000 to the guava
INFO:root:T= 1644507174.090196 | Finished request prepare/A11_B11_C11_D11_E11_F11_G11_H11/5000 to the guava
INFO:root:T= 1644507174.090196 | sending request transfer/200/mag_plate/2/cytoplate/2/ to the ot2
INFO:root:T= 1644507188.420216 | Finished request transfer/200/mag_plate/2/cytoplate/2/ to the ot2
INFO:root:T= 1644507188.420216 | sending request acquire to the guava
INFO:root:T= 1644507188.660217 | Finished request acquire to the guava
INFO:root:T= 1644507196.360228 | asked for LEDs duty history all_reactors from time 0.000000
INFO:root:T= 1644507197.4002292| Starting to check events
INFO:root:T= 1644507197.4002292| Starting to check events of reactor id 1
INFO:root:T= 1644507197.4002292| Starting to check events of reactor id 2
INFO:root:T= 1644507197.4002292| Starting to check events of reactor id 3
INFO:root:T= 1644507197.4002292| Starting to check events of reactor id 4
INFO:root:T= 1644507197.4002292| Starting to check events of reactor id 5
INFO:root:T= 1644507197.4002292| Starting to check events of reactor id 6
INFO:root:T= 1644507197.4002292| Starting to check events of reactor id 7
INFO:root:T= 1644507197.4002292| Starting to check events of reactor id 8
INFO:root:T= 1644507197.400229 | sending request blink/1 to the ot2
INFO:root:T= 1644507197.910230 | Finished request blink/1 to the ot2
INFO:root:T= 1644507197.910230 | asked for command Valve B1 ON
WARNING:root:reading Valve B1 state not successful, trying again
INFO:root:T= 1644507200.930234 | finished for command Valve B1 ON
INFO:root:T= 1644507200.930234 | asked for command Valve B2 ON
INFO:root:T= 1644507200.940234 | finished for command Valve B2 ON
INFO:root:T= 1644507200.940234 | asked for command Valve B3 ON
INFO:root:T= 1644507200.950234 | finished for command Valve B3 ON
INFO:root:T= 1644507200.950234 | asked for turbidity readings for turbi sets {1, 2}
INFO:root:T= 1644507202.030235 | received turbidity readings for turbi set 1: R1= 88.0 R2= 85.0 R3= 79.0 R4= 125.0
INFO:root:T= 1644507203.120237 | received turbidity readings for turbi set 2: R5= 94.0 R6= 85.0 R7= 96.0 R8= 85.0
INFO:root:T= 1644507208.230244 | received turbidity readings for turbi set 1: R1= 80.0 R2= 89.0 R3= 75.0 R4= 122.0
INFO:root:T= 1644507209.340246 | received turbidity readings for turbi set 2: R5= 96.0 R6= 91.0 R7= 97.0 R8= 87.0
INFO:root:T= 1644507214.430253 | received turbidity readings for turbi set 1: R1= 92.0 R2= 89.0 R3= 72.0 R4= 108.0
INFO:root:T= 1644507215.500254 | received turbidity readings for turbi set 2: R5= 94.0 R6= 91.0 R7= 100.0 R8= 83.0
INFO:root:T= 1644507220.610261 | received turbidity readings for turbi set 1: R1= 82.0 R2= 90.0 R3= 71.0 R4= 119.0
INFO:root:T= 1644507221.670263 | received turbidity readings for turbi set 2: R5= 91.0 R6= 86.0 R7= 99.0 R8= 87.0
INFO:root:T= 1644507226.780270 | received turbidity readings for turbi set 1: R1= 83.0 R2= 85.0 R3= 76.0 R4= 125.0
INFO:root:T= 1644507227.830271 | received turbidity readings for turbi set 2: R5= 98.0 R6= 87.0 R7= 98.0 R8= 85.0
INFO:root:T= 1644507232.960279 | received turbidity readings for turbi set 1: R1= 84.0 R2= 85.0 R3= 67.0 R4= 115.0
INFO:root:T= 1644507234.040280 | received turbidity readings for turbi set 2: R5= 87.0 R6= 86.0 R7= 103.0 R8= 85.0
INFO:root:T= 1644507234.050280 | computed average of 6 turbidity readings after excluding 0 highest {1: 84.83333333333333, 2: 87.16666666666667, 3: 73.33333333333333, 4: 119.0, 5: 93.33333333333333, 6: 87.66666666666667, 7: 98.83333333333333, 8: 85.33333333333333}
INFO:root:T= 1644507234.060280 | applied calibration on turbidity readings average {1: 0.09364495315273969, 2: 0.030520200382582185, 3: -0.012235144373571316, 4: 0.31070116509357604, 5: 0.06958102979921188, 6: 0.09067602150172815, 7: 0.15921982370060928, 8: 0.009366610103761275}
INFO:root:T= 1644507234.070280 | asked for command Valve B1 OFF
INFO:root:T= 1644507234.080280 | finished for command Valve B1 OFF
INFO:root:T= 1644507234.080280 | asked for command Valve B2 OFF
INFO:root:T= 1644507234.090280 | finished for command Valve B2 OFF
INFO:root:T= 1644507234.090280 | asked for command Valve B3 OFF
INFO:root:T= 1644507234.100280 | finished for command Valve B3 OFF
INFO:root:T= 1644507234.100280 | asked for command Valve F1 OFF
INFO:root:T= 1644507234.110281 | finished for command Valve F1 OFF
INFO:root:T= 1644507234.110281 | asked for command Valve F2 OFF
INFO:root:T= 1644507234.120280 | finished for command Valve F2 OFF
INFO:root:T= 1644507234.120280 | asked for command Valve F3 OFF
INFO:root:T= 1644507234.130280 | finished for command Valve F3 OFF
INFO:root:T= 1644507234.130280 | asked for command Valve F4 OFF
INFO:root:T= 1644507234.140280 | finished for command Valve F4 OFF
INFO:root:T= 1644507234.140280 | asked for command Valve F5 OFF
INFO:root:T= 1644507234.150280 | finished for command Valve F5 OFF
INFO:root:T= 1644507234.150280 | asked for command Valve F6 OFF
INFO:root:T= 1644507234.160280 | finished for command Valve F6 OFF
INFO:root:T= 1644507234.160280 | asked for command Valve F7 OFF
INFO:root:T= 1644507234.170280 | finished for command Valve F7 OFF
INFO:root:T= 1644507234.170280 | asked for command Valve F8 OFF
INFO:root:T= 1644507234.180281 | finished for command Valve F8 OFF
INFO:root:T= 1644507234.180281 | sending request gotobin to the ot2
INFO:root:T= 1644507234.230280 | Finished request gotobin to the ot2
INFO:root:T= 1644507234.230280 | sending request blink/2 to the ot2
INFO:root:T= 1644507235.230282 | Finished request blink/2 to the ot2
INFO:root:T= 1644507235.230282 | sending request blink/3 to the ot2
INFO:root:T= 1644507236.730284 | Finished request blink/3 to the ot2
INFO:root:T= 1644507243.720294 | sending request status to the guava
INFO:root:T= 1644507243.730294 | Finished request status to the guava
INFO:root:T= 1644507250.530303 | asked for LEDs duty history all_reactors from time 0.000000
INFO:root:T= 1644507251.5903049| Starting to check events
INFO:root:T= 1644507251.5903049| Starting to check events of reactor id 1
INFO:root:T= 1644507251.5903049| Starting to check events of reactor id 2
INFO:root:T= 1644507251.5903049| Starting to check events of reactor id 3
INFO:root:T= 1644507251.5903049| Starting to check events of reactor id 4
INFO:root:T= 1644507251.5903049| Starting to check events of reactor id 5
INFO:root:T= 1644507251.5903049| Starting to check events of reactor id 6
INFO:root:T= 1644507251.5903049| Starting to check events of reactor id 7
INFO:root:T= 1644507251.5903049| Starting to check events of reactor id 8
INFO:root:T= 1644507317.490397 | sending request blink/1 to the ot2
INFO:root:T= 1644507318.000398 | Finished request blink/1 to the ot2
INFO:root:T= 1644507318.010398 | asked for command Valve B1 ON
WARNING:root:reading Valve B1 state not successful, trying again
INFO:root:T= 1644507324.040406 | finished for command Valve B1 ON
INFO:root:T= 1644507324.040406 | asked for command Valve B2 ON
INFO:root:T= 1644507324.050406 | finished for command Valve B2 ON
INFO:root:T= 1644507324.050406 | asked for command Valve B3 ON
INFO:root:T= 1644507324.060406 | finished for command Valve B3 ON
INFO:root:T= 1644507324.060406 | asked for turbidity readings for turbi sets {1, 2}
INFO:root:T= 1644507325.120408 | received turbidity readings for turbi set 1: R1= 88.0 R2= 93.0 R3= 76.0 R4= 115.0
INFO:root:T= 1644507326.190409 | received turbidity readings for turbi set 2: R5= 89.0 R6= 94.0 R7= 100.0 R8= 79.0
INFO:root:T= 1644507331.280416 | received turbidity readings for turbi set 1: R1= 79.0 R2= 85.0 R3= 82.0 R4= 125.0
INFO:root:T= 1644507332.380418 | received turbidity readings for turbi set 2: R5= 89.0 R6= 90.0 R7= 100.0 R8= 79.0
INFO:root:T= 1644507337.450425 | received turbidity readings for turbi set 1: R1= 89.0 R2= 90.0 R3= 75.0 R4= 111.0
INFO:root:T= 1644507338.540426 | received turbidity readings for turbi set 2: R5= 95.0 R6= 83.0 R7= 103.0 R8= 91.0
INFO:root:T= 1644507343.660434 | received turbidity readings for turbi set 1: R1= 87.0 R2= 91.0 R3= 82.0 R4= 115.0
INFO:root:T= 1644507344.750435 | received turbidity readings for turbi set 2: R5= 92.0 R6= 87.0 R7= 95.0 R8= 85.0
INFO:root:T= 1644507349.860442 | received turbidity readings for turbi set 1: R1= 83.0 R2= 91.0 R3= 74.0 R4= 112.0
INFO:root:T= 1644507350.890444 | received turbidity readings for turbi set 2: R5= 93.0 R6= 90.0 R7= 99.0 R8= 87.0
INFO:root:T= 1644507352.570446 | asked for shutting off all pumps and valves
INFO:root:T= 1644507352.580446 | finished shut off all coils command
INFO:root:T= 1644507355.910451 | received turbidity readings for turbi set 1: R1= 81.0 R2= 88.0 R3= 73.0 R4= 122.0
INFO:root:T= 1644507356.920452 | received turbidity readings for turbi set 2: R5= 91.0 R6= 88.0 R7= 103.0 R8= 89.0
INFO:root:T= 1644507356.920452 | computed average of 6 turbidity readings after excluding 0 highest {1: 84.5, 2: 89.66666666666667, 3: 77.0, 4: 116.66666666666667, 5: 91.5, 6: 88.66666666666667, 7: 100.0, 8: 85.0}
INFO:root:T= 1644507356.920452 | applied calibration on turbidity readings average {1: 0.09043944211221255, 2: 0.054602908670398076, 3: 0.02751251698890833, 4: 0.2941895538980064, 5: 0.052321821182744976, 6: 0.10016377536441867, 7: 0.16926513544259247, 8: 0.005980416185395132}
