INFO:root:T=1671213755.3528867 | domain=GLOBAL | msg=opto-cyto-reactors cod git id =5bd4dd78ac6acb02da07ca9952f93ca036c8ab53
INFO:root:T= 1671213764.072899| Pinching front valves
INFO:root:T= 1671213764.072899 | asked for command Valve F1 ON
INFO:root:T= 1671213764.122899 | finished for command Valve F1 ON
INFO:root:T= 1671213764.122899 | asked for command Valve F2 ON
INFO:root:T= 1671213764.132899 | finished for command Valve F2 ON
INFO:root:T= 1671213764.132899 | asked for command Valve F3 ON
INFO:root:T= 1671213764.142899 | finished for command Valve F3 ON
INFO:root:T= 1671213764.142899 | asked for command Valve F4 ON
INFO:root:T= 1671213764.152899 | finished for command Valve F4 ON
INFO:root:T= 1671213764.152899 | asked for command Valve F5 ON
INFO:root:T= 1671213764.162899 | finished for command Valve F5 ON
INFO:root:T= 1671213764.162899 | asked for command Valve F6 ON
INFO:root:T= 1671213764.172899 | finished for command Valve F6 ON
INFO:root:T= 1671213764.172899 | asked for command Valve F7 ON
INFO:root:T= 1671213764.182899 | finished for command Valve F7 ON
INFO:root:T= 1671213764.182899 | asked for command Valve F8 ON
INFO:root:T= 1671213764.192899 | finished for command Valve F8 ON
INFO:root:T= 1671213764.552900| Pinching front valves
INFO:root:T= 1671213764.552900 | asked for command Valve F1 OFF
INFO:root:T= 1671213764.572900 | finished for command Valve F1 OFF
INFO:root:T= 1671213764.572900 | asked for command Valve F2 OFF
INFO:root:T= 1671213764.582900 | finished for command Valve F2 OFF
INFO:root:T= 1671213764.582900 | asked for command Valve F3 OFF
INFO:root:T= 1671213764.592900 | finished for command Valve F3 OFF
INFO:root:T= 1671213764.592900 | asked for command Valve F4 OFF
INFO:root:T= 1671213764.602900 | finished for command Valve F4 OFF
INFO:root:T= 1671213764.602900 | asked for command Valve F5 OFF
INFO:root:T= 1671213764.612900 | finished for command Valve F5 OFF
INFO:root:T= 1671213764.612900 | asked for command Valve F6 OFF
INFO:root:T= 1671213764.622900 | finished for command Valve F6 OFF
INFO:root:T= 1671213764.622900 | asked for command Valve F7 OFF
INFO:root:T= 1671213764.632900 | finished for command Valve F7 OFF
INFO:root:T= 1671213764.632900 | asked for command Valve F8 OFF
INFO:root:T= 1671213764.642900 | finished for command Valve F8 OFF
INFO:root:T= 1671213810.192964 | sending request move_to/sampling_metal/2 to the ot2
INFO:root:T= 1671213810.412964 | Finished request move_to/sampling_metal/2 to the ot2
INFO:root:T= 1671213831.392993 | sending request gotobin to the ot2
INFO:root:T= 1671213833.202996 | Finished request gotobin to the ot2
INFO:root:T= 1671213837.393002| Started an input pumps sequence
INFO:root:T= 1671213884.493068 | asked for opening Valve B1 for duration 10.000000 seconds
INFO:root:T= 1671213884.493068 | asked for command Valve B1 ON
WARNING:root:reading Valve B1 state not successful, trying again
INFO:root:T= 1671213887.513072 | finished for command Valve B1 ON
INFO:root:T= 1671213887.513072 | asked for opening Valve B2 for duration 10.000000 seconds
INFO:root:T= 1671213887.513072 | asked for command Valve B2 ON
INFO:root:T= 1671213887.523072 | finished for command Valve B2 ON
INFO:root:T= 1671213887.523072 | asked for opening Valve B3 for duration 10.000000 seconds
INFO:root:T= 1671213887.523072 | asked for command Valve B3 ON
INFO:root:T= 1671213887.533072 | finished for command Valve B3 ON
INFO:root:T= 1671213887.533072 | asked for opening Valve B4 for duration 10.000000 seconds
INFO:root:T= 1671213887.533072 | asked for command Valve B4 ON
INFO:root:T= 1671213887.543072 | finished for command Valve B4 ON
INFO:root:T= 1671213897.513086 | asked for command Valve B1 OFF
INFO:root:T= 1671213897.523086 | asked for command Valve B2 OFF
INFO:root:T= 1671213897.523086 | finished for command Valve B1 OFF
INFO:root:T= 1671213897.533086 | finished for command Valve B2 OFF
INFO:root:T= 1671213897.543086 | asked for command Valve B4 OFF
INFO:root:T= 1671213897.543086 | asked for command Valve B3 OFF
INFO:root:T= 1671213897.553086 | finished for command Valve B3 OFF
INFO:root:T= 1671213897.553086 | finished for command Valve B4 OFF
INFO:root:T= 1671213905.583097| Started an input pumps priming sequence
INFO:root:T= 1671213935.883140| Started an input pumps priming sequence
INFO:root:T= 1671214188.973494 | asked for opening Valve B1 for duration 10.000000 seconds
INFO:root:T= 1671214188.973494 | asked for command Valve B1 ON
WARNING:root:reading Valve B1 state not successful, trying again
INFO:root:T= 1671214191.993498 | finished for command Valve B1 ON
INFO:root:T= 1671214191.993498 | asked for opening Valve B2 for duration 10.000000 seconds
INFO:root:T= 1671214191.993498 | asked for command Valve B2 ON
INFO:root:T= 1671214192.003498 | finished for command Valve B2 ON
INFO:root:T= 1671214192.003498 | asked for opening Valve B3 for duration 10.000000 seconds
INFO:root:T= 1671214192.003498 | asked for command Valve B3 ON
INFO:root:T= 1671214192.013498 | finished for command Valve B3 ON
INFO:root:T= 1671214192.013498 | asked for opening Valve B4 for duration 10.000000 seconds
INFO:root:T= 1671214192.013498 | asked for command Valve B4 ON
INFO:root:T= 1671214192.023498 | finished for command Valve B4 ON
INFO:root:T= 1671214201.993512 | asked for command Valve B1 OFF
INFO:root:T= 1671214202.003512 | asked for command Valve B2 OFF
INFO:root:T= 1671214202.003512 | finished for command Valve B1 OFF
INFO:root:T= 1671214202.013512 | finished for command Valve B2 OFF
INFO:root:T= 1671214202.033512 | asked for command Valve B4 OFF
INFO:root:T= 1671214202.033512 | asked for command Valve B3 OFF
INFO:root:T= 1671214202.053512 | finished for command Valve B4 OFF
INFO:root:T= 1671214202.053512 | finished for command Valve B3 OFF
INFO:root:T= 1671214242.713569 | asked for opening Valve B1 for duration 10.000000 seconds
INFO:root:T= 1671214242.713569 | asked for command Valve B1 ON
INFO:root:T= 1671214242.733569 | finished for command Valve B1 ON
INFO:root:T= 1671214242.733569 | asked for opening Valve B2 for duration 10.000000 seconds
INFO:root:T= 1671214242.733569 | asked for command Valve B2 ON
INFO:root:T= 1671214242.743569 | finished for command Valve B2 ON
INFO:root:T= 1671214242.743569 | asked for opening Valve B3 for duration 10.000000 seconds
INFO:root:T= 1671214242.743569 | asked for command Valve B3 ON
INFO:root:T= 1671214242.753569 | finished for command Valve B3 ON
INFO:root:T= 1671214242.753569 | asked for opening Valve B4 for duration 10.000000 seconds
INFO:root:T= 1671214242.753569 | asked for command Valve B4 ON
INFO:root:T= 1671214242.763569 | finished for command Valve B4 ON
INFO:root:T= 1671214252.733583 | asked for command Valve B1 OFF
INFO:root:T= 1671214252.743583 | asked for command Valve B2 OFF
INFO:root:T= 1671214252.743583 | finished for command Valve B1 OFF
INFO:root:T= 1671214252.753583 | asked for command Valve B3 OFF
INFO:root:T= 1671214252.753583 | finished for command Valve B2 OFF
INFO:root:T= 1671214252.763583 | finished for command Valve B3 OFF
INFO:root:T= 1671214252.773583 | asked for command Valve B4 OFF
INFO:root:T= 1671214252.773583| Started an input pumps priming sequence
INFO:root:T= 1671214252.783583 | finished for command Valve B4 OFF
INFO:root:T= 1671444753.329504| Pinching front valves
INFO:root:T= 1671444753.329504 | asked for command Valve F1 ON
WARNING:root:reading Valve F1 state not successful, trying again
INFO:root:T= 1671444756.349509 | finished for command Valve F1 ON
INFO:root:T= 1671444756.349509 | asked for command Valve F2 ON
INFO:root:T= 1671444756.359509 | finished for command Valve F2 ON
INFO:root:T= 1671444756.359509 | asked for command Valve F3 ON
INFO:root:T= 1671444756.369509 | finished for command Valve F3 ON
INFO:root:T= 1671444756.369509 | asked for command Valve F4 ON
INFO:root:T= 1671444756.379508 | finished for command Valve F4 ON
INFO:root:T= 1671444756.379508 | asked for command Valve F5 ON
INFO:root:T= 1671444756.389509 | finished for command Valve F5 ON
INFO:root:T= 1671444756.389509 | asked for command Valve F6 ON
INFO:root:T= 1671444756.399508 | finished for command Valve F6 ON
INFO:root:T= 1671444756.399508 | asked for command Valve F7 ON
INFO:root:T= 1671444756.409509 | finished for command Valve F7 ON
INFO:root:T= 1671444756.409509 | asked for command Valve F8 ON
INFO:root:T= 1671444756.419509 | finished for command Valve F8 ON
INFO:root:T= 1671444758.739512| Pinching front valves
INFO:root:T= 1671444758.739512 | asked for command Valve F1 OFF
INFO:root:T= 1671444758.769512 | finished for command Valve F1 OFF
INFO:root:T= 1671444758.769512 | asked for command Valve F2 OFF
INFO:root:T= 1671444758.779512 | finished for command Valve F2 OFF
INFO:root:T= 1671444758.779512 | asked for command Valve F3 OFF
INFO:root:T= 1671444758.789512 | finished for command Valve F3 OFF
INFO:root:T= 1671444758.789512 | asked for command Valve F4 OFF
INFO:root:T= 1671444758.799512 | finished for command Valve F4 OFF
INFO:root:T= 1671444758.799512 | asked for command Valve F5 OFF
INFO:root:T= 1671444758.809512 | finished for command Valve F5 OFF
INFO:root:T= 1671444758.809512 | asked for command Valve F6 OFF
INFO:root:T= 1671444758.819512 | finished for command Valve F6 OFF
INFO:root:T= 1671444758.819512 | asked for command Valve F7 OFF
INFO:root:T= 1671444758.829512 | finished for command Valve F7 OFF
INFO:root:T= 1671444758.829512 | asked for command Valve F8 OFF
INFO:root:T= 1671444758.839512 | finished for command Valve F8 OFF
INFO:root:T= 1671444766.729523 | asked for opening Valve B1 for duration 10.000000 seconds
INFO:root:T= 1671444766.729523 | asked for command Valve B1 ON
INFO:root:T= 1671444766.759523 | finished for command Valve B1 ON
INFO:root:T= 1671444766.759523 | asked for opening Valve B2 for duration 10.000000 seconds
INFO:root:T= 1671444766.759523 | asked for command Valve B2 ON
INFO:root:T= 1671444766.769523 | finished for command Valve B2 ON
INFO:root:T= 1671444766.769523 | asked for opening Valve B3 for duration 10.000000 seconds
INFO:root:T= 1671444766.769523 | asked for command Valve B3 ON
INFO:root:T= 1671444766.779523 | finished for command Valve B3 ON
INFO:root:T= 1671444766.779523 | asked for opening Valve B4 for duration 10.000000 seconds
INFO:root:T= 1671444766.779523 | asked for command Valve B4 ON
INFO:root:T= 1671444766.789523 | finished for command Valve B4 ON
INFO:root:T= 1671444776.759537 | asked for command Valve B1 OFF
INFO:root:T= 1671444776.769537 | asked for command Valve B2 OFF
INFO:root:T= 1671444776.769537 | finished for command Valve B1 OFF
INFO:root:T= 1671444776.779537 | finished for command Valve B2 OFF
INFO:root:T= 1671444776.799537 | asked for command Valve B3 OFF
INFO:root:T= 1671444776.799537 | asked for command Valve B4 OFF
INFO:root:T= 1671444776.809537 | finished for command Valve B3 OFF
INFO:root:T= 1671444776.819537 | finished for command Valve B4 OFF
INFO:root:T= 1671444779.099540| Started an input pumps priming sequence
INFO:root:T= 1671444869.399667| Pinching front valves
INFO:root:T= 1671444869.399667 | asked for command Valve F1 ON
WARNING:root:reading Valve F1 state not successful, trying again
INFO:root:T= 1671444872.409671 | finished for command Valve F1 ON
INFO:root:T= 1671444872.409671 | asked for command Valve F2 ON
INFO:root:T= 1671444872.419671 | finished for command Valve F2 ON
INFO:root:T= 1671444872.419671 | asked for command Valve F3 ON
INFO:root:T= 1671444872.429671 | finished for command Valve F3 ON
INFO:root:T= 1671444872.429671 | asked for command Valve F4 ON
INFO:root:T= 1671444872.439671 | finished for command Valve F4 ON
INFO:root:T= 1671444872.439671 | asked for command Valve F5 ON
INFO:root:T= 1671444872.449671 | finished for command Valve F5 ON
INFO:root:T= 1671444872.449671 | asked for command Valve F6 ON
INFO:root:T= 1671444872.459671 | finished for command Valve F6 ON
INFO:root:T= 1671444872.459671 | asked for command Valve F7 ON
INFO:root:T= 1671444872.469671 | finished for command Valve F7 ON
INFO:root:T= 1671444872.469671 | asked for command Valve F8 ON
INFO:root:T= 1671444872.479671 | finished for command Valve F8 ON
INFO:root:T= 1671444872.479671 | sending request gotobin to the ot2
INFO:root:T= 1671444872.739671 | Finished request gotobin to the ot2
INFO:root:T= 1671444872.739671 | asked for command Pump H1 ON
INFO:root:T= 1671444872.749671 | finished for command Pump H1 ON
INFO:root:T= 1671444872.749671 | asked for command Pump H2 ON
INFO:root:T= 1671444872.759671 | finished for command Pump H2 ON
INFO:root:T= 1671444872.759671 | asked for command Pump H3 ON
INFO:root:T= 1671444872.769672 | finished for command Pump H3 ON
INFO:root:T= 1671444872.769672 | asked for command Pump H4 ON
INFO:root:T= 1671444872.779672 | finished for command Pump H4 ON
INFO:root:T= 1671444872.779672 | asked for command Pump H5 ON
INFO:root:T= 1671444872.789672 | finished for command Pump H5 ON
INFO:root:T= 1671444872.789672 | asked for command Pump H6 ON
INFO:root:T= 1671444872.799672 | finished for command Pump H6 ON
INFO:root:T= 1671444872.799672 | asked for command Pump H7 ON
INFO:root:T= 1671444872.809672 | finished for command Pump H7 ON
INFO:root:T= 1671444872.809672 | asked for command Pump H8 ON
INFO:root:T= 1671444872.819672 | finished for command Pump H8 ON
INFO:root:T= 1671444878.089679 | asked for command Pump H1 OFF
INFO:root:T= 1671444878.099679 | finished for command Pump H1 OFF
INFO:root:T= 1671444878.099679 | asked for command Pump H2 OFF
INFO:root:T= 1671444878.109679 | finished for command Pump H2 OFF
INFO:root:T= 1671444878.109679 | asked for command Pump H3 OFF
INFO:root:T= 1671444878.129679 | finished for command Pump H3 OFF
INFO:root:T= 1671444878.129679 | asked for command Pump H4 OFF
INFO:root:T= 1671444878.139679 | finished for command Pump H4 OFF
INFO:root:T= 1671444878.139679 | asked for command Pump H5 OFF
INFO:root:T= 1671444878.149679 | finished for command Pump H5 OFF
INFO:root:T= 1671444878.149679 | asked for command Pump H6 OFF
INFO:root:T= 1671444878.159679 | finished for command Pump H6 OFF
INFO:root:T= 1671444878.159679 | asked for command Pump H7 OFF
INFO:root:T= 1671444878.169679 | finished for command Pump H7 OFF
INFO:root:T= 1671444878.169679 | asked for command Pump H8 OFF
INFO:root:T= 1671444878.179679 | finished for command Pump H8 OFF
INFO:root:T= 1671444878.179679| Pinching front valves
INFO:root:T= 1671444878.179679 | asked for command Valve F1 OFF
INFO:root:T= 1671444878.189679 | finished for command Valve F1 OFF
INFO:root:T= 1671444878.189679 | asked for command Valve F2 OFF
INFO:root:T= 1671444878.199679 | finished for command Valve F2 OFF
INFO:root:T= 1671444878.199679 | asked for command Valve F3 OFF
INFO:root:T= 1671444878.209679 | finished for command Valve F3 OFF
INFO:root:T= 1671444878.209679 | asked for command Valve F4 OFF
INFO:root:T= 1671444878.219679 | finished for command Valve F4 OFF
INFO:root:T= 1671444878.219679 | asked for command Valve F5 OFF
INFO:root:T= 1671444878.229679 | finished for command Valve F5 OFF
INFO:root:T= 1671444878.229679 | asked for command Valve F6 OFF
INFO:root:T= 1671444878.239679 | finished for command Valve F6 OFF
INFO:root:T= 1671444878.239679 | asked for command Valve F7 OFF
INFO:root:T= 1671444878.249679 | finished for command Valve F7 OFF
INFO:root:T= 1671444878.249679 | asked for command Valve F8 OFF
INFO:root:T= 1671444878.259679 | finished for command Valve F8 OFF
INFO:root:T= 1671444888.179693| Started an input pumps priming sequence
INFO:root:T= 1671444990.939837| Started an input pumps sequence
INFO:root:T= 1671444990.939837 | asked for opening Pump L1 for duration 92.652762 seconds
INFO:root:T= 1671444990.939837 | asked for command Pump L1 ON
WARNING:root:reading Pump L1 state not successful, trying again
INFO:root:T= 1671444993.959841 | finished for command Pump L1 ON
INFO:root:T= 1671444993.959841 | asked for opening Pump L2 for duration 82.736958 seconds
INFO:root:T= 1671444993.959841 | asked for command Pump L2 ON
INFO:root:T= 1671444993.969841 | finished for command Pump L2 ON
INFO:root:T= 1671444993.969841 | asked for opening Pump L3 for duration 104.000145 seconds
INFO:root:T= 1671444993.969841 | asked for command Pump L3 ON
INFO:root:T= 1671444993.979841 | finished for command Pump L3 ON
INFO:root:T= 1671444993.979841 | asked for opening Pump L4 for duration 98.442243 seconds
INFO:root:T= 1671444993.979841 | asked for command Pump L4 ON
INFO:root:T= 1671444993.989841 | finished for command Pump L4 ON
INFO:root:T= 1671444993.989841 | asked for opening Pump L5 for duration 98.505402 seconds
INFO:root:T= 1671444993.989841 | asked for command Pump L5 ON
INFO:root:T= 1671444993.999841 | finished for command Pump L5 ON
INFO:root:T= 1671444993.999841 | asked for opening Pump L6 for duration 103.747514 seconds
INFO:root:T= 1671444993.999841 | asked for command Pump L6 ON
INFO:root:T= 1671444994.009841 | finished for command Pump L6 ON
INFO:root:T= 1671444994.009841 | asked for opening Pump L7 for duration 109.747522 seconds
INFO:root:T= 1671444994.009841 | asked for command Pump L7 ON
INFO:root:T= 1671444994.019841 | finished for command Pump L7 ON
INFO:root:T= 1671444994.019841 | asked for opening Pump L8 for duration 100.652772 seconds
INFO:root:T= 1671444994.019841 | asked for command Pump L8 ON
INFO:root:T= 1671444994.029841 | finished for command Pump L8 ON
INFO:root:T= 1671445076.709957 | asked for command Pump L2 OFF
WARNING:root:reading Pump L2 state not successful, trying again
INFO:root:T= 1671445082.759965 | finished for command Pump L2 OFF
INFO:root:T= 1671445086.629971 | asked for command Pump L1 OFF
INFO:root:T= 1671445086.639971 | finished for command Pump L1 OFF
INFO:root:T= 1671445092.439979 | asked for command Pump L4 OFF
INFO:root:T= 1671445092.449979 | finished for command Pump L4 OFF
INFO:root:T= 1671445092.509979 | asked for command Pump L5 OFF
INFO:root:T= 1671445092.519979 | finished for command Pump L5 OFF
INFO:root:T= 1671445094.689982 | asked for command Pump L8 OFF
INFO:root:T= 1671445094.699982 | finished for command Pump L8 OFF
INFO:root:T= 1671445097.769987 | asked for command Pump L6 OFF
INFO:root:T= 1671445097.779987 | finished for command Pump L6 OFF
INFO:root:T= 1671445097.989987 | asked for command Pump L3 OFF
INFO:root:T= 1671445097.999987 | finished for command Pump L3 OFF
INFO:root:T= 1671445103.769995 | asked for command Pump L7 OFF
INFO:root:T= 1671445103.779995 | finished for command Pump L7 OFF
INFO:root:T= 1671445150.780061 | sending request gotobin to the ot2
INFO:root:T= 1671445150.970061 | Finished request gotobin to the ot2
INFO:root:T= 1671445150.970061 | asked for opening Pump H1 for duration 38.852686 seconds
INFO:root:T= 1671445150.970061 | asked for command Pump H1 ON
INFO:root:T= 1671445150.990061 | finished for command Pump H1 ON
INFO:root:T= 1671445150.990061 | asked for opening Pump H2 for duration 46.463223 seconds
INFO:root:T= 1671445150.990061 | asked for command Pump H2 ON
INFO:root:T= 1671445151.000061 | finished for command Pump H2 ON
INFO:root:T= 1671445151.000061 | asked for opening Pump H3 for duration 33.221099 seconds
INFO:root:T= 1671445151.000061 | asked for command Pump H3 ON
INFO:root:T= 1671445151.010061 | finished for command Pump H3 ON
INFO:root:T= 1671445151.010061 | asked for opening Pump H4 for duration 75.673790 seconds
INFO:root:T= 1671445151.010061 | asked for command Pump H4 ON
INFO:root:T= 1671445151.020061 | finished for command Pump H4 ON
INFO:root:T= 1671445151.020061 | asked for opening Pump H5 for duration 45.379011 seconds
INFO:root:T= 1671445151.020061 | asked for command Pump H5 ON
INFO:root:T= 1671445151.030061 | finished for command Pump H5 ON
INFO:root:T= 1671445151.030061 | asked for opening Pump H6 for duration 48.694805 seconds
INFO:root:T= 1671445151.030061 | asked for command Pump H6 ON
INFO:root:T= 1671445151.040061 | finished for command Pump H6 ON
INFO:root:T= 1671445151.040061 | asked for opening Pump H7 for duration 30.452674 seconds
INFO:root:T= 1671445151.040061 | asked for command Pump H7 ON
INFO:root:T= 1671445151.050061 | finished for command Pump H7 ON
INFO:root:T= 1671445151.050061 | asked for opening Pump H8 for duration 42.800060 seconds
INFO:root:T= 1671445151.050061 | asked for command Pump H8 ON
INFO:root:T= 1671445151.060061 | finished for command Pump H8 ON
INFO:root:T= 1671445181.510104 | asked for command Pump H7 OFF
INFO:root:T= 1671445181.520104 | finished for command Pump H7 OFF
INFO:root:T= 1671445184.240108 | asked for command Pump H3 OFF
INFO:root:T= 1671445184.250108 | finished for command Pump H3 OFF
INFO:root:T= 1671445189.850116 | asked for command Pump H1 OFF
INFO:root:T= 1671445189.860116 | finished for command Pump H1 OFF
INFO:root:T= 1671445193.870121 | asked for command Pump H8 OFF
INFO:root:T= 1671445193.880121 | finished for command Pump H8 OFF
INFO:root:T= 1671445196.410125 | asked for command Pump H5 OFF
INFO:root:T= 1671445196.430125 | finished for command Pump H5 OFF
INFO:root:T= 1671445197.470126 | asked for command Pump H2 OFF
INFO:root:T= 1671445197.480126 | finished for command Pump H2 OFF
INFO:root:T= 1671445199.750129 | asked for command Pump H6 OFF
INFO:root:T= 1671445199.760129 | finished for command Pump H6 OFF
INFO:root:T= 1671445226.700167 | asked for command Pump H4 OFF
INFO:root:T= 1671445226.710167 | finished for command Pump H4 OFF
INFO:root:T= 1671445226.710167| Pinching front valves
INFO:root:T= 1671445226.710167 | asked for command Valve F1 OFF
WARNING:root:useless (state already as asked) command asked Valve F1 OFF, so not doing it
INFO:root:T= 1671445226.710167 | asked for command Valve F2 OFF
WARNING:root:useless (state already as asked) command asked Valve F2 OFF, so not doing it
INFO:root:T= 1671445226.710167 | asked for command Valve F3 OFF
WARNING:root:useless (state already as asked) command asked Valve F3 OFF, so not doing it
INFO:root:T= 1671445226.710167 | asked for command Valve F4 OFF
WARNING:root:useless (state already as asked) command asked Valve F4 OFF, so not doing it
INFO:root:T= 1671445226.720167 | asked for command Valve F5 OFF
WARNING:root:useless (state already as asked) command asked Valve F5 OFF, so not doing it
INFO:root:T= 1671445226.720167 | asked for command Valve F6 OFF
WARNING:root:useless (state already as asked) command asked Valve F6 OFF, so not doing it
INFO:root:T= 1671445226.720167 | asked for command Valve F7 OFF
WARNING:root:useless (state already as asked) command asked Valve F7 OFF, so not doing it
INFO:root:T= 1671445226.720167 | asked for command Valve F8 OFF
WARNING:root:useless (state already as asked) command asked Valve F8 OFF, so not doing it
INFO:root:T= 1671447751.624702 | sending request move_to/sampling_metal/2 to the ot2
INFO:root:T= 1671447753.444705 | Finished request move_to/sampling_metal/2 to the ot2
INFO:root:T= 1671447790.184756 | asked for command Pump H1 ON
WARNING:root:reading Pump H1 state not successful, trying again
INFO:root:T= 1671447793.194760 | finished for command Pump H1 ON
INFO:root:T= 1671447829.664811 | asked for command Pump H1 OFF
INFO:root:T= 1671447829.674811 | finished for command Pump H1 OFF
INFO:root:T= 1671447832.674815 | asked for command Pump H2 ON
INFO:root:T= 1671447832.684816 | finished for command Pump H2 ON
INFO:root:T= 1671447876.334877 | asked for command Pump H2 OFF
INFO:root:T= 1671447876.344877 | finished for command Pump H2 OFF
INFO:root:T= 1671447879.344881 | asked for command Pump H3 ON
INFO:root:T= 1671447879.354881 | finished for command Pump H3 ON
INFO:root:T= 1671447911.714926 | asked for command Pump H3 OFF
INFO:root:T= 1671447911.724926 | finished for command Pump H3 OFF
INFO:root:T= 1671447914.724930 | asked for command Pump H4 ON
INFO:root:T= 1671447914.734931 | finished for command Pump H4 ON
INFO:root:T= 1671447956.634989 | asked for command Pump H4 OFF
INFO:root:T= 1671447956.654989 | finished for command Pump H4 OFF
INFO:root:T= 1671447959.654993 | asked for command Pump H5 ON
INFO:root:T= 1671447959.664993 | finished for command Pump H5 ON
INFO:root:T= 1671448003.645055 | asked for command Pump H5 OFF
INFO:root:T= 1671448003.665055 | finished for command Pump H5 OFF
INFO:root:T= 1671448006.665059 | asked for command Pump H6 ON
INFO:root:T= 1671448006.675059 | finished for command Pump H6 ON
INFO:root:T= 1671448053.185124 | asked for command Pump H6 OFF
INFO:root:T= 1671448053.195124 | finished for command Pump H6 OFF
INFO:root:T= 1671448056.195128 | asked for command Pump H7 ON
INFO:root:T= 1671448056.205128 | finished for command Pump H7 ON
INFO:root:T= 1671448087.405172 | asked for command Pump H7 OFF
INFO:root:T= 1671448087.425172 | finished for command Pump H7 OFF
INFO:root:T= 1671448090.425176 | asked for command Pump H8 ON
INFO:root:T= 1671448090.435176 | finished for command Pump H8 ON
INFO:root:T= 1671448132.685236 | asked for command Pump H8 OFF
INFO:root:T= 1671448132.705235 | finished for command Pump H8 OFF
INFO:root:For pump H1 (installed as output for reactor 1), new flow rate: 15.629262363502614 mL/min (was 15.442947702664197)
INFO:root:For pump H2 (installed as output for reactor 2), new flow rate: 13.05840095608502 mL/min (was 12.913439015775785)
INFO:root:For pump H3 (installed as output for reactor 3), new flow rate: 17.61431408923563 mL/min (was 18.060811293325386)
INFO:root:For pump H4 (installed as output for reactor 4), new flow rate: 13.60379961980882 mL/min (was 7.928768998806801)
INFO:root:For pump H5 (installed as output for reactor 5), new flow rate: 12.960418429550401 mL/min (was 13.221971789353216)
INFO:root:For pump H6 (installed as output for reactor 6), new flow rate: 12.255411854551992 mL/min (was 12.321642910954832)
INFO:root:For pump H7 (installed as output for reactor 7), new flow rate: 18.269205193348487 mL/min (was 19.70270308023928)
INFO:root:For pump H8 (installed as output for reactor 8), new flow rate: 13.4911053037631 mL/min (was 14.018671995242146)
INFO:root:T= 1671448144.535252 | sending request gotobin to the ot2
INFO:root:T= 1671448146.345255 | Finished request gotobin to the ot2
INFO:root:T= 1671448415.085631| Started an input pumps sequence
INFO:root:T= 1671448415.085631 | asked for opening Pump L1 for duration 23.163191 seconds
INFO:root:T= 1671448415.085631 | asked for command Pump L1 ON
WARNING:root:reading Pump L1 state not successful, trying again
INFO:root:T= 1671448418.096635 | finished for command Pump L1 ON
INFO:root:T= 1671448418.096635 | asked for opening Pump L2 for duration 20.684239 seconds
INFO:root:T= 1671448418.096635 | asked for command Pump L2 ON
INFO:root:T= 1671448418.106635 | finished for command Pump L2 ON
INFO:root:T= 1671448418.106635 | asked for opening Pump L3 for duration 26.000036 seconds
INFO:root:T= 1671448418.106635 | asked for command Pump L3 ON
INFO:root:T= 1671448418.116635 | finished for command Pump L3 ON
INFO:root:T= 1671448418.116635 | asked for opening Pump L4 for duration 24.610561 seconds
INFO:root:T= 1671448418.116635 | asked for command Pump L4 ON
INFO:root:T= 1671448418.126635 | finished for command Pump L4 ON
INFO:root:T= 1671448418.126635 | asked for opening Pump L5 for duration 24.626350 seconds
INFO:root:T= 1671448418.126635 | asked for command Pump L5 ON
INFO:root:T= 1671448418.136635 | finished for command Pump L5 ON
INFO:root:T= 1671448418.136635 | asked for opening Pump L6 for duration 25.936878 seconds
INFO:root:T= 1671448418.136635 | asked for command Pump L6 ON
INFO:root:T= 1671448418.146635 | finished for command Pump L6 ON
INFO:root:T= 1671448418.146635 | asked for opening Pump L7 for duration 27.436880 seconds
INFO:root:T= 1671448418.146635 | asked for command Pump L7 ON
INFO:root:T= 1671448418.156635 | finished for command Pump L7 ON
INFO:root:T= 1671448418.156635 | asked for opening Pump L8 for duration 25.163193 seconds
INFO:root:T= 1671448418.156635 | asked for command Pump L8 ON
INFO:root:T= 1671448418.166635 | finished for command Pump L8 ON
INFO:root:T= 1671448438.796664 | asked for command Pump L2 OFF
INFO:root:T= 1671448438.806664 | finished for command Pump L2 OFF
INFO:root:T= 1671448441.266668 | asked for command Pump L1 OFF
INFO:root:T= 1671448441.276668 | finished for command Pump L1 OFF
INFO:root:T= 1671448442.746670 | asked for command Pump L4 OFF
INFO:root:T= 1671448442.756670 | finished for command Pump L4 OFF
INFO:root:T= 1671448442.776670 | asked for command Pump L5 OFF
INFO:root:T= 1671448442.786670 | finished for command Pump L5 OFF
INFO:root:T= 1671448443.346671 | asked for command Pump L8 OFF
INFO:root:T= 1671448443.356670 | finished for command Pump L8 OFF
INFO:root:T= 1671448444.086672 | asked for command Pump L6 OFF
INFO:root:T= 1671448444.096672 | finished for command Pump L6 OFF
INFO:root:T= 1671448444.126672 | asked for command Pump L3 OFF
INFO:root:T= 1671448444.136672 | finished for command Pump L3 OFF
INFO:root:T= 1671448445.596673 | asked for command Pump L7 OFF
INFO:root:T= 1671448445.606674 | finished for command Pump L7 OFF
INFO:root:T= 1671448449.736679| Started an input pumps sequence
INFO:root:T= 1671448449.736679 | asked for opening Pump L1 for duration 23.163191 seconds
INFO:root:T= 1671448449.736679 | asked for command Pump L1 ON
INFO:root:T= 1671448449.756680 | finished for command Pump L1 ON
INFO:root:T= 1671448449.756680 | asked for opening Pump L2 for duration 20.684239 seconds
INFO:root:T= 1671448449.756680 | asked for command Pump L2 ON
INFO:root:T= 1671448449.766680 | finished for command Pump L2 ON
INFO:root:T= 1671448449.766680 | asked for opening Pump L3 for duration 26.000036 seconds
INFO:root:T= 1671448449.766680 | asked for command Pump L3 ON
INFO:root:T= 1671448449.776680 | finished for command Pump L3 ON
INFO:root:T= 1671448449.776680 | asked for opening Pump L4 for duration 24.610561 seconds
INFO:root:T= 1671448449.776680 | asked for command Pump L4 ON
INFO:root:T= 1671448449.786680 | finished for command Pump L4 ON
INFO:root:T= 1671448449.786680 | asked for opening Pump L5 for duration 24.626350 seconds
INFO:root:T= 1671448449.786680 | asked for command Pump L5 ON
INFO:root:T= 1671448449.796679 | finished for command Pump L5 ON
INFO:root:T= 1671448449.796679 | asked for opening Pump L6 for duration 25.936878 seconds
INFO:root:T= 1671448449.796679 | asked for command Pump L6 ON
INFO:root:T= 1671448449.806679 | finished for command Pump L6 ON
INFO:root:T= 1671448449.806679 | asked for opening Pump L7 for duration 27.436880 seconds
INFO:root:T= 1671448449.806679 | asked for command Pump L7 ON
INFO:root:T= 1671448449.816679 | finished for command Pump L7 ON
INFO:root:T= 1671448449.816679 | asked for opening Pump L8 for duration 25.163193 seconds
INFO:root:T= 1671448449.816679 | asked for command Pump L8 ON
INFO:root:T= 1671448449.826679 | finished for command Pump L8 ON
INFO:root:T= 1671448470.456708 | asked for command Pump L2 OFF
INFO:root:T= 1671448470.466708 | finished for command Pump L2 OFF
INFO:root:T= 1671448472.926712 | asked for command Pump L1 OFF
INFO:root:T= 1671448472.936712 | finished for command Pump L1 OFF
INFO:root:T= 1671448474.406714 | asked for command Pump L4 OFF
INFO:root:T= 1671448474.416714 | finished for command Pump L4 OFF
INFO:root:T= 1671448474.426714 | asked for command Pump L5 OFF
INFO:root:T= 1671448474.436714 | finished for command Pump L5 OFF
INFO:root:T= 1671448475.006715 | asked for command Pump L8 OFF
INFO:root:T= 1671448475.016715 | finished for command Pump L8 OFF
INFO:root:T= 1671448475.746716 | asked for command Pump L6 OFF
INFO:root:T= 1671448475.756716 | finished for command Pump L6 OFF
INFO:root:T= 1671448475.786716 | asked for command Pump L3 OFF
INFO:root:T= 1671448475.796716 | finished for command Pump L3 OFF
INFO:root:T= 1671448477.256718 | asked for command Pump L7 OFF
INFO:root:T= 1671448477.266718 | finished for command Pump L7 OFF
INFO:root:T= 1671448480.616723 | sending request move_to/sampling_metal/2 to the ot2
INFO:root:T= 1671448482.446725 | Finished request move_to/sampling_metal/2 to the ot2
INFO:root:T= 1671448485.126729 | asked for command Pump L1 ON
INFO:root:T= 1671448485.156729 | finished for command Pump L1 ON
INFO:root:T= 1671448529.646791 | asked for command Pump L1 OFF
INFO:root:T= 1671448529.656791 | finished for command Pump L1 OFF
INFO:root:T= 1671448532.656796 | asked for command Pump L2 ON
INFO:root:T= 1671448532.666795 | finished for command Pump L2 ON
INFO:root:T= 1671448570.546849 | asked for command Pump L2 OFF
INFO:root:T= 1671448570.556849 | finished for command Pump L2 OFF
INFO:root:T= 1671448573.556853 | asked for command Pump L3 ON
INFO:root:T= 1671448573.566853 | finished for command Pump L3 ON
INFO:root:T= 1671448620.176918 | asked for command Pump L3 OFF
INFO:root:T= 1671448620.186918 | finished for command Pump L3 OFF
INFO:root:T= 1671448623.186922 | asked for command Pump L4 ON
INFO:root:T= 1671448623.196922 | finished for command Pump L4 ON
INFO:root:T= 1671448670.316988 | asked for command Pump L4 OFF
INFO:root:T= 1671448670.336988 | finished for command Pump L4 OFF
INFO:root:T= 1671448673.336993 | asked for command Pump L5 ON
INFO:root:T= 1671448673.346992 | finished for command Pump L5 ON
INFO:root:T= 1671448717.867055 | asked for command Pump L5 OFF
INFO:root:T= 1671448717.887055 | finished for command Pump L5 OFF
INFO:root:T= 1671448720.887059 | asked for command Pump L6 ON
INFO:root:T= 1671448720.897059 | finished for command Pump L6 ON
INFO:root:T= 1671448766.657123 | asked for command Pump L6 OFF
INFO:root:T= 1671448766.667123 | finished for command Pump L6 OFF
INFO:root:T= 1671448769.667127 | asked for command Pump L7 ON
INFO:root:T= 1671448769.677127 | finished for command Pump L7 ON
INFO:root:T= 1671448818.797196 | asked for command Pump L7 OFF
INFO:root:T= 1671448818.817196 | finished for command Pump L7 OFF
INFO:root:T= 1671448821.817200 | asked for command Pump L8 ON
INFO:root:T= 1671448821.827200 | finished for command Pump L8 ON
INFO:root:T= 1671448868.237265 | asked for command Pump L8 OFF
INFO:root:T= 1671448868.257265 | finished for command Pump L8 OFF
INFO:root:For pump M1-3-2 (installed as input for reactor 1), new flow rate: 12.811849844393377 mL/min (was 12.951583668938653)
INFO:root:For pump M3-1-1 (installed as input for reactor 2), new flow rate: 15.047497408397453 mL/min (was 14.503796485991705)
INFO:root:For pump M6-1-2 (installed as input for reactor 3), new flow rate: 12.229118266360423 mL/min (was 11.53844542239791)
INFO:root:For pump M4-3-1 (installed as input for reactor 4), new flow rate: 12.096757268484057 mL/min (was 12.18988881276433)
INFO:root:For pump M4-2-3 (installed as input for reactor 5), new flow rate: 12.803216542738806 mL/min (was 12.18207306777784)
INFO:root:For pump M4-1-1 (installed as input for reactor 6), new flow rate: 12.456276250885603 mL/min (was 11.566542220051515)
INFO:root:For pump M6-2-2 (installed as input for reactor 7), new flow rate: 11.604218276932023 mL/min (was 10.934187677730042)
INFO:root:For pump M4-4-1 (installed as input for reactor 8), new flow rate: 12.281818563746919 mL/min (was 11.922175377350356)
INFO:root:T= 1671448887.947293 | sending request gotobin to the ot2
INFO:root:T= 1671448889.767296 | Finished request gotobin to the ot2
INFO:root:T= 1671449069.947548| Started an input pumps sequence
INFO:root:T= 1671449069.957548 | asked for opening Pump L1 for duration 23.415822 seconds
INFO:root:T= 1671449069.957548 | asked for command Pump L1 ON
WARNING:root:reading Pump L1 state not successful, trying again
INFO:root:T= 1671449072.967552 | finished for command Pump L1 ON
INFO:root:T= 1671449072.967552 | asked for opening Pump L2 for duration 19.936870 seconds
INFO:root:T= 1671449072.967552 | asked for command Pump L2 ON
INFO:root:T= 1671449072.977552 | finished for command Pump L2 ON
INFO:root:T= 1671449072.977552 | asked for opening Pump L3 for duration 24.531613 seconds
INFO:root:T= 1671449072.977552 | asked for command Pump L3 ON
INFO:root:T= 1671449072.987552 | finished for command Pump L3 ON
INFO:root:T= 1671449072.987552 | asked for opening Pump L4 for duration 24.800035 seconds
INFO:root:T= 1671449072.987552 | asked for command Pump L4 ON
INFO:root:T= 1671449072.997552 | finished for command Pump L4 ON
INFO:root:T= 1671449072.997552 | asked for opening Pump L5 for duration 23.431612 seconds
INFO:root:T= 1671449072.997552 | asked for command Pump L5 ON
INFO:root:T= 1671449073.007552 | finished for command Pump L5 ON
INFO:root:T= 1671449073.007552 | asked for opening Pump L6 for duration 24.084244 seconds
INFO:root:T= 1671449073.007552 | asked for command Pump L6 ON
INFO:root:T= 1671449073.017552 | finished for command Pump L6 ON
INFO:root:T= 1671449073.017552 | asked for opening Pump L7 for duration 25.852668 seconds
INFO:root:T= 1671449073.017552 | asked for command Pump L7 ON
INFO:root:T= 1671449073.027552 | finished for command Pump L7 ON
INFO:root:T= 1671449073.027552 | asked for opening Pump L8 for duration 24.426350 seconds
INFO:root:T= 1671449073.027552 | asked for command Pump L8 ON
INFO:root:T= 1671449073.037552 | finished for command Pump L8 ON
INFO:root:T= 1671449092.917580 | asked for command Pump L2 OFF
INFO:root:T= 1671449092.927580 | finished for command Pump L2 OFF
INFO:root:T= 1671449096.387585 | asked for command Pump L1 OFF
INFO:root:T= 1671449096.397585 | finished for command Pump L1 OFF
INFO:root:T= 1671449096.447585 | asked for command Pump L5 OFF
INFO:root:T= 1671449096.457585 | finished for command Pump L5 OFF
INFO:root:T= 1671449097.107586 | asked for command Pump L6 OFF
INFO:root:T= 1671449097.117586 | finished for command Pump L6 OFF
INFO:root:T= 1671449097.467586 | asked for command Pump L8 OFF
INFO:root:T= 1671449097.477586 | finished for command Pump L8 OFF
INFO:root:T= 1671449097.527586 | asked for command Pump L3 OFF
INFO:root:T= 1671449097.537586 | finished for command Pump L3 OFF
INFO:root:T= 1671449097.807587 | asked for command Pump L4 OFF
INFO:root:T= 1671449097.817587 | finished for command Pump L4 OFF
INFO:root:T= 1671449098.897588 | asked for command Pump L7 OFF
INFO:root:T= 1671449098.907588 | finished for command Pump L7 OFF
INFO:root:T= 1671449098.907588 | sending request gotobin to the ot2
INFO:root:T= 1671449099.107589 | Finished request gotobin to the ot2
INFO:root:T= 1671449099.107589| Pinching front valves
INFO:root:T= 1671449099.107589 | asked for command Valve F1 ON
INFO:root:T= 1671449099.117589 | finished for command Valve F1 ON
INFO:root:T= 1671449099.117589 | asked for command Valve F2 ON
INFO:root:T= 1671449099.127589 | finished for command Valve F2 ON
INFO:root:T= 1671449099.127589 | asked for command Valve F3 ON
INFO:root:T= 1671449099.137589 | finished for command Valve F3 ON
INFO:root:T= 1671449099.137589 | asked for command Valve F4 ON
INFO:root:T= 1671449099.147588 | finished for command Valve F4 ON
INFO:root:T= 1671449099.147588 | asked for command Valve F5 ON
INFO:root:T= 1671449099.157588 | finished for command Valve F5 ON
INFO:root:T= 1671449099.157588 | asked for command Valve F6 ON
INFO:root:T= 1671449099.167589 | finished for command Valve F6 ON
INFO:root:T= 1671449099.167589 | asked for command Valve F7 ON
INFO:root:T= 1671449099.177588 | finished for command Valve F7 ON
INFO:root:T= 1671449099.177588 | asked for command Valve F8 ON
INFO:root:T= 1671449099.187589 | finished for command Valve F8 ON
INFO:root:T= 1671449099.187589 | asked for opening Pump H1 for duration 57.584292 seconds
INFO:root:T= 1671449099.187589 | asked for command Pump H1 ON
INFO:root:T= 1671449099.197589 | finished for command Pump H1 ON
INFO:root:T= 1671449099.197589 | asked for opening Pump H2 for duration 68.921149 seconds
INFO:root:T= 1671449099.197589 | asked for command Pump H2 ON
INFO:root:T= 1671449099.207589 | finished for command Pump H2 ON
INFO:root:T= 1671449099.207589 | asked for opening Pump H3 for duration 51.094808 seconds
INFO:root:T= 1671449099.207589 | asked for command Pump H3 ON
INFO:root:T= 1671449099.217589 | finished for command Pump H3 ON
INFO:root:T= 1671449099.217589 | asked for opening Pump H4 for duration 66.157987 seconds
INFO:root:T= 1671449099.217589 | asked for command Pump H4 ON
INFO:root:T= 1671449099.227589 | finished for command Pump H4 ON
INFO:root:T= 1671449099.227589 | asked for opening Pump H5 for duration 69.442202 seconds
INFO:root:T= 1671449099.227589 | asked for command Pump H5 ON
INFO:root:T= 1671449099.237589 | finished for command Pump H5 ON
INFO:root:T= 1671449099.237589 | asked for opening Pump H6 for duration 73.436944 seconds
INFO:root:T= 1671449099.237589 | asked for command Pump H6 ON
INFO:root:T= 1671449099.247589 | finished for command Pump H6 ON
INFO:root:T= 1671449099.247589 | asked for opening Pump H7 for duration 49.263227 seconds
INFO:root:T= 1671449099.247589 | asked for command Pump H7 ON
INFO:root:T= 1671449099.257589 | finished for command Pump H7 ON
INFO:root:T= 1671449099.257589 | asked for opening Pump H8 for duration 66.710620 seconds
INFO:root:T= 1671449099.257589 | asked for command Pump H8 ON
INFO:root:T= 1671449099.267589 | finished for command Pump H8 ON
INFO:root:T= 1671449148.527658 | asked for command Pump H7 OFF
INFO:root:T= 1671449148.547658 | finished for command Pump H7 OFF
INFO:root:T= 1671449150.317660 | asked for command Pump H3 OFF
INFO:root:T= 1671449150.327660 | finished for command Pump H3 OFF
INFO:root:T= 1671449156.787669 | asked for command Pump H1 OFF
INFO:root:T= 1671449156.797669 | finished for command Pump H1 OFF
INFO:root:T= 1671449165.387681 | asked for command Pump H4 OFF
INFO:root:T= 1671449165.397681 | finished for command Pump H4 OFF
INFO:root:T= 1671449165.987682 | asked for command Pump H8 OFF
INFO:root:T= 1671449165.997682 | finished for command Pump H8 OFF
INFO:root:T= 1671449168.147685 | asked for command Pump H2 OFF
INFO:root:T= 1671449168.157685 | finished for command Pump H2 OFF
INFO:root:T= 1671449168.687686 | asked for command Pump H5 OFF
INFO:root:T= 1671449168.697686 | finished for command Pump H5 OFF
INFO:root:T= 1671449172.687691 | asked for command Pump H6 OFF
INFO:root:T= 1671449172.697692 | finished for command Pump H6 OFF
INFO:root:T= 1671449172.697692| Pinching front valves
INFO:root:T= 1671449172.697692 | asked for command Valve F1 OFF
INFO:root:T= 1671449172.707691 | finished for command Valve F1 OFF
INFO:root:T= 1671449172.707691 | asked for command Valve F2 OFF
INFO:root:T= 1671449172.717692 | finished for command Valve F2 OFF
INFO:root:T= 1671449172.717692 | asked for command Valve F3 OFF
INFO:root:T= 1671449172.727691 | finished for command Valve F3 OFF
INFO:root:T= 1671449172.727691 | asked for command Valve F4 OFF
INFO:root:T= 1671449172.737692 | finished for command Valve F4 OFF
INFO:root:T= 1671449172.737692 | asked for command Valve F5 OFF
INFO:root:T= 1671449172.747692 | finished for command Valve F5 OFF
INFO:root:T= 1671449172.747692 | asked for command Valve F6 OFF
INFO:root:T= 1671449172.757692 | finished for command Valve F6 OFF
INFO:root:T= 1671449172.757692 | asked for command Valve F7 OFF
INFO:root:T= 1671449172.767692 | finished for command Valve F7 OFF
INFO:root:T= 1671449172.767692 | asked for command Valve F8 OFF
INFO:root:T= 1671449172.777692 | finished for command Valve F8 OFF
INFO:root:T= 1671449172.777692 | sending request gotobin to the ot2
INFO:root:T= 1671449172.967692 | Finished request gotobin to the ot2
INFO:root:T= 1671449172.967692 | asked for opening Pump H1 for duration 57.584292 seconds
INFO:root:T= 1671449172.967692 | asked for command Pump H1 ON
INFO:root:T= 1671449172.987692 | finished for command Pump H1 ON
INFO:root:T= 1671449172.987692 | asked for opening Pump H2 for duration 68.921149 seconds
INFO:root:T= 1671449172.987692 | asked for command Pump H2 ON
INFO:root:T= 1671449172.997692 | finished for command Pump H2 ON
INFO:root:T= 1671449172.997692 | asked for opening Pump H3 for duration 51.094808 seconds
INFO:root:T= 1671449172.997692 | asked for command Pump H3 ON
INFO:root:T= 1671449173.007692 | finished for command Pump H3 ON
INFO:root:T= 1671449173.007692 | asked for opening Pump H4 for duration 66.157987 seconds
INFO:root:T= 1671449173.007692 | asked for command Pump H4 ON
INFO:root:T= 1671449173.017692 | finished for command Pump H4 ON
INFO:root:T= 1671449173.017692 | asked for opening Pump H5 for duration 69.442202 seconds
INFO:root:T= 1671449173.017692 | asked for command Pump H5 ON
INFO:root:T= 1671449173.027692 | finished for command Pump H5 ON
INFO:root:T= 1671449173.027692 | asked for opening Pump H6 for duration 73.436944 seconds
INFO:root:T= 1671449173.027692 | asked for command Pump H6 ON
INFO:root:T= 1671449173.037692 | finished for command Pump H6 ON
INFO:root:T= 1671449173.037692 | asked for opening Pump H7 for duration 49.263227 seconds
INFO:root:T= 1671449173.037692 | asked for command Pump H7 ON
INFO:root:T= 1671449173.047692 | finished for command Pump H7 ON
INFO:root:T= 1671449173.047692 | asked for opening Pump H8 for duration 66.710620 seconds
INFO:root:T= 1671449173.047692 | asked for command Pump H8 ON
INFO:root:T= 1671449173.057692 | finished for command Pump H8 ON
INFO:root:T= 1671449222.317761 | asked for command Pump H7 OFF
INFO:root:T= 1671449222.327761 | finished for command Pump H7 OFF
INFO:root:T= 1671449224.107764 | asked for command Pump H3 OFF
INFO:root:T= 1671449224.117764 | finished for command Pump H3 OFF
INFO:root:T= 1671449230.577773 | asked for command Pump H1 OFF
INFO:root:T= 1671449230.587773 | finished for command Pump H1 OFF
INFO:root:T= 1671449239.177785 | asked for command Pump H4 OFF
INFO:root:T= 1671449239.187785 | finished for command Pump H4 OFF
INFO:root:T= 1671449239.777786 | asked for command Pump H8 OFF
INFO:root:T= 1671449239.787786 | finished for command Pump H8 OFF
INFO:root:T= 1671449241.937788 | asked for command Pump H2 OFF
INFO:root:T= 1671449241.947788 | finished for command Pump H2 OFF
INFO:root:T= 1671449242.477789 | asked for command Pump H5 OFF
INFO:root:T= 1671449242.487789 | finished for command Pump H5 OFF
INFO:root:T= 1671449246.477795 | asked for command Pump H6 OFF
INFO:root:T= 1671449246.487795 | finished for command Pump H6 OFF
INFO:root:T= 1671449246.487795| Pinching front valves
INFO:root:T= 1671449246.487795 | asked for command Valve F1 OFF
WARNING:root:useless (state already as asked) command asked Valve F1 OFF, so not doing it
INFO:root:T= 1671449246.487795 | asked for command Valve F2 OFF
WARNING:root:useless (state already as asked) command asked Valve F2 OFF, so not doing it
INFO:root:T= 1671449246.487795 | asked for command Valve F3 OFF
WARNING:root:useless (state already as asked) command asked Valve F3 OFF, so not doing it
INFO:root:T= 1671449246.497795 | asked for command Valve F4 OFF
WARNING:root:useless (state already as asked) command asked Valve F4 OFF, so not doing it
INFO:root:T= 1671449246.497795 | asked for command Valve F5 OFF
WARNING:root:useless (state already as asked) command asked Valve F5 OFF, so not doing it
INFO:root:T= 1671449246.497795 | asked for command Valve F6 OFF
WARNING:root:useless (state already as asked) command asked Valve F6 OFF, so not doing it
INFO:root:T= 1671449246.497795 | asked for command Valve F7 OFF
WARNING:root:useless (state already as asked) command asked Valve F7 OFF, so not doing it
INFO:root:T= 1671449246.497795 | asked for command Valve F8 OFF
WARNING:root:useless (state already as asked) command asked Valve F8 OFF, so not doing it
INFO:root:T= 1671449246.507795 | sending request gotobin to the ot2
INFO:root:T= 1671449246.717795 | Finished request gotobin to the ot2
INFO:root:T= 1671449246.717795| Pinching front valves
INFO:root:T= 1671449246.717795 | asked for command Valve F1 ON
INFO:root:T= 1671449246.727795 | finished for command Valve F1 ON
INFO:root:T= 1671449246.727795 | asked for command Valve F2 ON
INFO:root:T= 1671449246.737795 | finished for command Valve F2 ON
INFO:root:T= 1671449246.737795 | asked for command Valve F3 ON
INFO:root:T= 1671449246.747795 | finished for command Valve F3 ON
INFO:root:T= 1671449246.747795 | asked for command Valve F4 ON
INFO:root:T= 1671449246.757795 | finished for command Valve F4 ON
INFO:root:T= 1671449246.757795 | asked for command Valve F5 ON
INFO:root:T= 1671449246.767795 | finished for command Valve F5 ON
INFO:root:T= 1671449246.767795 | asked for command Valve F6 ON
INFO:root:T= 1671449246.777795 | finished for command Valve F6 ON
INFO:root:T= 1671449246.777795 | asked for command Valve F7 ON
INFO:root:T= 1671449246.787795 | finished for command Valve F7 ON
INFO:root:T= 1671449246.787795 | asked for command Valve F8 ON
INFO:root:T= 1671449246.797795 | finished for command Valve F8 ON
INFO:root:T= 1671449246.797795 | asked for opening Pump H1 for duration 19.194764 seconds
INFO:root:T= 1671449246.797795 | asked for command Pump H1 ON
INFO:root:T= 1671449246.807795 | finished for command Pump H1 ON
INFO:root:T= 1671449246.807795 | asked for opening Pump H2 for duration 22.973716 seconds
INFO:root:T= 1671449246.807795 | asked for command Pump H2 ON
INFO:root:T= 1671449246.817795 | finished for command Pump H2 ON
INFO:root:T= 1671449246.817795 | asked for opening Pump H3 for duration 17.031603 seconds
INFO:root:T= 1671449246.817795 | asked for command Pump H3 ON
INFO:root:T= 1671449246.827795 | finished for command Pump H3 ON
INFO:root:T= 1671449246.827795 | asked for opening Pump H4 for duration 22.052662 seconds
INFO:root:T= 1671449246.827795 | asked for command Pump H4 ON
INFO:root:T= 1671449246.837795 | finished for command Pump H4 ON
INFO:root:T= 1671449246.837795 | asked for opening Pump H5 for duration 23.147401 seconds
INFO:root:T= 1671449246.837795 | asked for command Pump H5 ON
INFO:root:T= 1671449246.847795 | finished for command Pump H5 ON
INFO:root:T= 1671449246.847795 | asked for opening Pump H6 for duration 24.478981 seconds
INFO:root:T= 1671449246.847795 | asked for command Pump H6 ON
INFO:root:T= 1671449246.857795 | finished for command Pump H6 ON
INFO:root:T= 1671449246.857795 | asked for opening Pump H7 for duration 16.421076 seconds
INFO:root:T= 1671449246.857795 | asked for command Pump H7 ON
INFO:root:T= 1671449246.867795 | finished for command Pump H7 ON
INFO:root:T= 1671449246.867795 | asked for opening Pump H8 for duration 22.236873 seconds
INFO:root:T= 1671449246.867795 | asked for command Pump H8 ON
INFO:root:T= 1671449246.877795 | finished for command Pump H8 ON
INFO:root:T= 1671449263.297818 | asked for command Pump H7 OFF
INFO:root:T= 1671449263.307818 | finished for command Pump H7 OFF
INFO:root:T= 1671449263.867819 | asked for command Pump H3 OFF
INFO:root:T= 1671449263.877819 | finished for command Pump H3 OFF
INFO:root:T= 1671449266.007822 | asked for command Pump H1 OFF
INFO:root:T= 1671449266.017822 | finished for command Pump H1 OFF
INFO:root:T= 1671449268.897826 | asked for command Pump H4 OFF
INFO:root:T= 1671449268.907826 | finished for command Pump H4 OFF
INFO:root:T= 1671449269.127827 | asked for command Pump H8 OFF
INFO:root:T= 1671449269.137826 | finished for command Pump H8 OFF
INFO:root:T= 1671449269.797827 | asked for command Pump H2 OFF
INFO:root:T= 1671449269.807827 | finished for command Pump H2 OFF
INFO:root:T= 1671449269.997828 | asked for command Pump H5 OFF
INFO:root:T= 1671449270.007828 | finished for command Pump H5 OFF
INFO:root:T= 1671449271.337830 | asked for command Pump H6 OFF
INFO:root:T= 1671449271.347830 | finished for command Pump H6 OFF
INFO:root:T= 1671449271.347830| Pinching front valves
INFO:root:T= 1671449271.347830 | asked for command Valve F1 OFF
INFO:root:T= 1671449271.357830 | finished for command Valve F1 OFF
INFO:root:T= 1671449271.357830 | asked for command Valve F2 OFF
INFO:root:T= 1671449271.367830 | finished for command Valve F2 OFF
INFO:root:T= 1671449271.367830 | asked for command Valve F3 OFF
INFO:root:T= 1671449271.377830 | finished for command Valve F3 OFF
INFO:root:T= 1671449271.377830 | asked for command Valve F4 OFF
INFO:root:T= 1671449271.387830 | finished for command Valve F4 OFF
INFO:root:T= 1671449271.387830 | asked for command Valve F5 OFF
INFO:root:T= 1671449271.397830 | finished for command Valve F5 OFF
INFO:root:T= 1671449271.397830 | asked for command Valve F6 OFF
INFO:root:T= 1671449271.407830 | finished for command Valve F6 OFF
INFO:root:T= 1671449271.407830 | asked for command Valve F7 OFF
INFO:root:T= 1671449271.417830 | finished for command Valve F7 OFF
INFO:root:T= 1671449271.417830 | asked for command Valve F8 OFF
INFO:root:T= 1671449271.427830 | finished for command Valve F8 OFF
INFO:root:T= 1671449349.117939| Pinching front valves
INFO:root:T= 1671449349.117939 | asked for command Valve F1 ON
WARNING:root:reading Valve F1 state not successful, trying again
INFO:root:T= 1671449355.167947 | finished for command Valve F1 ON
INFO:root:T= 1671449355.167947 | asked for command Valve F2 ON
INFO:root:T= 1671449355.177947 | finished for command Valve F2 ON
INFO:root:T= 1671449355.177947 | asked for command Valve F3 ON
INFO:root:T= 1671449355.187947 | finished for command Valve F3 ON
INFO:root:T= 1671449355.187947 | asked for command Valve F4 ON
INFO:root:T= 1671449355.197947 | finished for command Valve F4 ON
INFO:root:T= 1671449355.197947 | asked for command Valve F5 ON
INFO:root:T= 1671449355.207947 | finished for command Valve F5 ON
INFO:root:T= 1671449355.207947 | asked for command Valve F6 ON
INFO:root:T= 1671449355.217947 | finished for command Valve F6 ON
INFO:root:T= 1671449355.217947 | asked for command Valve F7 ON
INFO:root:T= 1671449355.227947 | finished for command Valve F7 ON
INFO:root:T= 1671449355.227947 | asked for command Valve F8 ON
INFO:root:T= 1671449355.237947 | finished for command Valve F8 ON
INFO:root:T= 1671449370.907969| Pinching front valves
INFO:root:T= 1671449370.907969 | asked for command Valve F1 OFF
INFO:root:T= 1671449370.927969 | finished for command Valve F1 OFF
INFO:root:T= 1671449370.927969 | asked for command Valve F2 OFF
INFO:root:T= 1671449370.937969 | finished for command Valve F2 OFF
INFO:root:T= 1671449370.937969 | asked for command Valve F3 OFF
INFO:root:T= 1671449370.947969 | finished for command Valve F3 OFF
INFO:root:T= 1671449370.947969 | asked for command Valve F4 OFF
INFO:root:T= 1671449370.957969 | finished for command Valve F4 OFF
INFO:root:T= 1671449370.957969 | asked for command Valve F5 OFF
INFO:root:T= 1671449370.967969 | finished for command Valve F5 OFF
INFO:root:T= 1671449370.967969 | asked for command Valve F6 OFF
INFO:root:T= 1671449370.977969 | finished for command Valve F6 OFF
INFO:root:T= 1671449370.977969 | asked for command Valve F7 OFF
INFO:root:T= 1671449370.987969 | finished for command Valve F7 OFF
INFO:root:T= 1671449370.987969 | asked for command Valve F8 OFF
INFO:root:T= 1671449370.997969 | finished for command Valve F8 OFF
INFO:root:T= 1671449374.277974 | asked for shutting off all pumps and valves
WARNING:root:useless shut off all coils, already all off, not doing anything
INFO:root:T= 1671449375.437975 | asked for shutting off all LEDs
INFO:root:T= 1671449746.068494 | sending request gotobin to the ot2
INFO:root:T= 1671449746.268495 | Finished request gotobin to the ot2
INFO:root:T= 1671449746.268495 | asked for opening Pump H1 for duration 38.389528 seconds
INFO:root:T= 1671449746.268495 | asked for command Pump H1 ON
WARNING:root:reading Pump H1 state not successful, trying again
INFO:root:T= 1671449749.278499 | finished for command Pump H1 ON
INFO:root:T= 1671449749.278499 | asked for opening Pump H2 for duration 45.947433 seconds
INFO:root:T= 1671449749.278499 | asked for command Pump H2 ON
INFO:root:T= 1671449749.288499 | finished for command Pump H2 ON
INFO:root:T= 1671449749.288499 | asked for opening Pump H3 for duration 34.063205 seconds
INFO:root:T= 1671449749.288499 | asked for command Pump H3 ON
INFO:root:T= 1671449749.298499 | finished for command Pump H3 ON
INFO:root:T= 1671449749.298499 | asked for opening Pump H4 for duration 44.105325 seconds
INFO:root:T= 1671449749.298499 | asked for command Pump H4 ON
INFO:root:T= 1671449749.308499 | finished for command Pump H4 ON
INFO:root:T= 1671449749.308499 | asked for opening Pump H5 for duration 46.294802 seconds
INFO:root:T= 1671449749.308499 | asked for command Pump H5 ON
INFO:root:T= 1671449749.318499 | finished for command Pump H5 ON
INFO:root:T= 1671449749.318499 | asked for opening Pump H6 for duration 48.957963 seconds
INFO:root:T= 1671449749.318499 | asked for command Pump H6 ON
INFO:root:T= 1671449749.328499 | finished for command Pump H6 ON
INFO:root:T= 1671449749.328499 | asked for opening Pump H7 for duration 32.842151 seconds
INFO:root:T= 1671449749.328499 | asked for command Pump H7 ON
INFO:root:T= 1671449749.338499 | finished for command Pump H7 ON
INFO:root:T= 1671449749.338499 | asked for opening Pump H8 for duration 44.473747 seconds
INFO:root:T= 1671449749.338499 | asked for command Pump H8 ON
INFO:root:T= 1671449749.348499 | finished for command Pump H8 ON
INFO:root:T= 1671449782.198545 | asked for command Pump H7 OFF
INFO:root:T= 1671449782.208545 | finished for command Pump H7 OFF
INFO:root:T= 1671449783.368546 | asked for command Pump H3 OFF
INFO:root:T= 1671449783.378546 | finished for command Pump H3 OFF
INFO:root:T= 1671449787.668552 | asked for command Pump H1 OFF
INFO:root:T= 1671449787.678553 | finished for command Pump H1 OFF
INFO:root:T= 1671449793.428561 | asked for command Pump H4 OFF
INFO:root:T= 1671449793.438560 | finished for command Pump H4 OFF
INFO:root:T= 1671449793.828561 | asked for command Pump H8 OFF
INFO:root:T= 1671449793.838561 | finished for command Pump H8 OFF
INFO:root:T= 1671449795.238563 | asked for command Pump H2 OFF
INFO:root:T= 1671449795.248563 | finished for command Pump H2 OFF
INFO:root:T= 1671449795.618564 | asked for command Pump H5 OFF
INFO:root:T= 1671449795.628564 | finished for command Pump H5 OFF
INFO:root:T= 1671449798.298568 | asked for command Pump H6 OFF
INFO:root:T= 1671449798.308567 | finished for command Pump H6 OFF
INFO:root:T= 1671449798.308567| Pinching front valves
INFO:root:T= 1671449798.308567 | asked for command Valve F1 OFF
WARNING:root:useless (state already as asked) command asked Valve F1 OFF, so not doing it
INFO:root:T= 1671449798.308567 | asked for command Valve F2 OFF
WARNING:root:useless (state already as asked) command asked Valve F2 OFF, so not doing it
INFO:root:T= 1671449798.308567 | asked for command Valve F3 OFF
WARNING:root:useless (state already as asked) command asked Valve F3 OFF, so not doing it
INFO:root:T= 1671449798.308567 | asked for command Valve F4 OFF
WARNING:root:useless (state already as asked) command asked Valve F4 OFF, so not doing it
INFO:root:T= 1671449798.318568 | asked for command Valve F5 OFF
WARNING:root:useless (state already as asked) command asked Valve F5 OFF, so not doing it
INFO:root:T= 1671449798.318568 | asked for command Valve F6 OFF
WARNING:root:useless (state already as asked) command asked Valve F6 OFF, so not doing it
INFO:root:T= 1671449798.318568 | asked for command Valve F7 OFF
WARNING:root:useless (state already as asked) command asked Valve F7 OFF, so not doing it
INFO:root:T= 1671449798.318568 | asked for command Valve F8 OFF
WARNING:root:useless (state already as asked) command asked Valve F8 OFF, so not doing it
INFO:root:T= 1671449798.338567 | sending request gotobin to the ot2
INFO:root:T= 1671449798.548568 | Finished request gotobin to the ot2
INFO:root:T= 1671449798.548568 | asked for opening Pump H1 for duration 38.389528 seconds
INFO:root:T= 1671449798.548568 | asked for command Pump H1 ON
INFO:root:T= 1671449798.558568 | finished for command Pump H1 ON
INFO:root:T= 1671449798.558568 | asked for opening Pump H2 for duration 45.947433 seconds
INFO:root:T= 1671449798.558568 | asked for command Pump H2 ON
INFO:root:T= 1671449798.568568 | finished for command Pump H2 ON
INFO:root:T= 1671449798.568568 | asked for opening Pump H3 for duration 34.063205 seconds
INFO:root:T= 1671449798.568568 | asked for command Pump H3 ON
INFO:root:T= 1671449798.578568 | finished for command Pump H3 ON
INFO:root:T= 1671449798.578568 | asked for opening Pump H4 for duration 44.105325 seconds
INFO:root:T= 1671449798.578568 | asked for command Pump H4 ON
INFO:root:T= 1671449798.588568 | finished for command Pump H4 ON
INFO:root:T= 1671449798.588568 | asked for opening Pump H5 for duration 46.294802 seconds
INFO:root:T= 1671449798.588568 | asked for command Pump H5 ON
INFO:root:T= 1671449798.598568 | finished for command Pump H5 ON
INFO:root:T= 1671449798.598568 | asked for opening Pump H6 for duration 48.957963 seconds
INFO:root:T= 1671449798.598568 | asked for command Pump H6 ON
INFO:root:T= 1671449798.608568 | finished for command Pump H6 ON
INFO:root:T= 1671449798.608568 | asked for opening Pump H7 for duration 32.842151 seconds
INFO:root:T= 1671449798.608568 | asked for command Pump H7 ON
INFO:root:T= 1671449798.618568 | finished for command Pump H7 ON
INFO:root:T= 1671449798.618568 | asked for opening Pump H8 for duration 44.473747 seconds
INFO:root:T= 1671449798.618568 | asked for command Pump H8 ON
INFO:root:T= 1671449798.628568 | finished for command Pump H8 ON
INFO:root:T= 1671449831.478614 | asked for command Pump H7 OFF
INFO:root:T= 1671449831.488614 | finished for command Pump H7 OFF
INFO:root:T= 1671449832.648615 | asked for command Pump H3 OFF
INFO:root:T= 1671449832.658616 | finished for command Pump H3 OFF
INFO:root:T= 1671449836.948622 | asked for command Pump H1 OFF
INFO:root:T= 1671449836.958622 | finished for command Pump H1 OFF
INFO:root:T= 1671449842.708630 | asked for command Pump H4 OFF
INFO:root:T= 1671449842.718630 | finished for command Pump H4 OFF
INFO:root:T= 1671449843.108630 | asked for command Pump H8 OFF
INFO:root:T= 1671449843.118630 | finished for command Pump H8 OFF
INFO:root:T= 1671449844.518632 | asked for command Pump H2 OFF
INFO:root:T= 1671449844.528632 | finished for command Pump H2 OFF
INFO:root:T= 1671449844.898633 | asked for command Pump H5 OFF
INFO:root:T= 1671449844.908633 | finished for command Pump H5 OFF
INFO:root:T= 1671449847.578636 | asked for command Pump H6 OFF
INFO:root:T= 1671449847.588636 | finished for command Pump H6 OFF
INFO:root:T= 1671449847.588636| Pinching front valves
INFO:root:T= 1671449847.588636 | asked for command Valve F1 OFF
WARNING:root:useless (state already as asked) command asked Valve F1 OFF, so not doing it
INFO:root:T= 1671449847.588636 | asked for command Valve F2 OFF
WARNING:root:useless (state already as asked) command asked Valve F2 OFF, so not doing it
INFO:root:T= 1671449847.588636 | asked for command Valve F3 OFF
WARNING:root:useless (state already as asked) command asked Valve F3 OFF, so not doing it
INFO:root:T= 1671449847.588636 | asked for command Valve F4 OFF
WARNING:root:useless (state already as asked) command asked Valve F4 OFF, so not doing it
INFO:root:T= 1671449847.598636 | asked for command Valve F5 OFF
WARNING:root:useless (state already as asked) command asked Valve F5 OFF, so not doing it
INFO:root:T= 1671449847.598636 | asked for command Valve F6 OFF
WARNING:root:useless (state already as asked) command asked Valve F6 OFF, so not doing it
INFO:root:T= 1671449847.598636 | asked for command Valve F7 OFF
WARNING:root:useless (state already as asked) command asked Valve F7 OFF, so not doing it
INFO:root:T= 1671449847.598636 | asked for command Valve F8 OFF
WARNING:root:useless (state already as asked) command asked Valve F8 OFF, so not doing it
INFO:root:T= 1671457195.633924 | sending request gotobin to the ot2
INFO:root:T= 1671457195.843924 | Finished request gotobin to the ot2
INFO:root:T= 1671457195.843924| Pinching front valves
INFO:root:T= 1671457195.843924 | asked for command Valve F1 ON
WARNING:root:reading Valve F1 state not successful, trying again
INFO:root:T= 1671457198.853929 | finished for command Valve F1 ON
INFO:root:T= 1671457198.853929 | asked for command Valve F2 ON
INFO:root:T= 1671457198.863929 | finished for command Valve F2 ON
INFO:root:T= 1671457198.863929 | asked for command Valve F3 ON
INFO:root:T= 1671457198.873929 | finished for command Valve F3 ON
INFO:root:T= 1671457198.873929 | asked for command Valve F4 ON
INFO:root:T= 1671457198.883929 | finished for command Valve F4 ON
INFO:root:T= 1671457198.883929 | asked for command Valve F5 ON
INFO:root:T= 1671457198.893929 | finished for command Valve F5 ON
INFO:root:T= 1671457198.893929 | asked for command Valve F6 ON
INFO:root:T= 1671457198.903929 | finished for command Valve F6 ON
INFO:root:T= 1671457198.903929 | asked for command Valve F7 ON
INFO:root:T= 1671457198.913929 | finished for command Valve F7 ON
INFO:root:T= 1671457198.913929 | asked for command Valve F8 ON
INFO:root:T= 1671457198.923928 | finished for command Valve F8 ON
INFO:root:T= 1671457198.923928 | asked for opening Pump H1 for duration 95.973819 seconds
INFO:root:T= 1671457198.923928 | asked for command Pump H1 ON
INFO:root:T= 1671457198.933929 | finished for command Pump H1 ON
INFO:root:T= 1671457198.933929 | asked for opening Pump H2 for duration 114.868582 seconds
INFO:root:T= 1671457198.933929 | asked for command Pump H2 ON
INFO:root:T= 1671457198.943928 | finished for command Pump H2 ON
INFO:root:T= 1671457198.943928 | asked for opening Pump H3 for duration 85.158014 seconds
INFO:root:T= 1671457198.943928 | asked for command Pump H3 ON
INFO:root:T= 1671457198.953929 | finished for command Pump H3 ON
INFO:root:T= 1671457198.953929 | asked for opening Pump H4 for duration 110.263312 seconds
INFO:root:T= 1671457198.953929 | asked for command Pump H4 ON
INFO:root:T= 1671457198.963928 | finished for command Pump H4 ON
INFO:root:T= 1671457198.963928 | asked for opening Pump H5 for duration 115.737004 seconds
INFO:root:T= 1671457198.963928 | asked for command Pump H5 ON
INFO:root:T= 1671457198.973929 | finished for command Pump H5 ON
INFO:root:T= 1671457198.973929 | asked for opening Pump H6 for duration 122.394907 seconds
INFO:root:T= 1671457198.973929 | asked for command Pump H6 ON
INFO:root:T= 1671457198.983929 | finished for command Pump H6 ON
INFO:root:T= 1671457198.983929 | asked for opening Pump H7 for duration 82.105378 seconds
INFO:root:T= 1671457198.983929 | asked for command Pump H7 ON
INFO:root:T= 1671457198.993929 | finished for command Pump H7 ON
INFO:root:T= 1671457198.993929 | asked for opening Pump H8 for duration 111.184367 seconds
INFO:root:T= 1671457198.993929 | asked for command Pump H8 ON
INFO:root:T= 1671457199.003929 | finished for command Pump H8 ON
INFO:root:T= 1671457281.104043 | asked for command Pump H7 OFF
INFO:root:T= 1671457284.124048 | asked for command Pump H3 OFF
WARNING:root:reading Pump H7 state not successful, trying again
INFO:root:T= 1671457287.154052 | finished for command Pump H7 OFF
INFO:root:T= 1671457287.154052 | finished for command Pump H3 OFF
INFO:root:T= 1671457294.924063 | asked for command Pump H1 OFF
INFO:root:T= 1671457294.934063 | finished for command Pump H1 OFF
INFO:root:T= 1671457309.244083 | asked for command Pump H4 OFF
INFO:root:T= 1671457309.254083 | finished for command Pump H4 OFF
INFO:root:T= 1671457310.194084 | asked for command Pump H8 OFF
INFO:root:T= 1671457310.204084 | finished for command Pump H8 OFF
INFO:root:T= 1671457313.814090 | asked for command Pump H2 OFF
INFO:root:T= 1671457313.824089 | finished for command Pump H2 OFF
INFO:root:T= 1671457314.714091 | asked for command Pump H5 OFF
INFO:root:T= 1671457314.724091 | finished for command Pump H5 OFF
INFO:root:T= 1671457321.384100 | asked for command Pump H6 OFF
INFO:root:T= 1671457321.394100 | finished for command Pump H6 OFF
INFO:root:T= 1671457321.394100| Pinching front valves
INFO:root:T= 1671457321.394100 | asked for command Valve F1 OFF
INFO:root:T= 1671457321.404100 | finished for command Valve F1 OFF
INFO:root:T= 1671457321.404100 | asked for command Valve F2 OFF
INFO:root:T= 1671457321.414100 | finished for command Valve F2 OFF
INFO:root:T= 1671457321.414100 | asked for command Valve F3 OFF
INFO:root:T= 1671457321.424100 | finished for command Valve F3 OFF
INFO:root:T= 1671457321.424100 | asked for command Valve F4 OFF
INFO:root:T= 1671457321.434100 | finished for command Valve F4 OFF
INFO:root:T= 1671457321.434100 | asked for command Valve F5 OFF
INFO:root:T= 1671457321.444100 | finished for command Valve F5 OFF
INFO:root:T= 1671457321.444100 | asked for command Valve F6 OFF
INFO:root:T= 1671457321.454100 | finished for command Valve F6 OFF
INFO:root:T= 1671457321.454100 | asked for command Valve F7 OFF
INFO:root:T= 1671457321.464100 | finished for command Valve F7 OFF
INFO:root:T= 1671457321.464100 | asked for command Valve F8 OFF
INFO:root:T= 1671457321.474100 | finished for command Valve F8 OFF
INFO:root:T= 1671457321.474100 | sending request gotobin to the ot2
INFO:root:T= 1671457321.664100 | Finished request gotobin to the ot2
INFO:root:T= 1671457321.664100 | asked for opening Pump H1 for duration 115.168583 seconds
INFO:root:T= 1671457321.674100 | asked for command Pump H1 ON
INFO:root:T= 1671457321.684100 | finished for command Pump H1 ON
INFO:root:T= 1671457321.684100 | asked for opening Pump H2 for duration 137.842298 seconds
INFO:root:T= 1671457321.684100 | asked for command Pump H2 ON
INFO:root:T= 1671457321.694100 | finished for command Pump H2 ON
INFO:root:T= 1671457321.694100 | asked for opening Pump H3 for duration 102.189616 seconds
INFO:root:T= 1671457321.694100 | asked for command Pump H3 ON
INFO:root:T= 1671457321.704100 | finished for command Pump H3 ON
INFO:root:T= 1671457321.704100 | asked for opening Pump H4 for duration 132.315974 seconds
INFO:root:T= 1671457321.704100 | asked for command Pump H4 ON
INFO:root:T= 1671457321.714100 | finished for command Pump H4 ON
INFO:root:T= 1671457321.714100 | asked for opening Pump H5 for duration 138.884405 seconds
INFO:root:T= 1671457321.714100 | asked for command Pump H5 ON
INFO:root:T= 1671457321.724101 | finished for command Pump H5 ON
INFO:root:T= 1671457321.724101 | asked for opening Pump H6 for duration 146.873889 seconds
INFO:root:T= 1671457321.724101 | asked for command Pump H6 ON
INFO:root:T= 1671457321.734101 | finished for command Pump H6 ON
INFO:root:T= 1671457321.734101 | asked for opening Pump H7 for duration 98.526454 seconds
INFO:root:T= 1671457321.734101 | asked for command Pump H7 ON
INFO:root:T= 1671457321.744101 | finished for command Pump H7 ON
INFO:root:T= 1671457321.744101 | asked for opening Pump H8 for duration 133.421240 seconds
INFO:root:T= 1671457321.744101 | asked for command Pump H8 ON
INFO:root:T= 1671457321.754101 | finished for command Pump H8 ON
INFO:root:T= 1671457420.274238 | asked for command Pump H7 OFF
WARNING:root:reading Pump H7 state not successful, trying again
INFO:root:T= 1671457423.294243 | finished for command Pump H7 OFF
INFO:root:T= 1671457423.894243 | asked for command Pump H3 OFF
INFO:root:T= 1671457423.904243 | finished for command Pump H3 OFF
INFO:root:T= 1671457436.854261 | asked for command Pump H1 OFF
INFO:root:T= 1671457436.864262 | finished for command Pump H1 OFF
INFO:root:T= 1671457454.034286 | asked for command Pump H4 OFF
INFO:root:T= 1671457454.044286 | finished for command Pump H4 OFF
INFO:root:T= 1671457455.184287 | asked for command Pump H8 OFF
INFO:root:T= 1671457455.194287 | finished for command Pump H8 OFF
INFO:root:T= 1671457459.544293 | asked for command Pump H2 OFF
INFO:root:T= 1671457459.554293 | finished for command Pump H2 OFF
INFO:root:T= 1671457460.614295 | asked for command Pump H5 OFF
INFO:root:T= 1671457460.624295 | finished for command Pump H5 OFF
INFO:root:T= 1671457468.614306 | asked for command Pump H6 OFF
INFO:root:T= 1671457468.624306 | finished for command Pump H6 OFF
INFO:root:T= 1671457468.624306| Pinching front valves
INFO:root:T= 1671457468.624306 | asked for command Valve F1 OFF
WARNING:root:useless (state already as asked) command asked Valve F1 OFF, so not doing it
INFO:root:T= 1671457468.624306 | asked for command Valve F2 OFF
WARNING:root:useless (state already as asked) command asked Valve F2 OFF, so not doing it
INFO:root:T= 1671457468.624306 | asked for command Valve F3 OFF
WARNING:root:useless (state already as asked) command asked Valve F3 OFF, so not doing it
INFO:root:T= 1671457468.624306 | asked for command Valve F4 OFF
WARNING:root:useless (state already as asked) command asked Valve F4 OFF, so not doing it
INFO:root:T= 1671457468.634306 | asked for command Valve F5 OFF
WARNING:root:useless (state already as asked) command asked Valve F5 OFF, so not doing it
INFO:root:T= 1671457468.634306 | asked for command Valve F6 OFF
WARNING:root:useless (state already as asked) command asked Valve F6 OFF, so not doing it
INFO:root:T= 1671457468.634306 | asked for command Valve F7 OFF
WARNING:root:useless (state already as asked) command asked Valve F7 OFF, so not doing it
INFO:root:T= 1671457468.634306 | asked for command Valve F8 OFF
WARNING:root:useless (state already as asked) command asked Valve F8 OFF, so not doing it
INFO:root:T= 1671457468.654306 | sending request gotobin to the ot2
INFO:root:T= 1671457468.854306 | Finished request gotobin to the ot2
INFO:root:T= 1671457468.854306 | asked for opening Pump H1 for duration 19.194764 seconds
INFO:root:T= 1671457468.854306 | asked for command Pump H1 ON
INFO:root:T= 1671457468.874307 | finished for command Pump H1 ON
INFO:root:T= 1671457468.874307 | asked for opening Pump H2 for duration 22.973716 seconds
INFO:root:T= 1671457468.874307 | asked for command Pump H2 ON
INFO:root:T= 1671457468.884306 | finished for command Pump H2 ON
INFO:root:T= 1671457468.884306 | asked for opening Pump H3 for duration 17.031603 seconds
INFO:root:T= 1671457468.884306 | asked for command Pump H3 ON
INFO:root:T= 1671457468.894307 | finished for command Pump H3 ON
INFO:root:T= 1671457468.894307 | asked for opening Pump H4 for duration 22.052662 seconds
INFO:root:T= 1671457468.894307 | asked for command Pump H4 ON
INFO:root:T= 1671457468.904306 | finished for command Pump H4 ON
INFO:root:T= 1671457468.904306 | asked for opening Pump H5 for duration 23.147401 seconds
INFO:root:T= 1671457468.904306 | asked for command Pump H5 ON
INFO:root:T= 1671457468.914307 | finished for command Pump H5 ON
INFO:root:T= 1671457468.914307 | asked for opening Pump H6 for duration 24.478981 seconds
INFO:root:T= 1671457468.914307 | asked for command Pump H6 ON
INFO:root:T= 1671457468.924306 | finished for command Pump H6 ON
INFO:root:T= 1671457468.924306 | asked for opening Pump H7 for duration 16.421076 seconds
INFO:root:T= 1671457468.924306 | asked for command Pump H7 ON
INFO:root:T= 1671457468.934307 | finished for command Pump H7 ON
INFO:root:T= 1671457468.934307 | asked for opening Pump H8 for duration 22.236873 seconds
INFO:root:T= 1671457468.934307 | asked for command Pump H8 ON
INFO:root:T= 1671457468.944307 | finished for command Pump H8 ON
INFO:root:T= 1671457485.364330 | asked for command Pump H7 OFF
INFO:root:T= 1671457485.374330 | finished for command Pump H7 OFF
INFO:root:T= 1671457485.934330 | asked for command Pump H3 OFF
INFO:root:T= 1671457485.944330 | finished for command Pump H3 OFF
INFO:root:T= 1671457488.074333 | asked for command Pump H1 OFF
INFO:root:T= 1671457488.084333 | finished for command Pump H1 OFF
INFO:root:T= 1671457490.964337 | asked for command Pump H4 OFF
INFO:root:T= 1671457490.974337 | finished for command Pump H4 OFF
INFO:root:T= 1671457491.184338 | asked for command Pump H8 OFF
INFO:root:T= 1671457491.194338 | finished for command Pump H8 OFF
INFO:root:T= 1671457491.864339 | asked for command Pump H2 OFF
INFO:root:T= 1671457491.874339 | finished for command Pump H2 OFF
INFO:root:T= 1671457492.064339 | asked for command Pump H5 OFF
INFO:root:T= 1671457492.074339 | finished for command Pump H5 OFF
INFO:root:T= 1671457493.424341 | asked for command Pump H6 OFF
INFO:root:T= 1671457493.434341 | finished for command Pump H6 OFF
INFO:root:T= 1671457493.434341| Pinching front valves
INFO:root:T= 1671457493.434341 | asked for command Valve F1 OFF
WARNING:root:useless (state already as asked) command asked Valve F1 OFF, so not doing it
INFO:root:T= 1671457493.434341 | asked for command Valve F2 OFF
WARNING:root:useless (state already as asked) command asked Valve F2 OFF, so not doing it
INFO:root:T= 1671457493.434341 | asked for command Valve F3 OFF
WARNING:root:useless (state already as asked) command asked Valve F3 OFF, so not doing it
INFO:root:T= 1671457493.434341 | asked for command Valve F4 OFF
WARNING:root:useless (state already as asked) command asked Valve F4 OFF, so not doing it
INFO:root:T= 1671457493.444341 | asked for command Valve F5 OFF
WARNING:root:useless (state already as asked) command asked Valve F5 OFF, so not doing it
INFO:root:T= 1671457493.444341 | asked for command Valve F6 OFF
WARNING:root:useless (state already as asked) command asked Valve F6 OFF, so not doing it
INFO:root:T= 1671457493.444341 | asked for command Valve F7 OFF
WARNING:root:useless (state already as asked) command asked Valve F7 OFF, so not doing it
INFO:root:T= 1671457493.444341 | asked for command Valve F8 OFF
WARNING:root:useless (state already as asked) command asked Valve F8 OFF, so not doing it
INFO:root:T= 1671457543.104410 | sending request gotobin to the ot2
INFO:root:T= 1671457543.304411 | Finished request gotobin to the ot2
INFO:root:T= 1671457543.304411| Pinching front valves
INFO:root:T= 1671457543.304411 | asked for command Valve F1 ON
INFO:root:T= 1671457543.324411 | finished for command Valve F1 ON
INFO:root:T= 1671457543.324411 | asked for command Valve F2 ON
INFO:root:T= 1671457543.334411 | finished for command Valve F2 ON
INFO:root:T= 1671457543.334411 | asked for command Valve F3 ON
INFO:root:T= 1671457543.344411 | finished for command Valve F3 ON
INFO:root:T= 1671457543.344411 | asked for command Valve F4 ON
INFO:root:T= 1671457543.354411 | finished for command Valve F4 ON
INFO:root:T= 1671457543.354411 | asked for command Valve F5 ON
INFO:root:T= 1671457543.364411 | finished for command Valve F5 ON
INFO:root:T= 1671457543.364411 | asked for command Valve F6 ON
INFO:root:T= 1671457543.374411 | finished for command Valve F6 ON
INFO:root:T= 1671457543.374411 | asked for command Valve F7 ON
INFO:root:T= 1671457543.384411 | finished for command Valve F7 ON
INFO:root:T= 1671457543.384411 | asked for command Valve F8 ON
INFO:root:T= 1671457543.394411 | finished for command Valve F8 ON
INFO:root:T= 1671457543.394411 | asked for opening Pump H1 for duration 95.973819 seconds
INFO:root:T= 1671457543.394411 | asked for command Pump H1 ON
INFO:root:T= 1671457543.404411 | finished for command Pump H1 ON
INFO:root:T= 1671457543.404411 | asked for opening Pump H2 for duration 114.868582 seconds
INFO:root:T= 1671457543.404411 | asked for command Pump H2 ON
INFO:root:T= 1671457543.414411 | finished for command Pump H2 ON
INFO:root:T= 1671457543.414411 | asked for opening Pump H3 for duration 85.158014 seconds
INFO:root:T= 1671457543.414411 | asked for command Pump H3 ON
INFO:root:T= 1671457543.424411 | finished for command Pump H3 ON
INFO:root:T= 1671457543.424411 | asked for opening Pump H4 for duration 110.263312 seconds
INFO:root:T= 1671457543.424411 | asked for command Pump H4 ON
INFO:root:T= 1671457543.434411 | finished for command Pump H4 ON
INFO:root:T= 1671457543.434411 | asked for opening Pump H5 for duration 115.737004 seconds
INFO:root:T= 1671457543.434411 | asked for command Pump H5 ON
INFO:root:T= 1671457543.444411 | finished for command Pump H5 ON
INFO:root:T= 1671457543.444411 | asked for opening Pump H6 for duration 122.394907 seconds
INFO:root:T= 1671457543.444411 | asked for command Pump H6 ON
INFO:root:T= 1671457543.454411 | finished for command Pump H6 ON
INFO:root:T= 1671457543.454411 | asked for opening Pump H7 for duration 82.105378 seconds
INFO:root:T= 1671457543.454411 | asked for command Pump H7 ON
INFO:root:T= 1671457543.464411 | finished for command Pump H7 ON
INFO:root:T= 1671457543.464411 | asked for opening Pump H8 for duration 111.184367 seconds
INFO:root:T= 1671457543.464411 | asked for command Pump H8 ON
INFO:root:T= 1671457543.474411 | finished for command Pump H8 ON
INFO:root:T= 1671457625.584526 | asked for command Pump H7 OFF
INFO:root:T= 1671457628.604530 | asked for command Pump H3 OFF
WARNING:root:reading Pump H7 state not successful, trying again
INFO:root:T= 1671457631.614534 | finished for command Pump H7 OFF
INFO:root:T= 1671457631.614534 | finished for command Pump H3 OFF
INFO:root:T= 1671457639.394545 | asked for command Pump H1 OFF
INFO:root:T= 1671457639.404545 | finished for command Pump H1 OFF
INFO:root:T= 1671457653.714565 | asked for command Pump H4 OFF
INFO:root:T= 1671457653.724565 | finished for command Pump H4 OFF
INFO:root:T= 1671457654.664567 | asked for command Pump H8 OFF
INFO:root:T= 1671457654.674567 | finished for command Pump H8 OFF
INFO:root:T= 1671457658.294572 | asked for command Pump H2 OFF
INFO:root:T= 1671457658.304572 | finished for command Pump H2 OFF
INFO:root:T= 1671457659.204573 | asked for command Pump H5 OFF
INFO:root:T= 1671457659.214573 | finished for command Pump H5 OFF
INFO:root:T= 1671457665.854582 | asked for command Pump H6 OFF
INFO:root:T= 1671457665.864582 | finished for command Pump H6 OFF
INFO:root:T= 1671457665.864582| Pinching front valves
INFO:root:T= 1671457665.864582 | asked for command Valve F1 OFF
INFO:root:T= 1671457665.874582 | finished for command Valve F1 OFF
INFO:root:T= 1671457665.874582 | asked for command Valve F2 OFF
INFO:root:T= 1671457665.884582 | finished for command Valve F2 OFF
INFO:root:T= 1671457665.884582 | asked for command Valve F3 OFF
INFO:root:T= 1671457665.894582 | finished for command Valve F3 OFF
INFO:root:T= 1671457665.894582 | asked for command Valve F4 OFF
INFO:root:T= 1671457665.904583 | finished for command Valve F4 OFF
INFO:root:T= 1671457665.904583 | asked for command Valve F5 OFF
INFO:root:T= 1671457665.914582 | finished for command Valve F5 OFF
INFO:root:T= 1671457665.914582 | asked for command Valve F6 OFF
INFO:root:T= 1671457665.924582 | finished for command Valve F6 OFF
INFO:root:T= 1671457665.924582 | asked for command Valve F7 OFF
INFO:root:T= 1671457665.934582 | finished for command Valve F7 OFF
INFO:root:T= 1671457665.934582 | asked for command Valve F8 OFF
INFO:root:T= 1671457665.944582 | finished for command Valve F8 OFF
INFO:root:T= 1671457665.944582 | sending request gotobin to the ot2
INFO:root:T= 1671457666.144583 | Finished request gotobin to the ot2
INFO:root:T= 1671457666.144583 | asked for opening Pump H1 for duration 115.168583 seconds
INFO:root:T= 1671457666.144583 | asked for command Pump H1 ON
INFO:root:T= 1671457666.164583 | finished for command Pump H1 ON
INFO:root:T= 1671457666.164583 | asked for opening Pump H2 for duration 137.842298 seconds
INFO:root:T= 1671457666.164583 | asked for command Pump H2 ON
INFO:root:T= 1671457666.174583 | finished for command Pump H2 ON
INFO:root:T= 1671457666.174583 | asked for opening Pump H3 for duration 102.189616 seconds
INFO:root:T= 1671457666.174583 | asked for command Pump H3 ON
INFO:root:T= 1671457666.184583 | finished for command Pump H3 ON
INFO:root:T= 1671457666.184583 | asked for opening Pump H4 for duration 132.315974 seconds
INFO:root:T= 1671457666.184583 | asked for command Pump H4 ON
INFO:root:T= 1671457666.194583 | finished for command Pump H4 ON
INFO:root:T= 1671457666.194583 | asked for opening Pump H5 for duration 138.884405 seconds
INFO:root:T= 1671457666.194583 | asked for command Pump H5 ON
INFO:root:T= 1671457666.204583 | finished for command Pump H5 ON
INFO:root:T= 1671457666.214583 | asked for opening Pump H6 for duration 146.873889 seconds
INFO:root:T= 1671457666.214583 | asked for command Pump H6 ON
INFO:root:T= 1671457666.224583 | finished for command Pump H6 ON
INFO:root:T= 1671457666.224583 | asked for opening Pump H7 for duration 98.526454 seconds
INFO:root:T= 1671457666.224583 | asked for command Pump H7 ON
INFO:root:T= 1671457666.234583 | finished for command Pump H7 ON
INFO:root:T= 1671457666.234583 | asked for opening Pump H8 for duration 133.421240 seconds
INFO:root:T= 1671457666.234583 | asked for command Pump H8 ON
INFO:root:T= 1671457666.244583 | finished for command Pump H8 ON
INFO:root:T= 1671457764.764721 | asked for command Pump H7 OFF
WARNING:root:reading Pump H7 state not successful, trying again
INFO:root:T= 1671457767.774725 | finished for command Pump H7 OFF
INFO:root:T= 1671457768.374726 | asked for command Pump H3 OFF
INFO:root:T= 1671457768.384726 | finished for command Pump H3 OFF
INFO:root:T= 1671457781.334744 | asked for command Pump H1 OFF
INFO:root:T= 1671457781.344744 | finished for command Pump H1 OFF
INFO:root:T= 1671457798.514768 | asked for command Pump H4 OFF
INFO:root:T= 1671457798.524768 | finished for command Pump H4 OFF
INFO:root:T= 1671457799.674770 | asked for command Pump H8 OFF
INFO:root:T= 1671457799.684770 | finished for command Pump H8 OFF
INFO:root:T= 1671457804.034776 | asked for command Pump H2 OFF
INFO:root:T= 1671457804.044776 | finished for command Pump H2 OFF
INFO:root:T= 1671457805.104777 | asked for command Pump H5 OFF
INFO:root:T= 1671457805.114777 | finished for command Pump H5 OFF
INFO:root:T= 1671457813.104789 | asked for command Pump H6 OFF
INFO:root:T= 1671457813.114788 | finished for command Pump H6 OFF
INFO:root:T= 1671457813.114788| Pinching front valves
INFO:root:T= 1671457813.114788 | asked for command Valve F1 OFF
WARNING:root:useless (state already as asked) command asked Valve F1 OFF, so not doing it
INFO:root:T= 1671457813.114788 | asked for command Valve F2 OFF
WARNING:root:useless (state already as asked) command asked Valve F2 OFF, so not doing it
INFO:root:T= 1671457813.114788 | asked for command Valve F3 OFF
WARNING:root:useless (state already as asked) command asked Valve F3 OFF, so not doing it
INFO:root:T= 1671457813.114788 | asked for command Valve F4 OFF
WARNING:root:useless (state already as asked) command asked Valve F4 OFF, so not doing it
INFO:root:T= 1671457813.124789 | asked for command Valve F5 OFF
WARNING:root:useless (state already as asked) command asked Valve F5 OFF, so not doing it
INFO:root:T= 1671457813.124789 | asked for command Valve F6 OFF
WARNING:root:useless (state already as asked) command asked Valve F6 OFF, so not doing it
INFO:root:T= 1671457813.124789 | asked for command Valve F7 OFF
WARNING:root:useless (state already as asked) command asked Valve F7 OFF, so not doing it
INFO:root:T= 1671457813.124789 | asked for command Valve F8 OFF
WARNING:root:useless (state already as asked) command asked Valve F8 OFF, so not doing it
