INFO:root:T=1645188714.6202781 | domain=GLOBAL | msg=opto-cyto-reactors cod git id =5bd4dd78ac6acb02da07ca9952f93ca036c8ab53
INFO:root:T= 1645188892.271527 | sending request gotobin to the ot2
INFO:root:T= 1645188893.551528 | Finished request gotobin to the ot2
INFO:root:T= 1645188897.401534 | sending request blink/1 to the ot2
INFO:root:T= 1645188897.921535 | Finished request blink/1 to the ot2
INFO:root:T= 1645188897.921535 | asked for command Valve B1 ON
INFO:root:T= 1645188897.931535 | finished for command Valve B1 ON
INFO:root:T= 1645188897.931535 | asked for command Valve B2 ON
INFO:root:T= 1645188897.941535 | finished for command Valve B2 ON
INFO:root:T= 1645188897.941535 | asked for command Valve B3 ON
INFO:root:T= 1645188897.951535 | finished for command Valve B3 ON
INFO:root:T= 1645188897.951535 | asked for turbidity readings for turbi sets {1, 2}
INFO:root:T= 1645188899.061536 | received turbidity readings for turbi set 1: R1= 80.0 R2= 88.0 R3= 79.0 R4= 119.0
INFO:root:T= 1645188900.161538 | received turbidity readings for turbi set 2: R5= 89.0 R6= 88.0 R7= 101.0 R8= 83.0
INFO:root:T= 1645188905.211545 | received turbidity readings for turbi set 1: R1= 83.0 R2= 85.0 R3= 73.0 R4= 122.0
INFO:root:T= 1645188906.291546 | received turbidity readings for turbi set 2: R5= 91.0 R6= 90.0 R7= 100.0 R8= 85.0
INFO:root:T= 1645188911.401553 | received turbidity readings for turbi set 1: R1= 76.0 R2= 88.0 R3= 77.0 R4= 127.0
INFO:root:T= 1645188912.501555 | received turbidity readings for turbi set 2: R5= 93.0 R6= 90.0 R7= 101.0 R8= 87.0
INFO:root:T= 1645188917.621562 | received turbidity readings for turbi set 1: R1= 85.0 R2= 84.0 R3= 71.0 R4= 121.0
INFO:root:T= 1645188918.691564 | received turbidity readings for turbi set 2: R5= 94.0 R6= 90.0 R7= 99.0 R8= 85.0
INFO:root:T= 1645188923.751571 | received turbidity readings for turbi set 1: R1= 81.0 R2= 91.0 R3= 78.0 R4= 115.0
INFO:root:T= 1645188924.891572 | received turbidity readings for turbi set 2: R5= 95.0 R6= 90.0 R7= 97.0 R8= 84.0
INFO:root:T= 1645188929.981580 | received turbidity readings for turbi set 1: R1= 87.0 R2= 90.0 R3= 75.0 R4= 112.0
INFO:root:T= 1645188931.071581 | received turbidity readings for turbi set 2: R5= 92.0 R6= 88.0 R7= 99.0 R8= 83.0
INFO:root:T= 1645188931.081581 | computed average of 6 turbidity readings after excluding 0 highest {1: 82.0, 2: 87.66666666666667, 3: 75.5, 4: 119.33333333333333, 5: 92.33333333333333, 6: 89.33333333333333, 7: 99.5, 8: 84.5}
INFO:root:T= 1645188931.091581 | applied calibration on turbidity readings average {1: 0.06598719141810738, 2: 0.03539152940075674, 3: 0.011485794423160556, 4: 0.3130334998109148, 5: 0.060209386393275555, 6: 0.10642968229952299, 7: 0.1649744285078607, 8: 0.0008761450869396725}
INFO:root:T= 1645188931.101581 | asked for command Valve B1 OFF
INFO:root:T= 1645188931.111581 | finished for command Valve B1 OFF
INFO:root:T= 1645188931.111581 | asked for command Valve B2 OFF
INFO:root:T= 1645188931.121581 | finished for command Valve B2 OFF
INFO:root:T= 1645188931.121581 | asked for command Valve B3 OFF
INFO:root:T= 1645188931.131581 | finished for command Valve B3 OFF
INFO:root:T= 1645188931.131581 | asked for command Valve F1 OFF
WARNING:root:useless (state already as asked) command asked Valve F1 OFF, so not doing it
INFO:root:T= 1645188931.131581 | asked for command Valve F8 OFF
WARNING:root:useless (state already as asked) command asked Valve F8 OFF, so not doing it
INFO:root:T= 1645188931.131581 | sending request gotobin to the ot2
INFO:root:T= 1645188931.181581 | Finished request gotobin to the ot2
INFO:root:T= 1645188931.181581 | asked for opening Pump H1 for duration 12.000000 seconds
INFO:root:T= 1645188931.181581 | asked for command Pump H1 ON
INFO:root:T= 1645188931.191581 | finished for command Pump H1 ON
INFO:root:T= 1645188931.191581 | asked for opening Pump H8 for duration 12.000000 seconds
INFO:root:T= 1645188931.191581 | asked for command Pump H8 ON
INFO:root:T= 1645188931.201581 | finished for command Pump H8 ON
INFO:root:T= 1645188943.201598 | asked for command Pump H1 OFF
INFO:root:T= 1645188943.211598 | finished for command Pump H1 OFF
INFO:root:T= 1645188943.221598 | asked for command Pump H8 OFF
INFO:root:T= 1645188943.231598 | finished for command Pump H8 OFF
INFO:root:T= 1645188943.231598 | sending request blink/2 to the ot2
INFO:root:T= 1645188944.231599 | Finished request blink/2 to the ot2
INFO:root:T= 1645188944.231599 | sending request blink/3 to the ot2
INFO:root:T= 1645188945.731601 | Finished request blink/3 to the ot2
INFO:root:T= 1645188946.191602 | asked for LEDs duty history all_reactors from time 0.000000
INFO:root:T= 1645188947.2316036| Starting to check events
INFO:root:T= 1645188947.2316036| Starting to check events of reactor id 1
INFO:root:T= 1645188947.2316036| Starting to check events of reactor id 8
INFO:root:T= 1645189017.431702 | sending request blink/1 to the ot2
INFO:root:T= 1645189017.951703 | Finished request blink/1 to the ot2
INFO:root:T= 1645189017.951703 | asked for command Valve B1 ON
WARNING:root:reading Valve B1 state not successful, trying again
INFO:root:T= 1645189023.981711 | finished for command Valve B1 ON
INFO:root:T= 1645189023.981711 | asked for command Valve B2 ON
INFO:root:T= 1645189023.991711 | finished for command Valve B2 ON
INFO:root:T= 1645189023.991711 | asked for command Valve B3 ON
INFO:root:T= 1645189024.001711 | finished for command Valve B3 ON
INFO:root:T= 1645189024.001711 | asked for turbidity readings for turbi sets {1, 2}
INFO:root:T= 1645189025.101713 | received turbidity readings for turbi set 1: R1= 88.0 R2= 88.0 R3= 78.0 R4= 120.0
INFO:root:T= 1645189026.151714 | received turbidity readings for turbi set 2: R5= 89.0 R6= 90.0 R7= 100.0 R8= 85.0
INFO:root:T= 1645189031.201721 | received turbidity readings for turbi set 1: R1= 81.0 R2= 87.0 R3= 73.0 R4= 122.0
INFO:root:T= 1645189032.281723 | received turbidity readings for turbi set 2: R5= 90.0 R6= 90.0 R7= 97.0 R8= 89.0
INFO:root:T= 1645189037.341730 | received turbidity readings for turbi set 1: R1= 85.0 R2= 81.0 R3= 75.0 R4= 111.0
INFO:root:T= 1645189038.371731 | received turbidity readings for turbi set 2: R5= 89.0 R6= 92.0 R7= 99.0 R8= 80.0
INFO:root:T= 1645189043.421738 | received turbidity readings for turbi set 1: R1= 79.0 R2= 91.0 R3= 73.0 R4= 125.0
INFO:root:T= 1645189044.511740 | received turbidity readings for turbi set 2: R5= 92.0 R6= 93.0 R7= 108.0 R8= 75.0
INFO:root:T= 1645189049.601747 | received turbidity readings for turbi set 1: R1= 77.0 R2= 87.0 R3= 72.0 R4= 124.0
INFO:root:T= 1645189050.691748 | received turbidity readings for turbi set 2: R5= 92.0 R6= 89.0 R7= 105.0 R8= 86.0
INFO:root:T= 1645189055.801756 | received turbidity readings for turbi set 1: R1= 85.0 R2= 82.0 R3= 80.0 R4= 114.0
INFO:root:T= 1645189056.881757 | received turbidity readings for turbi set 2: R5= 95.0 R6= 82.0 R7= 101.0 R8= 86.0
INFO:root:T= 1645189056.891757 | computed average of 6 turbidity readings after excluding 0 highest {1: 82.5, 2: 86.0, 3: 75.16666666666667, 4: 119.33333333333333, 5: 91.16666666666667, 6: 89.33333333333333, 7: 101.66666666666667, 8: 83.5}
INFO:root:T= 1645189056.901757 | applied calibration on turbidity readings average {1: 0.07093674315059184, 2: 0.01904422582926424, 3: 0.007881074132860544, 4: 0.3130334998109148, 5: 0.04914666260904177, 6: 0.10642968229952299, 7: 0.1834141227238959, 8: -0.009423636577842842}
INFO:root:T= 1645189056.911757 | asked for command Valve B1 OFF
INFO:root:T= 1645189056.921757 | finished for command Valve B1 OFF
INFO:root:T= 1645189056.921757 | asked for command Valve B2 OFF
INFO:root:T= 1645189056.931757 | finished for command Valve B2 OFF
INFO:root:T= 1645189056.931757 | asked for command Valve B3 OFF
INFO:root:T= 1645189056.941757 | finished for command Valve B3 OFF
INFO:root:T= 1645189056.941757 | asked for command Valve F1 OFF
WARNING:root:useless (state already as asked) command asked Valve F1 OFF, so not doing it
INFO:root:T= 1645189056.941757 | asked for command Valve F8 OFF
WARNING:root:useless (state already as asked) command asked Valve F8 OFF, so not doing it
INFO:root:T= 1645189056.941757 | sending request gotobin to the ot2
INFO:root:T= 1645189056.991757 | Finished request gotobin to the ot2
INFO:root:T= 1645189056.991757 | sending request blink/2 to the ot2
INFO:root:T= 1645189057.991759 | Finished request blink/2 to the ot2
INFO:root:T= 1645189058.001759 | sending request blink/3 to the ot2
INFO:root:T= 1645189059.501761 | Finished request blink/3 to the ot2
INFO:root:T= 1645189059.961761 | asked for LEDs duty history all_reactors from time 0.000000
INFO:root:T= 1645189061.0017629| Starting to check events
INFO:root:T= 1645189061.0017629| Starting to check events of reactor id 1
INFO:root:T= 1645189061.0017629| Starting to check events of reactor id 8
INFO:root:T= 1645189137.501870 | sending request blink/1 to the ot2
INFO:root:T= 1645189138.021871 | Finished request blink/1 to the ot2
INFO:root:T= 1645189138.021871 | asked for command Valve B1 ON
WARNING:root:reading Valve B1 state not successful, trying again
INFO:root:T= 1645189144.061879 | finished for command Valve B1 ON
INFO:root:T= 1645189144.061879 | asked for command Valve B2 ON
INFO:root:T= 1645189144.071879 | finished for command Valve B2 ON
INFO:root:T= 1645189144.071879 | asked for command Valve B3 ON
INFO:root:T= 1645189144.081879 | finished for command Valve B3 ON
INFO:root:T= 1645189144.081879 | asked for turbidity readings for turbi sets {1, 2}
INFO:root:T= 1645189145.171881 | received turbidity readings for turbi set 1: R1= 81.0 R2= 87.0 R3= 72.0 R4= 125.0
INFO:root:T= 1645189146.261882 | received turbidity readings for turbi set 2: R5= 90.0 R6= 94.0 R7= 100.0 R8= 80.0
INFO:root:T= 1645189151.361889 | received turbidity readings for turbi set 1: R1= 86.0 R2= 93.0 R3= 71.0 R4= 115.0
INFO:root:T= 1645189152.391891 | received turbidity readings for turbi set 2: R5= 96.0 R6= 90.0 R7= 100.0 R8= 82.0
INFO:root:T= 1645189157.501898 | received turbidity readings for turbi set 1: R1= 83.0 R2= 94.0 R3= 78.0 R4= 120.0
INFO:root:T= 1645189158.581899 | received turbidity readings for turbi set 2: R5= 98.0 R6= 88.0 R7= 99.0 R8= 88.0
INFO:root:T= 1645189163.661907 | received turbidity readings for turbi set 1: R1= 86.0 R2= 89.0 R3= 73.0 R4= 116.0
INFO:root:T= 1645189164.751908 | received turbidity readings for turbi set 2: R5= 92.0 R6= 92.0 R7= 104.0 R8= 81.0
INFO:root:T= 1645189169.851915 | received turbidity readings for turbi set 1: R1= 82.0 R2= 82.0 R3= 72.0 R4= 121.0
INFO:root:T= 1645189170.941917 | received turbidity readings for turbi set 2: R5= 96.0 R6= 88.0 R7= 100.0 R8= 90.0
INFO:root:T= 1645189176.031924 | received turbidity readings for turbi set 1: R1= 85.0 R2= 81.0 R3= 69.0 R4= 120.0
INFO:root:T= 1645189177.061925 | received turbidity readings for turbi set 2: R5= 97.0 R6= 88.0 R7= 99.0 R8= 92.0
INFO:root:T= 1645189177.071925 | computed average of 6 turbidity readings after excluding 0 highest {1: 83.83333333333333, 2: 87.66666666666667, 3: 72.5, 4: 119.5, 5: 94.83333333333333, 6: 90.0, 7: 100.33333333333333, 8: 85.5}
INFO:root:T= 1645189177.081925 | applied calibration on turbidity readings average {1: 0.08399030936380081, 2: 0.03539152940075674, 3: -0.02154570807314471, 4: 0.3141972252165388, 5: 0.08345188580447926, 6: 0.1126490021351465, 7: 0.1721137045978467, 8: 0.011054750037815086}
INFO:root:T= 1645189177.091926 | asked for command Valve B1 OFF
INFO:root:T= 1645189177.101925 | finished for command Valve B1 OFF
INFO:root:T= 1645189177.101925 | asked for command Valve B2 OFF
INFO:root:T= 1645189177.111926 | finished for command Valve B2 OFF
INFO:root:T= 1645189177.111926 | asked for command Valve B3 OFF
INFO:root:T= 1645189177.121925 | finished for command Valve B3 OFF
INFO:root:T= 1645189177.121925 | asked for command Valve F1 OFF
WARNING:root:useless (state already as asked) command asked Valve F1 OFF, so not doing it
INFO:root:T= 1645189177.121925 | asked for command Valve F8 OFF
WARNING:root:useless (state already as asked) command asked Valve F8 OFF, so not doing it
INFO:root:T= 1645189177.121925 | sending request gotobin to the ot2
INFO:root:T= 1645189177.181925 | Finished request gotobin to the ot2
INFO:root:T= 1645189177.181925 | sending request blink/2 to the ot2
INFO:root:T= 1645189178.181927 | Finished request blink/2 to the ot2
INFO:root:T= 1645189178.181927 | sending request blink/3 to the ot2
INFO:root:T= 1645189179.681929 | Finished request blink/3 to the ot2
INFO:root:T= 1645189180.071930 | asked for LEDs duty history all_reactors from time 0.000000
INFO:root:T= 1645189181.1119308| Starting to check events
INFO:root:T= 1645189181.1119308| Starting to check events of reactor id 1
INFO:root:T= 1645189181.1119308| Starting to check events of reactor id 8
INFO:root:T= 1645189257.512038 | sending request blink/1 to the ot2
INFO:root:T= 1645189258.032039 | Finished request blink/1 to the ot2
INFO:root:T= 1645189258.032039 | asked for command Valve B1 ON
WARNING:root:reading Valve B1 state not successful, trying again
INFO:root:T= 1645189264.062047 | finished for command Valve B1 ON
INFO:root:T= 1645189264.062047 | asked for command Valve B2 ON
INFO:root:T= 1645189264.072047 | finished for command Valve B2 ON
INFO:root:T= 1645189264.072047 | asked for command Valve B3 ON
INFO:root:T= 1645189264.082047 | finished for command Valve B3 ON
INFO:root:T= 1645189264.082047 | asked for turbidity readings for turbi sets {1, 2}
INFO:root:T= 1645189265.172049 | received turbidity readings for turbi set 1: R1= 85.0 R2= 86.0 R3= 73.0 R4= 124.0
INFO:root:T= 1645189266.272050 | received turbidity readings for turbi set 2: R5= 89.0 R6= 93.0 R7= 100.0 R8= 81.0
INFO:root:T= 1645189271.382057 | received turbidity readings for turbi set 1: R1= 86.0 R2= 80.0 R3= 74.0 R4= 121.0
INFO:root:T= 1645189272.472059 | received turbidity readings for turbi set 2: R5= 94.0 R6= 85.0 R7= 101.0 R8= 87.0
INFO:root:T= 1645189277.522066 | received turbidity readings for turbi set 1: R1= 86.0 R2= 87.0 R3= 76.0 R4= 111.0
INFO:root:T= 1645189278.612068 | received turbidity readings for turbi set 2: R5= 95.0 R6= 89.0 R7= 98.0 R8= 84.0
