INFO:root:T=1657186800.288438 | domain=GLOBAL | msg=opto-cyto-reactors cod git id =5bd4dd78ac6acb02da07ca9952f93ca036c8ab53
INFO:root:T= 1657186919.012664 | asked for shutting off all pumps and valves
WARNING:root:useless shut off all coils, already all off, not doing anything
INFO:root:T= 1657187094.628185 | sending request gotobin to the ot2
INFO:root:T= 1657187094.668185 | Finished request gotobin to the ot2
INFO:root:T= 1657187094.668185 | asked for opening Pump H1 for duration 88.947493 seconds
INFO:root:T= 1657187094.668185 | asked for command Pump H1 ON
WARNING:root:reading Pump H1 state not successful, trying again
INFO:root:T= 1657187097.678189 | finished for command Pump H1 ON
INFO:root:T= 1657187097.678189 | asked for opening Pump H2 for duration 118.684377 seconds
INFO:root:T= 1657187097.678189 | asked for command Pump H2 ON
INFO:root:T= 1657187097.688189 | finished for command Pump H2 ON
INFO:root:T= 1657187097.688189 | asked for opening Pump H3 for duration 77.394846 seconds
INFO:root:T= 1657187097.688189 | asked for command Pump H3 ON
INFO:root:T= 1657187097.698189 | finished for command Pump H3 ON
INFO:root:T= 1657187097.698189 | asked for opening Pump H4 for duration 97.447504 seconds
INFO:root:T= 1657187097.698189 | asked for command Pump H4 ON
INFO:root:T= 1657187097.708189 | finished for command Pump H4 ON
INFO:root:T= 1657187097.708189 | asked for opening Pump H5 for duration 112.289630 seconds
INFO:root:T= 1657187097.708189 | asked for command Pump H5 ON
INFO:root:T= 1657187097.718189 | finished for command Pump H5 ON
INFO:root:T= 1657187097.718189 | asked for opening Pump H6 for duration 119.131745 seconds
INFO:root:T= 1657187097.718189 | asked for command Pump H6 ON
INFO:root:T= 1657187097.738189 | finished for command Pump H6 ON
INFO:root:T= 1657187097.738189 | asked for opening Pump H7 for duration 75.710632 seconds
INFO:root:T= 1657187097.738189 | asked for command Pump H7 ON
INFO:root:T= 1657187097.748189 | finished for command Pump H7 ON
INFO:root:T= 1657187097.748189 | asked for opening Pump H8 for duration 119.394904 seconds
INFO:root:T= 1657187097.748189 | asked for command Pump H8 ON
INFO:root:T= 1657187097.758189 | finished for command Pump H8 ON
INFO:root:T= 1657187173.466577 | asked for command Pump H7 OFF
INFO:root:T= 1657187175.104103 | asked for command Pump H3 OFF
WARNING:root:reading Pump H7 state not successful, trying again
INFO:root:T= 1657187179.513173 | finished for command Pump H3 OFF
INFO:root:T= 1657187179.515673 | finished for command Pump H7 OFF
INFO:root:T= 1657187186.635740 | asked for command Pump H1 OFF
INFO:root:T= 1657187186.645740 | finished for command Pump H1 OFF
INFO:root:T= 1657187195.165752 | asked for command Pump H4 OFF
INFO:root:T= 1657187195.175752 | finished for command Pump H4 OFF
INFO:root:T= 1657187210.015773 | asked for command Pump H5 OFF
INFO:root:T= 1657187210.025773 | finished for command Pump H5 OFF
INFO:root:T= 1657187216.375782 | asked for command Pump H2 OFF
INFO:root:T= 1657187216.385782 | finished for command Pump H2 OFF
INFO:root:T= 1657187216.875782 | asked for command Pump H6 OFF
INFO:root:T= 1657187216.885782 | finished for command Pump H6 OFF
INFO:root:T= 1657187217.155783 | asked for command Pump H8 OFF
INFO:root:T= 1657187217.165783 | finished for command Pump H8 OFF
INFO:root:T= 1657187217.165783| Pinching front valves
INFO:root:T= 1657187217.165783 | asked for command Valve F1 OFF
WARNING:root:useless (state already as asked) command asked Valve F1 OFF, so not doing it
INFO:root:T= 1657187217.165783 | asked for command Valve F2 OFF
WARNING:root:useless (state already as asked) command asked Valve F2 OFF, so not doing it
INFO:root:T= 1657187217.165783 | asked for command Valve F3 OFF
WARNING:root:useless (state already as asked) command asked Valve F3 OFF, so not doing it
INFO:root:T= 1657187217.165783 | asked for command Valve F4 OFF
WARNING:root:useless (state already as asked) command asked Valve F4 OFF, so not doing it
INFO:root:T= 1657187217.175783 | asked for command Valve F5 OFF
WARNING:root:useless (state already as asked) command asked Valve F5 OFF, so not doing it
INFO:root:T= 1657187217.175783 | asked for command Valve F6 OFF
WARNING:root:useless (state already as asked) command asked Valve F6 OFF, so not doing it
INFO:root:T= 1657187217.175783 | asked for command Valve F7 OFF
WARNING:root:useless (state already as asked) command asked Valve F7 OFF, so not doing it
INFO:root:T= 1657187217.175783 | asked for command Valve F8 OFF
WARNING:root:useless (state already as asked) command asked Valve F8 OFF, so not doing it
INFO:root:T= 1657187218.895785 | sending request gotobin to the ot2
INFO:root:T= 1657187218.935786 | Finished request gotobin to the ot2
INFO:root:T= 1657187218.935786 | asked for opening Pump H1 for duration 17.789499 seconds
INFO:root:T= 1657187218.935786 | asked for command Pump H1 ON
INFO:root:T= 1657187218.955786 | finished for command Pump H1 ON
INFO:root:T= 1657187218.955786 | asked for opening Pump H2 for duration 23.736875 seconds
INFO:root:T= 1657187218.955786 | asked for command Pump H2 ON
INFO:root:T= 1657187218.965785 | finished for command Pump H2 ON
INFO:root:T= 1657187218.965785 | asked for opening Pump H3 for duration 15.478969 seconds
INFO:root:T= 1657187218.965785 | asked for command Pump H3 ON
INFO:root:T= 1657187218.975785 | finished for command Pump H3 ON
INFO:root:T= 1657187218.975785 | asked for opening Pump H4 for duration 19.489501 seconds
INFO:root:T= 1657187218.975785 | asked for command Pump H4 ON
INFO:root:T= 1657187218.985785 | finished for command Pump H4 ON
INFO:root:T= 1657187218.985785 | asked for opening Pump H5 for duration 22.457926 seconds
INFO:root:T= 1657187218.985785 | asked for command Pump H5 ON
INFO:root:T= 1657187218.995785 | finished for command Pump H5 ON
INFO:root:T= 1657187218.995785 | asked for opening Pump H6 for duration 23.826349 seconds
INFO:root:T= 1657187218.995785 | asked for command Pump H6 ON
INFO:root:T= 1657187219.005786 | finished for command Pump H6 ON
INFO:root:T= 1657187219.005786 | asked for opening Pump H7 for duration 15.142126 seconds
INFO:root:T= 1657187219.005786 | asked for command Pump H7 ON
INFO:root:T= 1657187219.015785 | finished for command Pump H7 ON
INFO:root:T= 1657187219.015785 | asked for opening Pump H8 for duration 23.878981 seconds
INFO:root:T= 1657187219.015785 | asked for command Pump H8 ON
INFO:root:T= 1657187219.025786 | finished for command Pump H8 ON
INFO:root:T= 1657187234.165807 | asked for command Pump H7 OFF
INFO:root:T= 1657187234.175807 | finished for command Pump H7 OFF
INFO:root:T= 1657187234.465807 | asked for command Pump H3 OFF
INFO:root:T= 1657187234.475807 | finished for command Pump H3 OFF
INFO:root:T= 1657187236.755810 | asked for command Pump H1 OFF
INFO:root:T= 1657187236.765810 | finished for command Pump H1 OFF
INFO:root:T= 1657187238.475813 | asked for command Pump H4 OFF
INFO:root:T= 1657187238.485813 | finished for command Pump H4 OFF
INFO:root:T= 1657187241.455817 | asked for command Pump H5 OFF
INFO:root:T= 1657187241.465817 | finished for command Pump H5 OFF
INFO:root:T= 1657187242.705819 | asked for command Pump H2 OFF
INFO:root:T= 1657187242.715819 | finished for command Pump H2 OFF
INFO:root:T= 1657187242.845819 | asked for command Pump H6 OFF
INFO:root:T= 1657187242.855819 | finished for command Pump H6 OFF
INFO:root:T= 1657187242.905819 | asked for command Pump H8 OFF
INFO:root:T= 1657187242.915819 | finished for command Pump H8 OFF
INFO:root:T= 1657187242.915819| Pinching front valves
INFO:root:T= 1657187242.915819 | asked for command Valve F1 OFF
WARNING:root:useless (state already as asked) command asked Valve F1 OFF, so not doing it
INFO:root:T= 1657187242.915819 | asked for command Valve F2 OFF
WARNING:root:useless (state already as asked) command asked Valve F2 OFF, so not doing it
INFO:root:T= 1657187242.915819 | asked for command Valve F3 OFF
WARNING:root:useless (state already as asked) command asked Valve F3 OFF, so not doing it
INFO:root:T= 1657187242.915819 | asked for command Valve F4 OFF
WARNING:root:useless (state already as asked) command asked Valve F4 OFF, so not doing it
INFO:root:T= 1657187242.925819 | asked for command Valve F5 OFF
WARNING:root:useless (state already as asked) command asked Valve F5 OFF, so not doing it
INFO:root:T= 1657187242.925819 | asked for command Valve F6 OFF
WARNING:root:useless (state already as asked) command asked Valve F6 OFF, so not doing it
INFO:root:T= 1657187242.925819 | asked for command Valve F7 OFF
WARNING:root:useless (state already as asked) command asked Valve F7 OFF, so not doing it
INFO:root:T= 1657187242.935819 | asked for command Valve F8 OFF
WARNING:root:useless (state already as asked) command asked Valve F8 OFF, so not doing it
INFO:root:T= 1657187481.044157| Started an input pumps sequence
INFO:root:T= 1657187481.044157 | asked for opening Pump L1 for duration 138.084404 seconds
INFO:root:T= 1657187481.044157 | asked for command Pump L1 ON
WARNING:root:reading Pump L1 state not successful, trying again
INFO:root:T= 1657187484.054161 | finished for command Pump L1 ON
INFO:root:T= 1657187484.054161 | asked for opening Pump L2 for duration 162.252858 seconds
INFO:root:T= 1657187484.054161 | asked for command Pump L2 ON
INFO:root:T= 1657187484.064162 | finished for command Pump L2 ON
INFO:root:T= 1657187484.064162 | asked for opening Pump L3 for duration 174.337087 seconds
INFO:root:T= 1657187484.064162 | asked for command Pump L3 ON
INFO:root:T= 1657187484.074161 | finished for command Pump L3 ON
INFO:root:T= 1657187484.074161 | asked for opening Pump L4 for duration 164.426545 seconds
INFO:root:T= 1657187484.074161 | asked for command Pump L4 ON
INFO:root:T= 1657187484.084162 | finished for command Pump L4 ON
INFO:root:T= 1657187484.084162 | asked for opening Pump L5 for duration 171.242345 seconds
INFO:root:T= 1657187484.084162 | asked for command Pump L5 ON
INFO:root:T= 1657187484.094162 | finished for command Pump L5 ON
INFO:root:T= 1657187484.094162 | asked for opening Pump L6 for duration 167.373918 seconds
INFO:root:T= 1657187484.094162 | asked for command Pump L6 ON
INFO:root:T= 1657187484.104162 | finished for command Pump L6 ON
INFO:root:T= 1657187484.104162 | asked for opening Pump L7 for duration 167.079182 seconds
INFO:root:T= 1657187484.104162 | asked for command Pump L7 ON
INFO:root:T= 1657187484.114161 | finished for command Pump L7 ON
INFO:root:T= 1657187484.114161 | asked for opening Pump L8 for duration 166.452865 seconds
INFO:root:T= 1657187484.114161 | asked for command Pump L8 ON
INFO:root:T= 1657187484.124161 | finished for command Pump L8 ON
INFO:root:T= 1657187622.144355 | asked for command Pump L1 OFF
WARNING:root:reading Pump L1 state not successful, trying again
INFO:root:T= 1657187625.154359 | finished for command Pump L1 OFF
INFO:root:T= 1657187646.324389 | asked for command Pump L2 OFF
INFO:root:T= 1657187646.334388 | finished for command Pump L2 OFF
INFO:root:T= 1657187648.524392 | asked for command Pump L4 OFF
INFO:root:T= 1657187648.534392 | finished for command Pump L4 OFF
INFO:root:T= 1657187650.584394 | asked for command Pump L8 OFF
INFO:root:T= 1657187650.594395 | finished for command Pump L8 OFF
INFO:root:T= 1657187651.204396 | asked for command Pump L7 OFF
INFO:root:T= 1657187651.214395 | finished for command Pump L7 OFF
INFO:root:T= 1657187651.484396 | asked for command Pump L6 OFF
INFO:root:T= 1657187651.494396 | finished for command Pump L6 OFF
INFO:root:T= 1657187655.344401 | asked for command Pump L5 OFF
INFO:root:T= 1657187655.354401 | finished for command Pump L5 OFF
INFO:root:T= 1657187658.414405 | asked for command Pump L3 OFF
INFO:root:T= 1657187658.424406 | finished for command Pump L3 OFF
INFO:root:T= 1657187748.214531| Started an input pumps sequence
INFO:root:T= 1657187748.214531 | asked for opening Pump L1 for duration 98.631717 seconds
INFO:root:T= 1657187748.214531 | asked for command Pump L1 ON
WARNING:root:reading Pump L1 state not successful, trying again
INFO:root:T= 1657187751.444536 | finished for command Pump L1 ON
INFO:root:T= 1657187751.444536 | asked for opening Pump L2 for duration 115.894899 seconds
INFO:root:T= 1657187751.444536 | asked for command Pump L2 ON
INFO:root:T= 1657187751.454536 | finished for command Pump L2 ON
INFO:root:T= 1657187751.454536 | asked for opening Pump L3 for duration 124.526491 seconds
INFO:root:T= 1657187751.454536 | asked for command Pump L3 ON
INFO:root:T= 1657187751.464536 | finished for command Pump L3 ON
INFO:root:T= 1657187751.464536 | asked for opening Pump L4 for duration 117.447532 seconds
INFO:root:T= 1657187751.464536 | asked for command Pump L4 ON
INFO:root:T= 1657187751.474536 | finished for command Pump L4 ON
INFO:root:T= 1657187751.474536 | asked for opening Pump L5 for duration 122.315961 seconds
INFO:root:T= 1657187751.474536 | asked for command Pump L5 ON
INFO:root:T= 1657187751.484536 | finished for command Pump L5 ON
INFO:root:T= 1657187751.484536 | asked for opening Pump L6 for duration 119.552799 seconds
INFO:root:T= 1657187751.484536 | asked for command Pump L6 ON
INFO:root:T= 1657187751.494536 | finished for command Pump L6 ON
INFO:root:T= 1657187751.494536 | asked for opening Pump L7 for duration 119.342273 seconds
INFO:root:T= 1657187751.494536 | asked for command Pump L7 ON
INFO:root:T= 1657187751.504536 | finished for command Pump L7 ON
INFO:root:T= 1657187751.504536 | asked for opening Pump L8 for duration 118.894903 seconds
INFO:root:T= 1657187751.504536 | asked for command Pump L8 ON
INFO:root:T= 1657187751.514536 | finished for command Pump L8 ON
INFO:root:T= 1657187850.085675 | asked for command Pump L1 OFF
WARNING:root:reading Pump L1 state not successful, trying again
INFO:root:T= 1657187853.095679 | finished for command Pump L1 OFF
INFO:root:T= 1657187867.365699 | asked for command Pump L2 OFF
INFO:root:T= 1657187867.375699 | finished for command Pump L2 OFF
INFO:root:T= 1657187868.925701 | asked for command Pump L4 OFF
INFO:root:T= 1657187868.935701 | finished for command Pump L4 OFF
INFO:root:T= 1657187870.415703 | asked for command Pump L8 OFF
INFO:root:T= 1657187870.425703 | finished for command Pump L8 OFF
INFO:root:T= 1657187870.855704 | asked for command Pump L7 OFF
INFO:root:T= 1657187870.865704 | finished for command Pump L7 OFF
INFO:root:T= 1657187871.055704 | asked for command Pump L6 OFF
INFO:root:T= 1657187871.065704 | finished for command Pump L6 OFF
INFO:root:T= 1657187873.805708 | asked for command Pump L5 OFF
INFO:root:T= 1657187873.815708 | finished for command Pump L5 OFF
INFO:root:T= 1657187875.995711 | asked for command Pump L3 OFF
INFO:root:T= 1657187876.005711 | finished for command Pump L3 OFF
INFO:root:T= 1657187897.155740 | sending request gotobin to the ot2
INFO:root:T= 1657187897.195740 | Finished request gotobin to the ot2
INFO:root:T= 1657187897.195740| Pinching front valves
INFO:root:T= 1657187897.195740 | asked for command Valve F1 ON
INFO:root:T= 1657187897.205740 | finished for command Valve F1 ON
INFO:root:T= 1657187897.205740 | asked for command Valve F2 ON
INFO:root:T= 1657187897.215740 | finished for command Valve F2 ON
INFO:root:T= 1657187897.215740 | asked for command Valve F3 ON
INFO:root:T= 1657187897.225740 | finished for command Valve F3 ON
INFO:root:T= 1657187897.225740 | asked for command Valve F4 ON
INFO:root:T= 1657187897.235740 | finished for command Valve F4 ON
INFO:root:T= 1657187897.235740 | asked for command Valve F5 ON
INFO:root:T= 1657187897.245741 | finished for command Valve F5 ON
INFO:root:T= 1657187897.245741 | asked for command Valve F6 ON
INFO:root:T= 1657187897.255740 | finished for command Valve F6 ON
INFO:root:T= 1657187897.255740 | asked for command Valve F7 ON
INFO:root:T= 1657187897.265741 | finished for command Valve F7 ON
INFO:root:T= 1657187897.265741 | asked for command Valve F8 ON
INFO:root:T= 1657187897.275741 | finished for command Valve F8 ON
INFO:root:T= 1657187897.275741 | asked for opening Pump H1 for duration 88.947493 seconds
INFO:root:T= 1657187897.275741 | asked for command Pump H1 ON
INFO:root:T= 1657187897.285741 | finished for command Pump H1 ON
INFO:root:T= 1657187897.285741 | asked for opening Pump H2 for duration 118.684377 seconds
INFO:root:T= 1657187897.285741 | asked for command Pump H2 ON
INFO:root:T= 1657187897.295741 | finished for command Pump H2 ON
INFO:root:T= 1657187897.295741 | asked for opening Pump H3 for duration 77.394846 seconds
INFO:root:T= 1657187897.295741 | asked for command Pump H3 ON
INFO:root:T= 1657187897.305741 | finished for command Pump H3 ON
INFO:root:T= 1657187897.305741 | asked for opening Pump H4 for duration 97.447504 seconds
INFO:root:T= 1657187897.305741 | asked for command Pump H4 ON
INFO:root:T= 1657187897.315741 | finished for command Pump H4 ON
INFO:root:T= 1657187897.315741 | asked for opening Pump H5 for duration 112.289630 seconds
INFO:root:T= 1657187897.315741 | asked for command Pump H5 ON
INFO:root:T= 1657187897.325741 | finished for command Pump H5 ON
INFO:root:T= 1657187897.325741 | asked for opening Pump H6 for duration 119.131745 seconds
INFO:root:T= 1657187897.325741 | asked for command Pump H6 ON
INFO:root:T= 1657187897.335741 | finished for command Pump H6 ON
INFO:root:T= 1657187897.335741 | asked for opening Pump H7 for duration 75.710632 seconds
INFO:root:T= 1657187897.335741 | asked for command Pump H7 ON
INFO:root:T= 1657187897.345741 | finished for command Pump H7 ON
INFO:root:T= 1657187897.345741 | asked for opening Pump H8 for duration 119.394904 seconds
INFO:root:T= 1657187897.345741 | asked for command Pump H8 ON
INFO:root:T= 1657187897.365741 | finished for command Pump H8 ON
INFO:root:T= 1657187973.066847 | asked for command Pump H7 OFF
INFO:root:T= 1657187974.706849 | asked for command Pump H3 OFF
WARNING:root:reading Pump H7 state not successful, trying again
INFO:root:T= 1657187979.106855 | finished for command Pump H3 OFF
INFO:root:T= 1657187979.106855 | finished for command Pump H7 OFF
INFO:root:T= 1657187986.236865 | asked for command Pump H1 OFF
INFO:root:T= 1657187986.246865 | finished for command Pump H1 OFF
INFO:root:T= 1657187994.766877 | asked for command Pump H4 OFF
INFO:root:T= 1657187994.776877 | finished for command Pump H4 OFF
INFO:root:T= 1657188009.616898 | asked for command Pump H5 OFF
INFO:root:T= 1657188009.626898 | finished for command Pump H5 OFF
INFO:root:T= 1657188015.986907 | asked for command Pump H2 OFF
INFO:root:T= 1657188015.996907 | finished for command Pump H2 OFF
INFO:root:T= 1657188016.476907 | asked for command Pump H6 OFF
INFO:root:T= 1657188016.486907 | finished for command Pump H6 OFF
INFO:root:T= 1657188016.766908 | asked for command Pump H8 OFF
INFO:root:T= 1657188016.776908 | finished for command Pump H8 OFF
INFO:root:T= 1657188016.776908| Pinching front valves
INFO:root:T= 1657188016.776908 | asked for command Valve F1 OFF
INFO:root:T= 1657188016.786908 | finished for command Valve F1 OFF
INFO:root:T= 1657188016.786908 | asked for command Valve F2 OFF
INFO:root:T= 1657188016.796908 | finished for command Valve F2 OFF
INFO:root:T= 1657188016.796908 | asked for command Valve F3 OFF
INFO:root:T= 1657188016.806908 | finished for command Valve F3 OFF
INFO:root:T= 1657188016.806908 | asked for command Valve F4 OFF
INFO:root:T= 1657188016.816908 | finished for command Valve F4 OFF
INFO:root:T= 1657188016.816908 | asked for command Valve F5 OFF
INFO:root:T= 1657188016.826908 | finished for command Valve F5 OFF
INFO:root:T= 1657188016.826908 | asked for command Valve F6 OFF
INFO:root:T= 1657188016.836908 | finished for command Valve F6 OFF
INFO:root:T= 1657188016.836908 | asked for command Valve F7 OFF
INFO:root:T= 1657188016.846908 | finished for command Valve F7 OFF
INFO:root:T= 1657188016.846908 | asked for command Valve F8 OFF
INFO:root:T= 1657188016.856908 | finished for command Valve F8 OFF
INFO:root:T= 1657188016.856908 | sending request gotobin to the ot2
INFO:root:T= 1657188016.906908 | Finished request gotobin to the ot2
INFO:root:T= 1657188016.906908 | asked for opening Pump H1 for duration 106.736992 seconds
INFO:root:T= 1657188016.906908 | asked for command Pump H1 ON
INFO:root:T= 1657188016.916908 | finished for command Pump H1 ON
INFO:root:T= 1657188016.916908 | asked for opening Pump H2 for duration 142.421252 seconds
INFO:root:T= 1657188016.916908 | asked for command Pump H2 ON
INFO:root:T= 1657188016.926908 | finished for command Pump H2 ON
INFO:root:T= 1657188016.926908 | asked for opening Pump H3 for duration 92.873815 seconds
INFO:root:T= 1657188016.926908 | asked for command Pump H3 ON
INFO:root:T= 1657188016.936908 | finished for command Pump H3 ON
INFO:root:T= 1657188016.936908 | asked for opening Pump H4 for duration 116.937005 seconds
INFO:root:T= 1657188016.936908 | asked for command Pump H4 ON
INFO:root:T= 1657188016.946908 | finished for command Pump H4 ON
INFO:root:T= 1657188016.946908 | asked for opening Pump H5 for duration 134.747556 seconds
INFO:root:T= 1657188016.946908 | asked for command Pump H5 ON
INFO:root:T= 1657188016.956908 | finished for command Pump H5 ON
INFO:root:T= 1657188016.956908 | asked for opening Pump H6 for duration 142.958094 seconds
INFO:root:T= 1657188016.956908 | asked for command Pump H6 ON
INFO:root:T= 1657188016.966908 | finished for command Pump H6 ON
INFO:root:T= 1657188016.966908 | asked for opening Pump H7 for duration 90.852759 seconds
INFO:root:T= 1657188016.966908 | asked for command Pump H7 ON
INFO:root:T= 1657188016.976908 | finished for command Pump H7 ON
INFO:root:T= 1657188016.976908 | asked for opening Pump H8 for duration 143.273885 seconds
INFO:root:T= 1657188016.976908 | asked for command Pump H8 ON
INFO:root:T= 1657188016.986908 | finished for command Pump H8 ON
INFO:root:T= 1657188107.833040 | asked for command Pump H7 OFF
WARNING:root:reading Pump H7 state not successful, trying again
INFO:root:T= 1657188109.823042 | asked for command Pump H3 OFF
INFO:root:T= 1657188110.843044 | finished for command Pump H3 OFF
INFO:root:T= 1657188110.843044 | finished for command Pump H7 OFF
INFO:root:T= 1657188123.671067 | asked for command Pump H1 OFF
INFO:root:T= 1657188123.681067 | finished for command Pump H1 OFF
INFO:root:T= 1657188133.891082 | asked for command Pump H4 OFF
INFO:root:T= 1657188133.901082 | finished for command Pump H4 OFF
INFO:root:T= 1657188151.711107 | asked for command Pump H5 OFF
INFO:root:T= 1657188151.721107 | finished for command Pump H5 OFF
INFO:root:T= 1657188159.351117 | asked for command Pump H2 OFF
INFO:root:T= 1657188159.361117 | finished for command Pump H2 OFF
INFO:root:T= 1657188159.931118 | asked for command Pump H6 OFF
INFO:root:T= 1657188159.941118 | finished for command Pump H6 OFF
INFO:root:T= 1657188160.271119 | asked for command Pump H8 OFF
INFO:root:T= 1657188160.281118 | finished for command Pump H8 OFF
INFO:root:T= 1657188160.281118| Pinching front valves
INFO:root:T= 1657188160.281118 | asked for command Valve F1 OFF
WARNING:root:useless (state already as asked) command asked Valve F1 OFF, so not doing it
INFO:root:T= 1657188160.281118 | asked for command Valve F2 OFF
WARNING:root:useless (state already as asked) command asked Valve F2 OFF, so not doing it
INFO:root:T= 1657188160.281118 | asked for command Valve F3 OFF
WARNING:root:useless (state already as asked) command asked Valve F3 OFF, so not doing it
INFO:root:T= 1657188160.291119 | asked for command Valve F4 OFF
WARNING:root:useless (state already as asked) command asked Valve F4 OFF, so not doing it
INFO:root:T= 1657188160.291119 | asked for command Valve F5 OFF
WARNING:root:useless (state already as asked) command asked Valve F5 OFF, so not doing it
INFO:root:T= 1657188160.291119 | asked for command Valve F6 OFF
WARNING:root:useless (state already as asked) command asked Valve F6 OFF, so not doing it
INFO:root:T= 1657188160.291119 | asked for command Valve F7 OFF
WARNING:root:useless (state already as asked) command asked Valve F7 OFF, so not doing it
INFO:root:T= 1657188160.301119 | asked for command Valve F8 OFF
WARNING:root:useless (state already as asked) command asked Valve F8 OFF, so not doing it
INFO:root:T= 1657188160.311119 | sending request gotobin to the ot2
INFO:root:T= 1657188160.401119 | Finished request gotobin to the ot2
INFO:root:T= 1657188160.401119 | asked for opening Pump H1 for duration 53.368496 seconds
INFO:root:T= 1657188160.401119 | asked for command Pump H1 ON
INFO:root:T= 1657188160.421119 | finished for command Pump H1 ON
INFO:root:T= 1657188160.421119 | asked for opening Pump H2 for duration 71.210626 seconds
INFO:root:T= 1657188160.421119 | asked for command Pump H2 ON
INFO:root:T= 1657188160.431118 | finished for command Pump H2 ON
INFO:root:T= 1657188160.431118 | asked for opening Pump H3 for duration 46.436907 seconds
INFO:root:T= 1657188160.431118 | asked for command Pump H3 ON
INFO:root:T= 1657188160.441119 | finished for command Pump H3 ON
INFO:root:T= 1657188160.441119 | asked for opening Pump H4 for duration 58.468503 seconds
INFO:root:T= 1657188160.441119 | asked for command Pump H4 ON
INFO:root:T= 1657188160.451119 | finished for command Pump H4 ON
INFO:root:T= 1657188160.451119 | asked for opening Pump H5 for duration 67.373778 seconds
INFO:root:T= 1657188160.451119 | asked for command Pump H5 ON
INFO:root:T= 1657188160.461119 | finished for command Pump H5 ON
INFO:root:T= 1657188160.461119 | asked for opening Pump H6 for duration 71.479047 seconds
INFO:root:T= 1657188160.461119 | asked for command Pump H6 ON
INFO:root:T= 1657188160.471119 | finished for command Pump H6 ON
INFO:root:T= 1657188160.471119 | asked for opening Pump H7 for duration 45.426379 seconds
INFO:root:T= 1657188160.471119 | asked for command Pump H7 ON
INFO:root:T= 1657188160.481119 | finished for command Pump H7 ON
INFO:root:T= 1657188160.481119 | asked for opening Pump H8 for duration 71.636942 seconds
INFO:root:T= 1657188160.481119 | asked for command Pump H8 ON
INFO:root:T= 1657188160.491119 | finished for command Pump H8 ON
INFO:root:T= 1657188205.911182 | asked for command Pump H7 OFF
INFO:root:T= 1657188205.921182 | finished for command Pump H7 OFF
INFO:root:T= 1657188206.881184 | asked for command Pump H3 OFF
INFO:root:T= 1657188206.891184 | finished for command Pump H3 OFF
INFO:root:T= 1657188213.792196 | asked for command Pump H1 OFF
INFO:root:T= 1657188213.802196 | finished for command Pump H1 OFF
INFO:root:T= 1657188218.922203 | asked for command Pump H4 OFF
INFO:root:T= 1657188218.932203 | finished for command Pump H4 OFF
INFO:root:T= 1657188227.842216 | asked for command Pump H5 OFF
INFO:root:T= 1657188227.852215 | finished for command Pump H5 OFF
INFO:root:T= 1657188231.642221 | asked for command Pump H2 OFF
INFO:root:T= 1657188231.652221 | finished for command Pump H2 OFF
INFO:root:T= 1657188231.952221 | asked for command Pump H6 OFF
INFO:root:T= 1657188231.962221 | finished for command Pump H6 OFF
INFO:root:T= 1657188232.142221 | asked for command Pump H8 OFF
INFO:root:T= 1657188232.152221 | finished for command Pump H8 OFF
INFO:root:T= 1657188232.152221| Pinching front valves
INFO:root:T= 1657188232.152221 | asked for command Valve F1 OFF
WARNING:root:useless (state already as asked) command asked Valve F1 OFF, so not doing it
INFO:root:T= 1657188232.152221 | asked for command Valve F2 OFF
WARNING:root:useless (state already as asked) command asked Valve F2 OFF, so not doing it
INFO:root:T= 1657188232.152221 | asked for command Valve F3 OFF
WARNING:root:useless (state already as asked) command asked Valve F3 OFF, so not doing it
INFO:root:T= 1657188232.162222 | asked for command Valve F4 OFF
WARNING:root:useless (state already as asked) command asked Valve F4 OFF, so not doing it
INFO:root:T= 1657188232.162222 | asked for command Valve F5 OFF
WARNING:root:useless (state already as asked) command asked Valve F5 OFF, so not doing it
INFO:root:T= 1657188232.162222 | asked for command Valve F6 OFF
WARNING:root:useless (state already as asked) command asked Valve F6 OFF, so not doing it
INFO:root:T= 1657188232.162222 | asked for command Valve F7 OFF
WARNING:root:useless (state already as asked) command asked Valve F7 OFF, so not doing it
INFO:root:T= 1657188232.172221 | asked for command Valve F8 OFF
WARNING:root:useless (state already as asked) command asked Valve F8 OFF, so not doing it
INFO:root:T= 1657188262.222264| Started an input pumps sequence
INFO:root:T= 1657188262.222264 | asked for opening Pump L1 for duration 78.905374 seconds
INFO:root:T= 1657188262.222264 | asked for command Pump L1 ON
INFO:root:T= 1657188262.242264 | finished for command Pump L1 ON
INFO:root:T= 1657188262.242264 | asked for opening Pump L2 for duration 92.715919 seconds
INFO:root:T= 1657188262.242264 | asked for command Pump L2 ON
INFO:root:T= 1657188262.252264 | finished for command Pump L2 ON
INFO:root:T= 1657188262.252264 | asked for opening Pump L3 for duration 99.621193 seconds
INFO:root:T= 1657188262.252264 | asked for command Pump L3 ON
INFO:root:T= 1657188262.262264 | finished for command Pump L3 ON
INFO:root:T= 1657188262.262264 | asked for opening Pump L4 for duration 93.958026 seconds
INFO:root:T= 1657188262.262264 | asked for command Pump L4 ON
INFO:root:T= 1657188262.272264 | finished for command Pump L4 ON
INFO:root:T= 1657188262.272264 | asked for opening Pump L5 for duration 97.852769 seconds
INFO:root:T= 1657188262.272264 | asked for command Pump L5 ON
INFO:root:T= 1657188262.282264 | finished for command Pump L5 ON
INFO:root:T= 1657188262.282264 | asked for opening Pump L6 for duration 95.642239 seconds
INFO:root:T= 1657188262.282264 | asked for command Pump L6 ON
INFO:root:T= 1657188262.292264 | finished for command Pump L6 ON
INFO:root:T= 1657188262.302264 | asked for opening Pump L7 for duration 95.473818 seconds
INFO:root:T= 1657188262.302264 | asked for command Pump L7 ON
INFO:root:T= 1657188262.312264 | finished for command Pump L7 ON
INFO:root:T= 1657188262.312264 | asked for opening Pump L8 for duration 95.115923 seconds
INFO:root:T= 1657188262.312264 | asked for command Pump L8 ON
INFO:root:T= 1657188262.332264 | finished for command Pump L8 ON
INFO:root:T= 1657188341.149377 | asked for command Pump L1 OFF
WARNING:root:reading Pump L1 state not successful, trying again
INFO:root:T= 1657188347.189386 | finished for command Pump L1 OFF
INFO:root:T= 1657188354.979397 | asked for command Pump L2 OFF
INFO:root:T= 1657188354.989397 | finished for command Pump L2 OFF
INFO:root:T= 1657188356.239398 | asked for command Pump L4 OFF
INFO:root:T= 1657188356.249398 | finished for command Pump L4 OFF
INFO:root:T= 1657188357.459400 | asked for command Pump L8 OFF
INFO:root:T= 1657188357.469400 | finished for command Pump L8 OFF
INFO:root:T= 1657188357.799400 | asked for command Pump L7 OFF
INFO:root:T= 1657188357.809401 | finished for command Pump L7 OFF
INFO:root:T= 1657188357.949401 | asked for command Pump L6 OFF
INFO:root:T= 1657188357.959401 | finished for command Pump L6 OFF
INFO:root:T= 1657188360.139404 | asked for command Pump L5 OFF
INFO:root:T= 1657188360.149404 | finished for command Pump L5 OFF
INFO:root:T= 1657188361.889406 | asked for command Pump L3 OFF
INFO:root:T= 1657188361.899406 | finished for command Pump L3 OFF
INFO:root:T= 1657188522.274634| Started an input pumps sequence
INFO:root:T= 1657188522.274634 | asked for opening Pump L1 for duration 78.905374 seconds
INFO:root:T= 1657188522.274634 | asked for command Pump L1 ON
WARNING:root:reading Pump L1 state not successful, trying again
INFO:root:T= 1657188525.294638 | finished for command Pump L1 ON
INFO:root:T= 1657188525.294638 | asked for opening Pump L2 for duration 92.715919 seconds
INFO:root:T= 1657188525.294638 | asked for command Pump L2 ON
INFO:root:T= 1657188525.304638 | finished for command Pump L2 ON
INFO:root:T= 1657188525.304638 | asked for opening Pump L3 for duration 99.621193 seconds
INFO:root:T= 1657188525.304638 | asked for command Pump L3 ON
INFO:root:T= 1657188525.314638 | finished for command Pump L3 ON
INFO:root:T= 1657188525.314638 | asked for opening Pump L4 for duration 93.958026 seconds
INFO:root:T= 1657188525.314638 | asked for command Pump L4 ON
INFO:root:T= 1657188525.324638 | finished for command Pump L4 ON
INFO:root:T= 1657188525.324638 | asked for opening Pump L5 for duration 97.852769 seconds
INFO:root:T= 1657188525.324638 | asked for command Pump L5 ON
INFO:root:T= 1657188525.334638 | finished for command Pump L5 ON
INFO:root:T= 1657188525.334638 | asked for opening Pump L6 for duration 95.642239 seconds
INFO:root:T= 1657188525.334638 | asked for command Pump L6 ON
INFO:root:T= 1657188525.344638 | finished for command Pump L6 ON
INFO:root:T= 1657188525.344638 | asked for opening Pump L7 for duration 95.473818 seconds
INFO:root:T= 1657188525.344638 | asked for command Pump L7 ON
INFO:root:T= 1657188525.354638 | finished for command Pump L7 ON
INFO:root:T= 1657188525.354638 | asked for opening Pump L8 for duration 95.115923 seconds
INFO:root:T= 1657188525.354638 | asked for command Pump L8 ON
INFO:root:T= 1657188525.364638 | finished for command Pump L8 ON
INFO:root:T= 1657188604.216753 | asked for command Pump L1 OFF
WARNING:root:reading Pump L1 state not successful, trying again
INFO:root:T= 1657188610.256762 | finished for command Pump L1 OFF
INFO:root:T= 1657188618.027772 | asked for command Pump L2 OFF
INFO:root:T= 1657188618.037773 | finished for command Pump L2 OFF
INFO:root:T= 1657188619.287774 | asked for command Pump L4 OFF
INFO:root:T= 1657188619.297774 | finished for command Pump L4 OFF
INFO:root:T= 1657188620.487776 | asked for command Pump L8 OFF
INFO:root:T= 1657188620.497776 | finished for command Pump L8 OFF
INFO:root:T= 1657188620.837776 | asked for command Pump L7 OFF
INFO:root:T= 1657188620.847776 | finished for command Pump L7 OFF
INFO:root:T= 1657188620.987777 | asked for command Pump L6 OFF
INFO:root:T= 1657188620.997777 | finished for command Pump L6 OFF
INFO:root:T= 1657188623.187780 | asked for command Pump L5 OFF
INFO:root:T= 1657188623.197780 | finished for command Pump L5 OFF
INFO:root:T= 1657188624.937782 | asked for command Pump L3 OFF
INFO:root:T= 1657188624.947782 | finished for command Pump L3 OFF
INFO:root:T= 1657188638.534803 | sending request gotobin to the ot2
INFO:root:T= 1657188638.574803 | Finished request gotobin to the ot2
INFO:root:T= 1657188638.574803 | asked for opening Pump H1 for duration 35.578997 seconds
INFO:root:T= 1657188638.574803 | asked for command Pump H1 ON
INFO:root:T= 1657188638.594804 | finished for command Pump H1 ON
INFO:root:T= 1657188638.594804 | asked for opening Pump H2 for duration 47.473751 seconds
INFO:root:T= 1657188638.594804 | asked for command Pump H2 ON
INFO:root:T= 1657188638.604803 | finished for command Pump H2 ON
INFO:root:T= 1657188638.604803 | asked for opening Pump H3 for duration 30.957938 seconds
INFO:root:T= 1657188638.604803 | asked for command Pump H3 ON
INFO:root:T= 1657188638.614804 | finished for command Pump H3 ON
INFO:root:T= 1657188638.614804 | asked for opening Pump H4 for duration 38.979002 seconds
INFO:root:T= 1657188638.614804 | asked for command Pump H4 ON
INFO:root:T= 1657188638.624803 | finished for command Pump H4 ON
INFO:root:T= 1657188638.624803 | asked for opening Pump H5 for duration 44.915852 seconds
INFO:root:T= 1657188638.624803 | asked for command Pump H5 ON
INFO:root:T= 1657188638.634804 | finished for command Pump H5 ON
INFO:root:T= 1657188638.634804 | asked for opening Pump H6 for duration 47.652698 seconds
INFO:root:T= 1657188638.634804 | asked for command Pump H6 ON
INFO:root:T= 1657188638.644804 | finished for command Pump H6 ON
INFO:root:T= 1657188638.644804 | asked for opening Pump H7 for duration 30.284253 seconds
INFO:root:T= 1657188638.644804 | asked for command Pump H7 ON
INFO:root:T= 1657188638.654804 | finished for command Pump H7 ON
INFO:root:T= 1657188638.654804 | asked for opening Pump H8 for duration 47.757962 seconds
INFO:root:T= 1657188638.654804 | asked for command Pump H8 ON
INFO:root:T= 1657188638.664804 | finished for command Pump H8 ON
INFO:root:T= 1657188668.948848 | asked for command Pump H7 OFF
INFO:root:T= 1657188668.958848 | finished for command Pump H7 OFF
INFO:root:T= 1657188669.578849 | asked for command Pump H3 OFF
INFO:root:T= 1657188669.588849 | finished for command Pump H3 OFF
INFO:root:T= 1657188674.178855 | asked for command Pump H1 OFF
INFO:root:T= 1657188674.188855 | finished for command Pump H1 OFF
INFO:root:T= 1657188677.608860 | asked for command Pump H4 OFF
INFO:root:T= 1657188677.618860 | finished for command Pump H4 OFF
INFO:root:T= 1657188683.558868 | asked for command Pump H5 OFF
INFO:root:T= 1657188683.568868 | finished for command Pump H5 OFF
INFO:root:T= 1657188686.088872 | asked for command Pump H2 OFF
INFO:root:T= 1657188686.098872 | finished for command Pump H2 OFF
INFO:root:T= 1657188686.308872 | asked for command Pump H6 OFF
INFO:root:T= 1657188686.318872 | finished for command Pump H6 OFF
INFO:root:T= 1657188686.428872 | asked for command Pump H8 OFF
INFO:root:T= 1657188686.438872 | finished for command Pump H8 OFF
INFO:root:T= 1657188686.438872| Pinching front valves
INFO:root:T= 1657188686.438872 | asked for command Valve F1 OFF
WARNING:root:useless (state already as asked) command asked Valve F1 OFF, so not doing it
INFO:root:T= 1657188686.438872 | asked for command Valve F2 OFF
WARNING:root:useless (state already as asked) command asked Valve F2 OFF, so not doing it
INFO:root:T= 1657188686.438872 | asked for command Valve F3 OFF
WARNING:root:useless (state already as asked) command asked Valve F3 OFF, so not doing it
INFO:root:T= 1657188686.438872 | asked for command Valve F4 OFF
WARNING:root:useless (state already as asked) command asked Valve F4 OFF, so not doing it
INFO:root:T= 1657188686.448872 | asked for command Valve F5 OFF
WARNING:root:useless (state already as asked) command asked Valve F5 OFF, so not doing it
INFO:root:T= 1657188686.448872 | asked for command Valve F6 OFF
WARNING:root:useless (state already as asked) command asked Valve F6 OFF, so not doing it
INFO:root:T= 1657188686.448872 | asked for command Valve F7 OFF
WARNING:root:useless (state already as asked) command asked Valve F7 OFF, so not doing it
INFO:root:T= 1657188686.448872 | asked for command Valve F8 OFF
WARNING:root:useless (state already as asked) command asked Valve F8 OFF, so not doing it
INFO:root:T= 1657188689.848877 | sending request move_to/sampling_metal/2 to the ot2
INFO:root:T= 1657188691.598880 | Finished request move_to/sampling_metal/2 to the ot2
INFO:root:T= 1657188715.218913 | asked for command Pump H1 ON
INFO:root:T= 1657188715.238913 | finished for command Pump H1 ON
INFO:root:T= 1657188749.788961 | asked for command Pump H1 OFF
INFO:root:T= 1657188749.808961 | finished for command Pump H1 OFF
INFO:root:T= 1657188752.808965 | asked for command Pump H2 ON
INFO:root:T= 1657188752.818965 | finished for command Pump H2 ON
INFO:root:T= 1657188796.369026 | asked for command Pump H2 OFF
INFO:root:T= 1657188796.389026 | finished for command Pump H2 OFF
INFO:root:T= 1657188799.389030 | asked for command Pump H3 ON
INFO:root:T= 1657188799.399030 | finished for command Pump H3 ON
INFO:root:T= 1657188830.239074 | asked for command Pump H3 OFF
INFO:root:T= 1657188830.249074 | finished for command Pump H3 OFF
INFO:root:T= 1657188833.249078 | asked for command Pump H4 ON
INFO:root:T= 1657188833.259078 | finished for command Pump H4 ON
INFO:root:T= 1657188870.529130 | asked for command Pump H4 OFF
INFO:root:T= 1657188870.539130 | finished for command Pump H4 OFF
INFO:root:T= 1657188873.539134 | asked for command Pump H5 ON
INFO:root:T= 1657188873.549134 | finished for command Pump H5 ON
INFO:root:T= 1657188915.899194 | asked for command Pump H5 OFF
INFO:root:T= 1657188915.919194 | finished for command Pump H5 OFF
INFO:root:T= 1657188918.919198 | asked for command Pump H6 ON
INFO:root:T= 1657188918.929198 | finished for command Pump H6 ON
INFO:root:T= 1657188963.219260 | asked for command Pump H6 OFF
INFO:root:T= 1657188963.239260 | finished for command Pump H6 OFF
INFO:root:T= 1657188966.239264 | asked for command Pump H7 ON
INFO:root:T= 1657188966.249264 | finished for command Pump H7 ON
INFO:root:T= 1657189007.219321 | asked for command Pump H7 OFF
INFO:root:T= 1657189007.239321 | finished for command Pump H7 OFF
INFO:root:T= 1657189010.239326 | asked for command Pump H8 ON
INFO:root:T= 1657189010.249326 | finished for command Pump H8 ON
INFO:root:T= 1657189052.817386 | asked for command Pump H8 OFF
INFO:root:T= 1657189052.837386 | finished for command Pump H8 OFF
INFO:root:For pump H1 (installed as output for reactor 1), new flow rate: 16.49780614500221 mL/min (was 16.863881677285608)
INFO:root:For pump H2 (installed as output for reactor 2), new flow rate: 13.088385732535484 mL/min (was 12.638563252532368)
INFO:root:For pump H3 (installed as output for reactor 3), new flow rate: 18.482464318804094 mL/min (was 19.381135631899227)
INFO:root:For pump H4 (installed as output for reactor 4), new flow rate: 15.293780567408428 mL/min (was 15.392903161230215)
INFO:root:For pump H5 (installed as output for reactor 5), new flow rate: 13.459249092085312 mL/min (was 13.358312771226249)
INFO:root:For pump H6 (installed as output for reactor 6), new flow rate: 12.869704214148785 mL/min (was 12.591102379559985)
INFO:root:For pump H7 (installed as output for reactor 7), new flow rate: 13.91259962981799 mL/min (was 19.8122767496342)
INFO:root:For pump H8 (installed as output for reactor 8), new flow rate: 13.39032123760844 mL/min (was 12.56335026852584)
INFO:root:T= 1657189068.957408 | sending request gotobin to the ot2
INFO:root:T= 1657189070.557410 | Finished request gotobin to the ot2
INFO:root:T= 1657189246.227656| Started an input pumps sequence
INFO:root:T= 1657189246.227656 | asked for opening Pump L1 for duration 19.726343 seconds
INFO:root:T= 1657189246.227656 | asked for command Pump L1 ON
WARNING:root:reading Pump L1 state not successful, trying again
INFO:root:T= 1657189249.247661 | finished for command Pump L1 ON
INFO:root:T= 1657189249.247661 | asked for opening Pump L2 for duration 23.178980 seconds
INFO:root:T= 1657189249.247661 | asked for command Pump L2 ON
INFO:root:T= 1657189249.257661 | finished for command Pump L2 ON
INFO:root:T= 1657189249.257661 | asked for opening Pump L3 for duration 24.905298 seconds
INFO:root:T= 1657189249.257661 | asked for command Pump L3 ON
INFO:root:T= 1657189249.267661 | finished for command Pump L3 ON
INFO:root:T= 1657189249.267661 | asked for opening Pump L4 for duration 23.489506 seconds
INFO:root:T= 1657189249.267661 | asked for command Pump L4 ON
INFO:root:T= 1657189249.287661 | finished for command Pump L4 ON
INFO:root:T= 1657189249.287661 | asked for opening Pump L5 for duration 24.463192 seconds
INFO:root:T= 1657189249.287661 | asked for command Pump L5 ON
INFO:root:T= 1657189249.297661 | finished for command Pump L5 ON
INFO:root:T= 1657189249.297661 | asked for opening Pump L6 for duration 23.910560 seconds
INFO:root:T= 1657189249.297661 | asked for command Pump L6 ON
INFO:root:T= 1657189249.307661 | finished for command Pump L6 ON
INFO:root:T= 1657189249.307661 | asked for opening Pump L7 for duration 23.868455 seconds
INFO:root:T= 1657189249.307661 | asked for command Pump L7 ON
INFO:root:T= 1657189249.317661 | finished for command Pump L7 ON
INFO:root:T= 1657189249.317661 | asked for opening Pump L8 for duration 23.778981 seconds
INFO:root:T= 1657189249.317661 | asked for command Pump L8 ON
INFO:root:T= 1657189249.327661 | finished for command Pump L8 ON
INFO:root:T= 1657189268.987688 | asked for command Pump L1 OFF
INFO:root:T= 1657189268.997688 | finished for command Pump L1 OFF
INFO:root:T= 1657189272.437693 | asked for command Pump L2 OFF
INFO:root:T= 1657189272.447693 | finished for command Pump L2 OFF
INFO:root:T= 1657189272.777694 | asked for command Pump L4 OFF
INFO:root:T= 1657189272.787694 | finished for command Pump L4 OFF
INFO:root:T= 1657189273.117694 | asked for command Pump L8 OFF
INFO:root:T= 1657189273.127694 | finished for command Pump L8 OFF
INFO:root:T= 1657189273.197694 | asked for command Pump L7 OFF
INFO:root:T= 1657189273.207694 | finished for command Pump L7 OFF
INFO:root:T= 1657189273.227694 | asked for command Pump L6 OFF
INFO:root:T= 1657189273.237694 | finished for command Pump L6 OFF
INFO:root:T= 1657189273.777695 | asked for command Pump L5 OFF
INFO:root:T= 1657189273.787695 | finished for command Pump L5 OFF
INFO:root:T= 1657189274.177696 | asked for command Pump L3 OFF
INFO:root:T= 1657189274.187696 | finished for command Pump L3 OFF
INFO:root:T= 1657189274.197695 | sending request move_to/sampling_metal/2 to the ot2
INFO:root:T= 1657189275.797698 | Finished request move_to/sampling_metal/2 to the ot2
INFO:root:T= 1657189276.407699 | asked for command Pump L1 ON
INFO:root:T= 1657189276.427699 | finished for command Pump L1 ON
INFO:root:T= 1657189330.368774 | asked for command Pump L1 OFF
INFO:root:T= 1657189330.378774 | finished for command Pump L1 OFF
INFO:root:T= 1657189333.378779 | asked for command Pump L2 ON
INFO:root:T= 1657189333.388778 | finished for command Pump L2 ON
INFO:root:T= 1657189376.788839 | asked for command Pump L2 OFF
INFO:root:T= 1657189376.808839 | finished for command Pump L2 OFF
INFO:root:T= 1657189379.808844 | asked for command Pump L3 ON
INFO:root:T= 1657189379.818843 | finished for command Pump L3 ON
INFO:root:T= 1657189428.505916 | asked for command Pump L3 OFF
INFO:root:T= 1657189428.525916 | finished for command Pump L3 OFF
INFO:root:T= 1657189431.525920 | asked for command Pump L4 ON
INFO:root:T= 1657189431.535920 | finished for command Pump L4 ON
INFO:root:T= 1657189477.987989 | asked for command Pump L4 OFF
INFO:root:T= 1657189478.007989 | finished for command Pump L4 OFF
INFO:root:T= 1657189481.007993 | asked for command Pump L5 ON
INFO:root:T= 1657189481.017993 | finished for command Pump L5 ON
INFO:root:T= 1657189526.468057 | asked for command Pump L5 OFF
INFO:root:T= 1657189526.488057 | finished for command Pump L5 OFF
INFO:root:T= 1657189529.488061 | asked for command Pump L6 ON
INFO:root:T= 1657189529.498061 | finished for command Pump L6 ON
INFO:root:T= 1657189573.888123 | asked for command Pump L6 OFF
INFO:root:T= 1657189573.898123 | finished for command Pump L6 OFF
INFO:root:T= 1657189576.898127 | asked for command Pump L7 ON
INFO:root:T= 1657189576.908127 | finished for command Pump L7 ON
INFO:root:T= 1657189623.938193 | asked for command Pump L7 OFF
INFO:root:T= 1657189623.948193 | finished for command Pump L7 OFF
INFO:root:T= 1657189626.952200 | asked for command Pump L8 ON
INFO:root:T= 1657189626.962200 | finished for command Pump L8 ON
INFO:root:T= 1657189672.073263 | asked for command Pump L8 OFF
INFO:root:T= 1657189672.083263 | finished for command Pump L8 OFF
INFO:root:For pump M3-1-1 (installed as input for reactor 1), new flow rate: 10.567086242289175 mL/min (was 15.20808970154425)
INFO:root:For pump M6-1-2 (installed as input for reactor 2), new flow rate: 13.133622125947031 mL/min (was 12.942761225219892)
INFO:root:For pump M6-2-2 (installed as input for reactor 3), new flow rate: 11.70741986630392 mL/min (was 12.045629745213326)
INFO:root:For pump M1-3-2 (installed as input for reactor 4), new flow rate: 12.270712964579296 mL/min (was 12.771660403161675)
INFO:root:For pump M4-1-1 (installed as input for reactor 5), new flow rate: 12.541236546863658 mL/min (was 12.263321892591732)
INFO:root:For pump M4-2-3 (installed as input for reactor 6), new flow rate: 12.840711932242383 mL/min (was 12.546757725188064)
INFO:root:For pump M4-3-1 (installed as input for reactor 7), new flow rate: 12.119906563975235 mL/min (was 12.568890873014695)
INFO:root:For pump M4-4-1 (installed as input for reactor 8), new flow rate: 12.635481455076105 mL/min (was 12.616184197778013)
INFO:root:T= 1657189680.643275 | sending request gotobin to the ot2
INFO:root:T= 1657189682.313277 | Finished request gotobin to the ot2
INFO:root:T= 1657189728.230346 | sending request move_to/sampling_metal/2 to the ot2
INFO:root:T= 1657189729.940348 | Finished request move_to/sampling_metal/2 to the ot2
INFO:root:T= 1657189735.030355 | asked for command Pump L1 ON
WARNING:root:reading Pump L1 state not successful, trying again
INFO:root:T= 1657189741.060364 | finished for command Pump L1 ON
INFO:root:T= 1657189781.500420 | asked for command Pump L1 OFF
INFO:root:T= 1657189781.510421 | finished for command Pump L1 OFF
INFO:root:T= 1657189784.510425 | asked for command Pump L2 ON
INFO:root:T= 1657189784.520425 | finished for command Pump L2 ON
INFO:root:T= 1657189830.930490 | asked for command Pump L2 OFF
INFO:root:T= 1657189830.940490 | finished for command Pump L2 OFF
INFO:root:For pump M3-1-1 (installed as input for reactor 1), new flow rate: 14.09493577537761 mL/min (was 10.567086242289175)
INFO:root:For pump M6-1-2 (installed as input for reactor 2), new flow rate: 12.281818626841288 mL/min (was 13.133622125947031)
INFO:root:T= 1657189841.710505 | sending request gotobin to the ot2
INFO:root:T= 1657189843.300507 | Finished request gotobin to the ot2
INFO:root:T= 1657189967.961681| Started an input pumps sequence
INFO:root:T= 1657189967.961681 | asked for opening Pump L1 for duration 21.284240 seconds
INFO:root:T= 1657189967.961681 | asked for command Pump L1 ON
WARNING:root:reading Pump L1 state not successful, trying again
INFO:root:T= 1657189970.981686 | finished for command Pump L1 ON
INFO:root:T= 1657189970.981686 | asked for opening Pump L2 for duration 24.426350 seconds
INFO:root:T= 1657189970.981686 | asked for command Pump L2 ON
INFO:root:T= 1657189971.001686 | finished for command Pump L2 ON
INFO:root:T= 1657189971.001686 | asked for opening Pump L3 for duration 25.624775 seconds
INFO:root:T= 1657189971.001686 | asked for command Pump L3 ON
INFO:root:T= 1657189971.011686 | finished for command Pump L3 ON
INFO:root:T= 1657189971.011686 | asked for opening Pump L4 for duration 24.448457 seconds
INFO:root:T= 1657189971.011686 | asked for command Pump L4 ON
INFO:root:T= 1657189971.021686 | finished for command Pump L4 ON
INFO:root:T= 1657189971.021686 | asked for opening Pump L5 for duration 23.921086 seconds
INFO:root:T= 1657189971.021686 | asked for command Pump L5 ON
INFO:root:T= 1657189971.041686 | finished for command Pump L5 ON
INFO:root:T= 1657189971.041686 | asked for opening Pump L6 for duration 23.363191 seconds
INFO:root:T= 1657189971.041686 | asked for command Pump L6 ON
INFO:root:T= 1657189971.051686 | finished for command Pump L6 ON
INFO:root:T= 1657189971.051686 | asked for opening Pump L7 for duration 24.752666 seconds
INFO:root:T= 1657189971.051686 | asked for command Pump L7 ON
INFO:root:T= 1657189971.061686 | finished for command Pump L7 ON
INFO:root:T= 1657189971.061686 | asked for opening Pump L8 for duration 23.742665 seconds
INFO:root:T= 1657189971.061686 | asked for command Pump L8 ON
INFO:root:T= 1657189971.071686 | finished for command Pump L8 ON
INFO:root:T= 1657189992.271716 | asked for command Pump L1 OFF
INFO:root:T= 1657189992.281716 | finished for command Pump L1 OFF
INFO:root:T= 1657189994.421719 | asked for command Pump L6 OFF
INFO:root:T= 1657189994.431719 | finished for command Pump L6 OFF
INFO:root:T= 1657189994.821719 | asked for command Pump L8 OFF
INFO:root:T= 1657189994.831719 | finished for command Pump L8 OFF
INFO:root:T= 1657189994.971720 | asked for command Pump L5 OFF
INFO:root:T= 1657189994.981719 | finished for command Pump L5 OFF
INFO:root:T= 1657189995.431720 | asked for command Pump L2 OFF
INFO:root:T= 1657189995.441720 | finished for command Pump L2 OFF
INFO:root:T= 1657189995.481720 | asked for command Pump L4 OFF
INFO:root:T= 1657189995.491720 | finished for command Pump L4 OFF
INFO:root:T= 1657189995.821721 | asked for command Pump L7 OFF
INFO:root:T= 1657189995.831721 | finished for command Pump L7 OFF
INFO:root:T= 1657189996.641721 | asked for command Pump L3 OFF
INFO:root:T= 1657189996.651722 | finished for command Pump L3 OFF
INFO:root:T= 1657189996.651722 | sending request gotobin to the ot2
INFO:root:T= 1657189996.701722 | Finished request gotobin to the ot2
INFO:root:T= 1657189996.701722| Pinching front valves
INFO:root:T= 1657189996.701722 | asked for command Valve F1 ON
INFO:root:T= 1657189996.711722 | finished for command Valve F1 ON
INFO:root:T= 1657189996.711722 | asked for command Valve F2 ON
INFO:root:T= 1657189996.721722 | finished for command Valve F2 ON
INFO:root:T= 1657189996.721722 | asked for command Valve F3 ON
INFO:root:T= 1657189996.731722 | finished for command Valve F3 ON
INFO:root:T= 1657189996.731722 | asked for command Valve F4 ON
INFO:root:T= 1657189996.741722 | finished for command Valve F4 ON
INFO:root:T= 1657189996.741722 | asked for command Valve F5 ON
INFO:root:T= 1657189996.751722 | finished for command Valve F5 ON
INFO:root:T= 1657189996.751722 | asked for command Valve F6 ON
INFO:root:T= 1657189996.761722 | finished for command Valve F6 ON
INFO:root:T= 1657189996.761722 | asked for command Valve F7 ON
INFO:root:T= 1657189996.771722 | finished for command Valve F7 ON
INFO:root:T= 1657189996.771722 | asked for command Valve F8 ON
INFO:root:T= 1657189996.781722 | finished for command Valve F8 ON
INFO:root:T= 1657189996.781722 | asked for opening Pump H1 for duration 54.552708 seconds
INFO:root:T= 1657189996.781722 | asked for command Pump H1 ON
INFO:root:T= 1657189996.791722 | finished for command Pump H1 ON
INFO:root:T= 1657189996.791722 | asked for opening Pump H2 for duration 68.763255 seconds
INFO:root:T= 1657189996.791722 | asked for command Pump H2 ON
INFO:root:T= 1657189996.801722 | finished for command Pump H2 ON
INFO:root:T= 1657189996.801722 | asked for opening Pump H3 for duration 48.694805 seconds
INFO:root:T= 1657189996.801722 | asked for command Pump H3 ON
INFO:root:T= 1657189996.811722 | finished for command Pump H3 ON
INFO:root:T= 1657189996.811722 | asked for opening Pump H4 for duration 58.847451 seconds
INFO:root:T= 1657189996.811722 | asked for command Pump H4 ON
INFO:root:T= 1657189996.821722 | finished for command Pump H4 ON
INFO:root:T= 1657189996.821722 | asked for opening Pump H5 for duration 66.868515 seconds
INFO:root:T= 1657189996.821722 | asked for command Pump H5 ON
INFO:root:T= 1657189996.831722 | finished for command Pump H5 ON
INFO:root:T= 1657189996.831722 | asked for opening Pump H6 for duration 69.931677 seconds
INFO:root:T= 1657189996.831722 | asked for command Pump H6 ON
INFO:root:T= 1657189996.841722 | finished for command Pump H6 ON
INFO:root:T= 1657189996.841722 | asked for opening Pump H7 for duration 64.689564 seconds
INFO:root:T= 1657189996.841722 | asked for command Pump H7 ON
INFO:root:T= 1657189996.851722 | finished for command Pump H7 ON
INFO:root:T= 1657189996.851722 | asked for opening Pump H8 for duration 67.212727 seconds
INFO:root:T= 1657189996.851722 | asked for command Pump H8 ON
INFO:root:T= 1657189996.861722 | finished for command Pump H8 ON
INFO:root:T= 1657190045.511790 | asked for command Pump H3 OFF
INFO:root:T= 1657190045.521790 | finished for command Pump H3 OFF
INFO:root:T= 1657190051.351798 | asked for command Pump H1 OFF
INFO:root:T= 1657190051.361798 | finished for command Pump H1 OFF
INFO:root:T= 1657190055.681804 | asked for command Pump H4 OFF
INFO:root:T= 1657190055.691804 | finished for command Pump H4 OFF
INFO:root:T= 1657190061.561812 | asked for command Pump H7 OFF
INFO:root:T= 1657190061.571813 | finished for command Pump H7 OFF
INFO:root:T= 1657190063.701816 | asked for command Pump H5 OFF
INFO:root:T= 1657190063.711816 | finished for command Pump H5 OFF
INFO:root:T= 1657190064.081816 | asked for command Pump H8 OFF
INFO:root:T= 1657190064.091816 | finished for command Pump H8 OFF
INFO:root:T= 1657190065.571818 | asked for command Pump H2 OFF
INFO:root:T= 1657190065.581818 | finished for command Pump H2 OFF
INFO:root:T= 1657190066.781820 | asked for command Pump H6 OFF
INFO:root:T= 1657190066.791820 | finished for command Pump H6 OFF
INFO:root:T= 1657190066.791820| Pinching front valves
INFO:root:T= 1657190066.791820 | asked for command Valve F1 OFF
INFO:root:T= 1657190066.801820 | finished for command Valve F1 OFF
INFO:root:T= 1657190066.801820 | asked for command Valve F2 OFF
INFO:root:T= 1657190066.811820 | finished for command Valve F2 OFF
INFO:root:T= 1657190066.811820 | asked for command Valve F3 OFF
INFO:root:T= 1657190066.821820 | finished for command Valve F3 OFF
INFO:root:T= 1657190066.821820 | asked for command Valve F4 OFF
INFO:root:T= 1657190066.831820 | finished for command Valve F4 OFF
INFO:root:T= 1657190066.831820 | asked for command Valve F5 OFF
INFO:root:T= 1657190066.841820 | finished for command Valve F5 OFF
INFO:root:T= 1657190066.841820 | asked for command Valve F6 OFF
INFO:root:T= 1657190066.851820 | finished for command Valve F6 OFF
INFO:root:T= 1657190066.851820 | asked for command Valve F7 OFF
INFO:root:T= 1657190066.861820 | finished for command Valve F7 OFF
INFO:root:T= 1657190066.861820 | asked for command Valve F8 OFF
INFO:root:T= 1657190066.871820 | finished for command Valve F8 OFF
INFO:root:T= 1657190066.871820 | sending request gotobin to the ot2
INFO:root:T= 1657190066.911820 | Finished request gotobin to the ot2
INFO:root:T= 1657190066.921820 | asked for opening Pump H1 for duration 54.552708 seconds
INFO:root:T= 1657190066.921820 | asked for command Pump H1 ON
INFO:root:T= 1657190066.931820 | finished for command Pump H1 ON
INFO:root:T= 1657190066.931820 | asked for opening Pump H2 for duration 68.763255 seconds
INFO:root:T= 1657190066.931820 | asked for command Pump H2 ON
INFO:root:T= 1657190066.941820 | finished for command Pump H2 ON
INFO:root:T= 1657190066.941820 | asked for opening Pump H3 for duration 48.694805 seconds
INFO:root:T= 1657190066.941820 | asked for command Pump H3 ON
INFO:root:T= 1657190066.951820 | finished for command Pump H3 ON
INFO:root:T= 1657190066.951820 | asked for opening Pump H4 for duration 58.847451 seconds
INFO:root:T= 1657190066.951820 | asked for command Pump H4 ON
INFO:root:T= 1657190066.961820 | finished for command Pump H4 ON
INFO:root:T= 1657190066.961820 | asked for opening Pump H5 for duration 66.868515 seconds
INFO:root:T= 1657190066.961820 | asked for command Pump H5 ON
INFO:root:T= 1657190066.971820 | finished for command Pump H5 ON
INFO:root:T= 1657190066.971820 | asked for opening Pump H6 for duration 69.931677 seconds
INFO:root:T= 1657190066.971820 | asked for command Pump H6 ON
INFO:root:T= 1657190066.981820 | finished for command Pump H6 ON
INFO:root:T= 1657190066.981820 | asked for opening Pump H7 for duration 64.689564 seconds
INFO:root:T= 1657190066.981820 | asked for command Pump H7 ON
INFO:root:T= 1657190066.991820 | finished for command Pump H7 ON
INFO:root:T= 1657190066.991820 | asked for opening Pump H8 for duration 67.212727 seconds
INFO:root:T= 1657190066.991820 | asked for command Pump H8 ON
INFO:root:T= 1657190067.001820 | finished for command Pump H8 ON
INFO:root:T= 1657190115.651888 | asked for command Pump H3 OFF
INFO:root:T= 1657190115.661888 | finished for command Pump H3 OFF
INFO:root:T= 1657190121.491897 | asked for command Pump H1 OFF
INFO:root:T= 1657190121.501896 | finished for command Pump H1 OFF
INFO:root:T= 1657190125.821903 | asked for command Pump H4 OFF
INFO:root:T= 1657190125.831903 | finished for command Pump H4 OFF
INFO:root:T= 1657190131.681911 | asked for command Pump H7 OFF
INFO:root:T= 1657190131.691911 | finished for command Pump H7 OFF
INFO:root:T= 1657190133.841914 | asked for command Pump H5 OFF
INFO:root:T= 1657190133.851914 | finished for command Pump H5 OFF
INFO:root:T= 1657190134.221914 | asked for command Pump H8 OFF
INFO:root:T= 1657190134.231914 | finished for command Pump H8 OFF
INFO:root:T= 1657190135.711916 | asked for command Pump H2 OFF
INFO:root:T= 1657190135.721916 | finished for command Pump H2 OFF
INFO:root:T= 1657190136.921918 | asked for command Pump H6 OFF
INFO:root:T= 1657190136.931918 | finished for command Pump H6 OFF
INFO:root:T= 1657190136.931918| Pinching front valves
INFO:root:T= 1657190136.931918 | asked for command Valve F1 OFF
WARNING:root:useless (state already as asked) command asked Valve F1 OFF, so not doing it
INFO:root:T= 1657190136.931918 | asked for command Valve F2 OFF
WARNING:root:useless (state already as asked) command asked Valve F2 OFF, so not doing it
INFO:root:T= 1657190136.931918 | asked for command Valve F3 OFF
WARNING:root:useless (state already as asked) command asked Valve F3 OFF, so not doing it
INFO:root:T= 1657190136.941918 | asked for command Valve F4 OFF
WARNING:root:useless (state already as asked) command asked Valve F4 OFF, so not doing it
INFO:root:T= 1657190136.941918 | asked for command Valve F5 OFF
WARNING:root:useless (state already as asked) command asked Valve F5 OFF, so not doing it
INFO:root:T= 1657190136.941918 | asked for command Valve F6 OFF
WARNING:root:useless (state already as asked) command asked Valve F6 OFF, so not doing it
INFO:root:T= 1657190136.941918 | asked for command Valve F7 OFF
WARNING:root:useless (state already as asked) command asked Valve F7 OFF, so not doing it
INFO:root:T= 1657190136.951918 | asked for command Valve F8 OFF
WARNING:root:useless (state already as asked) command asked Valve F8 OFF, so not doing it
INFO:root:T= 1657190136.951918 | sending request gotobin to the ot2
INFO:root:T= 1657190136.991918 | Finished request gotobin to the ot2
INFO:root:T= 1657190136.991918| Pinching front valves
INFO:root:T= 1657190136.991918 | asked for command Valve F1 ON
INFO:root:T= 1657190137.011918 | finished for command Valve F1 ON
INFO:root:T= 1657190137.011918 | asked for command Valve F2 ON
INFO:root:T= 1657190137.021918 | finished for command Valve F2 ON
INFO:root:T= 1657190137.021918 | asked for command Valve F3 ON
INFO:root:T= 1657190137.031918 | finished for command Valve F3 ON
INFO:root:T= 1657190137.031918 | asked for command Valve F4 ON
INFO:root:T= 1657190137.041918 | finished for command Valve F4 ON
INFO:root:T= 1657190137.041918 | asked for command Valve F5 ON
INFO:root:T= 1657190137.051918 | finished for command Valve F5 ON
INFO:root:T= 1657190137.051918 | asked for command Valve F6 ON
INFO:root:T= 1657190137.061918 | finished for command Valve F6 ON
INFO:root:T= 1657190137.061918 | asked for command Valve F7 ON
INFO:root:T= 1657190137.071918 | finished for command Valve F7 ON
INFO:root:T= 1657190137.071918 | asked for command Valve F8 ON
INFO:root:T= 1657190137.081918 | finished for command Valve F8 ON
INFO:root:T= 1657190137.081918 | asked for opening Pump H1 for duration 18.184236 seconds
INFO:root:T= 1657190137.081918 | asked for command Pump H1 ON
INFO:root:T= 1657190137.091918 | finished for command Pump H1 ON
INFO:root:T= 1657190137.091918 | asked for opening Pump H2 for duration 22.921085 seconds
INFO:root:T= 1657190137.091918 | asked for command Pump H2 ON
INFO:root:T= 1657190137.101918 | finished for command Pump H2 ON
INFO:root:T= 1657190137.101918 | asked for opening Pump H3 for duration 16.231602 seconds
INFO:root:T= 1657190137.101918 | asked for command Pump H3 ON
INFO:root:T= 1657190137.111918 | finished for command Pump H3 ON
INFO:root:T= 1657190137.111918 | asked for opening Pump H4 for duration 19.615817 seconds
INFO:root:T= 1657190137.111918 | asked for command Pump H4 ON
INFO:root:T= 1657190137.121918 | finished for command Pump H4 ON
INFO:root:T= 1657190137.121918 | asked for opening Pump H5 for duration 22.289505 seconds
INFO:root:T= 1657190137.121918 | asked for command Pump H5 ON
INFO:root:T= 1657190137.131918 | finished for command Pump H5 ON
INFO:root:T= 1657190137.141918 | asked for opening Pump H6 for duration 23.310559 seconds
INFO:root:T= 1657190137.141918 | asked for command Pump H6 ON
INFO:root:T= 1657190137.151918 | finished for command Pump H6 ON
INFO:root:T= 1657190137.151918 | asked for opening Pump H7 for duration 21.563188 seconds
INFO:root:T= 1657190137.151918 | asked for command Pump H7 ON
INFO:root:T= 1657190137.161918 | finished for command Pump H7 ON
INFO:root:T= 1657190137.161918 | asked for opening Pump H8 for duration 22.404242 seconds
INFO:root:T= 1657190137.161918 | asked for command Pump H8 ON
INFO:root:T= 1657190137.171918 | finished for command Pump H8 ON
INFO:root:T= 1657190153.351941 | asked for command Pump H3 OFF
INFO:root:T= 1657190153.361941 | finished for command Pump H3 OFF
INFO:root:T= 1657190155.281944 | asked for command Pump H1 OFF
INFO:root:T= 1657190155.291944 | finished for command Pump H1 OFF
INFO:root:T= 1657190156.741946 | asked for command Pump H4 OFF
INFO:root:T= 1657190156.751946 | finished for command Pump H4 OFF
INFO:root:T= 1657190158.741949 | asked for command Pump H7 OFF
INFO:root:T= 1657190158.751949 | finished for command Pump H7 OFF
INFO:root:T= 1657190159.451950 | asked for command Pump H5 OFF
INFO:root:T= 1657190159.461950 | finished for command Pump H5 OFF
INFO:root:T= 1657190159.581950 | asked for command Pump H8 OFF
INFO:root:T= 1657190159.591950 | finished for command Pump H8 OFF
INFO:root:T= 1657190160.031950 | asked for command Pump H2 OFF
INFO:root:T= 1657190160.041950 | finished for command Pump H2 OFF
INFO:root:T= 1657190160.471951 | asked for command Pump H6 OFF
INFO:root:T= 1657190160.481951 | finished for command Pump H6 OFF
INFO:root:T= 1657190160.481951| Pinching front valves
INFO:root:T= 1657190160.481951 | asked for command Valve F1 OFF
INFO:root:T= 1657190160.491951 | finished for command Valve F1 OFF
INFO:root:T= 1657190160.491951 | asked for command Valve F2 OFF
INFO:root:T= 1657190160.501951 | finished for command Valve F2 OFF
INFO:root:T= 1657190160.501951 | asked for command Valve F3 OFF
INFO:root:T= 1657190160.511951 | finished for command Valve F3 OFF
INFO:root:T= 1657190160.511951 | asked for command Valve F4 OFF
INFO:root:T= 1657190160.521951 | finished for command Valve F4 OFF
INFO:root:T= 1657190160.521951 | asked for command Valve F5 OFF
INFO:root:T= 1657190160.531951 | finished for command Valve F5 OFF
INFO:root:T= 1657190160.531951 | asked for command Valve F6 OFF
INFO:root:T= 1657190160.541951 | finished for command Valve F6 OFF
INFO:root:T= 1657190160.541951 | asked for command Valve F7 OFF
INFO:root:T= 1657190160.551951 | finished for command Valve F7 OFF
INFO:root:T= 1657190160.551951 | asked for command Valve F8 OFF
INFO:root:T= 1657190160.561951 | finished for command Valve F8 OFF
INFO:root:T= 1657190265.715099| Pinching front valves
INFO:root:T= 1657190265.715099 | asked for command Valve F1 ON
WARNING:root:reading Valve F1 state not successful, trying again
INFO:root:T= 1657190268.745103 | finished for command Valve F1 ON
INFO:root:T= 1657190268.745103 | asked for command Valve F2 ON
INFO:root:T= 1657190268.755103 | finished for command Valve F2 ON
INFO:root:T= 1657190268.755103 | asked for command Valve F3 ON
INFO:root:T= 1657190268.765103 | finished for command Valve F3 ON
INFO:root:T= 1657190268.765103 | asked for command Valve F4 ON
INFO:root:T= 1657190268.775103 | finished for command Valve F4 ON
INFO:root:T= 1657190268.775103 | asked for command Valve F5 ON
INFO:root:T= 1657190268.785103 | finished for command Valve F5 ON
INFO:root:T= 1657190268.785103 | asked for command Valve F6 ON
INFO:root:T= 1657190268.795103 | finished for command Valve F6 ON
INFO:root:T= 1657190268.795103 | asked for command Valve F7 ON
INFO:root:T= 1657190268.805103 | finished for command Valve F7 ON
INFO:root:T= 1657190268.805103 | asked for command Valve F8 ON
INFO:root:T= 1657190268.815103 | finished for command Valve F8 ON
INFO:root:T= 1657190287.366129| Pinching front valves
INFO:root:T= 1657190287.366129 | asked for command Valve F1 OFF
WARNING:root:T= 1657190287.376129 | command Valve F1 OFF not successful, trying again
INFO:root:T= 1657190287.386129 | finished for command Valve F1 OFF
INFO:root:T= 1657190287.386129 | asked for command Valve F2 OFF
INFO:root:T= 1657190287.396129 | finished for command Valve F2 OFF
INFO:root:T= 1657190287.396129 | asked for command Valve F3 OFF
INFO:root:T= 1657190287.406129 | finished for command Valve F3 OFF
INFO:root:T= 1657190287.406129 | asked for command Valve F4 OFF
INFO:root:T= 1657190287.416129 | finished for command Valve F4 OFF
INFO:root:T= 1657190287.416129 | asked for command Valve F5 OFF
INFO:root:T= 1657190287.426129 | finished for command Valve F5 OFF
INFO:root:T= 1657190287.426129 | asked for command Valve F6 OFF
INFO:root:T= 1657190287.436129 | finished for command Valve F6 OFF
INFO:root:T= 1657190287.436129 | asked for command Valve F7 OFF
INFO:root:T= 1657190287.446129 | finished for command Valve F7 OFF
INFO:root:T= 1657190287.446129 | asked for command Valve F8 OFF
INFO:root:T= 1657190287.456129 | finished for command Valve F8 OFF
INFO:root:T= 1657190291.116134 | asked for shutting off all pumps and valves
WARNING:root:useless shut off all coils, already all off, not doing anything
INFO:root:T= 1657190293.817138 | asked for shutting off all LEDs
INFO:root:T= 1657190295.637141 | finished shut off all LEDs command
