INFO:root:T=1646312076.5904415 | domain=GLOBAL | msg=opto-cyto-reactors cod git id =5bd4dd78ac6acb02da07ca9952f93ca036c8ab53
INFO:root:T= 1646312087.840457| Pinching front valves
INFO:root:T= 1646312087.840457 | asked for command Valve F1 ON
INFO:root:T= 1646312087.870457 | finished for command Valve F1 ON
INFO:root:T= 1646312087.870457 | asked for command Valve F2 ON
INFO:root:T= 1646312087.880457 | finished for command Valve F2 ON
INFO:root:T= 1646312087.880457 | asked for command Valve F3 ON
INFO:root:T= 1646312087.890458 | finished for command Valve F3 ON
INFO:root:T= 1646312087.890458 | asked for command Valve F4 ON
INFO:root:T= 1646312087.900457 | finished for command Valve F4 ON
INFO:root:T= 1646312087.900457 | asked for command Valve F5 ON
INFO:root:T= 1646312087.910458 | finished for command Valve F5 ON
INFO:root:T= 1646312087.910458 | asked for command Valve F6 ON
INFO:root:T= 1646312087.920457 | finished for command Valve F6 ON
INFO:root:T= 1646312087.920457 | asked for command Valve F7 ON
INFO:root:T= 1646312087.930458 | finished for command Valve F7 ON
INFO:root:T= 1646312087.930458 | asked for command Valve F8 ON
INFO:root:T= 1646312087.940458 | finished for command Valve F8 ON
INFO:root:T= 1646312088.390458| Pinching front valves
INFO:root:T= 1646312088.390458 | asked for command Valve F1 OFF
INFO:root:T= 1646312088.420458 | finished for command Valve F1 OFF
INFO:root:T= 1646312088.420458 | asked for command Valve F2 OFF
INFO:root:T= 1646312088.430458 | finished for command Valve F2 OFF
INFO:root:T= 1646312088.430458 | asked for command Valve F3 OFF
INFO:root:T= 1646312088.440458 | finished for command Valve F3 OFF
INFO:root:T= 1646312088.440458 | asked for command Valve F4 OFF
INFO:root:T= 1646312088.450458 | finished for command Valve F4 OFF
INFO:root:T= 1646312088.450458 | asked for command Valve F5 OFF
INFO:root:T= 1646312088.460458 | finished for command Valve F5 OFF
INFO:root:T= 1646312088.460458 | asked for command Valve F6 OFF
INFO:root:T= 1646312088.470458 | finished for command Valve F6 OFF
INFO:root:T= 1646312088.470458 | asked for command Valve F7 OFF
INFO:root:T= 1646312088.480458 | finished for command Valve F7 OFF
INFO:root:T= 1646312088.480458 | asked for command Valve F8 OFF
INFO:root:T= 1646312088.490458 | finished for command Valve F8 OFF
INFO:root:T= 1646312324.442789 | sending request gotobin to the ot2
INFO:root:T= 1646312324.482789 | Finished request gotobin to the ot2
INFO:root:T= 1646312324.492789 | asked for opening Pump H1 for duration 97.263294 seconds
INFO:root:T= 1646312324.492789 | asked for command Pump H1 ON
WARNING:root:reading Pump H1 state not successful, trying again
INFO:root:T= 1646312327.512793 | finished for command Pump H1 ON
INFO:root:T= 1646312327.512793 | asked for opening Pump H2 for duration 145.342309 seconds
INFO:root:T= 1646312327.512793 | asked for command Pump H2 ON
INFO:root:T= 1646312327.522793 | finished for command Pump H2 ON
INFO:root:T= 1646312327.522793 | asked for opening Pump H3 for duration 82.763273 seconds
INFO:root:T= 1646312327.522793 | asked for command Pump H3 ON
INFO:root:T= 1646312327.532793 | finished for command Pump H3 ON
INFO:root:T= 1646312327.532793 | asked for opening Pump H4 for duration 106.236992 seconds
INFO:root:T= 1646312327.532793 | asked for command Pump H4 ON
INFO:root:T= 1646312327.542793 | finished for command Pump H4 ON
INFO:root:T= 1646312327.542793 | asked for opening Pump H5 for duration 97.210662 seconds
INFO:root:T= 1646312327.542793 | asked for command Pump H5 ON
INFO:root:T= 1646312327.552793 | finished for command Pump H5 ON
INFO:root:T= 1646312327.552793 | asked for opening Pump H6 for duration 134.921242 seconds
INFO:root:T= 1646312327.552793 | asked for command Pump H6 ON
INFO:root:T= 1646312327.562793 | finished for command Pump H6 ON
INFO:root:T= 1646312327.562793 | asked for opening Pump H7 for duration 82.421168 seconds
INFO:root:T= 1646312327.562793 | asked for command Pump H7 ON
INFO:root:T= 1646312327.572793 | finished for command Pump H7 ON
INFO:root:T= 1646312327.572793 | asked for opening Pump H8 for duration 114.894898 seconds
INFO:root:T= 1646312327.572793 | asked for command Pump H8 ON
INFO:root:T= 1646312327.582793 | finished for command Pump H8 ON
INFO:root:T= 1646312410.002908 | asked for command Pump H7 OFF
INFO:root:T= 1646312410.302909 | asked for command Pump H3 OFF
WARNING:root:reading Pump H7 state not successful, trying again
INFO:root:T= 1646312416.032917 | finished for command Pump H3 OFF
INFO:root:T= 1646312416.032917 | finished for command Pump H7 OFF
INFO:root:T= 1646312424.772929 | asked for command Pump H5 OFF
INFO:root:T= 1646312424.782929 | asked for command Pump H1 OFF
INFO:root:T= 1646312424.782929 | finished for command Pump H5 OFF
INFO:root:T= 1646312424.792929 | finished for command Pump H1 OFF
INFO:root:T= 1646312433.782942 | asked for command Pump H4 OFF
INFO:root:T= 1646312433.792942 | finished for command Pump H4 OFF
INFO:root:T= 1646312442.482954 | asked for command Pump H8 OFF
INFO:root:T= 1646312442.492954 | finished for command Pump H8 OFF
INFO:root:T= 1646312462.492982 | asked for command Pump H6 OFF
INFO:root:T= 1646312462.502982 | finished for command Pump H6 OFF
INFO:root:T= 1646312472.872997 | asked for command Pump H2 OFF
INFO:root:T= 1646312472.882997 | finished for command Pump H2 OFF
INFO:root:T= 1646312472.882997| Pinching front valves
INFO:root:T= 1646312472.882997 | asked for command Valve F1 OFF
WARNING:root:useless (state already as asked) command asked Valve F1 OFF, so not doing it
INFO:root:T= 1646312472.882997 | asked for command Valve F2 OFF
WARNING:root:useless (state already as asked) command asked Valve F2 OFF, so not doing it
INFO:root:T= 1646312472.882997 | asked for command Valve F3 OFF
WARNING:root:useless (state already as asked) command asked Valve F3 OFF, so not doing it
INFO:root:T= 1646312472.882997 | asked for command Valve F4 OFF
WARNING:root:useless (state already as asked) command asked Valve F4 OFF, so not doing it
INFO:root:T= 1646312472.892997 | asked for command Valve F5 OFF
WARNING:root:useless (state already as asked) command asked Valve F5 OFF, so not doing it
INFO:root:T= 1646312472.892997 | asked for command Valve F6 OFF
WARNING:root:useless (state already as asked) command asked Valve F6 OFF, so not doing it
INFO:root:T= 1646312472.892997 | asked for command Valve F7 OFF
WARNING:root:useless (state already as asked) command asked Valve F7 OFF, so not doing it
INFO:root:T= 1646312472.892997 | asked for command Valve F8 OFF
WARNING:root:useless (state already as asked) command asked Valve F8 OFF, so not doing it
INFO:root:T= 1646312494.514027 | sending request gotobin to the ot2
INFO:root:T= 1646312494.554027 | Finished request gotobin to the ot2
INFO:root:T= 1646312494.554027 | asked for opening Pump H1 for duration 19.452659 seconds
INFO:root:T= 1646312494.554027 | asked for command Pump H1 ON
INFO:root:T= 1646312494.574027 | finished for command Pump H1 ON
INFO:root:T= 1646312494.574027 | asked for opening Pump H2 for duration 29.068462 seconds
INFO:root:T= 1646312494.574027 | asked for command Pump H2 ON
INFO:root:T= 1646312494.584027 | finished for command Pump H2 ON
INFO:root:T= 1646312494.584027 | asked for opening Pump H3 for duration 16.552655 seconds
INFO:root:T= 1646312494.584027 | asked for command Pump H3 ON
INFO:root:T= 1646312494.594027 | finished for command Pump H3 ON
INFO:root:T= 1646312494.594027 | asked for opening Pump H4 for duration 21.247398 seconds
INFO:root:T= 1646312494.594027 | asked for command Pump H4 ON
INFO:root:T= 1646312494.614027 | finished for command Pump H4 ON
INFO:root:T= 1646312494.614027 | asked for opening Pump H5 for duration 19.442132 seconds
INFO:root:T= 1646312494.614027 | asked for command Pump H5 ON
INFO:root:T= 1646312494.634027 | finished for command Pump H5 ON
INFO:root:T= 1646312494.634027 | asked for opening Pump H6 for duration 26.984248 seconds
INFO:root:T= 1646312494.634027 | asked for command Pump H6 ON
INFO:root:T= 1646312494.644027 | finished for command Pump H6 ON
INFO:root:T= 1646312494.644027 | asked for opening Pump H7 for duration 16.484234 seconds
INFO:root:T= 1646312494.644027 | asked for command Pump H7 ON
INFO:root:T= 1646312494.654027 | finished for command Pump H7 ON
INFO:root:T= 1646312494.654027 | asked for opening Pump H8 for duration 22.978980 seconds
INFO:root:T= 1646312494.654027 | asked for command Pump H8 ON
INFO:root:T= 1646312494.664027 | finished for command Pump H8 ON
INFO:root:T= 1646312511.144050 | asked for command Pump H7 OFF
INFO:root:T= 1646312511.154050 | asked for command Pump H3 OFF
INFO:root:T= 1646312511.154050 | finished for command Pump H7 OFF
INFO:root:T= 1646312511.164050 | finished for command Pump H3 OFF
INFO:root:T= 1646312514.034054 | asked for command Pump H1 OFF
INFO:root:T= 1646312514.044054 | finished for command Pump H1 OFF
INFO:root:T= 1646312514.094054 | asked for command Pump H5 OFF
INFO:root:T= 1646312514.104054 | finished for command Pump H5 OFF
INFO:root:T= 1646312515.864057 | asked for command Pump H4 OFF
INFO:root:T= 1646312515.874057 | finished for command Pump H4 OFF
INFO:root:T= 1646312517.644059 | asked for command Pump H8 OFF
INFO:root:T= 1646312517.654059 | finished for command Pump H8 OFF
INFO:root:T= 1646312521.634065 | asked for command Pump H6 OFF
INFO:root:T= 1646312521.644065 | finished for command Pump H6 OFF
INFO:root:T= 1646312523.654068 | asked for command Pump H2 OFF
INFO:root:T= 1646312523.664068 | finished for command Pump H2 OFF
INFO:root:T= 1646312523.664068| Pinching front valves
INFO:root:T= 1646312523.664068 | asked for command Valve F1 OFF
WARNING:root:useless (state already as asked) command asked Valve F1 OFF, so not doing it
INFO:root:T= 1646312523.664068 | asked for command Valve F2 OFF
WARNING:root:useless (state already as asked) command asked Valve F2 OFF, so not doing it
INFO:root:T= 1646312523.664068 | asked for command Valve F3 OFF
WARNING:root:useless (state already as asked) command asked Valve F3 OFF, so not doing it
INFO:root:T= 1646312523.674068 | asked for command Valve F4 OFF
WARNING:root:useless (state already as asked) command asked Valve F4 OFF, so not doing it
INFO:root:T= 1646312523.674068 | asked for command Valve F5 OFF
WARNING:root:useless (state already as asked) command asked Valve F5 OFF, so not doing it
INFO:root:T= 1646312523.674068 | asked for command Valve F6 OFF
WARNING:root:useless (state already as asked) command asked Valve F6 OFF, so not doing it
INFO:root:T= 1646312523.674068 | asked for command Valve F7 OFF
WARNING:root:useless (state already as asked) command asked Valve F7 OFF, so not doing it
INFO:root:T= 1646312523.684067 | asked for command Valve F8 OFF
WARNING:root:useless (state already as asked) command asked Valve F8 OFF, so not doing it
INFO:root:T= 1646312585.734154| Started an input pumps sequence
INFO:root:T= 1646312585.734154 | asked for opening Pump L1 for duration 100.052771 seconds
INFO:root:T= 1646312585.734154 | asked for command Pump L1 ON
WARNING:root:reading Pump L1 state not successful, trying again
INFO:root:T= 1646312591.764163 | finished for command Pump L1 ON
INFO:root:T= 1646312591.764163 | asked for opening Pump L2 for duration 103.079092 seconds
INFO:root:T= 1646312591.764163 | asked for command Pump L2 ON
INFO:root:T= 1646312591.774163 | finished for command Pump L2 ON
INFO:root:T= 1646312591.774163 | asked for opening Pump L3 for duration 120.789643 seconds
INFO:root:T= 1646312591.774163 | asked for command Pump L3 ON
INFO:root:T= 1646312591.784163 | finished for command Pump L3 ON
INFO:root:T= 1646312591.784163 | asked for opening Pump L4 for duration 97.289610 seconds
INFO:root:T= 1646312591.784163 | asked for command Pump L4 ON
INFO:root:T= 1646312591.794163 | finished for command Pump L4 ON
INFO:root:T= 1646312591.794163 | asked for opening Pump L5 for duration 99.289612 seconds
INFO:root:T= 1646312591.794163 | asked for command Pump L5 ON
INFO:root:T= 1646312591.804163 | finished for command Pump L5 ON
INFO:root:T= 1646312591.804163 | asked for opening Pump L6 for duration 124.737016 seconds
INFO:root:T= 1646312591.804163 | asked for command Pump L6 ON
INFO:root:T= 1646312591.814163 | finished for command Pump L6 ON
INFO:root:T= 1646312591.814163 | asked for opening Pump L7 for duration 105.500148 seconds
INFO:root:T= 1646312591.814163 | asked for command Pump L7 ON
INFO:root:T= 1646312591.824163 | finished for command Pump L7 ON
INFO:root:T= 1646312591.824163 | asked for opening Pump L8 for duration 100.342245 seconds
INFO:root:T= 1646312591.824163 | asked for command Pump L8 ON
INFO:root:T= 1646312591.834163 | finished for command Pump L8 ON
INFO:root:T= 1646312689.087300 | asked for command Pump L4 OFF
WARNING:root:reading Pump L4 state not successful, trying again
INFO:root:T= 1646312691.097302 | asked for command Pump L5 OFF
INFO:root:T= 1646312691.817303 | asked for command Pump L1 OFF
INFO:root:T= 1646312692.097304 | finished for command Pump L5 OFF
INFO:root:T= 1646312692.097304 | finished for command Pump L4 OFF
INFO:root:T= 1646312692.107304 | finished for command Pump L1 OFF
INFO:root:T= 1646312692.177304 | asked for command Pump L8 OFF
INFO:root:T= 1646312692.187304 | finished for command Pump L8 OFF
INFO:root:T= 1646312694.867307 | asked for command Pump L2 OFF
INFO:root:T= 1646312694.877308 | finished for command Pump L2 OFF
INFO:root:T= 1646312697.327311 | asked for command Pump L7 OFF
INFO:root:T= 1646312697.337311 | finished for command Pump L7 OFF
INFO:root:T= 1646312712.577332 | asked for command Pump L3 OFF
INFO:root:T= 1646312712.587332 | finished for command Pump L3 OFF
INFO:root:T= 1646312716.557338 | asked for command Pump L6 OFF
INFO:root:T= 1646312716.567338 | finished for command Pump L6 OFF
INFO:root:T= 1646312837.587507| Started an input pumps sequence
INFO:root:T= 1646312837.587507 | asked for opening Pump L1 for duration 100.052771 seconds
INFO:root:T= 1646312837.587507 | asked for command Pump L1 ON
WARNING:root:reading Pump L1 state not successful, trying again
INFO:root:T= 1646312840.607512 | finished for command Pump L1 ON
INFO:root:T= 1646312840.607512 | asked for opening Pump L2 for duration 103.079092 seconds
INFO:root:T= 1646312840.607512 | asked for command Pump L2 ON
INFO:root:T= 1646312840.617512 | finished for command Pump L2 ON
INFO:root:T= 1646312840.617512 | asked for opening Pump L3 for duration 120.789643 seconds
INFO:root:T= 1646312840.617512 | asked for command Pump L3 ON
INFO:root:T= 1646312840.627512 | finished for command Pump L3 ON
INFO:root:T= 1646312840.627512 | asked for opening Pump L4 for duration 97.289610 seconds
INFO:root:T= 1646312840.627512 | asked for command Pump L4 ON
INFO:root:T= 1646312840.637512 | finished for command Pump L4 ON
INFO:root:T= 1646312840.637512 | asked for opening Pump L5 for duration 99.289612 seconds
INFO:root:T= 1646312840.637512 | asked for command Pump L5 ON
INFO:root:T= 1646312840.647512 | finished for command Pump L5 ON
INFO:root:T= 1646312840.647512 | asked for opening Pump L6 for duration 124.737016 seconds
INFO:root:T= 1646312840.647512 | asked for command Pump L6 ON
INFO:root:T= 1646312840.657512 | finished for command Pump L6 ON
INFO:root:T= 1646312840.657512 | asked for opening Pump L7 for duration 105.500148 seconds
INFO:root:T= 1646312840.657512 | asked for command Pump L7 ON
INFO:root:T= 1646312840.667512 | finished for command Pump L7 ON
INFO:root:T= 1646312840.667512 | asked for opening Pump L8 for duration 100.342245 seconds
INFO:root:T= 1646312840.667512 | asked for command Pump L8 ON
INFO:root:T= 1646312840.677512 | finished for command Pump L8 ON
INFO:root:T= 1646312937.927648 | asked for command Pump L4 OFF
WARNING:root:reading Pump L4 state not successful, trying again
INFO:root:T= 1646312939.937651 | asked for command Pump L5 OFF
INFO:root:T= 1646312940.667652 | asked for command Pump L1 OFF
INFO:root:T= 1646312940.947652 | finished for command Pump L5 OFF
INFO:root:T= 1646312940.947652 | finished for command Pump L4 OFF
INFO:root:T= 1646312940.947652 | finished for command Pump L1 OFF
INFO:root:T= 1646312941.037652 | asked for command Pump L8 OFF
INFO:root:T= 1646312941.047652 | finished for command Pump L8 OFF
INFO:root:T= 1646312943.697656 | asked for command Pump L2 OFF
INFO:root:T= 1646312943.707656 | finished for command Pump L2 OFF
INFO:root:T= 1646312946.177659 | asked for command Pump L7 OFF
INFO:root:T= 1646312946.187660 | finished for command Pump L7 OFF
INFO:root:T= 1646312961.437681 | asked for command Pump L3 OFF
INFO:root:T= 1646312961.447681 | finished for command Pump L3 OFF
INFO:root:T= 1646312965.397686 | asked for command Pump L6 OFF
INFO:root:T= 1646312965.407686 | finished for command Pump L6 OFF
INFO:root:T= 1646312982.217710 | sending request gotobin to the ot2
INFO:root:T= 1646312982.257710 | Finished request gotobin to the ot2
INFO:root:T= 1646312982.257710| Pinching front valves
INFO:root:T= 1646312982.257710 | asked for command Valve F1 ON
INFO:root:T= 1646312982.277710 | finished for command Valve F1 ON
INFO:root:T= 1646312982.277710 | asked for command Valve F2 ON
INFO:root:T= 1646312982.287710 | finished for command Valve F2 ON
INFO:root:T= 1646312982.287710 | asked for command Valve F3 ON
INFO:root:T= 1646312982.297710 | finished for command Valve F3 ON
INFO:root:T= 1646312982.297710 | asked for command Valve F4 ON
INFO:root:T= 1646312982.307710 | finished for command Valve F4 ON
INFO:root:T= 1646312982.307710 | asked for command Valve F5 ON
INFO:root:T= 1646312982.317710 | finished for command Valve F5 ON
INFO:root:T= 1646312982.317710 | asked for command Valve F6 ON
INFO:root:T= 1646312982.327710 | finished for command Valve F6 ON
INFO:root:T= 1646312982.327710 | asked for command Valve F7 ON
INFO:root:T= 1646312982.337710 | finished for command Valve F7 ON
INFO:root:T= 1646312982.337710 | asked for command Valve F8 ON
INFO:root:T= 1646312982.347710 | finished for command Valve F8 ON
INFO:root:T= 1646312982.347710 | asked for opening Pump H1 for duration 97.263294 seconds
INFO:root:T= 1646312982.347710 | asked for command Pump H1 ON
INFO:root:T= 1646312982.357710 | finished for command Pump H1 ON
INFO:root:T= 1646312982.357710 | asked for opening Pump H2 for duration 145.342309 seconds
INFO:root:T= 1646312982.357710 | asked for command Pump H2 ON
INFO:root:T= 1646312982.367710 | finished for command Pump H2 ON
INFO:root:T= 1646312982.367710 | asked for opening Pump H3 for duration 82.763273 seconds
INFO:root:T= 1646312982.367710 | asked for command Pump H3 ON
INFO:root:T= 1646312982.377710 | finished for command Pump H3 ON
INFO:root:T= 1646312982.377710 | asked for opening Pump H4 for duration 106.236992 seconds
INFO:root:T= 1646312982.377710 | asked for command Pump H4 ON
INFO:root:T= 1646312982.387710 | finished for command Pump H4 ON
INFO:root:T= 1646312982.387710 | asked for opening Pump H5 for duration 97.210662 seconds
INFO:root:T= 1646312982.387710 | asked for command Pump H5 ON
INFO:root:T= 1646312982.397710 | finished for command Pump H5 ON
INFO:root:T= 1646312982.397710 | asked for opening Pump H6 for duration 134.921242 seconds
INFO:root:T= 1646312982.397710 | asked for command Pump H6 ON
INFO:root:T= 1646312982.407710 | finished for command Pump H6 ON
INFO:root:T= 1646312982.407710 | asked for opening Pump H7 for duration 82.421168 seconds
INFO:root:T= 1646312982.407710 | asked for command Pump H7 ON
INFO:root:T= 1646312982.417710 | finished for command Pump H7 ON
INFO:root:T= 1646312982.417710 | asked for opening Pump H8 for duration 114.894898 seconds
INFO:root:T= 1646312982.417710 | asked for command Pump H8 ON
INFO:root:T= 1646312982.427710 | finished for command Pump H8 ON
INFO:root:T= 1646313064.847826 | asked for command Pump H7 OFF
INFO:root:T= 1646313065.147826 | asked for command Pump H3 OFF
WARNING:root:reading Pump H7 state not successful, trying again
WARNING:root:reading Pump H3 state not successful, trying again
INFO:root:T= 1646313073.887838 | finished for command Pump H3 OFF
INFO:root:T= 1646313073.887838 | finished for command Pump H7 OFF
INFO:root:T= 1646313079.617846 | asked for command Pump H5 OFF
INFO:root:T= 1646313079.627846 | asked for command Pump H1 OFF
INFO:root:T= 1646313079.627846 | finished for command Pump H5 OFF
INFO:root:T= 1646313079.637846 | finished for command Pump H1 OFF
INFO:root:T= 1646313088.637859 | asked for command Pump H4 OFF
INFO:root:T= 1646313088.647859 | finished for command Pump H4 OFF
INFO:root:T= 1646313097.327871 | asked for command Pump H8 OFF
INFO:root:T= 1646313097.337871 | finished for command Pump H8 OFF
INFO:root:T= 1646313117.337899 | asked for command Pump H6 OFF
INFO:root:T= 1646313117.347899 | finished for command Pump H6 OFF
INFO:root:T= 1646313127.717914 | asked for command Pump H2 OFF
INFO:root:T= 1646313127.737914 | finished for command Pump H2 OFF
INFO:root:T= 1646313127.737914| Pinching front valves
INFO:root:T= 1646313127.737914 | asked for command Valve F1 OFF
INFO:root:T= 1646313127.777914 | finished for command Valve F1 OFF
INFO:root:T= 1646313127.777914 | asked for command Valve F2 OFF
INFO:root:T= 1646313127.787914 | finished for command Valve F2 OFF
INFO:root:T= 1646313127.787914 | asked for command Valve F3 OFF
INFO:root:T= 1646313127.797914 | finished for command Valve F3 OFF
INFO:root:T= 1646313127.797914 | asked for command Valve F4 OFF
INFO:root:T= 1646313127.807914 | finished for command Valve F4 OFF
INFO:root:T= 1646313127.807914 | asked for command Valve F5 OFF
INFO:root:T= 1646313127.817914 | finished for command Valve F5 OFF
INFO:root:T= 1646313127.817914 | asked for command Valve F6 OFF
INFO:root:T= 1646313127.827914 | finished for command Valve F6 OFF
INFO:root:T= 1646313127.827914 | asked for command Valve F7 OFF
INFO:root:T= 1646313127.837914 | finished for command Valve F7 OFF
INFO:root:T= 1646313127.837914 | asked for command Valve F8 OFF
INFO:root:T= 1646313127.847914 | finished for command Valve F8 OFF
INFO:root:T= 1646313127.847914 | sending request gotobin to the ot2
INFO:root:T= 1646313127.887914 | Finished request gotobin to the ot2
INFO:root:T= 1646313127.887914 | asked for opening Pump H1 for duration 116.715953 seconds
INFO:root:T= 1646313127.887914 | asked for command Pump H1 ON
INFO:root:T= 1646313127.897914 | finished for command Pump H1 ON
INFO:root:T= 1646313127.897914 | asked for opening Pump H2 for duration 174.410771 seconds
INFO:root:T= 1646313127.897914 | asked for command Pump H2 ON
INFO:root:T= 1646313127.907914 | finished for command Pump H2 ON
INFO:root:T= 1646313127.907914 | asked for opening Pump H3 for duration 99.315928 seconds
INFO:root:T= 1646313127.907914 | asked for command Pump H3 ON
INFO:root:T= 1646313127.917914 | finished for command Pump H3 ON
INFO:root:T= 1646313127.917914 | asked for opening Pump H4 for duration 127.484390 seconds
INFO:root:T= 1646313127.917914 | asked for command Pump H4 ON
INFO:root:T= 1646313127.927914 | finished for command Pump H4 ON
INFO:root:T= 1646313127.927914 | asked for opening Pump H5 for duration 116.652794 seconds
INFO:root:T= 1646313127.927914 | asked for command Pump H5 ON
INFO:root:T= 1646313127.937914 | finished for command Pump H5 ON
INFO:root:T= 1646313127.937914 | asked for opening Pump H6 for duration 161.905490 seconds
INFO:root:T= 1646313127.937914 | asked for command Pump H6 ON
INFO:root:T= 1646313127.947914 | finished for command Pump H6 ON
INFO:root:T= 1646313127.947914 | asked for opening Pump H7 for duration 98.905401 seconds
INFO:root:T= 1646313127.947914 | asked for command Pump H7 ON
INFO:root:T= 1646313127.957914 | finished for command Pump H7 ON
INFO:root:T= 1646313127.957914 | asked for opening Pump H8 for duration 137.873877 seconds
INFO:root:T= 1646313127.957914 | asked for command Pump H8 ON
INFO:root:T= 1646313127.967914 | finished for command Pump H8 ON
INFO:root:T= 1646313226.878052 | asked for command Pump H7 OFF
WARNING:root:reading Pump H7 state not successful, trying again
INFO:root:T= 1646313227.248053 | asked for command Pump H3 OFF
INFO:root:T= 1646313229.888057 | finished for command Pump H3 OFF
INFO:root:T= 1646313229.888057 | finished for command Pump H7 OFF
INFO:root:T= 1646313244.598077 | asked for command Pump H5 OFF
INFO:root:T= 1646313244.608077 | finished for command Pump H5 OFF
INFO:root:T= 1646313244.618077 | asked for command Pump H1 OFF
INFO:root:T= 1646313244.628077 | finished for command Pump H1 OFF
INFO:root:T= 1646313255.418092 | asked for command Pump H4 OFF
INFO:root:T= 1646313255.428092 | finished for command Pump H4 OFF
INFO:root:T= 1646313265.858107 | asked for command Pump H8 OFF
INFO:root:T= 1646313265.868107 | finished for command Pump H8 OFF
INFO:root:T= 1646313289.858140 | asked for command Pump H6 OFF
INFO:root:T= 1646313289.868140 | finished for command Pump H6 OFF
INFO:root:T= 1646313302.328158 | asked for command Pump H2 OFF
INFO:root:T= 1646313302.338158 | finished for command Pump H2 OFF
INFO:root:T= 1646313302.338158| Pinching front valves
INFO:root:T= 1646313302.338158 | asked for command Valve F1 OFF
WARNING:root:useless (state already as asked) command asked Valve F1 OFF, so not doing it
INFO:root:T= 1646313302.338158 | asked for command Valve F2 OFF
WARNING:root:useless (state already as asked) command asked Valve F2 OFF, so not doing it
INFO:root:T= 1646313302.338158 | asked for command Valve F3 OFF
WARNING:root:useless (state already as asked) command asked Valve F3 OFF, so not doing it
INFO:root:T= 1646313302.338158 | asked for command Valve F4 OFF
WARNING:root:useless (state already as asked) command asked Valve F4 OFF, so not doing it
INFO:root:T= 1646313302.348158 | asked for command Valve F5 OFF
WARNING:root:useless (state already as asked) command asked Valve F5 OFF, so not doing it
INFO:root:T= 1646313302.348158 | asked for command Valve F6 OFF
WARNING:root:useless (state already as asked) command asked Valve F6 OFF, so not doing it
INFO:root:T= 1646313302.348158 | asked for command Valve F7 OFF
WARNING:root:useless (state already as asked) command asked Valve F7 OFF, so not doing it
INFO:root:T= 1646313302.348158 | asked for command Valve F8 OFF
WARNING:root:useless (state already as asked) command asked Valve F8 OFF, so not doing it
INFO:root:T= 1646313305.178162 | sending request gotobin to the ot2
INFO:root:T= 1646313305.218162 | Finished request gotobin to the ot2
INFO:root:T= 1646313305.218162 | asked for opening Pump H1 for duration 19.452659 seconds
INFO:root:T= 1646313305.218162 | asked for command Pump H1 ON
INFO:root:T= 1646313305.238162 | finished for command Pump H1 ON
INFO:root:T= 1646313305.238162 | asked for opening Pump H2 for duration 29.068462 seconds
INFO:root:T= 1646313305.238162 | asked for command Pump H2 ON
INFO:root:T= 1646313305.248162 | finished for command Pump H2 ON
INFO:root:T= 1646313305.248162 | asked for opening Pump H3 for duration 16.552655 seconds
INFO:root:T= 1646313305.248162 | asked for command Pump H3 ON
INFO:root:T= 1646313305.258162 | finished for command Pump H3 ON
INFO:root:T= 1646313305.268162 | asked for opening Pump H4 for duration 21.247398 seconds
INFO:root:T= 1646313305.268162 | asked for command Pump H4 ON
INFO:root:T= 1646313305.278162 | finished for command Pump H4 ON
INFO:root:T= 1646313305.278162 | asked for opening Pump H5 for duration 19.442132 seconds
INFO:root:T= 1646313305.278162 | asked for command Pump H5 ON
INFO:root:T= 1646313305.298162 | finished for command Pump H5 ON
INFO:root:T= 1646313305.298162 | asked for opening Pump H6 for duration 26.984248 seconds
INFO:root:T= 1646313305.298162 | asked for command Pump H6 ON
INFO:root:T= 1646313305.308162 | finished for command Pump H6 ON
INFO:root:T= 1646313305.308162 | asked for opening Pump H7 for duration 16.484234 seconds
INFO:root:T= 1646313305.308162 | asked for command Pump H7 ON
INFO:root:T= 1646313305.318162 | finished for command Pump H7 ON
INFO:root:T= 1646313305.318162 | asked for opening Pump H8 for duration 22.978980 seconds
INFO:root:T= 1646313305.318162 | asked for command Pump H8 ON
INFO:root:T= 1646313305.328162 | finished for command Pump H8 ON
INFO:root:T= 1646313321.808185 | asked for command Pump H7 OFF
INFO:root:T= 1646313321.818185 | finished for command Pump H7 OFF
INFO:root:T= 1646313321.828185 | asked for command Pump H3 OFF
INFO:root:T= 1646313321.838185 | finished for command Pump H3 OFF
INFO:root:T= 1646313324.698189 | asked for command Pump H1 OFF
INFO:root:T= 1646313324.708189 | finished for command Pump H1 OFF
INFO:root:T= 1646313324.748189 | asked for command Pump H5 OFF
INFO:root:T= 1646313324.758189 | finished for command Pump H5 OFF
INFO:root:T= 1646313326.548192 | asked for command Pump H4 OFF
INFO:root:T= 1646313326.558192 | finished for command Pump H4 OFF
INFO:root:T= 1646313328.308194 | asked for command Pump H8 OFF
INFO:root:T= 1646313328.318194 | finished for command Pump H8 OFF
INFO:root:T= 1646313332.298200 | asked for command Pump H6 OFF
INFO:root:T= 1646313332.308200 | finished for command Pump H6 OFF
INFO:root:T= 1646313334.328203 | asked for command Pump H2 OFF
INFO:root:T= 1646313334.338203 | finished for command Pump H2 OFF
INFO:root:T= 1646313334.338203| Pinching front valves
INFO:root:T= 1646313334.338203 | asked for command Valve F1 OFF
WARNING:root:useless (state already as asked) command asked Valve F1 OFF, so not doing it
INFO:root:T= 1646313334.338203 | asked for command Valve F2 OFF
WARNING:root:useless (state already as asked) command asked Valve F2 OFF, so not doing it
INFO:root:T= 1646313334.338203 | asked for command Valve F3 OFF
WARNING:root:useless (state already as asked) command asked Valve F3 OFF, so not doing it
INFO:root:T= 1646313334.348203 | asked for command Valve F4 OFF
WARNING:root:useless (state already as asked) command asked Valve F4 OFF, so not doing it
INFO:root:T= 1646313334.348203 | asked for command Valve F5 OFF
WARNING:root:useless (state already as asked) command asked Valve F5 OFF, so not doing it
INFO:root:T= 1646313334.348203 | asked for command Valve F6 OFF
WARNING:root:useless (state already as asked) command asked Valve F6 OFF, so not doing it
INFO:root:T= 1646313334.348203 | asked for command Valve F7 OFF
WARNING:root:useless (state already as asked) command asked Valve F7 OFF, so not doing it
INFO:root:T= 1646313334.348203 | asked for command Valve F8 OFF
WARNING:root:useless (state already as asked) command asked Valve F8 OFF, so not doing it
INFO:root:T= 1646313354.998232| Started an input pumps sequence
INFO:root:T= 1646313354.998232 | asked for opening Pump L1 for duration 80.042217 seconds
INFO:root:T= 1646313354.998232 | asked for command Pump L1 ON
INFO:root:T= 1646313355.018232 | finished for command Pump L1 ON
INFO:root:T= 1646313355.018232 | asked for opening Pump L2 for duration 82.463274 seconds
INFO:root:T= 1646313355.018232 | asked for command Pump L2 ON
INFO:root:T= 1646313355.028232 | finished for command Pump L2 ON
INFO:root:T= 1646313355.028232 | asked for opening Pump L3 for duration 96.631714 seconds
INFO:root:T= 1646313355.028232 | asked for command Pump L3 ON
INFO:root:T= 1646313355.038232 | finished for command Pump L3 ON
INFO:root:T= 1646313355.038232 | asked for opening Pump L4 for duration 77.831688 seconds
INFO:root:T= 1646313355.038232 | asked for command Pump L4 ON
INFO:root:T= 1646313355.048232 | finished for command Pump L4 ON
INFO:root:T= 1646313355.048232 | asked for opening Pump L5 for duration 79.431690 seconds
INFO:root:T= 1646313355.048232 | asked for command Pump L5 ON
INFO:root:T= 1646313355.058232 | finished for command Pump L5 ON
INFO:root:T= 1646313355.058232 | asked for opening Pump L6 for duration 99.789613 seconds
INFO:root:T= 1646313355.058232 | asked for command Pump L6 ON
INFO:root:T= 1646313355.068232 | finished for command Pump L6 ON
INFO:root:T= 1646313355.068232 | asked for opening Pump L7 for duration 84.400118 seconds
INFO:root:T= 1646313355.068232 | asked for command Pump L7 ON
INFO:root:T= 1646313355.078232 | finished for command Pump L7 ON
INFO:root:T= 1646313355.078232 | asked for opening Pump L8 for duration 80.273796 seconds
INFO:root:T= 1646313355.078232 | asked for command Pump L8 ON
INFO:root:T= 1646313355.088232 | finished for command Pump L8 ON
INFO:root:T= 1646313432.888341 | asked for command Pump L4 OFF
INFO:root:T= 1646313434.498343 | asked for command Pump L5 OFF
INFO:root:T= 1646313435.068344 | asked for command Pump L1 OFF
INFO:root:T= 1646313435.368344 | asked for command Pump L8 OFF
WARNING:root:reading Pump L4 state not successful, trying again
INFO:root:T= 1646313437.508347 | asked for command Pump L2 OFF
WARNING:root:reading Pump L5 state not successful, trying again
INFO:root:T= 1646313439.488350 | asked for command Pump L7 OFF
WARNING:root:reading Pump L1 state not successful, trying again
WARNING:root:reading Pump L8 state not successful, trying again
WARNING:root:reading Pump L4 state not successful, trying again
WARNING:root:reading Pump L2 state not successful, trying again
INFO:root:T= 1646313451.678367 | asked for command Pump L3 OFF
WARNING:root:reading Pump L5 state not successful, trying again
INFO:root:T= 1646313454.858371 | asked for command Pump L6 OFF
WARNING:root:reading Pump L7 state not successful, trying again
INFO:root:T= 1646313459.948379 | finished for command Pump L1 OFF
INFO:root:T= 1646313459.948379 | finished for command Pump L4 OFF
INFO:root:T= 1646313459.958379 | finished for command Pump L8 OFF
INFO:root:T= 1646313459.958379 | finished for command Pump L3 OFF
INFO:root:T= 1646313459.958379 | finished for command Pump L5 OFF
INFO:root:T= 1646313459.958379 | finished for command Pump L2 OFF
INFO:root:T= 1646313459.968379 | finished for command Pump L7 OFF
INFO:root:T= 1646313459.968379 | finished for command Pump L6 OFF
INFO:root:T= 1646313550.488505| Started an input pumps sequence
INFO:root:T= 1646313550.488505 | asked for opening Pump L1 for duration 80.042217 seconds
INFO:root:T= 1646313550.488505 | asked for command Pump L1 ON
WARNING:root:reading Pump L1 state not successful, trying again
INFO:root:T= 1646313553.508510 | finished for command Pump L1 ON
INFO:root:T= 1646313553.508510 | asked for opening Pump L2 for duration 82.463274 seconds
INFO:root:T= 1646313553.508510 | asked for command Pump L2 ON
INFO:root:T= 1646313553.518510 | finished for command Pump L2 ON
INFO:root:T= 1646313553.518510 | asked for opening Pump L3 for duration 96.631714 seconds
INFO:root:T= 1646313553.518510 | asked for command Pump L3 ON
INFO:root:T= 1646313553.528510 | finished for command Pump L3 ON
INFO:root:T= 1646313553.528510 | asked for opening Pump L4 for duration 77.831688 seconds
INFO:root:T= 1646313553.528510 | asked for command Pump L4 ON
INFO:root:T= 1646313553.538510 | finished for command Pump L4 ON
INFO:root:T= 1646313553.538510 | asked for opening Pump L5 for duration 79.431690 seconds
INFO:root:T= 1646313553.538510 | asked for command Pump L5 ON
INFO:root:T= 1646313553.548510 | finished for command Pump L5 ON
INFO:root:T= 1646313553.548510 | asked for opening Pump L6 for duration 99.789613 seconds
INFO:root:T= 1646313553.548510 | asked for command Pump L6 ON
INFO:root:T= 1646313553.558510 | finished for command Pump L6 ON
INFO:root:T= 1646313553.558510 | asked for opening Pump L7 for duration 84.400118 seconds
INFO:root:T= 1646313553.558510 | asked for command Pump L7 ON
INFO:root:T= 1646313553.568510 | finished for command Pump L7 ON
INFO:root:T= 1646313553.568510 | asked for opening Pump L8 for duration 80.273796 seconds
INFO:root:T= 1646313553.568510 | asked for command Pump L8 ON
INFO:root:T= 1646313553.578510 | finished for command Pump L8 ON
INFO:root:T= 1646313631.388619 | asked for command Pump L4 OFF
INFO:root:T= 1646313632.988621 | asked for command Pump L5 OFF
INFO:root:T= 1646313633.558622 | asked for command Pump L1 OFF
INFO:root:T= 1646313633.858622 | asked for command Pump L8 OFF
WARNING:root:reading Pump L4 state not successful, trying again
INFO:root:T= 1646313635.988625 | asked for command Pump L2 OFF
WARNING:root:reading Pump L5 state not successful, trying again
INFO:root:T= 1646313637.988628 | asked for command Pump L7 OFF
WARNING:root:reading Pump L1 state not successful, trying again
WARNING:root:reading Pump L8 state not successful, trying again
WARNING:root:reading Pump L4 state not successful, trying again
INFO:root:T= 1646313649.438644 | finished for command Pump L5 OFF
INFO:root:T= 1646313649.448644 | finished for command Pump L2 OFF
INFO:root:T= 1646313649.448644 | finished for command Pump L7 OFF
INFO:root:T= 1646313649.448644 | finished for command Pump L1 OFF
INFO:root:T= 1646313649.448644 | finished for command Pump L4 OFF
INFO:root:T= 1646313649.448644 | finished for command Pump L8 OFF
INFO:root:T= 1646313650.168645 | asked for command Pump L3 OFF
INFO:root:T= 1646313650.188645 | finished for command Pump L3 OFF
INFO:root:T= 1646313653.348650 | asked for command Pump L6 OFF
INFO:root:T= 1646313653.358649 | finished for command Pump L6 OFF
INFO:root:T= 1646313691.968704 | sending request gotobin to the ot2
INFO:root:T= 1646313692.008703 | Finished request gotobin to the ot2
INFO:root:T= 1646313692.008703 | asked for opening Pump H1 for duration 38.905318 seconds
INFO:root:T= 1646313692.008703 | asked for command Pump H1 ON
INFO:root:T= 1646313692.018704 | finished for command Pump H1 ON
INFO:root:T= 1646313692.018704 | asked for opening Pump H2 for duration 58.136924 seconds
INFO:root:T= 1646313692.018704 | asked for command Pump H2 ON
INFO:root:T= 1646313692.028703 | finished for command Pump H2 ON
INFO:root:T= 1646313692.038704 | asked for opening Pump H3 for duration 33.105309 seconds
INFO:root:T= 1646313692.038704 | asked for command Pump H3 ON
INFO:root:T= 1646313692.058704 | finished for command Pump H3 ON
INFO:root:T= 1646313692.058704 | asked for opening Pump H4 for duration 42.494797 seconds
INFO:root:T= 1646313692.058704 | asked for command Pump H4 ON
INFO:root:T= 1646313692.068703 | finished for command Pump H4 ON
INFO:root:T= 1646313692.068703 | asked for opening Pump H5 for duration 38.884265 seconds
INFO:root:T= 1646313692.068703 | asked for command Pump H5 ON
INFO:root:T= 1646313692.078704 | finished for command Pump H5 ON
INFO:root:T= 1646313692.078704 | asked for opening Pump H6 for duration 53.968497 seconds
INFO:root:T= 1646313692.078704 | asked for command Pump H6 ON
INFO:root:T= 1646313692.088704 | finished for command Pump H6 ON
INFO:root:T= 1646313692.088704 | asked for opening Pump H7 for duration 32.968467 seconds
INFO:root:T= 1646313692.088704 | asked for command Pump H7 ON
INFO:root:T= 1646313692.098704 | finished for command Pump H7 ON
INFO:root:T= 1646313692.098704 | asked for opening Pump H8 for duration 45.957959 seconds
INFO:root:T= 1646313692.098704 | asked for command Pump H8 ON
INFO:root:T= 1646313692.108704 | finished for command Pump H8 ON
INFO:root:T= 1646313725.079750 | asked for command Pump H7 OFF
INFO:root:T= 1646313725.089750 | finished for command Pump H7 OFF
INFO:root:T= 1646313725.169750 | asked for command Pump H3 OFF
INFO:root:T= 1646313725.179750 | finished for command Pump H3 OFF
INFO:root:T= 1646313730.929758 | asked for command Pump H1 OFF
INFO:root:T= 1646313730.939758 | finished for command Pump H1 OFF
INFO:root:T= 1646313730.969758 | asked for command Pump H5 OFF
INFO:root:T= 1646313730.979758 | finished for command Pump H5 OFF
INFO:root:T= 1646313734.569763 | asked for command Pump H4 OFF
INFO:root:T= 1646313734.579763 | finished for command Pump H4 OFF
INFO:root:T= 1646313738.069768 | asked for command Pump H8 OFF
INFO:root:T= 1646313738.079768 | finished for command Pump H8 OFF
INFO:root:T= 1646313746.059779 | asked for command Pump H6 OFF
INFO:root:T= 1646313746.069779 | finished for command Pump H6 OFF
INFO:root:T= 1646313750.179785 | asked for command Pump H2 OFF
INFO:root:T= 1646313750.189785 | finished for command Pump H2 OFF
INFO:root:T= 1646313750.189785| Pinching front valves
INFO:root:T= 1646313750.189785 | asked for command Valve F1 OFF
WARNING:root:useless (state already as asked) command asked Valve F1 OFF, so not doing it
INFO:root:T= 1646313750.189785 | asked for command Valve F2 OFF
WARNING:root:useless (state already as asked) command asked Valve F2 OFF, so not doing it
INFO:root:T= 1646313750.189785 | asked for command Valve F3 OFF
WARNING:root:useless (state already as asked) command asked Valve F3 OFF, so not doing it
INFO:root:T= 1646313750.189785 | asked for command Valve F4 OFF
WARNING:root:useless (state already as asked) command asked Valve F4 OFF, so not doing it
INFO:root:T= 1646313750.199785 | asked for command Valve F5 OFF
WARNING:root:useless (state already as asked) command asked Valve F5 OFF, so not doing it
INFO:root:T= 1646313750.199785 | asked for command Valve F6 OFF
WARNING:root:useless (state already as asked) command asked Valve F6 OFF, so not doing it
INFO:root:T= 1646313750.199785 | asked for command Valve F7 OFF
WARNING:root:useless (state already as asked) command asked Valve F7 OFF, so not doing it
INFO:root:T= 1646313750.199785 | asked for command Valve F8 OFF
WARNING:root:useless (state already as asked) command asked Valve F8 OFF, so not doing it
INFO:root:T= 1646313769.039812 | sending request move_to/sampling_metal/2 to the ot2
INFO:root:T= 1646313770.659814 | Finished request move_to/sampling_metal/2 to the ot2
INFO:root:T= 1646313805.089862 | asked for command Pump H1 ON
INFO:root:T= 1646313805.119862 | finished for command Pump H1 ON
INFO:root:T= 1646313841.829913 | asked for command Pump H1 OFF
INFO:root:T= 1646313841.849913 | finished for command Pump H1 OFF
INFO:root:T= 1646313844.849918 | asked for command Pump H2 ON
INFO:root:T= 1646313844.869918 | finished for command Pump H2 ON
INFO:root:T= 1646313888.649979 | asked for command Pump H2 OFF
INFO:root:T= 1646313888.659979 | finished for command Pump H2 OFF
INFO:root:T= 1646313891.659983 | asked for command Pump H3 ON
INFO:root:T= 1646313891.669983 | finished for command Pump H3 ON
INFO:root:T= 1646313923.270028 | asked for command Pump H3 OFF
INFO:root:T= 1646313923.290028 | finished for command Pump H3 OFF
INFO:root:T= 1646313926.290032 | asked for command Pump H4 ON
INFO:root:T= 1646313926.300031 | finished for command Pump H4 ON
INFO:root:T= 1646313966.220088 | asked for command Pump H4 OFF
INFO:root:T= 1646313966.230088 | finished for command Pump H4 OFF
INFO:root:T= 1646313969.230092 | asked for command Pump H5 ON
INFO:root:T= 1646313969.240092 | finished for command Pump H5 ON
INFO:root:T= 1646314005.980143 | asked for command Pump H5 OFF
INFO:root:T= 1646314006.000143 | finished for command Pump H5 OFF
INFO:root:T= 1646314009.000147 | asked for command Pump H6 ON
INFO:root:T= 1646314009.010147 | finished for command Pump H6 ON
INFO:root:T= 1646314060.080219 | asked for command Pump H6 OFF
INFO:root:T= 1646314060.100219 | finished for command Pump H6 OFF
INFO:root:T= 1646314063.100223 | asked for command Pump H7 ON
INFO:root:T= 1646314063.110223 | finished for command Pump H7 ON
INFO:root:T= 1646314094.660267 | asked for command Pump H7 OFF
INFO:root:T= 1646314094.680268 | finished for command Pump H7 OFF
INFO:root:T= 1646314097.680272 | asked for command Pump H8 ON
INFO:root:T= 1646314097.690271 | finished for command Pump H8 ON
INFO:root:T= 1646314139.740330 | asked for command Pump H8 OFF
INFO:root:T= 1646314139.760330 | finished for command Pump H8 OFF
INFO:root:For pump H1 (installed as output for reactor 1), new flow rate: 15.527082633874102 mL/min (was 15.422056318272825)
INFO:root:For pump H2 (installed as output for reactor 2), new flow rate: 13.019625459422103 mL/min (was 10.320463518220574)
INFO:root:For pump H3 (installed as output for reactor 3), new flow rate: 18.03794915223981 mL/min (was 18.123981051018127)
INFO:root:For pump H4 (installed as output for reactor 4), new flow rate: 14.278537046781894 mL/min (was 14.11937570138711)
INFO:root:For pump H5 (installed as output for reactor 5), new flow rate: 15.514403943518237 mL/min (was 15.430406185046921)
INFO:root:For pump H6 (installed as output for reactor 6), new flow rate: 11.16113574385057 mL/min (was 11.117597029808113)
INFO:root:For pump H7 (installed as output for reactor 7), new flow rate: 18.066535647717796 mL/min (was 18.199208264161022)
INFO:root:For pump H8 (installed as output for reactor 8), new flow rate: 13.555272274740416 mL/min (was 13.05541003299253)
INFO:root:T= 1646314143.840336 | sending request gotobin to the ot2
INFO:root:T= 1646314145.441339 | Finished request gotobin to the ot2
INFO:root:T= 1646314438.241749| Started an input pumps sequence
INFO:root:T= 1646314438.241749 | asked for opening Pump L1 for duration 20.010554 seconds
INFO:root:T= 1646314438.241749 | asked for command Pump L1 ON
WARNING:root:reading Pump L1 state not successful, trying again
INFO:root:T= 1646314441.271753 | finished for command Pump L1 ON
INFO:root:T= 1646314441.271753 | asked for opening Pump L2 for duration 20.615818 seconds
INFO:root:T= 1646314441.271753 | asked for command Pump L2 ON
INFO:root:T= 1646314441.281753 | finished for command Pump L2 ON
INFO:root:T= 1646314441.281753 | asked for opening Pump L3 for duration 24.157929 seconds
INFO:root:T= 1646314441.281753 | asked for command Pump L3 ON
WARNING:root:command Pump L3 ON not successful, trying again
INFO:root:T= 1646314441.301753 | finished for command Pump L3 ON
INFO:root:T= 1646314441.301753 | asked for opening Pump L4 for duration 19.457922 seconds
INFO:root:T= 1646314441.301753 | asked for command Pump L4 ON
INFO:root:T= 1646314441.311753 | finished for command Pump L4 ON
INFO:root:T= 1646314441.311753 | asked for opening Pump L5 for duration 19.857922 seconds
INFO:root:T= 1646314441.311753 | asked for command Pump L5 ON
INFO:root:T= 1646314441.331753 | finished for command Pump L5 ON
INFO:root:T= 1646314441.331753 | asked for opening Pump L6 for duration 24.947403 seconds
INFO:root:T= 1646314441.331753 | asked for command Pump L6 ON
INFO:root:T= 1646314441.341753 | finished for command Pump L6 ON
INFO:root:T= 1646314441.341753 | asked for opening Pump L7 for duration 21.100030 seconds
INFO:root:T= 1646314441.341753 | asked for command Pump L7 ON
WARNING:root:command Pump L7 ON not successful, trying again
INFO:root:T= 1646314441.361753 | finished for command Pump L7 ON
INFO:root:T= 1646314441.371753 | asked for opening Pump L8 for duration 20.068449 seconds
INFO:root:T= 1646314441.371753 | asked for command Pump L8 ON
INFO:root:T= 1646314441.381753 | finished for command Pump L8 ON
INFO:root:T= 1646314460.781780 | asked for command Pump L4 OFF
INFO:root:T= 1646314460.791780 | finished for command Pump L4 OFF
INFO:root:T= 1646314461.191781 | asked for command Pump L5 OFF
INFO:root:T= 1646314461.201781 | finished for command Pump L5 OFF
INFO:root:T= 1646314461.291781 | asked for command Pump L1 OFF
INFO:root:T= 1646314461.301781 | finished for command Pump L1 OFF
INFO:root:T= 1646314461.451781 | asked for command Pump L8 OFF
INFO:root:T= 1646314461.461781 | finished for command Pump L8 OFF
INFO:root:T= 1646314461.901782 | asked for command Pump L2 OFF
INFO:root:T= 1646314461.911781 | finished for command Pump L2 OFF
INFO:root:T= 1646314462.481782 | asked for command Pump L7 OFF
INFO:root:T= 1646314462.491782 | finished for command Pump L7 OFF
INFO:root:T= 1646314465.461787 | asked for command Pump L3 OFF
INFO:root:T= 1646314465.471786 | finished for command Pump L3 OFF
INFO:root:T= 1646314466.301788 | asked for command Pump L6 OFF
INFO:root:T= 1646314466.311788 | finished for command Pump L6 OFF
INFO:root:T= 1646314472.901797 | sending request move_to/sampling_metal/2 to the ot2
INFO:root:T= 1646314474.501799 | Finished request move_to/sampling_metal/2 to the ot2
INFO:root:T= 1646314501.281837 | asked for command Pump L1 ON
INFO:root:T= 1646314501.301837 | finished for command Pump L1 ON
INFO:root:T= 1646314540.041891 | asked for command Pump L1 OFF
INFO:root:T= 1646314540.051891 | finished for command Pump L1 OFF
INFO:root:T= 1646314543.051895 | asked for command Pump L2 ON
INFO:root:T= 1646314543.061895 | finished for command Pump L2 ON
INFO:root:T= 1646314583.361952 | asked for command Pump L2 OFF
INFO:root:T= 1646314583.371952 | finished for command Pump L2 OFF
INFO:root:T= 1646314586.371956 | asked for command Pump L3 ON
INFO:root:T= 1646314586.381956 | finished for command Pump L3 ON
INFO:root:T= 1646314630.903018 | asked for command Pump L3 OFF
INFO:root:T= 1646314630.923018 | finished for command Pump L3 OFF
INFO:root:T= 1646314633.923022 | asked for command Pump L4 ON
INFO:root:T= 1646314633.933022 | finished for command Pump L4 ON
INFO:root:T= 1646314672.185076 | asked for command Pump L4 OFF
INFO:root:T= 1646314672.195076 | finished for command Pump L4 OFF
INFO:root:T= 1646314675.195080 | asked for command Pump L5 ON
INFO:root:T= 1646314675.205080 | finished for command Pump L5 ON
INFO:root:T= 1646314716.745138 | asked for command Pump L5 OFF
INFO:root:T= 1646314716.755139 | finished for command Pump L5 OFF
INFO:root:T= 1646314719.755143 | asked for command Pump L6 ON
INFO:root:T= 1646314719.765143 | finished for command Pump L6 ON
INFO:root:T= 1646314766.045208 | asked for command Pump L6 OFF
INFO:root:T= 1646314766.065207 | finished for command Pump L6 OFF
INFO:root:T= 1646314769.065212 | asked for command Pump L7 ON
INFO:root:T= 1646314769.085212 | finished for command Pump L7 ON
INFO:root:T= 1646314810.395270 | asked for command Pump L7 OFF
INFO:root:T= 1646314810.405270 | finished for command Pump L7 OFF
INFO:root:T= 1646314813.405274 | asked for command Pump L8 ON
INFO:root:T= 1646314813.415274 | finished for command Pump L8 ON
INFO:root:T= 1646314852.435328 | asked for command Pump L8 OFF
INFO:root:T= 1646314852.445328 | finished for command Pump L8 OFF
INFO:root:For pump M1-1-1 (installed as input for reactor 1), new flow rate: 14.713453886230948 mL/min (was 14.992088458612304)
INFO:root:For pump M3-2-1 (installed as input for reactor 2), new flow rate: 14.143900780904353 mL/min (was 14.551932624866547)
INFO:root:For pump M1-3-2 (installed as input for reactor 3), new flow rate: 12.802928986964245 mL/min (was 12.418283276124122)
INFO:root:For pump M1-4-1 (installed as input for reactor 4), new flow rate: 14.901160703931424 mL/min (was 15.417884822460891)
INFO:root:For pump M5-1-1 (installed as input for reactor 5), new flow rate: 13.721694806830484 mL/min (was 15.107320532719)
INFO:root:For pump M5-2-1 (installed as input for reactor 6), new flow rate: 12.316318099415472 mL/min (was 12.025299676771755)
INFO:root:For pump M5-3-1 (installed as input for reactor 7), new flow rate: 13.798092505136337 mL/min (was 14.217989553998086)
INFO:root:For pump M5-4-1 (installed as input for reactor 8), new flow rate: 14.60787286615366 mL/min (was 14.948838276927011)
INFO:root:T= 1646314861.935342 | sending request gotobin to the ot2
INFO:root:T= 1646314863.535344 | Finished request gotobin to the ot2
INFO:root:T= 1646315086.265656| Started an input pumps sequence
INFO:root:T= 1646315086.265656 | asked for opening Pump L1 for duration 20.389502 seconds
INFO:root:T= 1646315086.265656 | asked for command Pump L1 ON
WARNING:root:reading Pump L1 state not successful, trying again
INFO:root:T= 1646315089.285660 | finished for command Pump L1 ON
INFO:root:T= 1646315089.285660 | asked for opening Pump L2 for duration 21.210556 seconds
INFO:root:T= 1646315089.285660 | asked for command Pump L2 ON
INFO:root:T= 1646315089.295660 | finished for command Pump L2 ON
INFO:root:T= 1646315089.295660 | asked for opening Pump L3 for duration 23.432138 seconds
INFO:root:T= 1646315089.295660 | asked for command Pump L3 ON
INFO:root:T= 1646315089.305660 | finished for command Pump L3 ON
INFO:root:T= 1646315089.305660 | asked for opening Pump L4 for duration 20.132660 seconds
INFO:root:T= 1646315089.305660 | asked for command Pump L4 ON
INFO:root:T= 1646315089.315660 | finished for command Pump L4 ON
INFO:root:T= 1646315089.315660 | asked for opening Pump L5 for duration 21.863188 seconds
INFO:root:T= 1646315089.315660 | asked for command Pump L5 ON
INFO:root:T= 1646315089.325660 | finished for command Pump L5 ON
INFO:root:T= 1646315089.325660 | asked for opening Pump L6 for duration 24.357929 seconds
INFO:root:T= 1646315089.325660 | asked for command Pump L6 ON
INFO:root:T= 1646315089.335660 | finished for command Pump L6 ON
INFO:root:T= 1646315089.335660 | asked for opening Pump L7 for duration 21.742136 seconds
INFO:root:T= 1646315089.335660 | asked for command Pump L7 ON
INFO:root:T= 1646315089.345660 | finished for command Pump L7 ON
INFO:root:T= 1646315089.345660 | asked for opening Pump L8 for duration 20.536871 seconds
INFO:root:T= 1646315089.345660 | asked for command Pump L8 ON
INFO:root:T= 1646315089.355660 | finished for command Pump L8 ON
INFO:root:T= 1646315109.455688 | asked for command Pump L4 OFF
INFO:root:T= 1646315109.465688 | finished for command Pump L4 OFF
INFO:root:T= 1646315109.685688 | asked for command Pump L1 OFF
INFO:root:T= 1646315109.695689 | finished for command Pump L1 OFF
INFO:root:T= 1646315109.895689 | asked for command Pump L8 OFF
INFO:root:T= 1646315109.905689 | finished for command Pump L8 OFF
INFO:root:T= 1646315110.515690 | asked for command Pump L2 OFF
INFO:root:T= 1646315110.525690 | finished for command Pump L2 OFF
INFO:root:T= 1646315111.095690 | asked for command Pump L7 OFF
INFO:root:T= 1646315111.105691 | finished for command Pump L7 OFF
INFO:root:T= 1646315111.195691 | asked for command Pump L5 OFF
INFO:root:T= 1646315111.205691 | finished for command Pump L5 OFF
INFO:root:T= 1646315112.755693 | asked for command Pump L3 OFF
INFO:root:T= 1646315112.765693 | finished for command Pump L3 OFF
INFO:root:T= 1646315113.705694 | asked for command Pump L6 OFF
INFO:root:T= 1646315113.715694 | finished for command Pump L6 OFF
INFO:root:T= 1646315113.715694 | sending request gotobin to the ot2
INFO:root:T= 1646315113.765694 | Finished request gotobin to the ot2
INFO:root:T= 1646315113.765694| Pinching front valves
INFO:root:T= 1646315113.765694 | asked for command Valve F1 ON
INFO:root:T= 1646315113.775694 | finished for command Valve F1 ON
INFO:root:T= 1646315113.775694 | asked for command Valve F2 ON
INFO:root:T= 1646315113.785694 | finished for command Valve F2 ON
INFO:root:T= 1646315113.785694 | asked for command Valve F3 ON
INFO:root:T= 1646315113.795694 | finished for command Valve F3 ON
INFO:root:T= 1646315113.795694 | asked for command Valve F4 ON
INFO:root:T= 1646315113.805694 | finished for command Valve F4 ON
INFO:root:T= 1646315113.805694 | asked for command Valve F5 ON
INFO:root:T= 1646315113.815694 | finished for command Valve F5 ON
INFO:root:T= 1646315113.815694 | asked for command Valve F6 ON
INFO:root:T= 1646315113.825695 | finished for command Valve F6 ON
INFO:root:T= 1646315113.825695 | asked for command Valve F7 ON
INFO:root:T= 1646315113.835694 | finished for command Valve F7 ON
INFO:root:T= 1646315113.835694 | asked for command Valve F8 ON
INFO:root:T= 1646315113.845695 | finished for command Valve F8 ON
INFO:root:T= 1646315113.845695 | asked for opening Pump H1 for duration 57.963239 seconds
INFO:root:T= 1646315113.845695 | asked for command Pump H1 ON
INFO:root:T= 1646315113.855694 | finished for command Pump H1 ON
INFO:root:T= 1646315113.855694 | asked for opening Pump H2 for duration 69.126412 seconds
INFO:root:T= 1646315113.855694 | asked for command Pump H2 ON
INFO:root:T= 1646315113.865695 | finished for command Pump H2 ON
INFO:root:T= 1646315113.865695 | asked for opening Pump H3 for duration 49.894807 seconds
INFO:root:T= 1646315113.865695 | asked for command Pump H3 ON
INFO:root:T= 1646315113.875694 | finished for command Pump H3 ON
INFO:root:T= 1646315113.875694 | asked for opening Pump H4 for duration 63.031668 seconds
INFO:root:T= 1646315113.875694 | asked for command Pump H4 ON
INFO:root:T= 1646315113.885695 | finished for command Pump H4 ON
INFO:root:T= 1646315113.885695 | asked for opening Pump H5 for duration 58.010608 seconds
INFO:root:T= 1646315113.885695 | asked for command Pump H5 ON
INFO:root:T= 1646315113.895694 | finished for command Pump H5 ON
INFO:root:T= 1646315113.895694 | asked for opening Pump H6 for duration 80.636955 seconds
INFO:root:T= 1646315113.895694 | asked for command Pump H6 ON
INFO:root:T= 1646315113.905694 | finished for command Pump H6 ON
INFO:root:T= 1646315113.905694 | asked for opening Pump H7 for duration 49.815859 seconds
INFO:root:T= 1646315113.905694 | asked for command Pump H7 ON
INFO:root:T= 1646315113.915694 | finished for command Pump H7 ON
INFO:root:T= 1646315113.915694 | asked for opening Pump H8 for duration 66.394830 seconds
INFO:root:T= 1646315113.915694 | asked for command Pump H8 ON
INFO:root:T= 1646315113.925694 | finished for command Pump H8 ON
INFO:root:T= 1646315163.735764 | asked for command Pump H7 OFF
INFO:root:T= 1646315163.745764 | finished for command Pump H7 OFF
INFO:root:T= 1646315163.785764 | asked for command Pump H3 OFF
INFO:root:T= 1646315163.795764 | finished for command Pump H3 OFF
INFO:root:T= 1646315171.825776 | asked for command Pump H1 OFF
INFO:root:T= 1646315171.835775 | finished for command Pump H1 OFF
INFO:root:T= 1646315171.915776 | asked for command Pump H5 OFF
INFO:root:T= 1646315171.925776 | finished for command Pump H5 OFF
INFO:root:T= 1646315176.925783 | asked for command Pump H4 OFF
INFO:root:T= 1646315176.935783 | finished for command Pump H4 OFF
INFO:root:T= 1646315180.335788 | asked for command Pump H8 OFF
INFO:root:T= 1646315180.345787 | finished for command Pump H8 OFF
INFO:root:T= 1646315183.005791 | asked for command Pump H2 OFF
INFO:root:T= 1646315183.015791 | finished for command Pump H2 OFF
INFO:root:T= 1646315194.545807 | asked for command Pump H6 OFF
INFO:root:T= 1646315194.555808 | finished for command Pump H6 OFF
INFO:root:T= 1646315194.555808| Pinching front valves
INFO:root:T= 1646315194.555808 | asked for command Valve F1 OFF
INFO:root:T= 1646315194.565807 | finished for command Valve F1 OFF
INFO:root:T= 1646315194.565807 | asked for command Valve F2 OFF
INFO:root:T= 1646315194.575808 | finished for command Valve F2 OFF
INFO:root:T= 1646315194.575808 | asked for command Valve F3 OFF
INFO:root:T= 1646315194.585807 | finished for command Valve F3 OFF
INFO:root:T= 1646315194.585807 | asked for command Valve F4 OFF
INFO:root:T= 1646315194.595808 | finished for command Valve F4 OFF
INFO:root:T= 1646315194.595808 | asked for command Valve F5 OFF
INFO:root:T= 1646315194.605808 | finished for command Valve F5 OFF
INFO:root:T= 1646315194.605808 | asked for command Valve F6 OFF
INFO:root:T= 1646315194.615808 | finished for command Valve F6 OFF
INFO:root:T= 1646315194.615808 | asked for command Valve F7 OFF
INFO:root:T= 1646315194.625808 | finished for command Valve F7 OFF
INFO:root:T= 1646315194.625808 | asked for command Valve F8 OFF
INFO:root:T= 1646315194.635808 | finished for command Valve F8 OFF
INFO:root:T= 1646315194.635808 | sending request gotobin to the ot2
INFO:root:T= 1646315194.675807 | Finished request gotobin to the ot2
INFO:root:T= 1646315194.675807 | asked for opening Pump H1 for duration 57.963239 seconds
INFO:root:T= 1646315194.675807 | asked for command Pump H1 ON
INFO:root:T= 1646315194.695807 | finished for command Pump H1 ON
INFO:root:T= 1646315194.695807 | asked for opening Pump H2 for duration 69.126412 seconds
INFO:root:T= 1646315194.695807 | asked for command Pump H2 ON
INFO:root:T= 1646315194.705808 | finished for command Pump H2 ON
INFO:root:T= 1646315194.705808 | asked for opening Pump H3 for duration 49.894807 seconds
INFO:root:T= 1646315194.705808 | asked for command Pump H3 ON
INFO:root:T= 1646315194.715807 | finished for command Pump H3 ON
INFO:root:T= 1646315194.715807 | asked for opening Pump H4 for duration 63.031668 seconds
INFO:root:T= 1646315194.715807 | asked for command Pump H4 ON
INFO:root:T= 1646315194.725808 | finished for command Pump H4 ON
INFO:root:T= 1646315194.725808 | asked for opening Pump H5 for duration 58.010608 seconds
INFO:root:T= 1646315194.725808 | asked for command Pump H5 ON
INFO:root:T= 1646315194.735807 | finished for command Pump H5 ON
INFO:root:T= 1646315194.735807 | asked for opening Pump H6 for duration 80.636955 seconds
INFO:root:T= 1646315194.735807 | asked for command Pump H6 ON
INFO:root:T= 1646315194.745808 | finished for command Pump H6 ON
INFO:root:T= 1646315194.745808 | asked for opening Pump H7 for duration 49.815859 seconds
INFO:root:T= 1646315194.745808 | asked for command Pump H7 ON
INFO:root:T= 1646315194.755808 | finished for command Pump H7 ON
INFO:root:T= 1646315194.755808 | asked for opening Pump H8 for duration 66.394830 seconds
INFO:root:T= 1646315194.755808 | asked for command Pump H8 ON
INFO:root:T= 1646315194.765808 | finished for command Pump H8 ON
INFO:root:T= 1646315244.575877 | asked for command Pump H7 OFF
INFO:root:T= 1646315244.585877 | finished for command Pump H7 OFF
INFO:root:T= 1646315244.625878 | asked for command Pump H3 OFF
INFO:root:T= 1646315244.635877 | finished for command Pump H3 OFF
INFO:root:T= 1646315252.665889 | asked for command Pump H1 OFF
INFO:root:T= 1646315252.675889 | finished for command Pump H1 OFF
INFO:root:T= 1646315252.755889 | asked for command Pump H5 OFF
INFO:root:T= 1646315252.765889 | finished for command Pump H5 OFF
INFO:root:T= 1646315257.765896 | asked for command Pump H4 OFF
INFO:root:T= 1646315257.775896 | finished for command Pump H4 OFF
INFO:root:T= 1646315261.175901 | asked for command Pump H8 OFF
INFO:root:T= 1646315261.185901 | finished for command Pump H8 OFF
INFO:root:T= 1646315263.845904 | asked for command Pump H2 OFF
INFO:root:T= 1646315263.855905 | finished for command Pump H2 OFF
INFO:root:T= 1646315275.385921 | asked for command Pump H6 OFF
INFO:root:T= 1646315275.395921 | finished for command Pump H6 OFF
INFO:root:T= 1646315275.395921| Pinching front valves
INFO:root:T= 1646315275.395921 | asked for command Valve F1 OFF
WARNING:root:useless (state already as asked) command asked Valve F1 OFF, so not doing it
INFO:root:T= 1646315275.395921 | asked for command Valve F2 OFF
WARNING:root:useless (state already as asked) command asked Valve F2 OFF, so not doing it
INFO:root:T= 1646315275.395921 | asked for command Valve F3 OFF
WARNING:root:useless (state already as asked) command asked Valve F3 OFF, so not doing it
INFO:root:T= 1646315275.395921 | asked for command Valve F4 OFF
WARNING:root:useless (state already as asked) command asked Valve F4 OFF, so not doing it
INFO:root:T= 1646315275.405921 | asked for command Valve F5 OFF
WARNING:root:useless (state already as asked) command asked Valve F5 OFF, so not doing it
INFO:root:T= 1646315275.405921 | asked for command Valve F6 OFF
WARNING:root:useless (state already as asked) command asked Valve F6 OFF, so not doing it
INFO:root:T= 1646315275.405921 | asked for command Valve F7 OFF
WARNING:root:useless (state already as asked) command asked Valve F7 OFF, so not doing it
INFO:root:T= 1646315275.405921 | asked for command Valve F8 OFF
WARNING:root:useless (state already as asked) command asked Valve F8 OFF, so not doing it
INFO:root:T= 1646315275.415921 | sending request gotobin to the ot2
INFO:root:T= 1646315275.455921 | Finished request gotobin to the ot2
INFO:root:T= 1646315275.455921| Pinching front valves
INFO:root:T= 1646315275.455921 | asked for command Valve F1 ON
INFO:root:T= 1646315275.475921 | finished for command Valve F1 ON
INFO:root:T= 1646315275.475921 | asked for command Valve F2 ON
INFO:root:T= 1646315275.485921 | finished for command Valve F2 ON
INFO:root:T= 1646315275.485921 | asked for command Valve F3 ON
INFO:root:T= 1646315275.495921 | finished for command Valve F3 ON
INFO:root:T= 1646315275.495921 | asked for command Valve F4 ON
INFO:root:T= 1646315275.505921 | finished for command Valve F4 ON
INFO:root:T= 1646315275.505921 | asked for command Valve F5 ON
INFO:root:T= 1646315275.515921 | finished for command Valve F5 ON
INFO:root:T= 1646315275.515921 | asked for command Valve F6 ON
INFO:root:T= 1646315275.525921 | finished for command Valve F6 ON
INFO:root:T= 1646315275.525921 | asked for command Valve F7 ON
INFO:root:T= 1646315275.535921 | finished for command Valve F7 ON
INFO:root:T= 1646315275.535921 | asked for command Valve F8 ON
INFO:root:T= 1646315275.545921 | finished for command Valve F8 ON
INFO:root:T= 1646315275.545921 | asked for opening Pump H1 for duration 19.321080 seconds
INFO:root:T= 1646315275.545921 | asked for command Pump H1 ON
INFO:root:T= 1646315275.555921 | finished for command Pump H1 ON
INFO:root:T= 1646315275.555921 | asked for opening Pump H2 for duration 23.042137 seconds
INFO:root:T= 1646315275.555921 | asked for command Pump H2 ON
INFO:root:T= 1646315275.565921 | finished for command Pump H2 ON
INFO:root:T= 1646315275.565921 | asked for opening Pump H3 for duration 16.631602 seconds
INFO:root:T= 1646315275.565921 | asked for command Pump H3 ON
INFO:root:T= 1646315275.575921 | finished for command Pump H3 ON
INFO:root:T= 1646315275.575921 | asked for opening Pump H4 for duration 21.010556 seconds
INFO:root:T= 1646315275.575921 | asked for command Pump H4 ON
INFO:root:T= 1646315275.585921 | finished for command Pump H4 ON
INFO:root:T= 1646315275.585921 | asked for opening Pump H5 for duration 19.336869 seconds
INFO:root:T= 1646315275.585921 | asked for command Pump H5 ON
INFO:root:T= 1646315275.595921 | finished for command Pump H5 ON
INFO:root:T= 1646315275.595921 | asked for opening Pump H6 for duration 26.878985 seconds
INFO:root:T= 1646315275.595921 | asked for command Pump H6 ON
INFO:root:T= 1646315275.605921 | finished for command Pump H6 ON
INFO:root:T= 1646315275.605921 | asked for opening Pump H7 for duration 16.605286 seconds
INFO:root:T= 1646315275.605921 | asked for command Pump H7 ON
INFO:root:T= 1646315275.615921 | finished for command Pump H7 ON
INFO:root:T= 1646315275.615921 | asked for opening Pump H8 for duration 22.131610 seconds
INFO:root:T= 1646315275.615921 | asked for command Pump H8 ON
INFO:root:T= 1646315275.625921 | finished for command Pump H8 ON
INFO:root:T= 1646315292.215944 | asked for command Pump H3 OFF
INFO:root:T= 1646315292.225944 | finished for command Pump H3 OFF
INFO:root:T= 1646315292.235944 | asked for command Pump H7 OFF
INFO:root:T= 1646315292.245944 | finished for command Pump H7 OFF
INFO:root:T= 1646315294.885948 | asked for command Pump H1 OFF
INFO:root:T= 1646315294.895948 | finished for command Pump H1 OFF
INFO:root:T= 1646315294.935948 | asked for command Pump H5 OFF
INFO:root:T= 1646315294.945948 | finished for command Pump H5 OFF
INFO:root:T= 1646315296.605950 | asked for command Pump H4 OFF
INFO:root:T= 1646315296.625950 | finished for command Pump H4 OFF
INFO:root:T= 1646315297.765952 | asked for command Pump H8 OFF
INFO:root:T= 1646315297.775952 | finished for command Pump H8 OFF
INFO:root:T= 1646315298.615953 | asked for command Pump H2 OFF
INFO:root:T= 1646315298.625953 | finished for command Pump H2 OFF
INFO:root:T= 1646315302.485958 | asked for command Pump H6 OFF
INFO:root:T= 1646315302.495959 | finished for command Pump H6 OFF
INFO:root:T= 1646315302.495959| Pinching front valves
INFO:root:T= 1646315302.495959 | asked for command Valve F1 OFF
INFO:root:T= 1646315302.505958 | finished for command Valve F1 OFF
INFO:root:T= 1646315302.505958 | asked for command Valve F2 OFF
INFO:root:T= 1646315302.515959 | finished for command Valve F2 OFF
INFO:root:T= 1646315302.515959 | asked for command Valve F3 OFF
INFO:root:T= 1646315302.525959 | finished for command Valve F3 OFF
INFO:root:T= 1646315302.525959 | asked for command Valve F4 OFF
INFO:root:T= 1646315302.535959 | finished for command Valve F4 OFF
INFO:root:T= 1646315302.535959 | asked for command Valve F5 OFF
INFO:root:T= 1646315302.545959 | finished for command Valve F5 OFF
INFO:root:T= 1646315302.545959 | asked for command Valve F6 OFF
INFO:root:T= 1646315302.555959 | finished for command Valve F6 OFF
INFO:root:T= 1646315302.555959 | asked for command Valve F7 OFF
INFO:root:T= 1646315302.565959 | finished for command Valve F7 OFF
INFO:root:T= 1646315302.565959 | asked for command Valve F8 OFF
INFO:root:T= 1646315302.575958 | finished for command Valve F8 OFF
INFO:root:T= 1646315321.265985| Started an input pumps sequence
INFO:root:T= 1646315321.265985 | asked for opening Pump L1 for duration 20.389502 seconds
INFO:root:T= 1646315321.265985 | asked for command Pump L1 ON
INFO:root:T= 1646315321.275985 | finished for command Pump L1 ON
INFO:root:T= 1646315321.275985 | asked for opening Pump L2 for duration 21.210556 seconds
INFO:root:T= 1646315321.275985 | asked for command Pump L2 ON
INFO:root:T= 1646315321.285985 | finished for command Pump L2 ON
INFO:root:T= 1646315321.285985 | asked for opening Pump L3 for duration 23.432138 seconds
INFO:root:T= 1646315321.285985 | asked for command Pump L3 ON
INFO:root:T= 1646315321.295985 | finished for command Pump L3 ON
INFO:root:T= 1646315321.295985 | asked for opening Pump L4 for duration 20.132660 seconds
INFO:root:T= 1646315321.295985 | asked for command Pump L4 ON
INFO:root:T= 1646315321.305985 | finished for command Pump L4 ON
INFO:root:T= 1646315321.305985 | asked for opening Pump L5 for duration 21.863188 seconds
INFO:root:T= 1646315321.305985 | asked for command Pump L5 ON
INFO:root:T= 1646315321.315985 | finished for command Pump L5 ON
INFO:root:T= 1646315321.315985 | asked for opening Pump L6 for duration 24.357929 seconds
INFO:root:T= 1646315321.315985 | asked for command Pump L6 ON
INFO:root:T= 1646315321.325985 | finished for command Pump L6 ON
INFO:root:T= 1646315321.325985 | asked for opening Pump L7 for duration 21.742136 seconds
INFO:root:T= 1646315321.325985 | asked for command Pump L7 ON
INFO:root:T= 1646315321.335985 | finished for command Pump L7 ON
INFO:root:T= 1646315321.335985 | asked for opening Pump L8 for duration 20.536871 seconds
INFO:root:T= 1646315321.335985 | asked for command Pump L8 ON
INFO:root:T= 1646315321.355985 | finished for command Pump L8 ON
INFO:root:T= 1646315341.446013 | asked for command Pump L4 OFF
INFO:root:T= 1646315341.456013 | finished for command Pump L4 OFF
INFO:root:T= 1646315341.666013 | asked for command Pump L1 OFF
INFO:root:T= 1646315341.676013 | finished for command Pump L1 OFF
INFO:root:T= 1646315341.906014 | asked for command Pump L8 OFF
INFO:root:T= 1646315341.916014 | finished for command Pump L8 OFF
INFO:root:T= 1646315342.506014 | asked for command Pump L2 OFF
INFO:root:T= 1646315342.516015 | finished for command Pump L2 OFF
INFO:root:T= 1646315343.086015 | asked for command Pump L7 OFF
INFO:root:T= 1646315343.096015 | finished for command Pump L7 OFF
INFO:root:T= 1646315343.186016 | asked for command Pump L5 OFF
INFO:root:T= 1646315343.196016 | finished for command Pump L5 OFF
INFO:root:T= 1646315344.746018 | asked for command Pump L3 OFF
INFO:root:T= 1646315344.756018 | finished for command Pump L3 OFF
INFO:root:T= 1646315345.696019 | asked for command Pump L6 OFF
INFO:root:T= 1646315345.706019 | finished for command Pump L6 OFF
INFO:root:T= 1646315345.706019 | sending request gotobin to the ot2
INFO:root:T= 1646315345.746019 | Finished request gotobin to the ot2
INFO:root:T= 1646315345.746019| Pinching front valves
INFO:root:T= 1646315345.746019 | asked for command Valve F1 ON
INFO:root:T= 1646315345.756019 | finished for command Valve F1 ON
INFO:root:T= 1646315345.756019 | asked for command Valve F2 ON
INFO:root:T= 1646315345.766019 | finished for command Valve F2 ON
INFO:root:T= 1646315345.766019 | asked for command Valve F3 ON
INFO:root:T= 1646315345.776019 | finished for command Valve F3 ON
INFO:root:T= 1646315345.776019 | asked for command Valve F4 ON
INFO:root:T= 1646315345.786019 | finished for command Valve F4 ON
INFO:root:T= 1646315345.786019 | asked for command Valve F5 ON
INFO:root:T= 1646315345.796019 | finished for command Valve F5 ON
INFO:root:T= 1646315345.796019 | asked for command Valve F6 ON
INFO:root:T= 1646315345.806019 | finished for command Valve F6 ON
INFO:root:T= 1646315345.806019 | asked for command Valve F7 ON
INFO:root:T= 1646315345.816019 | finished for command Valve F7 ON
INFO:root:T= 1646315345.816019 | asked for command Valve F8 ON
INFO:root:T= 1646315345.826019 | finished for command Valve F8 ON
INFO:root:T= 1646315345.826019 | asked for opening Pump H1 for duration 57.963239 seconds
INFO:root:T= 1646315345.826019 | asked for command Pump H1 ON
INFO:root:T= 1646315345.836019 | finished for command Pump H1 ON
INFO:root:T= 1646315345.836019 | asked for opening Pump H2 for duration 69.126412 seconds
INFO:root:T= 1646315345.836019 | asked for command Pump H2 ON
INFO:root:T= 1646315345.846019 | finished for command Pump H2 ON
INFO:root:T= 1646315345.846019 | asked for opening Pump H3 for duration 49.894807 seconds
INFO:root:T= 1646315345.846019 | asked for command Pump H3 ON
INFO:root:T= 1646315345.856019 | finished for command Pump H3 ON
INFO:root:T= 1646315345.856019 | asked for opening Pump H4 for duration 63.031668 seconds
INFO:root:T= 1646315345.856019 | asked for command Pump H4 ON
INFO:root:T= 1646315345.866019 | finished for command Pump H4 ON
INFO:root:T= 1646315345.866019 | asked for opening Pump H5 for duration 58.010608 seconds
INFO:root:T= 1646315345.866019 | asked for command Pump H5 ON
INFO:root:T= 1646315345.876019 | finished for command Pump H5 ON
INFO:root:T= 1646315345.876019 | asked for opening Pump H6 for duration 80.636955 seconds
INFO:root:T= 1646315345.876019 | asked for command Pump H6 ON
INFO:root:T= 1646315345.886019 | finished for command Pump H6 ON
INFO:root:T= 1646315345.886019 | asked for opening Pump H7 for duration 49.815859 seconds
INFO:root:T= 1646315345.886019 | asked for command Pump H7 ON
INFO:root:T= 1646315345.896019 | finished for command Pump H7 ON
INFO:root:T= 1646315345.896019 | asked for opening Pump H8 for duration 66.394830 seconds
INFO:root:T= 1646315345.896019 | asked for command Pump H8 ON
INFO:root:T= 1646315345.906019 | finished for command Pump H8 ON
INFO:root:T= 1646315395.726089 | asked for command Pump H7 OFF
INFO:root:T= 1646315395.736089 | finished for command Pump H7 OFF
INFO:root:T= 1646315395.756089 | asked for command Pump H3 OFF
INFO:root:T= 1646315395.766089 | finished for command Pump H3 OFF
INFO:root:T= 1646315403.806100 | asked for command Pump H1 OFF
INFO:root:T= 1646315403.816100 | finished for command Pump H1 OFF
INFO:root:T= 1646315403.896101 | asked for command Pump H5 OFF
INFO:root:T= 1646315403.906101 | finished for command Pump H5 OFF
INFO:root:T= 1646315408.906107 | asked for command Pump H4 OFF
INFO:root:T= 1646315408.916107 | finished for command Pump H4 OFF
INFO:root:T= 1646315412.306112 | asked for command Pump H8 OFF
INFO:root:T= 1646315412.316112 | finished for command Pump H8 OFF
INFO:root:T= 1646315414.976116 | asked for command Pump H2 OFF
INFO:root:T= 1646315414.986116 | finished for command Pump H2 OFF
INFO:root:T= 1646315426.526132 | asked for command Pump H6 OFF
INFO:root:T= 1646315426.536132 | finished for command Pump H6 OFF
INFO:root:T= 1646315426.536132| Pinching front valves
INFO:root:T= 1646315426.536132 | asked for command Valve F1 OFF
INFO:root:T= 1646315426.546132 | finished for command Valve F1 OFF
INFO:root:T= 1646315426.546132 | asked for command Valve F2 OFF
INFO:root:T= 1646315426.556132 | finished for command Valve F2 OFF
INFO:root:T= 1646315426.556132 | asked for command Valve F3 OFF
INFO:root:T= 1646315426.566132 | finished for command Valve F3 OFF
INFO:root:T= 1646315426.566132 | asked for command Valve F4 OFF
INFO:root:T= 1646315426.576132 | finished for command Valve F4 OFF
INFO:root:T= 1646315426.576132 | asked for command Valve F5 OFF
INFO:root:T= 1646315426.586132 | finished for command Valve F5 OFF
INFO:root:T= 1646315426.586132 | asked for command Valve F6 OFF
INFO:root:T= 1646315426.596132 | finished for command Valve F6 OFF
INFO:root:T= 1646315426.596132 | asked for command Valve F7 OFF
INFO:root:T= 1646315426.606132 | finished for command Valve F7 OFF
INFO:root:T= 1646315426.606132 | asked for command Valve F8 OFF
INFO:root:T= 1646315426.616132 | finished for command Valve F8 OFF
INFO:root:T= 1646315426.616132 | sending request gotobin to the ot2
INFO:root:T= 1646315426.656132 | Finished request gotobin to the ot2
INFO:root:T= 1646315426.656132 | asked for opening Pump H1 for duration 57.963239 seconds
INFO:root:T= 1646315426.656132 | asked for command Pump H1 ON
INFO:root:T= 1646315426.676132 | finished for command Pump H1 ON
INFO:root:T= 1646315426.676132 | asked for opening Pump H2 for duration 69.126412 seconds
INFO:root:T= 1646315426.676132 | asked for command Pump H2 ON
INFO:root:T= 1646315426.686132 | finished for command Pump H2 ON
INFO:root:T= 1646315426.686132 | asked for opening Pump H3 for duration 49.894807 seconds
INFO:root:T= 1646315426.686132 | asked for command Pump H3 ON
INFO:root:T= 1646315426.696132 | finished for command Pump H3 ON
INFO:root:T= 1646315426.696132 | asked for opening Pump H4 for duration 63.031668 seconds
INFO:root:T= 1646315426.696132 | asked for command Pump H4 ON
INFO:root:T= 1646315426.706132 | finished for command Pump H4 ON
INFO:root:T= 1646315426.706132 | asked for opening Pump H5 for duration 58.010608 seconds
INFO:root:T= 1646315426.706132 | asked for command Pump H5 ON
INFO:root:T= 1646315426.716132 | finished for command Pump H5 ON
INFO:root:T= 1646315426.716132 | asked for opening Pump H6 for duration 80.636955 seconds
INFO:root:T= 1646315426.716132 | asked for command Pump H6 ON
INFO:root:T= 1646315426.726132 | finished for command Pump H6 ON
INFO:root:T= 1646315426.726132 | asked for opening Pump H7 for duration 49.815859 seconds
INFO:root:T= 1646315426.726132 | asked for command Pump H7 ON
INFO:root:T= 1646315426.736132 | finished for command Pump H7 ON
INFO:root:T= 1646315426.736132 | asked for opening Pump H8 for duration 66.394830 seconds
INFO:root:T= 1646315426.736132 | asked for command Pump H8 ON
INFO:root:T= 1646315426.746132 | finished for command Pump H8 ON
INFO:root:T= 1646315476.566202 | asked for command Pump H7 OFF
INFO:root:T= 1646315476.576202 | finished for command Pump H7 OFF
INFO:root:T= 1646315476.596202 | asked for command Pump H3 OFF
INFO:root:T= 1646315476.606202 | finished for command Pump H3 OFF
INFO:root:T= 1646315484.646213 | asked for command Pump H1 OFF
INFO:root:T= 1646315484.656214 | finished for command Pump H1 OFF
INFO:root:T= 1646315484.736213 | asked for command Pump H5 OFF
INFO:root:T= 1646315484.746214 | finished for command Pump H5 OFF
INFO:root:T= 1646315489.746221 | asked for command Pump H4 OFF
INFO:root:T= 1646315489.756221 | finished for command Pump H4 OFF
INFO:root:T= 1646315493.146225 | asked for command Pump H8 OFF
INFO:root:T= 1646315493.156225 | finished for command Pump H8 OFF
INFO:root:T= 1646315495.816229 | asked for command Pump H2 OFF
INFO:root:T= 1646315495.826229 | finished for command Pump H2 OFF
INFO:root:T= 1646315507.376245 | asked for command Pump H6 OFF
INFO:root:T= 1646315507.386245 | finished for command Pump H6 OFF
INFO:root:T= 1646315507.386245| Pinching front valves
INFO:root:T= 1646315507.386245 | asked for command Valve F1 OFF
WARNING:root:useless (state already as asked) command asked Valve F1 OFF, so not doing it
INFO:root:T= 1646315507.386245 | asked for command Valve F2 OFF
WARNING:root:useless (state already as asked) command asked Valve F2 OFF, so not doing it
INFO:root:T= 1646315507.386245 | asked for command Valve F3 OFF
WARNING:root:useless (state already as asked) command asked Valve F3 OFF, so not doing it
INFO:root:T= 1646315507.386245 | asked for command Valve F4 OFF
WARNING:root:useless (state already as asked) command asked Valve F4 OFF, so not doing it
INFO:root:T= 1646315507.396245 | asked for command Valve F5 OFF
WARNING:root:useless (state already as asked) command asked Valve F5 OFF, so not doing it
INFO:root:T= 1646315507.396245 | asked for command Valve F6 OFF
WARNING:root:useless (state already as asked) command asked Valve F6 OFF, so not doing it
INFO:root:T= 1646315507.396245 | asked for command Valve F7 OFF
WARNING:root:useless (state already as asked) command asked Valve F7 OFF, so not doing it
INFO:root:T= 1646315507.396245 | asked for command Valve F8 OFF
WARNING:root:useless (state already as asked) command asked Valve F8 OFF, so not doing it
INFO:root:T= 1646315507.406245 | sending request gotobin to the ot2
INFO:root:T= 1646315507.446245 | Finished request gotobin to the ot2
INFO:root:T= 1646315507.446245| Pinching front valves
INFO:root:T= 1646315507.446245 | asked for command Valve F1 ON
INFO:root:T= 1646315507.466245 | finished for command Valve F1 ON
INFO:root:T= 1646315507.466245 | asked for command Valve F2 ON
INFO:root:T= 1646315507.476245 | finished for command Valve F2 ON
INFO:root:T= 1646315507.476245 | asked for command Valve F3 ON
INFO:root:T= 1646315507.486245 | finished for command Valve F3 ON
INFO:root:T= 1646315507.486245 | asked for command Valve F4 ON
INFO:root:T= 1646315507.496246 | finished for command Valve F4 ON
INFO:root:T= 1646315507.496246 | asked for command Valve F5 ON
INFO:root:T= 1646315507.506245 | finished for command Valve F5 ON
INFO:root:T= 1646315507.506245 | asked for command Valve F6 ON
INFO:root:T= 1646315507.516246 | finished for command Valve F6 ON
INFO:root:T= 1646315507.516246 | asked for command Valve F7 ON
INFO:root:T= 1646315507.526246 | finished for command Valve F7 ON
INFO:root:T= 1646315507.526246 | asked for command Valve F8 ON
INFO:root:T= 1646315507.536246 | finished for command Valve F8 ON
INFO:root:T= 1646315507.536246 | asked for opening Pump H1 for duration 19.321080 seconds
INFO:root:T= 1646315507.536246 | asked for command Pump H1 ON
INFO:root:T= 1646315507.546246 | finished for command Pump H1 ON
INFO:root:T= 1646315507.546246 | asked for opening Pump H2 for duration 23.042137 seconds
INFO:root:T= 1646315507.546246 | asked for command Pump H2 ON
INFO:root:T= 1646315507.556246 | finished for command Pump H2 ON
INFO:root:T= 1646315507.556246 | asked for opening Pump H3 for duration 16.631602 seconds
INFO:root:T= 1646315507.556246 | asked for command Pump H3 ON
INFO:root:T= 1646315507.566246 | finished for command Pump H3 ON
INFO:root:T= 1646315507.566246 | asked for opening Pump H4 for duration 21.010556 seconds
INFO:root:T= 1646315507.566246 | asked for command Pump H4 ON
INFO:root:T= 1646315507.576246 | finished for command Pump H4 ON
INFO:root:T= 1646315507.576246 | asked for opening Pump H5 for duration 19.336869 seconds
INFO:root:T= 1646315507.576246 | asked for command Pump H5 ON
INFO:root:T= 1646315507.586246 | finished for command Pump H5 ON
INFO:root:T= 1646315507.586246 | asked for opening Pump H6 for duration 26.878985 seconds
INFO:root:T= 1646315507.586246 | asked for command Pump H6 ON
INFO:root:T= 1646315507.596246 | finished for command Pump H6 ON
INFO:root:T= 1646315507.596246 | asked for opening Pump H7 for duration 16.605286 seconds
INFO:root:T= 1646315507.596246 | asked for command Pump H7 ON
INFO:root:T= 1646315507.606246 | finished for command Pump H7 ON
INFO:root:T= 1646315507.606246 | asked for opening Pump H8 for duration 22.131610 seconds
INFO:root:T= 1646315507.606246 | asked for command Pump H8 ON
INFO:root:T= 1646315507.616246 | finished for command Pump H8 ON
INFO:root:T= 1646315524.206269 | asked for command Pump H3 OFF
INFO:root:T= 1646315524.216269 | finished for command Pump H3 OFF
INFO:root:T= 1646315524.226269 | asked for command Pump H7 OFF
INFO:root:T= 1646315524.236269 | finished for command Pump H7 OFF
INFO:root:T= 1646315526.877273 | asked for command Pump H1 OFF
INFO:root:T= 1646315526.887273 | finished for command Pump H1 OFF
INFO:root:T= 1646315526.927273 | asked for command Pump H5 OFF
INFO:root:T= 1646315526.937273 | finished for command Pump H5 OFF
INFO:root:T= 1646315528.587275 | asked for command Pump H4 OFF
INFO:root:T= 1646315528.597275 | finished for command Pump H4 OFF
INFO:root:T= 1646315529.757277 | asked for command Pump H8 OFF
INFO:root:T= 1646315529.767277 | finished for command Pump H8 OFF
INFO:root:T= 1646315530.607278 | asked for command Pump H2 OFF
INFO:root:T= 1646315530.617278 | finished for command Pump H2 OFF
INFO:root:T= 1646315534.477283 | asked for command Pump H6 OFF
INFO:root:T= 1646315534.487283 | finished for command Pump H6 OFF
INFO:root:T= 1646315534.487283| Pinching front valves
INFO:root:T= 1646315534.487283 | asked for command Valve F1 OFF
INFO:root:T= 1646315534.497283 | finished for command Valve F1 OFF
INFO:root:T= 1646315534.497283 | asked for command Valve F2 OFF
INFO:root:T= 1646315534.507283 | finished for command Valve F2 OFF
INFO:root:T= 1646315534.507283 | asked for command Valve F3 OFF
INFO:root:T= 1646315534.517283 | finished for command Valve F3 OFF
INFO:root:T= 1646315534.517283 | asked for command Valve F4 OFF
INFO:root:T= 1646315534.527283 | finished for command Valve F4 OFF
INFO:root:T= 1646315534.527283 | asked for command Valve F5 OFF
INFO:root:T= 1646315534.537283 | finished for command Valve F5 OFF
INFO:root:T= 1646315534.537283 | asked for command Valve F6 OFF
INFO:root:T= 1646315534.547283 | finished for command Valve F6 OFF
INFO:root:T= 1646315534.547283 | asked for command Valve F7 OFF
INFO:root:T= 1646315534.557284 | finished for command Valve F7 OFF
INFO:root:T= 1646315534.557284 | asked for command Valve F8 OFF
INFO:root:T= 1646315534.567283 | finished for command Valve F8 OFF
INFO:root:T= 1646315674.477479| Pinching front valves
INFO:root:T= 1646315674.477479 | asked for command Valve F1 ON
WARNING:root:reading Valve F1 state not successful, trying again
INFO:root:T= 1646315677.507484 | finished for command Valve F1 ON
INFO:root:T= 1646315677.507484 | asked for command Valve F2 ON
INFO:root:T= 1646315677.517483 | finished for command Valve F2 ON
INFO:root:T= 1646315677.517483 | asked for command Valve F3 ON
INFO:root:T= 1646315677.527484 | finished for command Valve F3 ON
INFO:root:T= 1646315677.527484 | asked for command Valve F4 ON
INFO:root:T= 1646315677.537483 | finished for command Valve F4 ON
INFO:root:T= 1646315677.537483 | asked for command Valve F5 ON
INFO:root:T= 1646315677.547484 | finished for command Valve F5 ON
INFO:root:T= 1646315677.547484 | asked for command Valve F6 ON
INFO:root:T= 1646315677.557484 | finished for command Valve F6 ON
INFO:root:T= 1646315677.557484 | asked for command Valve F7 ON
INFO:root:T= 1646315677.567484 | finished for command Valve F7 ON
INFO:root:T= 1646315677.567484 | asked for command Valve F8 ON
INFO:root:T= 1646315677.577484 | finished for command Valve F8 ON
INFO:root:T= 1646315698.697513| Pinching front valves
INFO:root:T= 1646315698.697513 | asked for command Valve F1 OFF
INFO:root:T= 1646315698.727513 | finished for command Valve F1 OFF
INFO:root:T= 1646315698.727513 | asked for command Valve F2 OFF
INFO:root:T= 1646315698.737513 | finished for command Valve F2 OFF
INFO:root:T= 1646315698.737513 | asked for command Valve F3 OFF
INFO:root:T= 1646315698.747513 | finished for command Valve F3 OFF
INFO:root:T= 1646315698.747513 | asked for command Valve F4 OFF
INFO:root:T= 1646315698.757513 | finished for command Valve F4 OFF
INFO:root:T= 1646315698.757513 | asked for command Valve F5 OFF
INFO:root:T= 1646315698.767513 | finished for command Valve F5 OFF
INFO:root:T= 1646315698.767513 | asked for command Valve F6 OFF
INFO:root:T= 1646315698.777514 | finished for command Valve F6 OFF
INFO:root:T= 1646315698.777514 | asked for command Valve F7 OFF
INFO:root:T= 1646315698.787513 | finished for command Valve F7 OFF
INFO:root:T= 1646315698.787513 | asked for command Valve F8 OFF
INFO:root:T= 1646315698.797513 | finished for command Valve F8 OFF
INFO:root:T= 1646315897.868792| Pinching front valves
INFO:root:T= 1646315897.868792 | asked for command Valve F1 ON
WARNING:root:reading Valve F1 state not successful, trying again
INFO:root:T= 1646315900.888796 | finished for command Valve F1 ON
INFO:root:T= 1646315900.888796 | asked for command Valve F2 ON
INFO:root:T= 1646315900.898796 | finished for command Valve F2 ON
INFO:root:T= 1646315900.898796 | asked for command Valve F3 ON
INFO:root:T= 1646315900.908796 | finished for command Valve F3 ON
INFO:root:T= 1646315900.908796 | asked for command Valve F4 ON
INFO:root:T= 1646315900.918796 | finished for command Valve F4 ON
INFO:root:T= 1646315900.918796 | asked for command Valve F5 ON
INFO:root:T= 1646315900.928797 | finished for command Valve F5 ON
INFO:root:T= 1646315900.928797 | asked for command Valve F6 ON
INFO:root:T= 1646315900.938796 | finished for command Valve F6 ON
INFO:root:T= 1646315900.938796 | asked for command Valve F7 ON
INFO:root:T= 1646315900.948797 | finished for command Valve F7 ON
INFO:root:T= 1646315900.948797 | asked for command Valve F8 ON
INFO:root:T= 1646315900.958797 | finished for command Valve F8 ON
