INFO:root:T=1648738287.5994592 | domain=GLOBAL | msg=opto-cyto-reactors cod git id =5bd4dd78ac6acb02da07ca9952f93ca036c8ab53
INFO:root:T= 1648738317.789501 | sending request blink/1 to the ot2
INFO:root:T= 1648738318.299502 | Finished request blink/1 to the ot2
INFO:root:T= 1648738318.299502 | asked for command Valve B1 ON
INFO:root:T= 1648738318.319502 | finished for command Valve B1 ON
INFO:root:T= 1648738318.319502 | asked for command Valve B2 ON
INFO:root:T= 1648738318.329502 | finished for command Valve B2 ON
INFO:root:T= 1648738318.329502 | asked for command Valve B3 ON
INFO:root:T= 1648738318.339502 | finished for command Valve B3 ON
INFO:root:T= 1648738318.339502 | asked for turbidity readings for turbi sets {1, 2}
INFO:root:T= 1648738319.439504 | received turbidity readings for turbi set 1: R1= 87.0 R2= 92.0 R3= 71.0 R4= 121.0
INFO:root:T= 1648738320.569505 | received turbidity readings for turbi set 2: R5= 93.0 R6= 93.0 R7= 102.0 R8= 82.0
INFO:root:T= 1648738325.639512 | received turbidity readings for turbi set 1: R1= 87.0 R2= 88.0 R3= 76.0 R4= 129.0
INFO:root:T= 1648738326.759514 | received turbidity readings for turbi set 2: R5= 89.0 R6= 89.0 R7= 103.0 R8= 80.0
INFO:root:T= 1648738331.859521 | received turbidity readings for turbi set 1: R1= 82.0 R2= 87.0 R3= 74.0 R4= 119.0
INFO:root:T= 1648738332.949522 | received turbidity readings for turbi set 2: R5= 92.0 R6= 91.0 R7= 97.0 R8= 80.0
INFO:root:T= 1648738338.049530 | received turbidity readings for turbi set 1: R1= 82.0 R2= 88.0 R3= 76.0 R4= 121.0
INFO:root:T= 1648738339.139531 | received turbidity readings for turbi set 2: R5= 87.0 R6= 88.0 R7= 96.0 R8= 85.0
INFO:root:T= 1648738344.199538 | received turbidity readings for turbi set 1: R1= 86.0 R2= 87.0 R3= 73.0 R4= 119.0
INFO:root:T= 1648738345.289540 | received turbidity readings for turbi set 2: R5= 94.0 R6= 92.0 R7= 102.0 R8= 86.0
INFO:root:T= 1648738350.399547 | received turbidity readings for turbi set 1: R1= 84.0 R2= 85.0 R3= 80.0 R4= 117.0
INFO:root:T= 1648738351.489548 | received turbidity readings for turbi set 2: R5= 95.0 R6= 93.0 R7= 102.0 R8= 82.0
INFO:root:T= 1648738351.499548 | computed average of 6 turbidity readings after excluding 0 highest {1: 84.66666666666667, 2: 87.83333333333333, 3: 75.0, 4: 121.0, 5: 91.66666666666667, 6: 91.0, 7: 100.33333333333333, 8: 82.5}
INFO:root:T= 1648738351.519548 | applied calibration on turbidity readings average {1: 0.09204377514877082, 2: 0.0370091336251539, 3: 0.006072714996474993, 4: 0.3245983054222763, 5: 0.05390506544774354, 6: 0.12189213114903463, 7: 0.1721137045978467, 8: -0.019847514982065828}
INFO:root:T= 1648738351.529549 | asked for command Valve B1 OFF
INFO:root:T= 1648738351.539548 | finished for command Valve B1 OFF
INFO:root:T= 1648738351.539548 | asked for command Valve B2 OFF
INFO:root:T= 1648738351.549549 | finished for command Valve B2 OFF
INFO:root:T= 1648738351.549549 | asked for command Valve B3 OFF
INFO:root:T= 1648738351.559548 | finished for command Valve B3 OFF
INFO:root:T= 1648738351.559548 | asked for command Valve F1 OFF
WARNING:root:useless (state already as asked) command asked Valve F1 OFF, so not doing it
INFO:root:T= 1648738351.559548 | asked for command Valve F2 OFF
WARNING:root:useless (state already as asked) command asked Valve F2 OFF, so not doing it
INFO:root:T= 1648738351.559548 | asked for command Valve F3 OFF
WARNING:root:useless (state already as asked) command asked Valve F3 OFF, so not doing it
INFO:root:T= 1648738351.559548 | asked for command Valve F4 OFF
WARNING:root:useless (state already as asked) command asked Valve F4 OFF, so not doing it
INFO:root:T= 1648738351.569549 | asked for command Valve F5 OFF
WARNING:root:useless (state already as asked) command asked Valve F5 OFF, so not doing it
INFO:root:T= 1648738351.569549 | asked for command Valve F6 OFF
WARNING:root:useless (state already as asked) command asked Valve F6 OFF, so not doing it
INFO:root:T= 1648738351.569549 | asked for command Valve F7 OFF
WARNING:root:useless (state already as asked) command asked Valve F7 OFF, so not doing it
INFO:root:T= 1648738351.569549 | asked for command Valve F8 OFF
WARNING:root:useless (state already as asked) command asked Valve F8 OFF, so not doing it
INFO:root:T= 1648738351.579549 | sending request gotobin to the ot2
INFO:root:T= 1648738351.629549 | Finished request gotobin to the ot2
INFO:root:T= 1648738351.629549 | asked for opening Pump H1 for duration 12.000000 seconds
INFO:root:T= 1648738351.629549 | asked for command Pump H1 ON
INFO:root:T= 1648738351.639549 | finished for command Pump H1 ON
INFO:root:T= 1648738351.639549 | asked for opening Pump H2 for duration 12.000000 seconds
INFO:root:T= 1648738351.639549 | asked for command Pump H2 ON
INFO:root:T= 1648738351.649549 | finished for command Pump H2 ON
INFO:root:T= 1648738351.649549 | asked for opening Pump H3 for duration 12.000000 seconds
INFO:root:T= 1648738351.649549 | asked for command Pump H3 ON
INFO:root:T= 1648738351.659549 | finished for command Pump H3 ON
INFO:root:T= 1648738351.659549 | asked for opening Pump H4 for duration 12.000000 seconds
INFO:root:T= 1648738351.659549 | asked for command Pump H4 ON
INFO:root:T= 1648738351.669549 | finished for command Pump H4 ON
INFO:root:T= 1648738351.669549 | asked for opening Pump H5 for duration 12.000000 seconds
INFO:root:T= 1648738351.669549 | asked for command Pump H5 ON
INFO:root:T= 1648738351.679549 | finished for command Pump H5 ON
INFO:root:T= 1648738351.679549 | asked for opening Pump H6 for duration 12.000000 seconds
INFO:root:T= 1648738351.679549 | asked for command Pump H6 ON
INFO:root:T= 1648738351.689549 | finished for command Pump H6 ON
INFO:root:T= 1648738351.689549 | asked for opening Pump H7 for duration 12.000000 seconds
INFO:root:T= 1648738351.689549 | asked for command Pump H7 ON
INFO:root:T= 1648738351.699549 | finished for command Pump H7 ON
INFO:root:T= 1648738351.699549 | asked for opening Pump H8 for duration 12.000000 seconds
INFO:root:T= 1648738351.699549 | asked for command Pump H8 ON
INFO:root:T= 1648738351.709549 | finished for command Pump H8 ON
INFO:root:T= 1648738363.649565 | asked for command Pump H1 OFF
INFO:root:T= 1648738363.659566 | finished for command Pump H1 OFF
INFO:root:T= 1648738363.669565 | asked for command Pump H3 OFF
INFO:root:T= 1648738363.669565 | asked for command Pump H2 OFF
INFO:root:T= 1648738363.679566 | asked for command Pump H5 OFF
INFO:root:T= 1648738363.679566 | asked for command Pump H4 OFF
INFO:root:T= 1648738363.679566 | finished for command Pump H3 OFF
INFO:root:T= 1648738363.679566 | finished for command Pump H2 OFF
INFO:root:T= 1648738363.699566 | asked for command Pump H6 OFF
INFO:root:T= 1648738363.699566 | finished for command Pump H4 OFF
INFO:root:T= 1648738363.699566 | finished for command Pump H5 OFF
INFO:root:T= 1648738363.709565 | asked for command Pump H7 OFF
INFO:root:T= 1648738363.709565 | asked for command Pump H8 OFF
INFO:root:T= 1648738363.709565 | finished for command Pump H6 OFF
INFO:root:T= 1648738363.719566 | finished for command Pump H7 OFF
INFO:root:T= 1648738363.729566 | finished for command Pump H8 OFF
INFO:root:T= 1648738363.729566 | sending request blink/2 to the ot2
INFO:root:T= 1648738364.699567 | Finished request blink/2 to the ot2
INFO:root:T= 1648738364.699567 | sending request blink/3 to the ot2
INFO:root:T= 1648738366.149569 | Finished request blink/3 to the ot2
INFO:root:T= 1648738335.6095262| next_sampling_time
INFO:root:T= None| next_sec_time
INFO:root:T= 1648738366.149569| We passed time of a scheduled sampling
INFO:root:T= 1648738366.149569 | sending request gotobin to the ot2
INFO:root:T= 1648738366.199569 | Finished request gotobin to the ot2
INFO:root:T= 1648738366.199569 | sending request shakeit to the ot2
INFO:root:T= 1648738370.259575 | Finished request shakeit to the ot2
INFO:root:T= 1648738370.259575 | sending request move_to/cytoplate/1 to the ot2
INFO:root:T= 1648738372.139577 | Finished request move_to/cytoplate/1 to the ot2
INFO:root:T= 1648738372.139577 | sending request move_to/sampling_metal/12 to the ot2
INFO:root:T= 1648738373.949580 | Finished request move_to/sampling_metal/12 to the ot2
INFO:root:T= 1648738373.949580 | sending request prepare//5000 to the guava
INFO:root:T= 1648738373.969580 | Finished request prepare//5000 to the guava
INFO:root:T= 1648738373.969580 | sending request move_to/cytoplate/1 to the ot2
INFO:root:T= 1648738375.779583 | Finished request move_to/cytoplate/1 to the ot2
INFO:root:T= 1648738375.779583 | sending request gotobin to the ot2
INFO:root:T= 1648738377.649585 | Finished request gotobin to the ot2
INFO:root:T= 1648738377.649585 | sending request dilute/10/1/12 to the ot2
INFO:root:T= 1648738398.190614 | Finished request dilute/10/1/12 to the ot2
INFO:root:T= 1648738398.190614 | sending request acquire to the guava
INFO:root:T= 1648738398.420614 | Finished request acquire to the guava
INFO:root:T= 1648738400.110617 | asked for LEDs duty history all_reactors from time 0.000000
INFO:root:T= 1648738401.1206179| Starting to check events
INFO:root:T= 1648738401.1206179| Starting to check events of reactor id 1
INFO:root:T= 1648738401.1206179| Starting to check events of reactor id 2
INFO:root:T= 1648738401.1206179| Starting to check events of reactor id 3
INFO:root:T= 1648738401.1206179| Starting to check events of reactor id 4
INFO:root:T= 1648738401.1206179| Starting to check events of reactor id 5
INFO:root:T= 1648738401.1206179| Starting to check events of reactor id 6
INFO:root:T= 1648738401.1206179| Starting to check events of reactor id 7
INFO:root:T= 1648738401.1206179| Starting to check events of reactor id 8
